1c1
<         -:    0:Source:/usr/include/c++/8/bits/stl_deque.h
---
>         -:    0:Source:/usr/include/c++/7/bits/stl_deque.h
5c5
<         -:    3:// Copyright (C) 2001-2018 Free Software Foundation, Inc.
---
>         -:    3:// Copyright (C) 2001-2017 Free Software Foundation, Inc.
72,127c72,96
<         -:   70:_GLIBCXX_BEGIN_NAMESPACE_VERSION
<         -:   71:_GLIBCXX_BEGIN_NAMESPACE_CONTAINER
<         -:   72:
<         -:   73:  /**
<         -:   74:   *  @brief This function controls the size of memory nodes.
<         -:   75:   *  @param  __size  The size of an element.
<         -:   76:   *  @return   The number (not byte size) of elements per node.
<         -:   77:   *
<         -:   78:   *  This function started off as a compiler kludge from SGI, but
<         -:   79:   *  seems to be a useful wrapper around a repeated constant
<         -:   80:   *  expression.  The @b 512 is tunable (and no other code needs to
<         -:   81:   *  change), but no investigation has been done since inheriting the
<         -:   82:   *  SGI code.  Touch _GLIBCXX_DEQUE_BUF_SIZE only if you know what
<         -:   83:   *  you are doing, however: changing it breaks the binary
<         -:   84:   *  compatibility!!
<         -:   85:  */
<         -:   86:
<         -:   87:#ifndef _GLIBCXX_DEQUE_BUF_SIZE
<         -:   88:#define _GLIBCXX_DEQUE_BUF_SIZE 512
<         -:   89:#endif
<         -:   90:
<         -:   91:  _GLIBCXX_CONSTEXPR inline size_t
<     #####:   92:  __deque_buf_size(size_t __size)
<         -:   93:  { return (__size < _GLIBCXX_DEQUE_BUF_SIZE
<     #####:   94:	    ? size_t(_GLIBCXX_DEQUE_BUF_SIZE / __size) : size_t(1)); }
< ------------------
< _ZSt16__deque_buf_sizem:
<     #####:   92:  __deque_buf_size(size_t __size)
<         -:   93:  { return (__size < _GLIBCXX_DEQUE_BUF_SIZE
<     #####:   94:	    ? size_t(_GLIBCXX_DEQUE_BUF_SIZE / __size) : size_t(1)); }
< ------------------
< _ZSt16__deque_buf_sizem:
<     #####:   92:  __deque_buf_size(size_t __size)
<         -:   93:  { return (__size < _GLIBCXX_DEQUE_BUF_SIZE
<     #####:   94:	    ? size_t(_GLIBCXX_DEQUE_BUF_SIZE / __size) : size_t(1)); }
< ------------------
< _ZSt16__deque_buf_sizem:
<     #####:   92:  __deque_buf_size(size_t __size)
<         -:   93:  { return (__size < _GLIBCXX_DEQUE_BUF_SIZE
<     #####:   94:	    ? size_t(_GLIBCXX_DEQUE_BUF_SIZE / __size) : size_t(1)); }
< ------------------
< _ZSt16__deque_buf_sizem:
<     #####:   92:  __deque_buf_size(size_t __size)
<         -:   93:  { return (__size < _GLIBCXX_DEQUE_BUF_SIZE
<     #####:   94:	    ? size_t(_GLIBCXX_DEQUE_BUF_SIZE / __size) : size_t(1)); }
< ------------------
< _ZSt16__deque_buf_sizem:
<     #####:   92:  __deque_buf_size(size_t __size)
<         -:   93:  { return (__size < _GLIBCXX_DEQUE_BUF_SIZE
<     #####:   94:	    ? size_t(_GLIBCXX_DEQUE_BUF_SIZE / __size) : size_t(1)); }
< ------------------
< _ZSt16__deque_buf_sizem:
<     #####:   92:  __deque_buf_size(size_t __size)
<         -:   93:  { return (__size < _GLIBCXX_DEQUE_BUF_SIZE
<     #####:   94:	    ? size_t(_GLIBCXX_DEQUE_BUF_SIZE / __size) : size_t(1)); }
< ------------------
---
>         -:   70:_GLIBCXX_BEGIN_NAMESPACE_CONTAINER
>         -:   71:
>         -:   72:  /**
>         -:   73:   *  @brief This function controls the size of memory nodes.
>         -:   74:   *  @param  __size  The size of an element.
>         -:   75:   *  @return   The number (not byte size) of elements per node.
>         -:   76:   *
>         -:   77:   *  This function started off as a compiler kludge from SGI, but
>         -:   78:   *  seems to be a useful wrapper around a repeated constant
>         -:   79:   *  expression.  The @b 512 is tunable (and no other code needs to
>         -:   80:   *  change), but no investigation has been done since inheriting the
>         -:   81:   *  SGI code.  Touch _GLIBCXX_DEQUE_BUF_SIZE only if you know what
>         -:   82:   *  you are doing, however: changing it breaks the binary
>         -:   83:   *  compatibility!!
>         -:   84:  */
>         -:   85:
>         -:   86:#ifndef _GLIBCXX_DEQUE_BUF_SIZE
>         -:   87:#define _GLIBCXX_DEQUE_BUF_SIZE 512
>         -:   88:#endif
>         -:   89:
>         -:   90:  _GLIBCXX_CONSTEXPR inline size_t
>     #####:   91:  __deque_buf_size(size_t __size)
>         -:   92:  { return (__size < _GLIBCXX_DEQUE_BUF_SIZE
>     #####:   93:	    ? size_t(_GLIBCXX_DEQUE_BUF_SIZE / __size) : size_t(1)); }
>         -:   94:
129,1781c98,875
<         -:   96:
<         -:   97:  /**
<         -:   98:   *  @brief A deque::iterator.
<         -:   99:   *
<         -:  100:   *  Quite a bit of intelligence here.  Much of the functionality of
<         -:  101:   *  deque is actually passed off to this class.  A deque holds two
<         -:  102:   *  of these internally, marking its valid range.  Access to
<         -:  103:   *  elements is done as offsets of either of those two, relying on
<         -:  104:   *  operator overloading in this class.
<         -:  105:   *
<         -:  106:   *  All the functions are op overloads except for _M_set_node.
<         -:  107:  */
<         -:  108:  template<typename _Tp, typename _Ref, typename _Ptr>
<         -:  109:    struct _Deque_iterator
<         -:  110:    {
<         -:  111:#if __cplusplus < 201103L
<         -:  112:      typedef _Deque_iterator<_Tp, _Tp&, _Tp*>	     iterator;
<         -:  113:      typedef _Deque_iterator<_Tp, const _Tp&, const _Tp*> const_iterator;
<         -:  114:      typedef _Tp*					 _Elt_pointer;
<         -:  115:      typedef _Tp**					_Map_pointer;
<         -:  116:#else
<         -:  117:    private:
<         -:  118:      template<typename _Up>
<         -:  119:	using __ptr_to = typename pointer_traits<_Ptr>::template rebind<_Up>;
<         -:  120:      template<typename _CvTp>
<         -:  121:	using __iter = _Deque_iterator<_Tp, _CvTp&, __ptr_to<_CvTp>>;
<         -:  122:    public:
<         -:  123:      typedef __iter<_Tp>		iterator;
<         -:  124:      typedef __iter<const _Tp>		const_iterator;
<         -:  125:      typedef __ptr_to<_Tp>		_Elt_pointer;
<         -:  126:      typedef __ptr_to<_Elt_pointer>	_Map_pointer;
<         -:  127:#endif
<         -:  128:
<      344*:  129:      static size_t _S_buffer_size() _GLIBCXX_NOEXCEPT
<      344*:  130:      { return __deque_buf_size(sizeof(_Tp)); }
< ------------------
< _ZNSt15_Deque_iteratorIPN7OpenDDS4DCPS21TransportQueueElementERS3_PS3_E14_S_buffer_sizeEv:
<     #####:  129:      static size_t _S_buffer_size() _GLIBCXX_NOEXCEPT
<     #####:  130:      { return __deque_buf_size(sizeof(_Tp)); }
< ------------------
< _ZNSt15_Deque_iteratorIPN7OpenDDS4DCPS21TransportQueueElementERS3_PS3_E14_S_buffer_sizeEv:
<     #####:  129:      static size_t _S_buffer_size() _GLIBCXX_NOEXCEPT
<     #####:  130:      { return __deque_buf_size(sizeof(_Tp)); }
< ------------------
< _ZNSt15_Deque_iteratorIPN7OpenDDS4DCPS11SendRequestERKS3_PS4_E14_S_buffer_sizeEv:
<     #####:  129:      static size_t _S_buffer_size() _GLIBCXX_NOEXCEPT
<     #####:  130:      { return __deque_buf_size(sizeof(_Tp)); }
< ------------------
< _ZNSt15_Deque_iteratorIPN7OpenDDS4DCPS11SendRequestERS3_PS3_E14_S_buffer_sizeEv:
<     #####:  129:      static size_t _S_buffer_size() _GLIBCXX_NOEXCEPT
<     #####:  130:      { return __deque_buf_size(sizeof(_Tp)); }
< ------------------
< _ZNSt15_Deque_iteratorISt10unique_ptrIN7OpenDDS4DCPS18ReactorInterceptor7CommandESt14default_deleteIS4_EERS7_PS7_E14_S_buffer_sizeEv:
<     #####:  129:      static size_t _S_buffer_size() _GLIBCXX_NOEXCEPT
<     #####:  130:      { return __deque_buf_size(sizeof(_Tp)); }
< ------------------
< _ZNSt15_Deque_iteratorIPN7OpenDDS4DCPS21TransportQueueElementERKS3_PS4_E14_S_buffer_sizeEv:
<     #####:  129:      static size_t _S_buffer_size() _GLIBCXX_NOEXCEPT
<     #####:  130:      { return __deque_buf_size(sizeof(_Tp)); }
< ------------------
< _ZNSt15_Deque_iteratorIPN7OpenDDS4DCPS21TransportQueueElementERS3_PS3_E14_S_buffer_sizeEv:
<       344:  129:      static size_t _S_buffer_size() _GLIBCXX_NOEXCEPT
<       344:  130:      { return __deque_buf_size(sizeof(_Tp)); }
< ------------------
< _ZNSt15_Deque_iteratorIPN7OpenDDS4DCPS21TransportQueueElementERKS3_PS4_E14_S_buffer_sizeEv:
<     #####:  129:      static size_t _S_buffer_size() _GLIBCXX_NOEXCEPT
<     #####:  130:      { return __deque_buf_size(sizeof(_Tp)); }
< ------------------
< _ZNSt15_Deque_iteratorIPN7OpenDDS4DCPS21TransportQueueElementERS3_PS3_E14_S_buffer_sizeEv:
<     #####:  129:      static size_t _S_buffer_size() _GLIBCXX_NOEXCEPT
<     #####:  130:      { return __deque_buf_size(sizeof(_Tp)); }
< ------------------
<         -:  131:
<         -:  132:      typedef std::random_access_iterator_tag	iterator_category;
<         -:  133:      typedef _Tp				value_type;
<         -:  134:      typedef _Ptr				pointer;
<         -:  135:      typedef _Ref				reference;
<         -:  136:      typedef size_t				size_type;
<         -:  137:      typedef ptrdiff_t				difference_type;
<         -:  138:      typedef _Deque_iterator			_Self;
<         -:  139:
<         -:  140:      _Elt_pointer _M_cur;
<         -:  141:      _Elt_pointer _M_first;
<         -:  142:      _Elt_pointer _M_last;
<         -:  143:      _Map_pointer _M_node;
<         -:  144:
<         -:  145:      _Deque_iterator(_Elt_pointer __x, _Map_pointer __y) _GLIBCXX_NOEXCEPT
<         -:  146:      : _M_cur(__x), _M_first(*__y),
<         -:  147:	_M_last(*__y + _S_buffer_size()), _M_node(__y) { }
<         -:  148:
<       72*:  149:      _Deque_iterator() _GLIBCXX_NOEXCEPT
<       72*:  150:      : _M_cur(), _M_first(), _M_last(), _M_node() { }
< ------------------
< _ZNSt15_Deque_iteratorIPN7OpenDDS4DCPS11SendRequestERS3_PS3_EC2Ev:
<     #####:  149:      _Deque_iterator() _GLIBCXX_NOEXCEPT
<     #####:  150:      : _M_cur(), _M_first(), _M_last(), _M_node() { }
< ------------------
< _ZNSt15_Deque_iteratorIPN7OpenDDS4DCPS21TransportQueueElementERS3_PS3_EC2Ev:
<        72:  149:      _Deque_iterator() _GLIBCXX_NOEXCEPT
<        72:  150:      : _M_cur(), _M_first(), _M_last(), _M_node() { }
< ------------------
< _ZNSt15_Deque_iteratorIPN7OpenDDS4DCPS21TransportQueueElementERS3_PS3_EC2Ev:
<     #####:  149:      _Deque_iterator() _GLIBCXX_NOEXCEPT
<     #####:  150:      : _M_cur(), _M_first(), _M_last(), _M_node() { }
< ------------------
<         -:  151:
<      416*:  152:      _Deque_iterator(const iterator& __x) _GLIBCXX_NOEXCEPT
<      832*:  153:      : _M_cur(__x._M_cur), _M_first(__x._M_first),
<      832*:  154:	_M_last(__x._M_last), _M_node(__x._M_node) { }
< ------------------
< _ZNSt15_Deque_iteratorIPN7OpenDDS4DCPS11SendRequestERKS3_PS4_EC2ERKS_IS3_RS3_PS3_E:
<     #####:  152:      _Deque_iterator(const iterator& __x) _GLIBCXX_NOEXCEPT
<     #####:  153:      : _M_cur(__x._M_cur), _M_first(__x._M_first),
<     #####:  154:	_M_last(__x._M_last), _M_node(__x._M_node) { }
< ------------------
< _ZNSt15_Deque_iteratorIPN7OpenDDS4DCPS11SendRequestERS3_PS3_EC2ERKS6_:
<     #####:  152:      _Deque_iterator(const iterator& __x) _GLIBCXX_NOEXCEPT
<     #####:  153:      : _M_cur(__x._M_cur), _M_first(__x._M_first),
<     #####:  154:	_M_last(__x._M_last), _M_node(__x._M_node) { }
< ------------------
< _ZNSt15_Deque_iteratorIPN7OpenDDS4DCPS21TransportQueueElementERKS3_PS4_EC2ERKS_IS3_RS3_PS3_E:
<       134:  152:      _Deque_iterator(const iterator& __x) _GLIBCXX_NOEXCEPT
<       268:  153:      : _M_cur(__x._M_cur), _M_first(__x._M_first),
<       268:  154:	_M_last(__x._M_last), _M_node(__x._M_node) { }
< ------------------
< _ZNSt15_Deque_iteratorIPN7OpenDDS4DCPS21TransportQueueElementERS3_PS3_EC2ERKS6_:
<       282:  152:      _Deque_iterator(const iterator& __x) _GLIBCXX_NOEXCEPT
<       564:  153:      : _M_cur(__x._M_cur), _M_first(__x._M_first),
<       564:  154:	_M_last(__x._M_last), _M_node(__x._M_node) { }
< ------------------
< _ZNSt15_Deque_iteratorIPN7OpenDDS4DCPS21TransportQueueElementERKS3_PS4_EC2ERKS_IS3_RS3_PS3_E:
<     #####:  152:      _Deque_iterator(const iterator& __x) _GLIBCXX_NOEXCEPT
<     #####:  153:      : _M_cur(__x._M_cur), _M_first(__x._M_first),
<     #####:  154:	_M_last(__x._M_last), _M_node(__x._M_node) { }
< ------------------
< _ZNSt15_Deque_iteratorIPN7OpenDDS4DCPS21TransportQueueElementERS3_PS3_EC2ERKS6_:
<     #####:  152:      _Deque_iterator(const iterator& __x) _GLIBCXX_NOEXCEPT
<     #####:  153:      : _M_cur(__x._M_cur), _M_first(__x._M_first),
<     #####:  154:	_M_last(__x._M_last), _M_node(__x._M_node) { }
< ------------------
<         -:  155:
<         -:  156:      iterator
<         -:  157:      _M_const_cast() const _GLIBCXX_NOEXCEPT
<         -:  158:      { return iterator(_M_cur, _M_node); }
<         -:  159:
<         -:  160:      reference
<      138*:  161:      operator*() const _GLIBCXX_NOEXCEPT
<      138*:  162:      { return *_M_cur; }
< ------------------
< _ZNKSt15_Deque_iteratorIPN7OpenDDS4DCPS11SendRequestERS3_PS3_EdeEv:
<     #####:  161:      operator*() const _GLIBCXX_NOEXCEPT
<     #####:  162:      { return *_M_cur; }
< ------------------
< _ZNKSt15_Deque_iteratorIPN7OpenDDS4DCPS11SendRequestERKS3_PS4_EdeEv:
<     #####:  161:      operator*() const _GLIBCXX_NOEXCEPT
<     #####:  162:      { return *_M_cur; }
< ------------------
< _ZNKSt15_Deque_iteratorIPN7OpenDDS4DCPS21TransportQueueElementERKS3_PS4_EdeEv:
<        46:  161:      operator*() const _GLIBCXX_NOEXCEPT
<        46:  162:      { return *_M_cur; }
< ------------------
< _ZNKSt15_Deque_iteratorIPN7OpenDDS4DCPS21TransportQueueElementERS3_PS3_EdeEv:
<        92:  161:      operator*() const _GLIBCXX_NOEXCEPT
<        92:  162:      { return *_M_cur; }
< ------------------
< _ZNKSt15_Deque_iteratorIPN7OpenDDS4DCPS21TransportQueueElementERKS3_PS4_EdeEv:
<     #####:  161:      operator*() const _GLIBCXX_NOEXCEPT
<     #####:  162:      { return *_M_cur; }
< ------------------
< _ZNKSt15_Deque_iteratorIPN7OpenDDS4DCPS21TransportQueueElementERS3_PS3_EdeEv:
<     #####:  161:      operator*() const _GLIBCXX_NOEXCEPT
<     #####:  162:      { return *_M_cur; }
< ------------------
<         -:  163:
<         -:  164:      pointer
<         -:  165:      operator->() const _GLIBCXX_NOEXCEPT
<         -:  166:      { return _M_cur; }
<         -:  167:
<         -:  168:      _Self&
<       46*:  169:      operator++() _GLIBCXX_NOEXCEPT
<         -:  170:      {
<       46*:  171:	++_M_cur;
<       46*:  172:	if (_M_cur == _M_last)
<         -:  173:	  {
<     #####:  174:	    _M_set_node(_M_node + 1);
<     #####:  175:	    _M_cur = _M_first;
<         -:  176:	  }
<       46*:  177:	return *this;
<         -:  178:      }
< ------------------
< _ZNSt15_Deque_iteratorIPN7OpenDDS4DCPS11SendRequestERKS3_PS4_EppEv:
<     #####:  169:      operator++() _GLIBCXX_NOEXCEPT
<         -:  170:      {
<     #####:  171:	++_M_cur;
<     #####:  172:	if (_M_cur == _M_last)
<         -:  173:	  {
<     #####:  174:	    _M_set_node(_M_node + 1);
<     #####:  175:	    _M_cur = _M_first;
<         -:  176:	  }
<     #####:  177:	return *this;
<         -:  178:      }
< ------------------
< _ZNSt15_Deque_iteratorIPN7OpenDDS4DCPS21TransportQueueElementERKS3_PS4_EppEv:
<        46:  169:      operator++() _GLIBCXX_NOEXCEPT
<         -:  170:      {
<        46:  171:	++_M_cur;
<        46:  172:	if (_M_cur == _M_last)
<         -:  173:	  {
<     #####:  174:	    _M_set_node(_M_node + 1);
<     #####:  175:	    _M_cur = _M_first;
<         -:  176:	  }
<        46:  177:	return *this;
<         -:  178:      }
< ------------------
< _ZNSt15_Deque_iteratorIPN7OpenDDS4DCPS21TransportQueueElementERS3_PS3_EppEv:
<     #####:  169:      operator++() _GLIBCXX_NOEXCEPT
<         -:  170:      {
<     #####:  171:	++_M_cur;
<     #####:  172:	if (_M_cur == _M_last)
<         -:  173:	  {
<     #####:  174:	    _M_set_node(_M_node + 1);
<     #####:  175:	    _M_cur = _M_first;
<         -:  176:	  }
<     #####:  177:	return *this;
<         -:  178:      }
< ------------------
< _ZNSt15_Deque_iteratorIPN7OpenDDS4DCPS21TransportQueueElementERKS3_PS4_EppEv:
<     #####:  169:      operator++() _GLIBCXX_NOEXCEPT
<         -:  170:      {
<     #####:  171:	++_M_cur;
<     #####:  172:	if (_M_cur == _M_last)
<         -:  173:	  {
<     #####:  174:	    _M_set_node(_M_node + 1);
<     #####:  175:	    _M_cur = _M_first;
<         -:  176:	  }
<     #####:  177:	return *this;
<         -:  178:      }
< ------------------
< _ZNSt15_Deque_iteratorIPN7OpenDDS4DCPS21TransportQueueElementERS3_PS3_EppEv:
<     #####:  169:      operator++() _GLIBCXX_NOEXCEPT
<         -:  170:      {
<     #####:  171:	++_M_cur;
<     #####:  172:	if (_M_cur == _M_last)
<         -:  173:	  {
<     #####:  174:	    _M_set_node(_M_node + 1);
<     #####:  175:	    _M_cur = _M_first;
<         -:  176:	  }
<     #####:  177:	return *this;
<         -:  178:      }
< ------------------
<         -:  179:
<         -:  180:      _Self
<         -:  181:      operator++(int) _GLIBCXX_NOEXCEPT
<         -:  182:      {
<         -:  183:	_Self __tmp = *this;
<         -:  184:	++*this;
<         -:  185:	return __tmp;
<         -:  186:      }
<         -:  187:
<         -:  188:      _Self&
<         -:  189:      operator--() _GLIBCXX_NOEXCEPT
<         -:  190:      {
<         -:  191:	if (_M_cur == _M_first)
<         -:  192:	  {
<         -:  193:	    _M_set_node(_M_node - 1);
<         -:  194:	    _M_cur = _M_last;
<         -:  195:	  }
<         -:  196:	--_M_cur;
<         -:  197:	return *this;
<         -:  198:      }
<         -:  199:
<         -:  200:      _Self
<         -:  201:      operator--(int) _GLIBCXX_NOEXCEPT
<         -:  202:      {
<         -:  203:	_Self __tmp = *this;
<         -:  204:	--*this;
<         -:  205:	return __tmp;
<         -:  206:      }
<         -:  207:
<         -:  208:      _Self&
<       46*:  209:      operator+=(difference_type __n) _GLIBCXX_NOEXCEPT
<         -:  210:      {
<       46*:  211:	const difference_type __offset = __n + (_M_cur - _M_first);
<       46*:  212:	if (__offset >= 0 && __offset < difference_type(_S_buffer_size()))
<       46*:  213:	  _M_cur += __n;
<         -:  214:	else
<         -:  215:	  {
<     #####:  216:	    const difference_type __node_offset =
<     #####:  217:	      __offset > 0 ? __offset / difference_type(_S_buffer_size())
<     #####:  218:			   : -difference_type((-__offset - 1)
<     #####:  219:					      / _S_buffer_size()) - 1;
<     #####:  220:	    _M_set_node(_M_node + __node_offset);
<     #####:  221:	    _M_cur = _M_first + (__offset - __node_offset
<     #####:  222:				 * difference_type(_S_buffer_size()));
<         -:  223:	  }
<       46*:  224:	return *this;
<         -:  225:      }
< ------------------
< _ZNSt15_Deque_iteratorIPN7OpenDDS4DCPS21TransportQueueElementERS3_PS3_EpLEl:
<        46:  209:      operator+=(difference_type __n) _GLIBCXX_NOEXCEPT
<         -:  210:      {
<        46:  211:	const difference_type __offset = __n + (_M_cur - _M_first);
<       46*:  212:	if (__offset >= 0 && __offset < difference_type(_S_buffer_size()))
<        46:  213:	  _M_cur += __n;
<         -:  214:	else
<         -:  215:	  {
<     #####:  216:	    const difference_type __node_offset =
<     #####:  217:	      __offset > 0 ? __offset / difference_type(_S_buffer_size())
<     #####:  218:			   : -difference_type((-__offset - 1)
<     #####:  219:					      / _S_buffer_size()) - 1;
<     #####:  220:	    _M_set_node(_M_node + __node_offset);
<     #####:  221:	    _M_cur = _M_first + (__offset - __node_offset
<     #####:  222:				 * difference_type(_S_buffer_size()));
<         -:  223:	  }
<        46:  224:	return *this;
<         -:  225:      }
< ------------------
< _ZNSt15_Deque_iteratorIPN7OpenDDS4DCPS21TransportQueueElementERS3_PS3_EpLEl:
<     #####:  209:      operator+=(difference_type __n) _GLIBCXX_NOEXCEPT
<         -:  210:      {
<     #####:  211:	const difference_type __offset = __n + (_M_cur - _M_first);
<     #####:  212:	if (__offset >= 0 && __offset < difference_type(_S_buffer_size()))
<     #####:  213:	  _M_cur += __n;
<         -:  214:	else
<         -:  215:	  {
<     #####:  216:	    const difference_type __node_offset =
<     #####:  217:	      __offset > 0 ? __offset / difference_type(_S_buffer_size())
<     #####:  218:			   : -difference_type((-__offset - 1)
<     #####:  219:					      / _S_buffer_size()) - 1;
<     #####:  220:	    _M_set_node(_M_node + __node_offset);
<     #####:  221:	    _M_cur = _M_first + (__offset - __node_offset
<     #####:  222:				 * difference_type(_S_buffer_size()));
<         -:  223:	  }
<     #####:  224:	return *this;
<         -:  225:      }
< ------------------
<         -:  226:
<         -:  227:      _Self
<       46*:  228:      operator+(difference_type __n) const _GLIBCXX_NOEXCEPT
<         -:  229:      {
<       46*:  230:	_Self __tmp = *this;
<       46*:  231:	return __tmp += __n;
<         -:  232:      }
< ------------------
< _ZNKSt15_Deque_iteratorIPN7OpenDDS4DCPS21TransportQueueElementERS3_PS3_EplEl:
<        46:  228:      operator+(difference_type __n) const _GLIBCXX_NOEXCEPT
<         -:  229:      {
<        46:  230:	_Self __tmp = *this;
<        46:  231:	return __tmp += __n;
<         -:  232:      }
< ------------------
< _ZNKSt15_Deque_iteratorIPN7OpenDDS4DCPS21TransportQueueElementERS3_PS3_EplEl:
<     #####:  228:      operator+(difference_type __n) const _GLIBCXX_NOEXCEPT
<         -:  229:      {
<     #####:  230:	_Self __tmp = *this;
<     #####:  231:	return __tmp += __n;
<         -:  232:      }
< ------------------
<         -:  233:
<         -:  234:      _Self&
<         -:  235:      operator-=(difference_type __n) _GLIBCXX_NOEXCEPT
<         -:  236:      { return *this += -__n; }
<         -:  237:
<         -:  238:      _Self
<         -:  239:      operator-(difference_type __n) const _GLIBCXX_NOEXCEPT
<         -:  240:      {
<         -:  241:	_Self __tmp = *this;
<         -:  242:	return __tmp -= __n;
<         -:  243:      }
<         -:  244:
<         -:  245:      reference
<       46*:  246:      operator[](difference_type __n) const _GLIBCXX_NOEXCEPT
<       46*:  247:      { return *(*this + __n); }
< ------------------
< _ZNKSt15_Deque_iteratorIPN7OpenDDS4DCPS21TransportQueueElementERS3_PS3_EixEl:
<        46:  246:      operator[](difference_type __n) const _GLIBCXX_NOEXCEPT
<        46:  247:      { return *(*this + __n); }
< ------------------
< _ZNKSt15_Deque_iteratorIPN7OpenDDS4DCPS21TransportQueueElementERS3_PS3_EixEl:
<     #####:  246:      operator[](difference_type __n) const _GLIBCXX_NOEXCEPT
<     #####:  247:      { return *(*this + __n); }
< ------------------
<         -:  248:
<         -:  249:      /**
<         -:  250:       *  Prepares to traverse new_node.  Sets everything except
<         -:  251:       *  _M_cur, which should therefore be set by the caller
<         -:  252:       *  immediately afterwards, based on _M_first and _M_last.
<         -:  253:       */
<         -:  254:      void
<       72*:  255:      _M_set_node(_Map_pointer __new_node) _GLIBCXX_NOEXCEPT
<         -:  256:      {
<       72*:  257:	_M_node = __new_node;
<       72*:  258:	_M_first = *__new_node;
<       72*:  259:	_M_last = _M_first + difference_type(_S_buffer_size());
<       72*:  260:      }
< ------------------
< _ZNSt15_Deque_iteratorIPN7OpenDDS4DCPS21TransportQueueElementERS3_PS3_E11_M_set_nodeEPS5_:
<     #####:  255:      _M_set_node(_Map_pointer __new_node) _GLIBCXX_NOEXCEPT
<         -:  256:      {
<     #####:  257:	_M_node = __new_node;
<     #####:  258:	_M_first = *__new_node;
<     #####:  259:	_M_last = _M_first + difference_type(_S_buffer_size());
<     #####:  260:      }
< ------------------
< _ZNSt15_Deque_iteratorIPN7OpenDDS4DCPS11SendRequestERS3_PS3_E11_M_set_nodeEPS5_:
<     #####:  255:      _M_set_node(_Map_pointer __new_node) _GLIBCXX_NOEXCEPT
<         -:  256:      {
<     #####:  257:	_M_node = __new_node;
<     #####:  258:	_M_first = *__new_node;
<     #####:  259:	_M_last = _M_first + difference_type(_S_buffer_size());
<     #####:  260:      }
< ------------------
< _ZNSt15_Deque_iteratorIPN7OpenDDS4DCPS11SendRequestERKS3_PS4_E11_M_set_nodeEPPS3_:
<     #####:  255:      _M_set_node(_Map_pointer __new_node) _GLIBCXX_NOEXCEPT
<         -:  256:      {
<     #####:  257:	_M_node = __new_node;
<     #####:  258:	_M_first = *__new_node;
<     #####:  259:	_M_last = _M_first + difference_type(_S_buffer_size());
<     #####:  260:      }
< ------------------
< _ZNSt15_Deque_iteratorISt10unique_ptrIN7OpenDDS4DCPS18ReactorInterceptor7CommandESt14default_deleteIS4_EERS7_PS7_E11_M_set_nodeEPS9_:
<     #####:  255:      _M_set_node(_Map_pointer __new_node) _GLIBCXX_NOEXCEPT
<         -:  256:      {
<     #####:  257:	_M_node = __new_node;
<     #####:  258:	_M_first = *__new_node;
<     #####:  259:	_M_last = _M_first + difference_type(_S_buffer_size());
<     #####:  260:      }
< ------------------
< _ZNSt15_Deque_iteratorIPN7OpenDDS4DCPS21TransportQueueElementERKS3_PS4_E11_M_set_nodeEPPS3_:
<     #####:  255:      _M_set_node(_Map_pointer __new_node) _GLIBCXX_NOEXCEPT
<         -:  256:      {
<     #####:  257:	_M_node = __new_node;
<     #####:  258:	_M_first = *__new_node;
<     #####:  259:	_M_last = _M_first + difference_type(_S_buffer_size());
<     #####:  260:      }
< ------------------
< _ZNSt15_Deque_iteratorIPN7OpenDDS4DCPS21TransportQueueElementERS3_PS3_E11_M_set_nodeEPS5_:
<        72:  255:      _M_set_node(_Map_pointer __new_node) _GLIBCXX_NOEXCEPT
<         -:  256:      {
<        72:  257:	_M_node = __new_node;
<        72:  258:	_M_first = *__new_node;
<        72:  259:	_M_last = _M_first + difference_type(_S_buffer_size());
<        72:  260:      }
< ------------------
< _ZNSt15_Deque_iteratorIPN7OpenDDS4DCPS21TransportQueueElementERKS3_PS4_E11_M_set_nodeEPPS3_:
<     #####:  255:      _M_set_node(_Map_pointer __new_node) _GLIBCXX_NOEXCEPT
<         -:  256:      {
<     #####:  257:	_M_node = __new_node;
<     #####:  258:	_M_first = *__new_node;
<     #####:  259:	_M_last = _M_first + difference_type(_S_buffer_size());
<     #####:  260:      }
< ------------------
< _ZNSt15_Deque_iteratorIPN7OpenDDS4DCPS21TransportQueueElementERS3_PS3_E11_M_set_nodeEPS5_:
<     #####:  255:      _M_set_node(_Map_pointer __new_node) _GLIBCXX_NOEXCEPT
<         -:  256:      {
<     #####:  257:	_M_node = __new_node;
<     #####:  258:	_M_first = *__new_node;
<     #####:  259:	_M_last = _M_first + difference_type(_S_buffer_size());
<     #####:  260:      }
< ------------------
<         -:  261:    };
<         -:  262:
<         -:  263:  // Note: we also provide overloads whose operands are of the same type in
<         -:  264:  // order to avoid ambiguous overload resolution when std::rel_ops operators
<         -:  265:  // are in scope (for additional details, see libstdc++/3628)
<         -:  266:  template<typename _Tp, typename _Ref, typename _Ptr>
<         -:  267:    inline bool
<      102*:  268:    operator==(const _Deque_iterator<_Tp, _Ref, _Ptr>& __x,
<         -:  269:	       const _Deque_iterator<_Tp, _Ref, _Ptr>& __y) _GLIBCXX_NOEXCEPT
<      102*:  270:    { return __x._M_cur == __y._M_cur; }
< ------------------
< _ZSteqIPN7OpenDDS4DCPS11SendRequestERKS3_PS4_EbRKSt15_Deque_iteratorIT_T0_T1_ESD_:
<     #####:  268:    operator==(const _Deque_iterator<_Tp, _Ref, _Ptr>& __x,
<         -:  269:	       const _Deque_iterator<_Tp, _Ref, _Ptr>& __y) _GLIBCXX_NOEXCEPT
<     #####:  270:    { return __x._M_cur == __y._M_cur; }
< ------------------
< _ZSteqIPN7OpenDDS4DCPS21TransportQueueElementERKS3_PS4_EbRKSt15_Deque_iteratorIT_T0_T1_ESD_:
<        90:  268:    operator==(const _Deque_iterator<_Tp, _Ref, _Ptr>& __x,
<         -:  269:	       const _Deque_iterator<_Tp, _Ref, _Ptr>& __y) _GLIBCXX_NOEXCEPT
<        90:  270:    { return __x._M_cur == __y._M_cur; }
< ------------------
< _ZSteqIPN7OpenDDS4DCPS21TransportQueueElementERS3_PS3_EbRKSt15_Deque_iteratorIT_T0_T1_ESC_:
<        12:  268:    operator==(const _Deque_iterator<_Tp, _Ref, _Ptr>& __x,
<         -:  269:	       const _Deque_iterator<_Tp, _Ref, _Ptr>& __y) _GLIBCXX_NOEXCEPT
<        12:  270:    { return __x._M_cur == __y._M_cur; }
< ------------------
< _ZSteqIPN7OpenDDS4DCPS21TransportQueueElementERKS3_PS4_EbRKSt15_Deque_iteratorIT_T0_T1_ESD_:
<     #####:  268:    operator==(const _Deque_iterator<_Tp, _Ref, _Ptr>& __x,
<         -:  269:	       const _Deque_iterator<_Tp, _Ref, _Ptr>& __y) _GLIBCXX_NOEXCEPT
<     #####:  270:    { return __x._M_cur == __y._M_cur; }
< ------------------
< _ZSteqIPN7OpenDDS4DCPS21TransportQueueElementERS3_PS3_EbRKSt15_Deque_iteratorIT_T0_T1_ESC_:
<     #####:  268:    operator==(const _Deque_iterator<_Tp, _Ref, _Ptr>& __x,
<         -:  269:	       const _Deque_iterator<_Tp, _Ref, _Ptr>& __y) _GLIBCXX_NOEXCEPT
<     #####:  270:    { return __x._M_cur == __y._M_cur; }
< ------------------
<         -:  271:
<         -:  272:  template<typename _Tp, typename _RefL, typename _PtrL,
<         -:  273:	   typename _RefR, typename _PtrR>
<         -:  274:    inline bool
<         -:  275:    operator==(const _Deque_iterator<_Tp, _RefL, _PtrL>& __x,
<         -:  276:	       const _Deque_iterator<_Tp, _RefR, _PtrR>& __y) _GLIBCXX_NOEXCEPT
<         -:  277:    { return __x._M_cur == __y._M_cur; }
<         -:  278:
<         -:  279:  template<typename _Tp, typename _Ref, typename _Ptr>
<         -:  280:    inline bool
<      102*:  281:    operator!=(const _Deque_iterator<_Tp, _Ref, _Ptr>& __x,
<         -:  282:	       const _Deque_iterator<_Tp, _Ref, _Ptr>& __y) _GLIBCXX_NOEXCEPT
<      102*:  283:    { return !(__x == __y); }
< ------------------
< _ZStneIPN7OpenDDS4DCPS11SendRequestERKS3_PS4_EbRKSt15_Deque_iteratorIT_T0_T1_ESD_:
<     #####:  281:    operator!=(const _Deque_iterator<_Tp, _Ref, _Ptr>& __x,
<         -:  282:	       const _Deque_iterator<_Tp, _Ref, _Ptr>& __y) _GLIBCXX_NOEXCEPT
<     #####:  283:    { return !(__x == __y); }
< ------------------
< _ZStneIPN7OpenDDS4DCPS21TransportQueueElementERKS3_PS4_EbRKSt15_Deque_iteratorIT_T0_T1_ESD_:
<        90:  281:    operator!=(const _Deque_iterator<_Tp, _Ref, _Ptr>& __x,
<         -:  282:	       const _Deque_iterator<_Tp, _Ref, _Ptr>& __y) _GLIBCXX_NOEXCEPT
<        90:  283:    { return !(__x == __y); }
< ------------------
< _ZStneIPN7OpenDDS4DCPS21TransportQueueElementERS3_PS3_EbRKSt15_Deque_iteratorIT_T0_T1_ESC_:
<        12:  281:    operator!=(const _Deque_iterator<_Tp, _Ref, _Ptr>& __x,
<         -:  282:	       const _Deque_iterator<_Tp, _Ref, _Ptr>& __y) _GLIBCXX_NOEXCEPT
<        12:  283:    { return !(__x == __y); }
< ------------------
< _ZStneIPN7OpenDDS4DCPS21TransportQueueElementERKS3_PS4_EbRKSt15_Deque_iteratorIT_T0_T1_ESD_:
<     #####:  281:    operator!=(const _Deque_iterator<_Tp, _Ref, _Ptr>& __x,
<         -:  282:	       const _Deque_iterator<_Tp, _Ref, _Ptr>& __y) _GLIBCXX_NOEXCEPT
<     #####:  283:    { return !(__x == __y); }
< ------------------
< _ZStneIPN7OpenDDS4DCPS21TransportQueueElementERS3_PS3_EbRKSt15_Deque_iteratorIT_T0_T1_ESC_:
<     #####:  281:    operator!=(const _Deque_iterator<_Tp, _Ref, _Ptr>& __x,
<         -:  282:	       const _Deque_iterator<_Tp, _Ref, _Ptr>& __y) _GLIBCXX_NOEXCEPT
<     #####:  283:    { return !(__x == __y); }
< ------------------
<         -:  284:
<         -:  285:  template<typename _Tp, typename _RefL, typename _PtrL,
<         -:  286:	   typename _RefR, typename _PtrR>
<         -:  287:    inline bool
<         -:  288:    operator!=(const _Deque_iterator<_Tp, _RefL, _PtrL>& __x,
<         -:  289:	       const _Deque_iterator<_Tp, _RefR, _PtrR>& __y) _GLIBCXX_NOEXCEPT
<         -:  290:    { return !(__x == __y); }
<         -:  291:
<         -:  292:  template<typename _Tp, typename _Ref, typename _Ptr>
<         -:  293:    inline bool
<         -:  294:    operator<(const _Deque_iterator<_Tp, _Ref, _Ptr>& __x,
<         -:  295:	      const _Deque_iterator<_Tp, _Ref, _Ptr>& __y) _GLIBCXX_NOEXCEPT
<         -:  296:    { return (__x._M_node == __y._M_node) ? (__x._M_cur < __y._M_cur)
<         -:  297:					  : (__x._M_node < __y._M_node); }
<         -:  298:
<         -:  299:  template<typename _Tp, typename _RefL, typename _PtrL,
<         -:  300:	   typename _RefR, typename _PtrR>
<         -:  301:    inline bool
<         -:  302:    operator<(const _Deque_iterator<_Tp, _RefL, _PtrL>& __x,
<         -:  303:	      const _Deque_iterator<_Tp, _RefR, _PtrR>& __y) _GLIBCXX_NOEXCEPT
<         -:  304:    { return (__x._M_node == __y._M_node) ? (__x._M_cur < __y._M_cur)
<         -:  305:					  : (__x._M_node < __y._M_node); }
<         -:  306:
<         -:  307:  template<typename _Tp, typename _Ref, typename _Ptr>
<         -:  308:    inline bool
<         -:  309:    operator>(const _Deque_iterator<_Tp, _Ref, _Ptr>& __x,
<         -:  310:	      const _Deque_iterator<_Tp, _Ref, _Ptr>& __y) _GLIBCXX_NOEXCEPT
<         -:  311:    { return __y < __x; }
<         -:  312:
<         -:  313:  template<typename _Tp, typename _RefL, typename _PtrL,
<         -:  314:	   typename _RefR, typename _PtrR>
<         -:  315:    inline bool
<         -:  316:    operator>(const _Deque_iterator<_Tp, _RefL, _PtrL>& __x,
<         -:  317:	      const _Deque_iterator<_Tp, _RefR, _PtrR>& __y) _GLIBCXX_NOEXCEPT
<         -:  318:    { return __y < __x; }
<         -:  319:
<         -:  320:  template<typename _Tp, typename _Ref, typename _Ptr>
<         -:  321:    inline bool
<         -:  322:    operator<=(const _Deque_iterator<_Tp, _Ref, _Ptr>& __x,
<         -:  323:	       const _Deque_iterator<_Tp, _Ref, _Ptr>& __y) _GLIBCXX_NOEXCEPT
<         -:  324:    { return !(__y < __x); }
<         -:  325:
<         -:  326:  template<typename _Tp, typename _RefL, typename _PtrL,
<         -:  327:	   typename _RefR, typename _PtrR>
<         -:  328:    inline bool
<         -:  329:    operator<=(const _Deque_iterator<_Tp, _RefL, _PtrL>& __x,
<         -:  330:	       const _Deque_iterator<_Tp, _RefR, _PtrR>& __y) _GLIBCXX_NOEXCEPT
<         -:  331:    { return !(__y < __x); }
<         -:  332:
<         -:  333:  template<typename _Tp, typename _Ref, typename _Ptr>
<         -:  334:    inline bool
<         -:  335:    operator>=(const _Deque_iterator<_Tp, _Ref, _Ptr>& __x,
<         -:  336:	       const _Deque_iterator<_Tp, _Ref, _Ptr>& __y) _GLIBCXX_NOEXCEPT
<         -:  337:    { return !(__x < __y); }
<         -:  338:
<         -:  339:  template<typename _Tp, typename _RefL, typename _PtrL,
<         -:  340:	   typename _RefR, typename _PtrR>
<         -:  341:    inline bool
<         -:  342:    operator>=(const _Deque_iterator<_Tp, _RefL, _PtrL>& __x,
<         -:  343:	       const _Deque_iterator<_Tp, _RefR, _PtrR>& __y) _GLIBCXX_NOEXCEPT
<         -:  344:    { return !(__x < __y); }
<         -:  345:
<         -:  346:  // _GLIBCXX_RESOLVE_LIB_DEFECTS
<         -:  347:  // According to the resolution of DR179 not only the various comparison
<         -:  348:  // operators but also operator- must accept mixed iterator/const_iterator
<         -:  349:  // parameters.
<         -:  350:  template<typename _Tp, typename _Ref, typename _Ptr>
<         -:  351:    inline typename _Deque_iterator<_Tp, _Ref, _Ptr>::difference_type
<      226*:  352:    operator-(const _Deque_iterator<_Tp, _Ref, _Ptr>& __x,
<         -:  353:	      const _Deque_iterator<_Tp, _Ref, _Ptr>& __y) _GLIBCXX_NOEXCEPT
<         -:  354:    {
<         -:  355:      return typename _Deque_iterator<_Tp, _Ref, _Ptr>::difference_type
<      226*:  356:	(_Deque_iterator<_Tp, _Ref, _Ptr>::_S_buffer_size())
<      226*:  357:	* (__x._M_node - __y._M_node - 1) + (__x._M_cur - __x._M_first)
<      226*:  358:	+ (__y._M_last - __y._M_cur);
<         -:  359:    }
< ------------------
< _ZStmiIPN7OpenDDS4DCPS21TransportQueueElementERS3_PS3_ENSt15_Deque_iteratorIT_T0_T1_E15difference_typeERKSA_SD_:
<     #####:  352:    operator-(const _Deque_iterator<_Tp, _Ref, _Ptr>& __x,
<         -:  353:	      const _Deque_iterator<_Tp, _Ref, _Ptr>& __y) _GLIBCXX_NOEXCEPT
<         -:  354:    {
<         -:  355:      return typename _Deque_iterator<_Tp, _Ref, _Ptr>::difference_type
<     #####:  356:	(_Deque_iterator<_Tp, _Ref, _Ptr>::_S_buffer_size())
<     #####:  357:	* (__x._M_node - __y._M_node - 1) + (__x._M_cur - __x._M_first)
<     #####:  358:	+ (__y._M_last - __y._M_cur);
<         -:  359:    }
< ------------------
< _ZStmiIPN7OpenDDS4DCPS11SendRequestERS3_PS3_ENSt15_Deque_iteratorIT_T0_T1_E15difference_typeERKSA_SD_:
<     #####:  352:    operator-(const _Deque_iterator<_Tp, _Ref, _Ptr>& __x,
<         -:  353:	      const _Deque_iterator<_Tp, _Ref, _Ptr>& __y) _GLIBCXX_NOEXCEPT
<         -:  354:    {
<         -:  355:      return typename _Deque_iterator<_Tp, _Ref, _Ptr>::difference_type
<     #####:  356:	(_Deque_iterator<_Tp, _Ref, _Ptr>::_S_buffer_size())
<     #####:  357:	* (__x._M_node - __y._M_node - 1) + (__x._M_cur - __x._M_first)
<     #####:  358:	+ (__y._M_last - __y._M_cur);
<         -:  359:    }
< ------------------
< _ZStmiIPN7OpenDDS4DCPS21TransportQueueElementERS3_PS3_ENSt15_Deque_iteratorIT_T0_T1_E15difference_typeERKSA_SD_:
<       226:  352:    operator-(const _Deque_iterator<_Tp, _Ref, _Ptr>& __x,
<         -:  353:	      const _Deque_iterator<_Tp, _Ref, _Ptr>& __y) _GLIBCXX_NOEXCEPT
<         -:  354:    {
<         -:  355:      return typename _Deque_iterator<_Tp, _Ref, _Ptr>::difference_type
<       226:  356:	(_Deque_iterator<_Tp, _Ref, _Ptr>::_S_buffer_size())
<       226:  357:	* (__x._M_node - __y._M_node - 1) + (__x._M_cur - __x._M_first)
<       226:  358:	+ (__y._M_last - __y._M_cur);
<         -:  359:    }
< ------------------
< _ZStmiIPN7OpenDDS4DCPS21TransportQueueElementERS3_PS3_ENSt15_Deque_iteratorIT_T0_T1_E15difference_typeERKSA_SD_:
<     #####:  352:    operator-(const _Deque_iterator<_Tp, _Ref, _Ptr>& __x,
<         -:  353:	      const _Deque_iterator<_Tp, _Ref, _Ptr>& __y) _GLIBCXX_NOEXCEPT
<         -:  354:    {
<         -:  355:      return typename _Deque_iterator<_Tp, _Ref, _Ptr>::difference_type
<     #####:  356:	(_Deque_iterator<_Tp, _Ref, _Ptr>::_S_buffer_size())
<     #####:  357:	* (__x._M_node - __y._M_node - 1) + (__x._M_cur - __x._M_first)
<     #####:  358:	+ (__y._M_last - __y._M_cur);
<         -:  359:    }
< ------------------
<         -:  360:
<         -:  361:  template<typename _Tp, typename _RefL, typename _PtrL,
<         -:  362:	   typename _RefR, typename _PtrR>
<         -:  363:    inline typename _Deque_iterator<_Tp, _RefL, _PtrL>::difference_type
<         -:  364:    operator-(const _Deque_iterator<_Tp, _RefL, _PtrL>& __x,
<         -:  365:	      const _Deque_iterator<_Tp, _RefR, _PtrR>& __y) _GLIBCXX_NOEXCEPT
<         -:  366:    {
<         -:  367:      return typename _Deque_iterator<_Tp, _RefL, _PtrL>::difference_type
<         -:  368:	(_Deque_iterator<_Tp, _RefL, _PtrL>::_S_buffer_size())
<         -:  369:	* (__x._M_node - __y._M_node - 1) + (__x._M_cur - __x._M_first)
<         -:  370:	+ (__y._M_last - __y._M_cur);
<         -:  371:    }
<         -:  372:
<         -:  373:  template<typename _Tp, typename _Ref, typename _Ptr>
<         -:  374:    inline _Deque_iterator<_Tp, _Ref, _Ptr>
<         -:  375:    operator+(ptrdiff_t __n, const _Deque_iterator<_Tp, _Ref, _Ptr>& __x)
<         -:  376:    _GLIBCXX_NOEXCEPT
<         -:  377:    { return __x + __n; }
<         -:  378:
<         -:  379:  template<typename _Tp>
<         -:  380:    void
<         -:  381:    fill(const _Deque_iterator<_Tp, _Tp&, _Tp*>&,
<         -:  382:	 const _Deque_iterator<_Tp, _Tp&, _Tp*>&, const _Tp&);
<         -:  383:
<         -:  384:  template<typename _Tp>
<         -:  385:    _Deque_iterator<_Tp, _Tp&, _Tp*>
<         -:  386:    copy(_Deque_iterator<_Tp, const _Tp&, const _Tp*>,
<         -:  387:	 _Deque_iterator<_Tp, const _Tp&, const _Tp*>,
<         -:  388:	 _Deque_iterator<_Tp, _Tp&, _Tp*>);
<         -:  389:
<         -:  390:  template<typename _Tp>
<         -:  391:    inline _Deque_iterator<_Tp, _Tp&, _Tp*>
<         -:  392:    copy(_Deque_iterator<_Tp, _Tp&, _Tp*> __first,
<         -:  393:	 _Deque_iterator<_Tp, _Tp&, _Tp*> __last,
<         -:  394:	 _Deque_iterator<_Tp, _Tp&, _Tp*> __result)
<         -:  395:    { return std::copy(_Deque_iterator<_Tp, const _Tp&, const _Tp*>(__first),
<         -:  396:		       _Deque_iterator<_Tp, const _Tp&, const _Tp*>(__last),
<         -:  397:		       __result); }
<         -:  398:
<         -:  399:  template<typename _Tp>
<         -:  400:    _Deque_iterator<_Tp, _Tp&, _Tp*>
<         -:  401:    copy_backward(_Deque_iterator<_Tp, const _Tp&, const _Tp*>,
<         -:  402:		  _Deque_iterator<_Tp, const _Tp&, const _Tp*>,
<         -:  403:		  _Deque_iterator<_Tp, _Tp&, _Tp*>);
<         -:  404:
<         -:  405:  template<typename _Tp>
<         -:  406:    inline _Deque_iterator<_Tp, _Tp&, _Tp*>
<         -:  407:    copy_backward(_Deque_iterator<_Tp, _Tp&, _Tp*> __first,
<         -:  408:		  _Deque_iterator<_Tp, _Tp&, _Tp*> __last,
<         -:  409:		  _Deque_iterator<_Tp, _Tp&, _Tp*> __result)
<         -:  410:    { return std::copy_backward(_Deque_iterator<_Tp,
<         -:  411:				const _Tp&, const _Tp*>(__first),
<         -:  412:				_Deque_iterator<_Tp,
<         -:  413:				const _Tp&, const _Tp*>(__last),
<         -:  414:				__result); }
<         -:  415:
<         -:  416:#if __cplusplus >= 201103L
<         -:  417:  template<typename _Tp>
<         -:  418:    _Deque_iterator<_Tp, _Tp&, _Tp*>
<         -:  419:    move(_Deque_iterator<_Tp, const _Tp&, const _Tp*>,
<         -:  420:	 _Deque_iterator<_Tp, const _Tp&, const _Tp*>,
<         -:  421:	 _Deque_iterator<_Tp, _Tp&, _Tp*>);
<         -:  422:
<         -:  423:  template<typename _Tp>
<         -:  424:    inline _Deque_iterator<_Tp, _Tp&, _Tp*>
<         -:  425:    move(_Deque_iterator<_Tp, _Tp&, _Tp*> __first,
<         -:  426:	 _Deque_iterator<_Tp, _Tp&, _Tp*> __last,
<         -:  427:	 _Deque_iterator<_Tp, _Tp&, _Tp*> __result)
<         -:  428:    { return std::move(_Deque_iterator<_Tp, const _Tp&, const _Tp*>(__first),
<         -:  429:		       _Deque_iterator<_Tp, const _Tp&, const _Tp*>(__last),
<         -:  430:		       __result); }
<         -:  431:
<         -:  432:  template<typename _Tp>
<         -:  433:    _Deque_iterator<_Tp, _Tp&, _Tp*>
<         -:  434:    move_backward(_Deque_iterator<_Tp, const _Tp&, const _Tp*>,
<         -:  435:		  _Deque_iterator<_Tp, const _Tp&, const _Tp*>,
<         -:  436:		  _Deque_iterator<_Tp, _Tp&, _Tp*>);
<         -:  437:
<         -:  438:  template<typename _Tp>
<         -:  439:    inline _Deque_iterator<_Tp, _Tp&, _Tp*>
<         -:  440:    move_backward(_Deque_iterator<_Tp, _Tp&, _Tp*> __first,
<         -:  441:		  _Deque_iterator<_Tp, _Tp&, _Tp*> __last,
<         -:  442:		  _Deque_iterator<_Tp, _Tp&, _Tp*> __result)
<         -:  443:    { return std::move_backward(_Deque_iterator<_Tp,
<         -:  444:				const _Tp&, const _Tp*>(__first),
<         -:  445:				_Deque_iterator<_Tp,
<         -:  446:				const _Tp&, const _Tp*>(__last),
<         -:  447:				__result); }
<         -:  448:#endif
<         -:  449:
<         -:  450:  /**
<         -:  451:   *  Deque base class.  This class provides the unified face for %deque's
<         -:  452:   *  allocation.  This class's constructor and destructor allocate and
<         -:  453:   *  deallocate (but do not initialize) storage.  This makes %exception
<         -:  454:   *  safety easier.
<         -:  455:   *
<         -:  456:   *  Nothing in this class ever constructs or destroys an actual Tp element.
<         -:  457:   *  (Deque handles that itself.)  Only/All memory management is performed
<         -:  458:   *  here.
<         -:  459:  */
<         -:  460:  template<typename _Tp, typename _Alloc>
<         -:  461:    class _Deque_base
<         -:  462:    {
<         -:  463:    protected:
<         -:  464:      typedef typename __gnu_cxx::__alloc_traits<_Alloc>::template
<         -:  465:	rebind<_Tp>::other _Tp_alloc_type;
<         -:  466:      typedef __gnu_cxx::__alloc_traits<_Tp_alloc_type>	 _Alloc_traits;
<         -:  467:
<         -:  468:#if __cplusplus < 201103L
<         -:  469:      typedef _Tp*					_Ptr;
<         -:  470:      typedef const _Tp*				_Ptr_const;
<         -:  471:#else
<         -:  472:      typedef typename _Alloc_traits::pointer		_Ptr;
<         -:  473:      typedef typename _Alloc_traits::const_pointer	_Ptr_const;
<         -:  474:#endif
<         -:  475:
<         -:  476:      typedef typename _Alloc_traits::template rebind<_Ptr>::other
<         -:  477:	_Map_alloc_type;
<         -:  478:      typedef __gnu_cxx::__alloc_traits<_Map_alloc_type> _Map_alloc_traits;
<         -:  479:
<         -:  480:    public:
<         -:  481:      typedef _Alloc		  allocator_type;
<         -:  482:      typedef typename _Alloc_traits::size_type size_type;
<         -:  483:
<         -:  484:      allocator_type
<         -:  485:      get_allocator() const _GLIBCXX_NOEXCEPT
<         -:  486:      { return allocator_type(_M_get_Tp_allocator()); }
<         -:  487:
<         -:  488:      typedef _Deque_iterator<_Tp, _Tp&, _Ptr>	  iterator;
<         -:  489:      typedef _Deque_iterator<_Tp, const _Tp&, _Ptr_const>   const_iterator;
<         -:  490:
<       36*:  491:      _Deque_base()
<       36*:  492:      : _M_impl()
<       36*:  493:      { _M_initialize_map(0); }
< ------------------
< _ZNSt11_Deque_baseIPN7OpenDDS4DCPS11SendRequestESaIS3_EEC2Ev:
<     #####:  491:      _Deque_base()
<     #####:  492:      : _M_impl()
<     #####:  493:      { _M_initialize_map(0); }
< ------------------
< _ZNSt11_Deque_baseIPN7OpenDDS4DCPS21TransportQueueElementESaIS3_EEC2Ev:
<        36:  491:      _Deque_base()
<        36:  492:      : _M_impl()
<        36:  493:      { _M_initialize_map(0); }
< ------------------
< _ZNSt11_Deque_baseIPN7OpenDDS4DCPS21TransportQueueElementESaIS3_EEC2Ev:
<     #####:  491:      _Deque_base()
<     #####:  492:      : _M_impl()
<     #####:  493:      { _M_initialize_map(0); }
< ------------------
<         -:  494:
<         -:  495:      _Deque_base(size_t __num_elements)
<         -:  496:      : _M_impl()
<         -:  497:      { _M_initialize_map(__num_elements); }
<         -:  498:
<         -:  499:      _Deque_base(const allocator_type& __a, size_t __num_elements)
<         -:  500:      : _M_impl(__a)
<         -:  501:      { _M_initialize_map(__num_elements); }
<         -:  502:
<         -:  503:      _Deque_base(const allocator_type& __a)
<         -:  504:      : _M_impl(__a)
<         -:  505:      { /* Caller must initialize map. */ }
<         -:  506:
<         -:  507:#if __cplusplus >= 201103L
<         -:  508:      _Deque_base(_Deque_base&& __x, false_type)
<         -:  509:      : _M_impl(__x._M_move_impl())
<         -:  510:      { }
<         -:  511:
<         -:  512:      _Deque_base(_Deque_base&& __x, true_type)
<         -:  513:      : _M_impl(std::move(__x._M_get_Tp_allocator()))
<         -:  514:      {
<         -:  515:	_M_initialize_map(0);
<         -:  516:	if (__x._M_impl._M_map)
<         -:  517:	  this->_M_impl._M_swap_data(__x._M_impl);
<         -:  518:      }
<         -:  519:
<         -:  520:      _Deque_base(_Deque_base&& __x)
<         -:  521:      : _Deque_base(std::move(__x), typename _Alloc_traits::is_always_equal{})
<         -:  522:      { }
<         -:  523:
<         -:  524:      _Deque_base(_Deque_base&& __x, const allocator_type& __a, size_type __n)
<         -:  525:      : _M_impl(__a)
<         -:  526:      {
<         -:  527:	if (__x.get_allocator() == __a)
<         -:  528:	  {
<         -:  529:	    if (__x._M_impl._M_map)
<         -:  530:	      {
<         -:  531:		_M_initialize_map(0);
<         -:  532:		this->_M_impl._M_swap_data(__x._M_impl);
<         -:  533:	      }
<         -:  534:	  }
<         -:  535:	else
<         -:  536:	  {
<         -:  537:	    _M_initialize_map(__n);
<         -:  538:	  }
<         -:  539:      }
<         -:  540:#endif
<         -:  541:
<         -:  542:      ~_Deque_base() _GLIBCXX_NOEXCEPT;
<         -:  543:
<         -:  544:    protected:
<         -:  545:      typedef typename iterator::_Map_pointer _Map_pointer;
<         -:  546:
<         -:  547:      //This struct encapsulates the implementation of the std::deque
<         -:  548:      //standard container and at the same time makes use of the EBO
<         -:  549:      //for empty allocators.
<         -:  550:      struct _Deque_impl
<         -:  551:      : public _Tp_alloc_type
<         -:  552:      {
<         -:  553:	_Map_pointer _M_map;
<         -:  554:	size_t _M_map_size;
<         -:  555:	iterator _M_start;
<         -:  556:	iterator _M_finish;
<         -:  557:
<       36*:  558:	_Deque_impl()
<         -:  559:	: _Tp_alloc_type(), _M_map(), _M_map_size(0),
<       36*:  560:	  _M_start(), _M_finish()
<       36*:  561:	{ }
< ------------------
< _ZNSt11_Deque_baseIPN7OpenDDS4DCPS11SendRequestESaIS3_EE11_Deque_implC2Ev:
<     #####:  558:	_Deque_impl()
<         -:  559:	: _Tp_alloc_type(), _M_map(), _M_map_size(0),
<     #####:  560:	  _M_start(), _M_finish()
<     #####:  561:	{ }
< ------------------
< _ZNSt11_Deque_baseIPN7OpenDDS4DCPS21TransportQueueElementESaIS3_EE11_Deque_implC2Ev:
<        36:  558:	_Deque_impl()
<         -:  559:	: _Tp_alloc_type(), _M_map(), _M_map_size(0),
<        36:  560:	  _M_start(), _M_finish()
<        36:  561:	{ }
< ------------------
< _ZNSt11_Deque_baseIPN7OpenDDS4DCPS21TransportQueueElementESaIS3_EE11_Deque_implC2Ev:
<     #####:  558:	_Deque_impl()
<         -:  559:	: _Tp_alloc_type(), _M_map(), _M_map_size(0),
<     #####:  560:	  _M_start(), _M_finish()
<     #####:  561:	{ }
< ------------------
<         -:  562:
<         -:  563:	_Deque_impl(const _Tp_alloc_type& __a) _GLIBCXX_NOEXCEPT
<         -:  564:	: _Tp_alloc_type(__a), _M_map(), _M_map_size(0),
<         -:  565:	  _M_start(), _M_finish()
<         -:  566:	{ }
<         -:  567:
<         -:  568:#if __cplusplus >= 201103L
<         -:  569:	_Deque_impl(_Deque_impl&&) = default;
<         -:  570:
<         -:  571:	_Deque_impl(_Tp_alloc_type&& __a) noexcept
<         -:  572:	: _Tp_alloc_type(std::move(__a)), _M_map(), _M_map_size(0),
<         -:  573:	  _M_start(), _M_finish()
<         -:  574:	{ }
<         -:  575:#endif
<         -:  576:
<       24*:  577:	void _M_swap_data(_Deque_impl& __x) _GLIBCXX_NOEXCEPT
<         -:  578:	{
<         -:  579:	  using std::swap;
<       24*:  580:	  swap(this->_M_start, __x._M_start);
<       24*:  581:	  swap(this->_M_finish, __x._M_finish);
<       24*:  582:	  swap(this->_M_map, __x._M_map);
<       24*:  583:	  swap(this->_M_map_size, __x._M_map_size);
<       24*:  584:	}
< ------------------
< _ZNSt11_Deque_baseIPN7OpenDDS4DCPS21TransportQueueElementESaIS3_EE11_Deque_impl12_M_swap_dataERS6_:
<        24:  577:	void _M_swap_data(_Deque_impl& __x) _GLIBCXX_NOEXCEPT
<         -:  578:	{
<         -:  579:	  using std::swap;
<        24:  580:	  swap(this->_M_start, __x._M_start);
<        24:  581:	  swap(this->_M_finish, __x._M_finish);
<        24:  582:	  swap(this->_M_map, __x._M_map);
<        24:  583:	  swap(this->_M_map_size, __x._M_map_size);
<        24:  584:	}
< ------------------
< _ZNSt11_Deque_baseIPN7OpenDDS4DCPS21TransportQueueElementESaIS3_EE11_Deque_impl12_M_swap_dataERS6_:
<     #####:  577:	void _M_swap_data(_Deque_impl& __x) _GLIBCXX_NOEXCEPT
<         -:  578:	{
<         -:  579:	  using std::swap;
<     #####:  580:	  swap(this->_M_start, __x._M_start);
<     #####:  581:	  swap(this->_M_finish, __x._M_finish);
<     #####:  582:	  swap(this->_M_map, __x._M_map);
<     #####:  583:	  swap(this->_M_map_size, __x._M_map_size);
<     #####:  584:	}
< ------------------
<         -:  585:      };
<         -:  586:
<         -:  587:      _Tp_alloc_type&
<       84*:  588:      _M_get_Tp_allocator() _GLIBCXX_NOEXCEPT
<       84*:  589:      { return *static_cast<_Tp_alloc_type*>(&this->_M_impl); }
< ------------------
< _ZNSt11_Deque_baseIPN7OpenDDS4DCPS11SendRequestESaIS3_EE19_M_get_Tp_allocatorEv:
<     #####:  588:      _M_get_Tp_allocator() _GLIBCXX_NOEXCEPT
<     #####:  589:      { return *static_cast<_Tp_alloc_type*>(&this->_M_impl); }
< ------------------
< _ZNSt11_Deque_baseIPN7OpenDDS4DCPS21TransportQueueElementESaIS3_EE19_M_get_Tp_allocatorEv:
<        84:  588:      _M_get_Tp_allocator() _GLIBCXX_NOEXCEPT
<        84:  589:      { return *static_cast<_Tp_alloc_type*>(&this->_M_impl); }
< ------------------
< _ZNSt11_Deque_baseIPN7OpenDDS4DCPS21TransportQueueElementESaIS3_EE19_M_get_Tp_allocatorEv:
<     #####:  588:      _M_get_Tp_allocator() _GLIBCXX_NOEXCEPT
<     #####:  589:      { return *static_cast<_Tp_alloc_type*>(&this->_M_impl); }
< ------------------
<         -:  590:
<         -:  591:      const _Tp_alloc_type&
<       72*:  592:      _M_get_Tp_allocator() const _GLIBCXX_NOEXCEPT
<       72*:  593:      { return *static_cast<const _Tp_alloc_type*>(&this->_M_impl); }
< ------------------
< _ZNKSt11_Deque_baseIPN7OpenDDS4DCPS21TransportQueueElementESaIS3_EE19_M_get_Tp_allocatorEv:
<     #####:  592:      _M_get_Tp_allocator() const _GLIBCXX_NOEXCEPT
<     #####:  593:      { return *static_cast<const _Tp_alloc_type*>(&this->_M_impl); }
< ------------------
< _ZNKSt11_Deque_baseIPN7OpenDDS4DCPS11SendRequestESaIS3_EE19_M_get_Tp_allocatorEv:
<     #####:  592:      _M_get_Tp_allocator() const _GLIBCXX_NOEXCEPT
<     #####:  593:      { return *static_cast<const _Tp_alloc_type*>(&this->_M_impl); }
< ------------------
< _ZNKSt11_Deque_baseISt10unique_ptrIN7OpenDDS4DCPS18ReactorInterceptor7CommandESt14default_deleteIS4_EESaIS7_EE19_M_get_Tp_allocatorEv:
<     #####:  592:      _M_get_Tp_allocator() const _GLIBCXX_NOEXCEPT
<     #####:  593:      { return *static_cast<const _Tp_alloc_type*>(&this->_M_impl); }
< ------------------
< _ZNKSt11_Deque_baseIPN7OpenDDS4DCPS21TransportQueueElementESaIS3_EE19_M_get_Tp_allocatorEv:
<        72:  592:      _M_get_Tp_allocator() const _GLIBCXX_NOEXCEPT
<        72:  593:      { return *static_cast<const _Tp_alloc_type*>(&this->_M_impl); }
< ------------------
< _ZNKSt11_Deque_baseIPN7OpenDDS4DCPS21TransportQueueElementESaIS3_EE19_M_get_Tp_allocatorEv:
<     #####:  592:      _M_get_Tp_allocator() const _GLIBCXX_NOEXCEPT
<     #####:  593:      { return *static_cast<const _Tp_alloc_type*>(&this->_M_impl); }
< ------------------
<         -:  594:
<         -:  595:      _Map_alloc_type
<       72*:  596:      _M_get_map_allocator() const _GLIBCXX_NOEXCEPT
<       72*:  597:      { return _Map_alloc_type(_M_get_Tp_allocator()); }
< ------------------
< _ZNKSt11_Deque_baseIPN7OpenDDS4DCPS21TransportQueueElementESaIS3_EE20_M_get_map_allocatorEv:
<     #####:  596:      _M_get_map_allocator() const _GLIBCXX_NOEXCEPT
<     #####:  597:      { return _Map_alloc_type(_M_get_Tp_allocator()); }
< ------------------
< _ZNKSt11_Deque_baseIPN7OpenDDS4DCPS11SendRequestESaIS3_EE20_M_get_map_allocatorEv:
<     #####:  596:      _M_get_map_allocator() const _GLIBCXX_NOEXCEPT
<     #####:  597:      { return _Map_alloc_type(_M_get_Tp_allocator()); }
< ------------------
< _ZNKSt11_Deque_baseISt10unique_ptrIN7OpenDDS4DCPS18ReactorInterceptor7CommandESt14default_deleteIS4_EESaIS7_EE20_M_get_map_allocatorEv:
<     #####:  596:      _M_get_map_allocator() const _GLIBCXX_NOEXCEPT
<     #####:  597:      { return _Map_alloc_type(_M_get_Tp_allocator()); }
< ------------------
< _ZNKSt11_Deque_baseIPN7OpenDDS4DCPS21TransportQueueElementESaIS3_EE20_M_get_map_allocatorEv:
<        72:  596:      _M_get_map_allocator() const _GLIBCXX_NOEXCEPT
<        72:  597:      { return _Map_alloc_type(_M_get_Tp_allocator()); }
< ------------------
< _ZNKSt11_Deque_baseIPN7OpenDDS4DCPS21TransportQueueElementESaIS3_EE20_M_get_map_allocatorEv:
<     #####:  596:      _M_get_map_allocator() const _GLIBCXX_NOEXCEPT
<     #####:  597:      { return _Map_alloc_type(_M_get_Tp_allocator()); }
< ------------------
<         -:  598:
<         -:  599:      _Ptr
<       36*:  600:      _M_allocate_node()
<         -:  601:      {
<         -:  602:	typedef __gnu_cxx::__alloc_traits<_Tp_alloc_type> _Traits;
<       36*:  603:	return _Traits::allocate(_M_impl, __deque_buf_size(sizeof(_Tp)));
<         -:  604:      }
< ------------------
< _ZNSt11_Deque_baseIPN7OpenDDS4DCPS21TransportQueueElementESaIS3_EE16_M_allocate_nodeEv:
<     #####:  600:      _M_allocate_node()
<         -:  601:      {
<         -:  602:	typedef __gnu_cxx::__alloc_traits<_Tp_alloc_type> _Traits;
<     #####:  603:	return _Traits::allocate(_M_impl, __deque_buf_size(sizeof(_Tp)));
<         -:  604:      }
< ------------------
< _ZNSt11_Deque_baseIPN7OpenDDS4DCPS11SendRequestESaIS3_EE16_M_allocate_nodeEv:
<     #####:  600:      _M_allocate_node()
<         -:  601:      {
<         -:  602:	typedef __gnu_cxx::__alloc_traits<_Tp_alloc_type> _Traits;
<     #####:  603:	return _Traits::allocate(_M_impl, __deque_buf_size(sizeof(_Tp)));
<         -:  604:      }
< ------------------
< _ZNSt11_Deque_baseISt10unique_ptrIN7OpenDDS4DCPS18ReactorInterceptor7CommandESt14default_deleteIS4_EESaIS7_EE16_M_allocate_nodeEv:
<     #####:  600:      _M_allocate_node()
<         -:  601:      {
<         -:  602:	typedef __gnu_cxx::__alloc_traits<_Tp_alloc_type> _Traits;
<     #####:  603:	return _Traits::allocate(_M_impl, __deque_buf_size(sizeof(_Tp)));
<         -:  604:      }
< ------------------
< _ZNSt11_Deque_baseIPN7OpenDDS4DCPS21TransportQueueElementESaIS3_EE16_M_allocate_nodeEv:
<        36:  600:      _M_allocate_node()
<         -:  601:      {
<         -:  602:	typedef __gnu_cxx::__alloc_traits<_Tp_alloc_type> _Traits;
<        36:  603:	return _Traits::allocate(_M_impl, __deque_buf_size(sizeof(_Tp)));
<         -:  604:      }
< ------------------
< _ZNSt11_Deque_baseIPN7OpenDDS4DCPS21TransportQueueElementESaIS3_EE16_M_allocate_nodeEv:
<     #####:  600:      _M_allocate_node()
<         -:  601:      {
<         -:  602:	typedef __gnu_cxx::__alloc_traits<_Tp_alloc_type> _Traits;
<     #####:  603:	return _Traits::allocate(_M_impl, __deque_buf_size(sizeof(_Tp)));
<         -:  604:      }
< ------------------
<         -:  605:
<         -:  606:      void
<       36*:  607:      _M_deallocate_node(_Ptr __p) _GLIBCXX_NOEXCEPT
<         -:  608:      {
<         -:  609:	typedef __gnu_cxx::__alloc_traits<_Tp_alloc_type> _Traits;
<       36*:  610:	_Traits::deallocate(_M_impl, __p, __deque_buf_size(sizeof(_Tp)));
<       36*:  611:      }
< ------------------
< _ZNSt11_Deque_baseIPN7OpenDDS4DCPS21TransportQueueElementESaIS3_EE18_M_deallocate_nodeEPS3_:
<     #####:  607:      _M_deallocate_node(_Ptr __p) _GLIBCXX_NOEXCEPT
<         -:  608:      {
<         -:  609:	typedef __gnu_cxx::__alloc_traits<_Tp_alloc_type> _Traits;
<     #####:  610:	_Traits::deallocate(_M_impl, __p, __deque_buf_size(sizeof(_Tp)));
<     #####:  611:      }
< ------------------
< _ZNSt11_Deque_baseIPN7OpenDDS4DCPS11SendRequestESaIS3_EE18_M_deallocate_nodeEPS3_:
<     #####:  607:      _M_deallocate_node(_Ptr __p) _GLIBCXX_NOEXCEPT
<         -:  608:      {
<         -:  609:	typedef __gnu_cxx::__alloc_traits<_Tp_alloc_type> _Traits;
<     #####:  610:	_Traits::deallocate(_M_impl, __p, __deque_buf_size(sizeof(_Tp)));
<     #####:  611:      }
< ------------------
< _ZNSt11_Deque_baseISt10unique_ptrIN7OpenDDS4DCPS18ReactorInterceptor7CommandESt14default_deleteIS4_EESaIS7_EE18_M_deallocate_nodeEPS7_:
<     #####:  607:      _M_deallocate_node(_Ptr __p) _GLIBCXX_NOEXCEPT
<         -:  608:      {
<         -:  609:	typedef __gnu_cxx::__alloc_traits<_Tp_alloc_type> _Traits;
<     #####:  610:	_Traits::deallocate(_M_impl, __p, __deque_buf_size(sizeof(_Tp)));
<     #####:  611:      }
< ------------------
< _ZNSt11_Deque_baseIPN7OpenDDS4DCPS21TransportQueueElementESaIS3_EE18_M_deallocate_nodeEPS3_:
<        36:  607:      _M_deallocate_node(_Ptr __p) _GLIBCXX_NOEXCEPT
<         -:  608:      {
<         -:  609:	typedef __gnu_cxx::__alloc_traits<_Tp_alloc_type> _Traits;
<        36:  610:	_Traits::deallocate(_M_impl, __p, __deque_buf_size(sizeof(_Tp)));
<        36:  611:      }
< ------------------
< _ZNSt11_Deque_baseIPN7OpenDDS4DCPS21TransportQueueElementESaIS3_EE18_M_deallocate_nodeEPS3_:
<     #####:  607:      _M_deallocate_node(_Ptr __p) _GLIBCXX_NOEXCEPT
<         -:  608:      {
<         -:  609:	typedef __gnu_cxx::__alloc_traits<_Tp_alloc_type> _Traits;
<     #####:  610:	_Traits::deallocate(_M_impl, __p, __deque_buf_size(sizeof(_Tp)));
<     #####:  611:      }
< ------------------
<         -:  612:
<         -:  613:      _Map_pointer
<       36*:  614:      _M_allocate_map(size_t __n)
<         -:  615:      {
<       72*:  616:	_Map_alloc_type __map_alloc = _M_get_map_allocator();
<       72*:  617:	return _Map_alloc_traits::allocate(__map_alloc, __n);
<         -:  618:      }
< ------------------
< _ZNSt11_Deque_baseIPN7OpenDDS4DCPS21TransportQueueElementESaIS3_EE15_M_allocate_mapEm:
<     #####:  614:      _M_allocate_map(size_t __n)
<         -:  615:      {
<     #####:  616:	_Map_alloc_type __map_alloc = _M_get_map_allocator();
<     #####:  617:	return _Map_alloc_traits::allocate(__map_alloc, __n);
<         -:  618:      }
< ------------------
< _ZNSt11_Deque_baseIPN7OpenDDS4DCPS11SendRequestESaIS3_EE15_M_allocate_mapEm:
<     #####:  614:      _M_allocate_map(size_t __n)
<         -:  615:      {
<     #####:  616:	_Map_alloc_type __map_alloc = _M_get_map_allocator();
<     #####:  617:	return _Map_alloc_traits::allocate(__map_alloc, __n);
<         -:  618:      }
< ------------------
< _ZNSt11_Deque_baseISt10unique_ptrIN7OpenDDS4DCPS18ReactorInterceptor7CommandESt14default_deleteIS4_EESaIS7_EE15_M_allocate_mapEm:
<     #####:  614:      _M_allocate_map(size_t __n)
<         -:  615:      {
<     #####:  616:	_Map_alloc_type __map_alloc = _M_get_map_allocator();
<     #####:  617:	return _Map_alloc_traits::allocate(__map_alloc, __n);
<         -:  618:      }
< ------------------
< _ZNSt11_Deque_baseIPN7OpenDDS4DCPS21TransportQueueElementESaIS3_EE15_M_allocate_mapEm:
<        36:  614:      _M_allocate_map(size_t __n)
<         -:  615:      {
<        72:  616:	_Map_alloc_type __map_alloc = _M_get_map_allocator();
<        72:  617:	return _Map_alloc_traits::allocate(__map_alloc, __n);
<         -:  618:      }
< ------------------
< _ZNSt11_Deque_baseIPN7OpenDDS4DCPS21TransportQueueElementESaIS3_EE15_M_allocate_mapEm:
<     #####:  614:      _M_allocate_map(size_t __n)
<         -:  615:      {
<     #####:  616:	_Map_alloc_type __map_alloc = _M_get_map_allocator();
<     #####:  617:	return _Map_alloc_traits::allocate(__map_alloc, __n);
<         -:  618:      }
< ------------------
<         -:  619:
<         -:  620:      void
<       36*:  621:      _M_deallocate_map(_Map_pointer __p, size_t __n) _GLIBCXX_NOEXCEPT
<         -:  622:      {
<       72*:  623:	_Map_alloc_type __map_alloc = _M_get_map_allocator();
<       36*:  624:	_Map_alloc_traits::deallocate(__map_alloc, __p, __n);
<       36*:  625:      }
< ------------------
< _ZNSt11_Deque_baseIPN7OpenDDS4DCPS21TransportQueueElementESaIS3_EE17_M_deallocate_mapEPPS3_m:
<     #####:  621:      _M_deallocate_map(_Map_pointer __p, size_t __n) _GLIBCXX_NOEXCEPT
<         -:  622:      {
<     #####:  623:	_Map_alloc_type __map_alloc = _M_get_map_allocator();
<     #####:  624:	_Map_alloc_traits::deallocate(__map_alloc, __p, __n);
<     #####:  625:      }
< ------------------
< _ZNSt11_Deque_baseIPN7OpenDDS4DCPS11SendRequestESaIS3_EE17_M_deallocate_mapEPPS3_m:
<     #####:  621:      _M_deallocate_map(_Map_pointer __p, size_t __n) _GLIBCXX_NOEXCEPT
<         -:  622:      {
<     #####:  623:	_Map_alloc_type __map_alloc = _M_get_map_allocator();
<     #####:  624:	_Map_alloc_traits::deallocate(__map_alloc, __p, __n);
<     #####:  625:      }
< ------------------
< _ZNSt11_Deque_baseISt10unique_ptrIN7OpenDDS4DCPS18ReactorInterceptor7CommandESt14default_deleteIS4_EESaIS7_EE17_M_deallocate_mapEPPS7_m:
<     #####:  621:      _M_deallocate_map(_Map_pointer __p, size_t __n) _GLIBCXX_NOEXCEPT
<         -:  622:      {
<     #####:  623:	_Map_alloc_type __map_alloc = _M_get_map_allocator();
<     #####:  624:	_Map_alloc_traits::deallocate(__map_alloc, __p, __n);
<     #####:  625:      }
< ------------------
< _ZNSt11_Deque_baseIPN7OpenDDS4DCPS21TransportQueueElementESaIS3_EE17_M_deallocate_mapEPPS3_m:
<        36:  621:      _M_deallocate_map(_Map_pointer __p, size_t __n) _GLIBCXX_NOEXCEPT
<         -:  622:      {
<        72:  623:	_Map_alloc_type __map_alloc = _M_get_map_allocator();
<        36:  624:	_Map_alloc_traits::deallocate(__map_alloc, __p, __n);
<        36:  625:      }
< ------------------
< _ZNSt11_Deque_baseIPN7OpenDDS4DCPS21TransportQueueElementESaIS3_EE17_M_deallocate_mapEPPS3_m:
<     #####:  621:      _M_deallocate_map(_Map_pointer __p, size_t __n) _GLIBCXX_NOEXCEPT
<         -:  622:      {
<     #####:  623:	_Map_alloc_type __map_alloc = _M_get_map_allocator();
<     #####:  624:	_Map_alloc_traits::deallocate(__map_alloc, __p, __n);
<     #####:  625:      }
< ------------------
<         -:  626:
<         -:  627:    protected:
<         -:  628:      void _M_initialize_map(size_t);
<         -:  629:      void _M_create_nodes(_Map_pointer __nstart, _Map_pointer __nfinish);
<         -:  630:      void _M_destroy_nodes(_Map_pointer __nstart,
<         -:  631:			    _Map_pointer __nfinish) _GLIBCXX_NOEXCEPT;
<         -:  632:      enum { _S_initial_map_size = 8 };
<         -:  633:
<         -:  634:      _Deque_impl _M_impl;
<         -:  635:
<         -:  636:#if __cplusplus >= 201103L
<         -:  637:    private:
<         -:  638:      _Deque_impl
<         -:  639:      _M_move_impl()
<         -:  640:      {
<         -:  641:	if (!_M_impl._M_map)
<         -:  642:	  return std::move(_M_impl);
<         -:  643:
<         -:  644:	// Create a copy of the current allocator.
<         -:  645:	_Tp_alloc_type __alloc{_M_get_Tp_allocator()};
<         -:  646:	// Put that copy in a moved-from state.
<         -:  647:	_Tp_alloc_type __sink __attribute((__unused__)) {std::move(__alloc)};
<         -:  648:	// Create an empty map that allocates using the moved-from allocator.
<         -:  649:	_Deque_base __empty{__alloc};
<         -:  650:	__empty._M_initialize_map(0);
<         -:  651:	// Now safe to modify current allocator and perform non-throwing swaps.
<         -:  652:	_Deque_impl __ret{std::move(_M_get_Tp_allocator())};
<         -:  653:	_M_impl._M_swap_data(__ret);
<         -:  654:	_M_impl._M_swap_data(__empty._M_impl);
<         -:  655:	return __ret;
<         -:  656:      }
<         -:  657:#endif
<         -:  658:    };
<         -:  659:
<         -:  660:  template<typename _Tp, typename _Alloc>
<       36*:  661:    _Deque_base<_Tp, _Alloc>::
<         -:  662:    ~_Deque_base() _GLIBCXX_NOEXCEPT
<         -:  663:    {
<       36*:  664:      if (this->_M_impl._M_map)
<         -:  665:	{
<       36*:  666:	  _M_destroy_nodes(this->_M_impl._M_start._M_node,
<       36*:  667:			   this->_M_impl._M_finish._M_node + 1);
<       36*:  668:	  _M_deallocate_map(this->_M_impl._M_map, this->_M_impl._M_map_size);
<         -:  669:	}
<       36*:  670:    }
< ------------------
< _ZNSt11_Deque_baseIPN7OpenDDS4DCPS11SendRequestESaIS3_EED2Ev:
<     #####:  661:    _Deque_base<_Tp, _Alloc>::
<         -:  662:    ~_Deque_base() _GLIBCXX_NOEXCEPT
<         -:  663:    {
<     #####:  664:      if (this->_M_impl._M_map)
<         -:  665:	{
<     #####:  666:	  _M_destroy_nodes(this->_M_impl._M_start._M_node,
<     #####:  667:			   this->_M_impl._M_finish._M_node + 1);
<     #####:  668:	  _M_deallocate_map(this->_M_impl._M_map, this->_M_impl._M_map_size);
<         -:  669:	}
<     #####:  670:    }
< ------------------
< _ZNSt11_Deque_baseIPN7OpenDDS4DCPS21TransportQueueElementESaIS3_EED2Ev:
<        36:  661:    _Deque_base<_Tp, _Alloc>::
<         -:  662:    ~_Deque_base() _GLIBCXX_NOEXCEPT
<         -:  663:    {
<        36:  664:      if (this->_M_impl._M_map)
<         -:  665:	{
<        36:  666:	  _M_destroy_nodes(this->_M_impl._M_start._M_node,
<        36:  667:			   this->_M_impl._M_finish._M_node + 1);
<        36:  668:	  _M_deallocate_map(this->_M_impl._M_map, this->_M_impl._M_map_size);
<         -:  669:	}
<        36:  670:    }
< ------------------
< _ZNSt11_Deque_baseIPN7OpenDDS4DCPS21TransportQueueElementESaIS3_EED2Ev:
<     #####:  661:    _Deque_base<_Tp, _Alloc>::
<         -:  662:    ~_Deque_base() _GLIBCXX_NOEXCEPT
<         -:  663:    {
<     #####:  664:      if (this->_M_impl._M_map)
<         -:  665:	{
<     #####:  666:	  _M_destroy_nodes(this->_M_impl._M_start._M_node,
<     #####:  667:			   this->_M_impl._M_finish._M_node + 1);
<     #####:  668:	  _M_deallocate_map(this->_M_impl._M_map, this->_M_impl._M_map_size);
<         -:  669:	}
<     #####:  670:    }
< ------------------
<         -:  671:
<         -:  672:  /**
<         -:  673:   *  @brief Layout storage.
<         -:  674:   *  @param  __num_elements  The count of T's for which to allocate space
<         -:  675:   *                          at first.
<         -:  676:   *  @return   Nothing.
<         -:  677:   *
<         -:  678:   *  The initial underlying memory layout is a bit complicated...
<         -:  679:  */
<         -:  680:  template<typename _Tp, typename _Alloc>
<         -:  681:    void
<       36*:  682:    _Deque_base<_Tp, _Alloc>::
<         -:  683:    _M_initialize_map(size_t __num_elements)
<         -:  684:    {
<       36*:  685:      const size_t __num_nodes = (__num_elements/ __deque_buf_size(sizeof(_Tp))
<         -:  686:				  + 1);
<         -:  687:
<       36*:  688:      this->_M_impl._M_map_size = std::max((size_t) _S_initial_map_size,
<       36*:  689:					   size_t(__num_nodes + 2));
<       36*:  690:      this->_M_impl._M_map = _M_allocate_map(this->_M_impl._M_map_size);
<         -:  691:
<         -:  692:      // For "small" maps (needing less than _M_map_size nodes), allocation
<         -:  693:      // starts in the middle elements and grows outwards.  So nstart may be
<         -:  694:      // the beginning of _M_map, but for small maps it may be as far in as
<         -:  695:      // _M_map+3.
<         -:  696:
<       72*:  697:      _Map_pointer __nstart = (this->_M_impl._M_map
<       36*:  698:			       + (this->_M_impl._M_map_size - __num_nodes) / 2);
<       36*:  699:      _Map_pointer __nfinish = __nstart + __num_nodes;
<         -:  700:
<         -:  701:      __try
<       36*:  702:	{ _M_create_nodes(__nstart, __nfinish); }
<     =====:  703:      __catch(...)
<         -:  704:	{
<     =====:  705:	  _M_deallocate_map(this->_M_impl._M_map, this->_M_impl._M_map_size);
<     =====:  706:	  this->_M_impl._M_map = _Map_pointer();
<     =====:  707:	  this->_M_impl._M_map_size = 0;
<     =====:  708:	  __throw_exception_again;
<         -:  709:	}
<         -:  710:
<       36*:  711:      this->_M_impl._M_start._M_set_node(__nstart);
<       36*:  712:      this->_M_impl._M_finish._M_set_node(__nfinish - 1);
<       36*:  713:      this->_M_impl._M_start._M_cur = _M_impl._M_start._M_first;
<       72*:  714:      this->_M_impl._M_finish._M_cur = (this->_M_impl._M_finish._M_first
<       36*:  715:					+ __num_elements
<       36*:  716:					% __deque_buf_size(sizeof(_Tp)));
<       36*:  717:    }
< ------------------
< _ZNSt11_Deque_baseIPN7OpenDDS4DCPS11SendRequestESaIS3_EE17_M_initialize_mapEm:
<     #####:  682:    _Deque_base<_Tp, _Alloc>::
<         -:  683:    _M_initialize_map(size_t __num_elements)
<         -:  684:    {
<     #####:  685:      const size_t __num_nodes = (__num_elements/ __deque_buf_size(sizeof(_Tp))
<         -:  686:				  + 1);
<         -:  687:
<     #####:  688:      this->_M_impl._M_map_size = std::max((size_t) _S_initial_map_size,
<     #####:  689:					   size_t(__num_nodes + 2));
<     #####:  690:      this->_M_impl._M_map = _M_allocate_map(this->_M_impl._M_map_size);
<         -:  691:
<         -:  692:      // For "small" maps (needing less than _M_map_size nodes), allocation
<         -:  693:      // starts in the middle elements and grows outwards.  So nstart may be
<         -:  694:      // the beginning of _M_map, but for small maps it may be as far in as
<         -:  695:      // _M_map+3.
<         -:  696:
<     #####:  697:      _Map_pointer __nstart = (this->_M_impl._M_map
<     #####:  698:			       + (this->_M_impl._M_map_size - __num_nodes) / 2);
<     #####:  699:      _Map_pointer __nfinish = __nstart + __num_nodes;
<         -:  700:
<         -:  701:      __try
<     #####:  702:	{ _M_create_nodes(__nstart, __nfinish); }
<     =====:  703:      __catch(...)
<         -:  704:	{
<     =====:  705:	  _M_deallocate_map(this->_M_impl._M_map, this->_M_impl._M_map_size);
<     =====:  706:	  this->_M_impl._M_map = _Map_pointer();
<     =====:  707:	  this->_M_impl._M_map_size = 0;
<     =====:  708:	  __throw_exception_again;
<         -:  709:	}
<         -:  710:
<     #####:  711:      this->_M_impl._M_start._M_set_node(__nstart);
<     #####:  712:      this->_M_impl._M_finish._M_set_node(__nfinish - 1);
<     #####:  713:      this->_M_impl._M_start._M_cur = _M_impl._M_start._M_first;
<     #####:  714:      this->_M_impl._M_finish._M_cur = (this->_M_impl._M_finish._M_first
<     #####:  715:					+ __num_elements
<     #####:  716:					% __deque_buf_size(sizeof(_Tp)));
<     #####:  717:    }
< ------------------
< _ZNSt11_Deque_baseIPN7OpenDDS4DCPS21TransportQueueElementESaIS3_EE17_M_initialize_mapEm:
<        36:  682:    _Deque_base<_Tp, _Alloc>::
<         -:  683:    _M_initialize_map(size_t __num_elements)
<         -:  684:    {
<        36:  685:      const size_t __num_nodes = (__num_elements/ __deque_buf_size(sizeof(_Tp))
<         -:  686:				  + 1);
<         -:  687:
<        36:  688:      this->_M_impl._M_map_size = std::max((size_t) _S_initial_map_size,
<        36:  689:					   size_t(__num_nodes + 2));
<        36:  690:      this->_M_impl._M_map = _M_allocate_map(this->_M_impl._M_map_size);
<         -:  691:
<         -:  692:      // For "small" maps (needing less than _M_map_size nodes), allocation
<         -:  693:      // starts in the middle elements and grows outwards.  So nstart may be
<         -:  694:      // the beginning of _M_map, but for small maps it may be as far in as
<         -:  695:      // _M_map+3.
<         -:  696:
<        72:  697:      _Map_pointer __nstart = (this->_M_impl._M_map
<        36:  698:			       + (this->_M_impl._M_map_size - __num_nodes) / 2);
<        36:  699:      _Map_pointer __nfinish = __nstart + __num_nodes;
<         -:  700:
<         -:  701:      __try
<        36:  702:	{ _M_create_nodes(__nstart, __nfinish); }
<     =====:  703:      __catch(...)
<         -:  704:	{
<     =====:  705:	  _M_deallocate_map(this->_M_impl._M_map, this->_M_impl._M_map_size);
<     =====:  706:	  this->_M_impl._M_map = _Map_pointer();
<     =====:  707:	  this->_M_impl._M_map_size = 0;
<     =====:  708:	  __throw_exception_again;
<         -:  709:	}
<         -:  710:
<        36:  711:      this->_M_impl._M_start._M_set_node(__nstart);
<        36:  712:      this->_M_impl._M_finish._M_set_node(__nfinish - 1);
<        36:  713:      this->_M_impl._M_start._M_cur = _M_impl._M_start._M_first;
<        72:  714:      this->_M_impl._M_finish._M_cur = (this->_M_impl._M_finish._M_first
<        36:  715:					+ __num_elements
<        36:  716:					% __deque_buf_size(sizeof(_Tp)));
<        36:  717:    }
< ------------------
< _ZNSt11_Deque_baseIPN7OpenDDS4DCPS21TransportQueueElementESaIS3_EE17_M_initialize_mapEm:
<     #####:  682:    _Deque_base<_Tp, _Alloc>::
<         -:  683:    _M_initialize_map(size_t __num_elements)
<         -:  684:    {
<     #####:  685:      const size_t __num_nodes = (__num_elements/ __deque_buf_size(sizeof(_Tp))
<         -:  686:				  + 1);
<         -:  687:
<     #####:  688:      this->_M_impl._M_map_size = std::max((size_t) _S_initial_map_size,
<     #####:  689:					   size_t(__num_nodes + 2));
<     #####:  690:      this->_M_impl._M_map = _M_allocate_map(this->_M_impl._M_map_size);
<         -:  691:
<         -:  692:      // For "small" maps (needing less than _M_map_size nodes), allocation
<         -:  693:      // starts in the middle elements and grows outwards.  So nstart may be
<         -:  694:      // the beginning of _M_map, but for small maps it may be as far in as
<         -:  695:      // _M_map+3.
<         -:  696:
<     #####:  697:      _Map_pointer __nstart = (this->_M_impl._M_map
<     #####:  698:			       + (this->_M_impl._M_map_size - __num_nodes) / 2);
<     #####:  699:      _Map_pointer __nfinish = __nstart + __num_nodes;
<         -:  700:
<         -:  701:      __try
<     #####:  702:	{ _M_create_nodes(__nstart, __nfinish); }
<     =====:  703:      __catch(...)
<         -:  704:	{
<     =====:  705:	  _M_deallocate_map(this->_M_impl._M_map, this->_M_impl._M_map_size);
<     =====:  706:	  this->_M_impl._M_map = _Map_pointer();
<     =====:  707:	  this->_M_impl._M_map_size = 0;
<     =====:  708:	  __throw_exception_again;
<         -:  709:	}
<         -:  710:
<     #####:  711:      this->_M_impl._M_start._M_set_node(__nstart);
<     #####:  712:      this->_M_impl._M_finish._M_set_node(__nfinish - 1);
<     #####:  713:      this->_M_impl._M_start._M_cur = _M_impl._M_start._M_first;
<     #####:  714:      this->_M_impl._M_finish._M_cur = (this->_M_impl._M_finish._M_first
<     #####:  715:					+ __num_elements
<     #####:  716:					% __deque_buf_size(sizeof(_Tp)));
<     #####:  717:    }
< ------------------
<         -:  718:
<         -:  719:  template<typename _Tp, typename _Alloc>
<         -:  720:    void
<       36*:  721:    _Deque_base<_Tp, _Alloc>::
<         -:  722:    _M_create_nodes(_Map_pointer __nstart, _Map_pointer __nfinish)
<         -:  723:    {
<         -:  724:      _Map_pointer __cur;
<         -:  725:      __try
<         -:  726:	{
<       72*:  727:	  for (__cur = __nstart; __cur < __nfinish; ++__cur)
<       36*:  728:	    *__cur = this->_M_allocate_node();
<         -:  729:	}
<     =====:  730:      __catch(...)
<         -:  731:	{
<     =====:  732:	  _M_destroy_nodes(__nstart, __cur);
<     =====:  733:	  __throw_exception_again;
<         -:  734:	}
<       36*:  735:    }
< ------------------
< _ZNSt11_Deque_baseIPN7OpenDDS4DCPS11SendRequestESaIS3_EE15_M_create_nodesEPPS3_S7_:
<     #####:  721:    _Deque_base<_Tp, _Alloc>::
<         -:  722:    _M_create_nodes(_Map_pointer __nstart, _Map_pointer __nfinish)
<         -:  723:    {
<         -:  724:      _Map_pointer __cur;
<         -:  725:      __try
<         -:  726:	{
<     #####:  727:	  for (__cur = __nstart; __cur < __nfinish; ++__cur)
<     #####:  728:	    *__cur = this->_M_allocate_node();
<         -:  729:	}
<     =====:  730:      __catch(...)
<         -:  731:	{
<     =====:  732:	  _M_destroy_nodes(__nstart, __cur);
<     =====:  733:	  __throw_exception_again;
<         -:  734:	}
<     #####:  735:    }
< ------------------
< _ZNSt11_Deque_baseIPN7OpenDDS4DCPS21TransportQueueElementESaIS3_EE15_M_create_nodesEPPS3_S7_:
[...]
<     #####: 2164:      }
< ------------------
< _ZNSt5dequeIPN7OpenDDS4DCPS21TransportQueueElementESaIS3_EE22_M_reserve_map_at_backEm:
<     #####: 2159:      _M_reserve_map_at_back(size_type __nodes_to_add = 1)
<         -: 2160:      {
<     #####: 2161:	if (__nodes_to_add + 1 > this->_M_impl._M_map_size
<     #####: 2162:	    - (this->_M_impl._M_finish._M_node - this->_M_impl._M_map))
<     #####: 2163:	  _M_reallocate_map(__nodes_to_add, false);
<     #####: 2164:      }
< ------------------
< _ZNSt5dequeIPN7OpenDDS4DCPS21TransportQueueElementESaIS3_EE22_M_reserve_map_at_backEm:
<     #####: 2159:      _M_reserve_map_at_back(size_type __nodes_to_add = 1)
<         -: 2160:      {
<     #####: 2161:	if (__nodes_to_add + 1 > this->_M_impl._M_map_size
<     #####: 2162:	    - (this->_M_impl._M_finish._M_node - this->_M_impl._M_map))
<     #####: 2163:	  _M_reallocate_map(__nodes_to_add, false);
<     #####: 2164:      }
< ------------------
<         -: 2165:
<         -: 2166:      void
<         -: 2167:      _M_reserve_map_at_front(size_type __nodes_to_add = 1)
<         -: 2168:      {
<         -: 2169:	if (__nodes_to_add > size_type(this->_M_impl._M_start._M_node
<         -: 2170:				       - this->_M_impl._M_map))
<         -: 2171:	  _M_reallocate_map(__nodes_to_add, true);
<         -: 2172:      }
<         -: 2173:
<         -: 2174:      void
<         -: 2175:      _M_reallocate_map(size_type __nodes_to_add, bool __add_at_front);
<         -: 2176:      //@}
<         -: 2177:
<         -: 2178:#if __cplusplus >= 201103L
<         -: 2179:      // Constant-time, nothrow move assignment when source object's memory
<         -: 2180:      // can be moved because the allocators are equal.
<         -: 2181:      void
<         -: 2182:      _M_move_assign1(deque&& __x, /* always equal: */ true_type) noexcept
<         -: 2183:      {
<         -: 2184:	this->_M_impl._M_swap_data(__x._M_impl);
<         -: 2185:	__x.clear();
<         -: 2186:	std::__alloc_on_move(_M_get_Tp_allocator(), __x._M_get_Tp_allocator());
<         -: 2187:      }
<         -: 2188:
<         -: 2189:      // When the allocators are not equal the operation could throw, because
<         -: 2190:      // we might need to allocate a new map for __x after moving from it
<         -: 2191:      // or we might need to allocate new elements for *this.
<         -: 2192:      void
<         -: 2193:      _M_move_assign1(deque&& __x, /* always equal: */ false_type)
<         -: 2194:      {
<         -: 2195:	constexpr bool __move_storage =
<         -: 2196:	  _Alloc_traits::_S_propagate_on_move_assign();
<         -: 2197:	_M_move_assign2(std::move(__x), __bool_constant<__move_storage>());
<         -: 2198:      }
<         -: 2199:
<         -: 2200:      // Destroy all elements and deallocate all memory, then replace
<         -: 2201:      // with elements created from __args.
<         -: 2202:      template<typename... _Args>
<         -: 2203:      void
<         -: 2204:      _M_replace_map(_Args&&... __args)
<         -: 2205:      {
<         -: 2206:	// Create new data first, so if allocation fails there are no effects.
<         -: 2207:	deque __newobj(std::forward<_Args>(__args)...);
<         -: 2208:	// Free existing storage using existing allocator.
<         -: 2209:	clear();
<         -: 2210:	_M_deallocate_node(*begin()._M_node); // one node left after clear()
<         -: 2211:	_M_deallocate_map(this->_M_impl._M_map, this->_M_impl._M_map_size);
<         -: 2212:	this->_M_impl._M_map = nullptr;
<         -: 2213:	this->_M_impl._M_map_size = 0;
<         -: 2214:	// Take ownership of replacement memory.
<         -: 2215:	this->_M_impl._M_swap_data(__newobj._M_impl);
<         -: 2216:      }
<         -: 2217:
<         -: 2218:      // Do move assignment when the allocator propagates.
<         -: 2219:      void
<         -: 2220:      _M_move_assign2(deque&& __x, /* propagate: */ true_type)
<         -: 2221:      {
<         -: 2222:	// Make a copy of the original allocator state.
<         -: 2223:	auto __alloc = __x._M_get_Tp_allocator();
<         -: 2224:	// The allocator propagates so storage can be moved from __x,
<         -: 2225:	// leaving __x in a valid empty state with a moved-from allocator.
<         -: 2226:	_M_replace_map(std::move(__x));
<         -: 2227:	// Move the corresponding allocator state too.
<         -: 2228:	_M_get_Tp_allocator() = std::move(__alloc);
<         -: 2229:      }
<         -: 2230:
<         -: 2231:      // Do move assignment when it may not be possible to move source
<         -: 2232:      // object's memory, resulting in a linear-time operation.
<         -: 2233:      void
<         -: 2234:      _M_move_assign2(deque&& __x, /* propagate: */ false_type)
<         -: 2235:      {
<         -: 2236:	if (__x._M_get_Tp_allocator() == this->_M_get_Tp_allocator())
<         -: 2237:	  {
<         -: 2238:	    // The allocators are equal so storage can be moved from __x,
<         -: 2239:	    // leaving __x in a valid empty state with its current allocator.
<         -: 2240:	    _M_replace_map(std::move(__x), __x.get_allocator());
<         -: 2241:	  }
<         -: 2242:	else
<         -: 2243:	  {
<         -: 2244:	    // The rvalue's allocator cannot be moved and is not equal,
<         -: 2245:	    // so we need to individually move each element.
<         -: 2246:	    _M_assign_aux(std::__make_move_if_noexcept_iterator(__x.begin()),
<         -: 2247:			  std::__make_move_if_noexcept_iterator(__x.end()),
<         -: 2248:			  std::random_access_iterator_tag());
<         -: 2249:	    __x.clear();
<         -: 2250:	  }
<         -: 2251:      }
<         -: 2252:#endif
<         -: 2253:    };
<         -: 2254:
<         -: 2255:#if __cpp_deduction_guides >= 201606
<         -: 2256:  template<typename _InputIterator, typename _ValT
<         -: 2257:	     = typename iterator_traits<_InputIterator>::value_type,
<         -: 2258:	   typename _Allocator = allocator<_ValT>,
<         -: 2259:	   typename = _RequireInputIter<_InputIterator>,
<         -: 2260:	   typename = _RequireAllocator<_Allocator>>
<         -: 2261:    deque(_InputIterator, _InputIterator, _Allocator = _Allocator())
<         -: 2262:      -> deque<_ValT, _Allocator>;
<         -: 2263:#endif
<         -: 2264:
<         -: 2265:  /**
<         -: 2266:   *  @brief  Deque equality comparison.
<         -: 2267:   *  @param  __x  A %deque.
<         -: 2268:   *  @param  __y  A %deque of the same type as @a __x.
<         -: 2269:   *  @return  True iff the size and elements of the deques are equal.
<         -: 2270:   *
<         -: 2271:   *  This is an equivalence relation.  It is linear in the size of the
<         -: 2272:   *  deques.  Deques are considered equivalent if their sizes are equal,
<         -: 2273:   *  and if corresponding elements compare equal.
<         -: 2274:  */
<         -: 2275:  template<typename _Tp, typename _Alloc>
<         -: 2276:    inline bool
<         -: 2277:    operator==(const deque<_Tp, _Alloc>& __x,
<         -: 2278:                         const deque<_Tp, _Alloc>& __y)
<         -: 2279:    { return __x.size() == __y.size()
<         -: 2280:	     && std::equal(__x.begin(), __x.end(), __y.begin()); }
<         -: 2281:
<         -: 2282:  /**
<         -: 2283:   *  @brief  Deque ordering relation.
<         -: 2284:   *  @param  __x  A %deque.
<         -: 2285:   *  @param  __y  A %deque of the same type as @a __x.
<         -: 2286:   *  @return  True iff @a x is lexicographically less than @a __y.
<         -: 2287:   *
<         -: 2288:   *  This is a total ordering relation.  It is linear in the size of the
<         -: 2289:   *  deques.  The elements must be comparable with @c <.
<         -: 2290:   *
<         -: 2291:   *  See std::lexicographical_compare() for how the determination is made.
<         -: 2292:  */
<         -: 2293:  template<typename _Tp, typename _Alloc>
<         -: 2294:    inline bool
<         -: 2295:    operator<(const deque<_Tp, _Alloc>& __x,
<         -: 2296:	      const deque<_Tp, _Alloc>& __y)
<         -: 2297:    { return std::lexicographical_compare(__x.begin(), __x.end(),
<         -: 2298:					  __y.begin(), __y.end()); }
<         -: 2299:
<         -: 2300:  /// Based on operator==
<         -: 2301:  template<typename _Tp, typename _Alloc>
<         -: 2302:    inline bool
<         -: 2303:    operator!=(const deque<_Tp, _Alloc>& __x,
<         -: 2304:	       const deque<_Tp, _Alloc>& __y)
<         -: 2305:    { return !(__x == __y); }
<         -: 2306:
<         -: 2307:  /// Based on operator<
<         -: 2308:  template<typename _Tp, typename _Alloc>
<         -: 2309:    inline bool
<         -: 2310:    operator>(const deque<_Tp, _Alloc>& __x,
<         -: 2311:	      const deque<_Tp, _Alloc>& __y)
<         -: 2312:    { return __y < __x; }
<         -: 2313:
<         -: 2314:  /// Based on operator<
<         -: 2315:  template<typename _Tp, typename _Alloc>
<         -: 2316:    inline bool
<         -: 2317:    operator<=(const deque<_Tp, _Alloc>& __x,
<         -: 2318:	       const deque<_Tp, _Alloc>& __y)
<         -: 2319:    { return !(__y < __x); }
---
>         -: 2132:      void
>         -: 2133:      _M_new_elements_at_front(size_type __new_elements);
>         -: 2134:
>         -: 2135:      void
>         -: 2136:      _M_new_elements_at_back(size_type __new_elements);
>         -: 2137:      //@}
>         -: 2138:
>         -: 2139:
>         -: 2140:      //@{
>         -: 2141:      /**
>         -: 2142:       *  @brief Memory-handling helpers for the major %map.
>         -: 2143:       *
>         -: 2144:       *  Makes sure the _M_map has space for new nodes.  Does not
>         -: 2145:       *  actually add the nodes.  Can invalidate _M_map pointers.
>         -: 2146:       *  (And consequently, %deque iterators.)
>         -: 2147:       */
>         -: 2148:      void
>     #####: 2149:      _M_reserve_map_at_back(size_type __nodes_to_add = 1)
>         -: 2150:      {
>     #####: 2151:	if (__nodes_to_add + 1 > this->_M_impl._M_map_size
>     #####: 2152:	    - (this->_M_impl._M_finish._M_node - this->_M_impl._M_map))
>     #####: 2153:	  _M_reallocate_map(__nodes_to_add, false);
>     #####: 2154:      }
>         -: 2155:
>         -: 2156:      void
>         -: 2157:      _M_reserve_map_at_front(size_type __nodes_to_add = 1)
>         -: 2158:      {
>         -: 2159:	if (__nodes_to_add > size_type(this->_M_impl._M_start._M_node
>         -: 2160:				       - this->_M_impl._M_map))
>         -: 2161:	  _M_reallocate_map(__nodes_to_add, true);
>         -: 2162:      }
>         -: 2163:
>         -: 2164:      void
>         -: 2165:      _M_reallocate_map(size_type __nodes_to_add, bool __add_at_front);
>         -: 2166:      //@}
>         -: 2167:
>         -: 2168:#if __cplusplus >= 201103L
>         -: 2169:      // Constant-time, nothrow move assignment when source object's memory
>         -: 2170:      // can be moved because the allocators are equal.
>         -: 2171:      void
>         -: 2172:      _M_move_assign1(deque&& __x, /* always equal: */ true_type) noexcept
>         -: 2173:      {
>         -: 2174:	this->_M_impl._M_swap_data(__x._M_impl);
>         -: 2175:	__x.clear();
>         -: 2176:	std::__alloc_on_move(_M_get_Tp_allocator(), __x._M_get_Tp_allocator());
>         -: 2177:      }
>         -: 2178:
>         -: 2179:      // When the allocators are not equal the operation could throw, because
>         -: 2180:      // we might need to allocate a new map for __x after moving from it
>         -: 2181:      // or we might need to allocate new elements for *this.
>         -: 2182:      void
>         -: 2183:      _M_move_assign1(deque&& __x, /* always equal: */ false_type)
>         -: 2184:      {
>         -: 2185:	constexpr bool __move_storage =
>         -: 2186:	  _Alloc_traits::_S_propagate_on_move_assign();
>         -: 2187:	_M_move_assign2(std::move(__x), __bool_constant<__move_storage>());
>         -: 2188:      }
>         -: 2189:
>         -: 2190:      // Destroy all elements and deallocate all memory, then replace
>         -: 2191:      // with elements created from __args.
>         -: 2192:      template<typename... _Args>
>         -: 2193:      void
>         -: 2194:      _M_replace_map(_Args&&... __args)
>         -: 2195:      {
>         -: 2196:	// Create new data first, so if allocation fails there are no effects.
>         -: 2197:	deque __newobj(std::forward<_Args>(__args)...);
>         -: 2198:	// Free existing storage using existing allocator.
>         -: 2199:	clear();
>         -: 2200:	_M_deallocate_node(*begin()._M_node); // one node left after clear()
>         -: 2201:	_M_deallocate_map(this->_M_impl._M_map, this->_M_impl._M_map_size);
>         -: 2202:	this->_M_impl._M_map = nullptr;
>         -: 2203:	this->_M_impl._M_map_size = 0;
>         -: 2204:	// Take ownership of replacement memory.
>         -: 2205:	this->_M_impl._M_swap_data(__newobj._M_impl);
>         -: 2206:      }
>         -: 2207:
>         -: 2208:      // Do move assignment when the allocator propagates.
>         -: 2209:      void
>         -: 2210:      _M_move_assign2(deque&& __x, /* propagate: */ true_type)
>         -: 2211:      {
>         -: 2212:	// Make a copy of the original allocator state.
>         -: 2213:	auto __alloc = __x._M_get_Tp_allocator();
>         -: 2214:	// The allocator propagates so storage can be moved from __x,
>         -: 2215:	// leaving __x in a valid empty state with a moved-from allocator.
>         -: 2216:	_M_replace_map(std::move(__x));
>         -: 2217:	// Move the corresponding allocator state too.
>         -: 2218:	_M_get_Tp_allocator() = std::move(__alloc);
>         -: 2219:      }
>         -: 2220:
>         -: 2221:      // Do move assignment when it may not be possible to move source
>         -: 2222:      // object's memory, resulting in a linear-time operation.
>         -: 2223:      void
>         -: 2224:      _M_move_assign2(deque&& __x, /* propagate: */ false_type)
>         -: 2225:      {
>         -: 2226:	if (__x._M_get_Tp_allocator() == this->_M_get_Tp_allocator())
>         -: 2227:	  {
>         -: 2228:	    // The allocators are equal so storage can be moved from __x,
>         -: 2229:	    // leaving __x in a valid empty state with its current allocator.
>         -: 2230:	    _M_replace_map(std::move(__x), __x.get_allocator());
>         -: 2231:	  }
>         -: 2232:	else
>         -: 2233:	  {
>         -: 2234:	    // The rvalue's allocator cannot be moved and is not equal,
>         -: 2235:	    // so we need to individually move each element.
>         -: 2236:	    _M_assign_aux(std::__make_move_if_noexcept_iterator(__x.begin()),
>         -: 2237:			  std::__make_move_if_noexcept_iterator(__x.end()),
>         -: 2238:			  std::random_access_iterator_tag());
>         -: 2239:	    __x.clear();
>         -: 2240:	  }
>         -: 2241:      }
>         -: 2242:#endif
>         -: 2243:    };
>         -: 2244:
>         -: 2245:
>         -: 2246:  /**
>         -: 2247:   *  @brief  Deque equality comparison.
>         -: 2248:   *  @param  __x  A %deque.
>         -: 2249:   *  @param  __y  A %deque of the same type as @a __x.
>         -: 2250:   *  @return  True iff the size and elements of the deques are equal.
>         -: 2251:   *
>         -: 2252:   *  This is an equivalence relation.  It is linear in the size of the
>         -: 2253:   *  deques.  Deques are considered equivalent if their sizes are equal,
>         -: 2254:   *  and if corresponding elements compare equal.
>         -: 2255:  */
>         -: 2256:  template<typename _Tp, typename _Alloc>
>         -: 2257:    inline bool
>         -: 2258:    operator==(const deque<_Tp, _Alloc>& __x,
>         -: 2259:                         const deque<_Tp, _Alloc>& __y)
>         -: 2260:    { return __x.size() == __y.size()
>         -: 2261:	     && std::equal(__x.begin(), __x.end(), __y.begin()); }
>         -: 2262:
>         -: 2263:  /**
>         -: 2264:   *  @brief  Deque ordering relation.
>         -: 2265:   *  @param  __x  A %deque.
>         -: 2266:   *  @param  __y  A %deque of the same type as @a __x.
>         -: 2267:   *  @return  True iff @a x is lexicographically less than @a __y.
>         -: 2268:   *
>         -: 2269:   *  This is a total ordering relation.  It is linear in the size of the
>         -: 2270:   *  deques.  The elements must be comparable with @c <.
>         -: 2271:   *
>         -: 2272:   *  See std::lexicographical_compare() for how the determination is made.
>         -: 2273:  */
>         -: 2274:  template<typename _Tp, typename _Alloc>
>         -: 2275:    inline bool
>         -: 2276:    operator<(const deque<_Tp, _Alloc>& __x,
>         -: 2277:	      const deque<_Tp, _Alloc>& __y)
>         -: 2278:    { return std::lexicographical_compare(__x.begin(), __x.end(),
>         -: 2279:					  __y.begin(), __y.end()); }
>         -: 2280:
>         -: 2281:  /// Based on operator==
>         -: 2282:  template<typename _Tp, typename _Alloc>
>         -: 2283:    inline bool
>         -: 2284:    operator!=(const deque<_Tp, _Alloc>& __x,
>         -: 2285:	       const deque<_Tp, _Alloc>& __y)
>         -: 2286:    { return !(__x == __y); }
>         -: 2287:
>         -: 2288:  /// Based on operator<
>         -: 2289:  template<typename _Tp, typename _Alloc>
>         -: 2290:    inline bool
>         -: 2291:    operator>(const deque<_Tp, _Alloc>& __x,
>         -: 2292:	      const deque<_Tp, _Alloc>& __y)
>         -: 2293:    { return __y < __x; }
>         -: 2294:
>         -: 2295:  /// Based on operator<
>         -: 2296:  template<typename _Tp, typename _Alloc>
>         -: 2297:    inline bool
>         -: 2298:    operator<=(const deque<_Tp, _Alloc>& __x,
>         -: 2299:	       const deque<_Tp, _Alloc>& __y)
>         -: 2300:    { return !(__y < __x); }
>         -: 2301:
>         -: 2302:  /// Based on operator<
>         -: 2303:  template<typename _Tp, typename _Alloc>
>         -: 2304:    inline bool
>         -: 2305:    operator>=(const deque<_Tp, _Alloc>& __x,
>         -: 2306:	       const deque<_Tp, _Alloc>& __y)
>         -: 2307:    { return !(__x < __y); }
>         -: 2308:
>         -: 2309:  /// See std::deque::swap().
>         -: 2310:  template<typename _Tp, typename _Alloc>
>         -: 2311:    inline void
>         -: 2312:    swap(deque<_Tp,_Alloc>& __x, deque<_Tp,_Alloc>& __y)
>         -: 2313:    _GLIBCXX_NOEXCEPT_IF(noexcept(__x.swap(__y)))
>         -: 2314:    { __x.swap(__y); }
>         -: 2315:
>         -: 2316:#undef _GLIBCXX_DEQUE_BUF_SIZE
>         -: 2317:
>         -: 2318:_GLIBCXX_END_NAMESPACE_CONTAINER
>         -: 2319:} // namespace std
3530,3550c2323
<         -: 2321:  /// Based on operator<
<         -: 2322:  template<typename _Tp, typename _Alloc>
<         -: 2323:    inline bool
<         -: 2324:    operator>=(const deque<_Tp, _Alloc>& __x,
<         -: 2325:	       const deque<_Tp, _Alloc>& __y)
<         -: 2326:    { return !(__x < __y); }
<         -: 2327:
<         -: 2328:  /// See std::deque::swap().
<         -: 2329:  template<typename _Tp, typename _Alloc>
<         -: 2330:    inline void
<         -: 2331:    swap(deque<_Tp,_Alloc>& __x, deque<_Tp,_Alloc>& __y)
<         -: 2332:    _GLIBCXX_NOEXCEPT_IF(noexcept(__x.swap(__y)))
<         -: 2333:    { __x.swap(__y); }
<         -: 2334:
<         -: 2335:#undef _GLIBCXX_DEQUE_BUF_SIZE
<         -: 2336:
<         -: 2337:_GLIBCXX_END_NAMESPACE_CONTAINER
<         -: 2338:_GLIBCXX_END_NAMESPACE_VERSION
<         -: 2339:} // namespace std
<         -: 2340:
<         -: 2341:#endif /* _STL_DEQUE_H */
---
>         -: 2321:#endif /* _STL_DEQUE_H */
