1,2c1,2
<         -:    0:Source:/usr/include/c++/8/bits/stl_map.h
<         -:    0:Programs:51
---
>         -:    0:Source:/usr/include/c++/7/bits/stl_map.h
>         -:    0:Programs:3
5c5
<         -:    3:// Copyright (C) 2001-2018 Free Software Foundation, Inc.
---
>         -:    3:// Copyright (C) 2001-2017 Free Software Foundation, Inc.
70,147c70,147
<         -:   68:_GLIBCXX_BEGIN_NAMESPACE_VERSION
<         -:   69:_GLIBCXX_BEGIN_NAMESPACE_CONTAINER
<         -:   70:
<         -:   71:  template <typename _Key, typename _Tp, typename _Compare, typename _Alloc>
<         -:   72:    class multimap;
<         -:   73:
<         -:   74:  /**
<         -:   75:   *  @brief A standard container made up of (key,value) pairs, which can be
<         -:   76:   *  retrieved based on a key, in logarithmic time.
<         -:   77:   *
<         -:   78:   *  @ingroup associative_containers
<         -:   79:   *
<         -:   80:   *  @tparam _Key  Type of key objects.
<         -:   81:   *  @tparam  _Tp  Type of mapped objects.
<         -:   82:   *  @tparam _Compare  Comparison function object type, defaults to less<_Key>.
<         -:   83:   *  @tparam _Alloc  Allocator type, defaults to
<         -:   84:   *                  allocator<pair<const _Key, _Tp>.
<         -:   85:   *
<         -:   86:   *  Meets the requirements of a <a href="tables.html#65">container</a>, a
<         -:   87:   *  <a href="tables.html#66">reversible container</a>, and an
<         -:   88:   *  <a href="tables.html#69">associative container</a> (using unique keys).
<         -:   89:   *  For a @c map<Key,T> the key_type is Key, the mapped_type is T, and the
<         -:   90:   *  value_type is std::pair<const Key,T>.
<         -:   91:   *
<         -:   92:   *  Maps support bidirectional iterators.
<         -:   93:   *
<         -:   94:   *  The private tree data is declared exactly the same way for map and
<         -:   95:   *  multimap; the distinction is made entirely in how the tree functions are
<         -:   96:   *  called (*_unique versus *_equal, same as the standard).
<         -:   97:  */
<         -:   98:  template <typename _Key, typename _Tp, typename _Compare = std::less<_Key>,
<         -:   99:	    typename _Alloc = std::allocator<std::pair<const _Key, _Tp> > >
<     #####:  100:    class map
<         -:  101:    {
<         -:  102:    public:
<         -:  103:      typedef _Key					key_type;
<         -:  104:      typedef _Tp					mapped_type;
<         -:  105:      typedef std::pair<const _Key, _Tp>		value_type;
<         -:  106:      typedef _Compare					key_compare;
<         -:  107:      typedef _Alloc					allocator_type;
<         -:  108:
<         -:  109:    private:
<         -:  110:#ifdef _GLIBCXX_CONCEPT_CHECKS
<         -:  111:      // concept requirements
<         -:  112:      typedef typename _Alloc::value_type		_Alloc_value_type;
<         -:  113:# if __cplusplus < 201103L
<         -:  114:      __glibcxx_class_requires(_Tp, _SGIAssignableConcept)
<         -:  115:# endif
<         -:  116:      __glibcxx_class_requires4(_Compare, bool, _Key, _Key,
<         -:  117:				_BinaryFunctionConcept)
<         -:  118:      __glibcxx_class_requires2(value_type, _Alloc_value_type, _SameTypeConcept)
<         -:  119:#endif
<         -:  120:
<         -:  121:#if __cplusplus >= 201103L && defined(__STRICT_ANSI__)
<         -:  122:      static_assert(is_same<typename _Alloc::value_type, value_type>::value,
<         -:  123:	  "std::map must have the same value_type as its allocator");
<         -:  124:#endif
<         -:  125:
<         -:  126:    public:
<         -:  127:      class value_compare
<         -:  128:      : public std::binary_function<value_type, value_type, bool>
<         -:  129:      {
<         -:  130:	friend class map<_Key, _Tp, _Compare, _Alloc>;
<         -:  131:      protected:
<         -:  132:	_Compare comp;
<         -:  133:
<         -:  134:	value_compare(_Compare __c)
<         -:  135:	: comp(__c) { }
<         -:  136:
<         -:  137:      public:
<         -:  138:	bool operator()(const value_type& __x, const value_type& __y) const
<         -:  139:	{ return comp(__x.first, __y.first); }
<         -:  140:      };
<         -:  141:
<         -:  142:    private:
<         -:  143:      /// This turns a red-black tree into a [multi]map.
<         -:  144:      typedef typename __gnu_cxx::__alloc_traits<_Alloc>::template
<         -:  145:	rebind<value_type>::other _Pair_alloc_type;
---
>         -:   68:_GLIBCXX_BEGIN_NAMESPACE_CONTAINER
>         -:   69:
>         -:   70:  template <typename _Key, typename _Tp, typename _Compare, typename _Alloc>
>         -:   71:    class multimap;
>         -:   72:
>         -:   73:  /**
>         -:   74:   *  @brief A standard container made up of (key,value) pairs, which can be
>         -:   75:   *  retrieved based on a key, in logarithmic time.
>         -:   76:   *
>         -:   77:   *  @ingroup associative_containers
>         -:   78:   *
>         -:   79:   *  @tparam _Key  Type of key objects.
>         -:   80:   *  @tparam  _Tp  Type of mapped objects.
>         -:   81:   *  @tparam _Compare  Comparison function object type, defaults to less<_Key>.
>         -:   82:   *  @tparam _Alloc  Allocator type, defaults to
>         -:   83:   *                  allocator<pair<const _Key, _Tp>.
>         -:   84:   *
>         -:   85:   *  Meets the requirements of a <a href="tables.html#65">container</a>, a
>         -:   86:   *  <a href="tables.html#66">reversible container</a>, and an
>         -:   87:   *  <a href="tables.html#69">associative container</a> (using unique keys).
>         -:   88:   *  For a @c map<Key,T> the key_type is Key, the mapped_type is T, and the
>         -:   89:   *  value_type is std::pair<const Key,T>.
>         -:   90:   *
>         -:   91:   *  Maps support bidirectional iterators.
>         -:   92:   *
>         -:   93:   *  The private tree data is declared exactly the same way for map and
>         -:   94:   *  multimap; the distinction is made entirely in how the tree functions are
>         -:   95:   *  called (*_unique versus *_equal, same as the standard).
>         -:   96:  */
>         -:   97:  template <typename _Key, typename _Tp, typename _Compare = std::less<_Key>,
>         -:   98:	    typename _Alloc = std::allocator<std::pair<const _Key, _Tp> > >
>         -:   99:    class map
>         -:  100:    {
>         -:  101:    public:
>         -:  102:      typedef _Key					key_type;
>         -:  103:      typedef _Tp					mapped_type;
>         -:  104:      typedef std::pair<const _Key, _Tp>		value_type;
>         -:  105:      typedef _Compare					key_compare;
>         -:  106:      typedef _Alloc					allocator_type;
>         -:  107:
>         -:  108:    private:
>         -:  109:#ifdef _GLIBCXX_CONCEPT_CHECKS
>         -:  110:      // concept requirements
>         -:  111:      typedef typename _Alloc::value_type		_Alloc_value_type;
>         -:  112:# if __cplusplus < 201103L
>         -:  113:      __glibcxx_class_requires(_Tp, _SGIAssignableConcept)
>         -:  114:# endif
>         -:  115:      __glibcxx_class_requires4(_Compare, bool, _Key, _Key,
>         -:  116:				_BinaryFunctionConcept)
>         -:  117:      __glibcxx_class_requires2(value_type, _Alloc_value_type, _SameTypeConcept)
>         -:  118:#endif
>         -:  119:
>         -:  120:    public:
>         -:  121:      class value_compare
>         -:  122:      : public std::binary_function<value_type, value_type, bool>
>         -:  123:      {
>         -:  124:	friend class map<_Key, _Tp, _Compare, _Alloc>;
>         -:  125:      protected:
>         -:  126:	_Compare comp;
>         -:  127:
>         -:  128:	value_compare(_Compare __c)
>         -:  129:	: comp(__c) { }
>         -:  130:
>         -:  131:      public:
>         -:  132:	bool operator()(const value_type& __x, const value_type& __y) const
>         -:  133:	{ return comp(__x.first, __y.first); }
>         -:  134:      };
>         -:  135:
>         -:  136:    private:
>         -:  137:      /// This turns a red-black tree into a [multi]map.
>         -:  138:      typedef typename __gnu_cxx::__alloc_traits<_Alloc>::template
>         -:  139:	rebind<value_type>::other _Pair_alloc_type;
>         -:  140:
>         -:  141:      typedef _Rb_tree<key_type, value_type, _Select1st<value_type>,
>         -:  142:		       key_compare, _Pair_alloc_type> _Rep_type;
>         -:  143:
>         -:  144:      /// The actual tree structure.
>         -:  145:      _Rep_type _M_t;
149,296c149,241
<         -:  147:      typedef _Rb_tree<key_type, value_type, _Select1st<value_type>,
<         -:  148:		       key_compare, _Pair_alloc_type> _Rep_type;
<         -:  149:
<         -:  150:      /// The actual tree structure.
<         -:  151:      _Rep_type _M_t;
<         -:  152:
<         -:  153:      typedef __gnu_cxx::__alloc_traits<_Pair_alloc_type> _Alloc_traits;
<         -:  154:
<         -:  155:    public:
<         -:  156:      // many of these are specified differently in ISO, but the following are
<         -:  157:      // "functionally equivalent"
<         -:  158:      typedef typename _Alloc_traits::pointer		 pointer;
<         -:  159:      typedef typename _Alloc_traits::const_pointer	 const_pointer;
<         -:  160:      typedef typename _Alloc_traits::reference		 reference;
<         -:  161:      typedef typename _Alloc_traits::const_reference	 const_reference;
<         -:  162:      typedef typename _Rep_type::iterator		 iterator;
<         -:  163:      typedef typename _Rep_type::const_iterator	 const_iterator;
<         -:  164:      typedef typename _Rep_type::size_type		 size_type;
<         -:  165:      typedef typename _Rep_type::difference_type	 difference_type;
<         -:  166:      typedef typename _Rep_type::reverse_iterator	 reverse_iterator;
<         -:  167:      typedef typename _Rep_type::const_reverse_iterator const_reverse_iterator;
<         -:  168:
<         -:  169:#if __cplusplus > 201402L
<         -:  170:      using node_type = typename _Rep_type::node_type;
<         -:  171:      using insert_return_type = typename _Rep_type::insert_return_type;
<         -:  172:#endif
<         -:  173:
<         -:  174:      // [23.3.1.1] construct/copy/destroy
<         -:  175:      // (get_allocator() is also listed in this section)
<         -:  176:
<         -:  177:      /**
<         -:  178:       *  @brief  Default constructor creates no elements.
<         -:  179:       */
<         -:  180:#if __cplusplus < 201103L
<         -:  181:      map() : _M_t() { }
<         -:  182:#else
<      679*:  183:      map() = default;
< ------------------
< _ZNSt3mapImN7OpenDDS4DCPS8RcHandleINS1_8DataLinkEEESt4lessImESaISt4pairIKmS4_EEEC2Ev:
<     #####:  183:      map() = default;
< ------------------
< _ZNSt3mapIN7OpenDDS4DCPS14SequenceNumberESt4pairIPNS1_10BasicQueueINS1_21TransportQueueElementEEEP17ACE_Message_BlockESt4lessIS2_ESaIS3_IKS2_SA_EEEC2Ev:
<     #####:  183:      map() = default;
< ------------------
< _ZNSt3mapIN7OpenDDS4DCPS14SequenceNumberES_IS2_St4pairIPNS1_10BasicQueueINS1_21TransportQueueElementEEEP17ACE_Message_BlockESt4lessIS2_ESaIS3_IKS2_SA_EEESC_SaIS3_ISD_SG_EEEC2Ev:
<     #####:  183:      map() = default;
< ------------------
< _ZNSt3mapIN7OpenDDS4DCPS14SequenceNumberENS1_6GUID_tESt4lessIS2_ESaISt4pairIKS2_S3_EEEC2Ev:
<     #####:  183:      map() = default;
< ------------------
< _ZNSt3mapINSt7__cxx1112basic_stringIcSt11char_traitsIcESaIcEEEN7OpenDDS4DCPS8RcHandleINS7_13TransportTypeEEESt4lessIS5_ESaISt4pairIKS5_SA_EEEC2Ev:
<       119:  183:      map() = default;
< ------------------
< _ZNSt3mapINSt7__cxx1112basic_stringIcSt11char_traitsIcESaIcEEEN7OpenDDS4DCPS8RcHandleINS7_15TransportConfigEEESt4lessIS5_ESaISt4pairIKS5_SA_EEEC2Ev:
<       119:  183:      map() = default;
< ------------------
< _ZNSt3mapINSt7__cxx1112basic_stringIcSt11char_traitsIcESaIcEEEN7OpenDDS4DCPS8RcHandleINS7_13TransportInstEEESt4lessIS5_ESaISt4pairIKS5_SA_EEEC2Ev:
<       119:  183:      map() = default;
< ------------------
< _ZNSt3mapINSt7__cxx1112basic_stringIcSt11char_traitsIcESaIcEEES5_St4lessIS5_ESaISt4pairIKS5_S5_EEEC2Ev:
<     #####:  183:      map() = default;
< ------------------
< _ZNSt3mapIiN7OpenDDS4DCPS8RcHandleINS1_15TransportConfigEEESt4lessIiESaISt4pairIKiS4_EEEC2Ev:
<       119:  183:      map() = default;
< ------------------
< _ZNSt3mapIN7OpenDDS4DCPS6GUID_tESt3setIS2_NS1_17GUID_tKeyLessThanESaIS2_EES4_SaISt4pairIKS2_S6_EEEC2Ev:
<        12:  183:      map() = default;
< ------------------
< _ZNSt3mapIN7OpenDDS4DCPS6GUID_tENS1_8RcHandleINS1_15TransportClient12PendingAssocEEENS1_17GUID_tKeyLessThanESaISt4pairIKS2_S6_EEEC2Ev:
<        14:  183:      map() = default;
< ------------------
< _ZNSt3mapIN7OpenDDS4DCPS6GUID_tENS1_8RcHandleINS1_8DataLinkEEENS1_17GUID_tKeyLessThanESaISt4pairIKS2_S5_EEEC2Ev:
<        14:  183:      map() = default;
< ------------------
< _ZNSt3mapIN7OpenDDS4DCPS6GUID_tENS1_8RcHandleINS1_11DataLinkSetEEENS1_17GUID_tKeyLessThanESaISt4pairIKS2_S5_EEEC2Ev:
<        18:  183:      map() = default;
< ------------------
< _ZNSt3mapIN7OpenDDS4DCPS6GUID_tENS1_12WeakRcHandleINS1_24TransportReceiveListenerEEENS1_17GUID_tKeyLessThanESaISt4pairIKS2_S5_EEEC2Ev:
<        24:  183:      map() = default;
< ------------------
< _ZNSt3mapImN7OpenDDS4DCPS8RcHandleINS1_8DataLinkEEESt4lessImESaISt4pairIKmS4_EEEC2Ev:
<       109:  183:      map() = default;
< ------------------
< _ZNSt3mapIN7OpenDDS4DCPS6GUID_tENS1_12WeakRcHandleINS1_24TransportReceiveListenerEEENS1_17GUID_tKeyLessThanESaISt4pairIKS2_S5_EEEC2Ev:
<     #####:  183:      map() = default;
< ------------------
< _ZNSt3mapIN7OpenDDS4DCPS6GUID_tENS1_8RcHandleINS1_18ReceiveListenerSetEEENS1_17GUID_tKeyLessThanESaISt4pairIKS2_S5_EEEC2Ev:
<         6:  183:      map() = default;
< ------------------
< _ZNSt3mapIN7OpenDDS4DCPS6GUID_tENS1_12WeakRcHandleINS1_21TransportSendListenerEEENS1_17GUID_tKeyLessThanESaISt4pairIKS2_S5_EEEC2Ev:
<         6:  183:      map() = default;
< ------------------
<         -:  184:#endif
<         -:  185:
<         -:  186:      /**
<         -:  187:       *  @brief  Creates a %map with no elements.
<         -:  188:       *  @param  __comp  A comparison object.
<         -:  189:       *  @param  __a  An allocator object.
<         -:  190:       */
<         -:  191:      explicit
<         -:  192:      map(const _Compare& __comp,
<         -:  193:	  const allocator_type& __a = allocator_type())
<         -:  194:      : _M_t(__comp, _Pair_alloc_type(__a)) { }
<         -:  195:
<         -:  196:      /**
<         -:  197:       *  @brief  %Map copy constructor.
<         -:  198:       *
<         -:  199:       *  Whether the allocator is copied depends on the allocator traits.
<         -:  200:       */
<         -:  201:#if __cplusplus < 201103L
<         -:  202:      map(const map& __x)
<         -:  203:      : _M_t(__x._M_t) { }
<         -:  204:#else
<     #####:  205:      map(const map&) = default;
<         -:  206:
<         -:  207:      /**
<         -:  208:       *  @brief  %Map move constructor.
<         -:  209:       *
<         -:  210:       *  The newly-created %map contains the exact contents of the moved
<         -:  211:       *  instance. The moved instance is a valid, but unspecified, %map.
<         -:  212:       */
<         -:  213:      map(map&&) = default;
<         -:  214:
<         -:  215:      /**
<         -:  216:       *  @brief  Builds a %map from an initializer_list.
<         -:  217:       *  @param  __l  An initializer_list.
<         -:  218:       *  @param  __comp  A comparison object.
<         -:  219:       *  @param  __a  An allocator object.
<         -:  220:       *
<         -:  221:       *  Create a %map consisting of copies of the elements in the
<         -:  222:       *  initializer_list @a __l.
<         -:  223:       *  This is linear in N if the range is already sorted, and NlogN
<         -:  224:       *  otherwise (where N is @a __l.size()).
<         -:  225:       */
<         -:  226:      map(initializer_list<value_type> __l,
<         -:  227:	  const _Compare& __comp = _Compare(),
<         -:  228:	  const allocator_type& __a = allocator_type())
<         -:  229:      : _M_t(__comp, _Pair_alloc_type(__a))
<         -:  230:      { _M_t._M_insert_unique(__l.begin(), __l.end()); }
<         -:  231:
<         -:  232:      /// Allocator-extended default constructor.
<         -:  233:      explicit
<         -:  234:      map(const allocator_type& __a)
<         -:  235:      : _M_t(_Compare(), _Pair_alloc_type(__a)) { }
<         -:  236:
<         -:  237:      /// Allocator-extended copy constructor.
<         -:  238:      map(const map& __m, const allocator_type& __a)
<         -:  239:      : _M_t(__m._M_t, _Pair_alloc_type(__a)) { }
---
>         -:  147:      typedef __gnu_cxx::__alloc_traits<_Pair_alloc_type> _Alloc_traits;
>         -:  148:
>         -:  149:    public:
>         -:  150:      // many of these are specified differently in ISO, but the following are
>         -:  151:      // "functionally equivalent"
>         -:  152:      typedef typename _Alloc_traits::pointer		 pointer;
>         -:  153:      typedef typename _Alloc_traits::const_pointer	 const_pointer;
>         -:  154:      typedef typename _Alloc_traits::reference		 reference;
>         -:  155:      typedef typename _Alloc_traits::const_reference	 const_reference;
>         -:  156:      typedef typename _Rep_type::iterator		 iterator;
>         -:  157:      typedef typename _Rep_type::const_iterator	 const_iterator;
>         -:  158:      typedef typename _Rep_type::size_type		 size_type;
>         -:  159:      typedef typename _Rep_type::difference_type	 difference_type;
>         -:  160:      typedef typename _Rep_type::reverse_iterator	 reverse_iterator;
>         -:  161:      typedef typename _Rep_type::const_reverse_iterator const_reverse_iterator;
>         -:  162:
>         -:  163:#if __cplusplus > 201402L
>         -:  164:      using node_type = typename _Rep_type::node_type;
>         -:  165:      using insert_return_type = typename _Rep_type::insert_return_type;
>         -:  166:#endif
>         -:  167:
>         -:  168:      // [23.3.1.1] construct/copy/destroy
>         -:  169:      // (get_allocator() is also listed in this section)
>         -:  170:
>         -:  171:      /**
>         -:  172:       *  @brief  Default constructor creates no elements.
>         -:  173:       */
>         -:  174:#if __cplusplus < 201103L
>         -:  175:      map() : _M_t() { }
>         -:  176:#else
>     #####:  177:      map() = default;
>         -:  178:#endif
>         -:  179:
>         -:  180:      /**
>         -:  181:       *  @brief  Creates a %map with no elements.
>         -:  182:       *  @param  __comp  A comparison object.
>         -:  183:       *  @param  __a  An allocator object.
>         -:  184:       */
>         -:  185:      explicit
>         -:  186:      map(const _Compare& __comp,
>         -:  187:	  const allocator_type& __a = allocator_type())
>         -:  188:      : _M_t(__comp, _Pair_alloc_type(__a)) { }
>         -:  189:
>         -:  190:      /**
>         -:  191:       *  @brief  %Map copy constructor.
>         -:  192:       *
>         -:  193:       *  Whether the allocator is copied depends on the allocator traits.
>         -:  194:       */
>         -:  195:#if __cplusplus < 201103L
>         -:  196:      map(const map& __x)
>         -:  197:      : _M_t(__x._M_t) { }
>         -:  198:#else
>         -:  199:      map(const map&) = default;
>         -:  200:
>         -:  201:      /**
>         -:  202:       *  @brief  %Map move constructor.
>         -:  203:       *
>         -:  204:       *  The newly-created %map contains the exact contents of the moved
>         -:  205:       *  instance. The moved instance is a valid, but unspecified, %map.
>         -:  206:       */
>         -:  207:      map(map&&) = default;
>         -:  208:
>         -:  209:      /**
>         -:  210:       *  @brief  Builds a %map from an initializer_list.
>         -:  211:       *  @param  __l  An initializer_list.
>         -:  212:       *  @param  __comp  A comparison object.
>         -:  213:       *  @param  __a  An allocator object.
>         -:  214:       *
>         -:  215:       *  Create a %map consisting of copies of the elements in the
>         -:  216:       *  initializer_list @a __l.
>         -:  217:       *  This is linear in N if the range is already sorted, and NlogN
>         -:  218:       *  otherwise (where N is @a __l.size()).
>         -:  219:       */
>         -:  220:      map(initializer_list<value_type> __l,
>         -:  221:	  const _Compare& __comp = _Compare(),
>         -:  222:	  const allocator_type& __a = allocator_type())
>         -:  223:      : _M_t(__comp, _Pair_alloc_type(__a))
>         -:  224:      { _M_t._M_insert_unique(__l.begin(), __l.end()); }
>         -:  225:
>         -:  226:      /// Allocator-extended default constructor.
>         -:  227:      explicit
>         -:  228:      map(const allocator_type& __a)
>         -:  229:      : _M_t(_Compare(), _Pair_alloc_type(__a)) { }
>         -:  230:
>         -:  231:      /// Allocator-extended copy constructor.
>         -:  232:      map(const map& __m, const allocator_type& __a)
>         -:  233:      : _M_t(__m._M_t, _Pair_alloc_type(__a)) { }
>         -:  234:
>         -:  235:      /// Allocator-extended move constructor.
>         -:  236:      map(map&& __m, const allocator_type& __a)
>         -:  237:      noexcept(is_nothrow_copy_constructible<_Compare>::value
>         -:  238:	       && _Alloc_traits::_S_always_equal())
>         -:  239:      : _M_t(std::move(__m._M_t), _Pair_alloc_type(__a)) { }
298,1290c243,659
<         -:  241:      /// Allocator-extended move constructor.
<         -:  242:      map(map&& __m, const allocator_type& __a)
<         -:  243:      noexcept(is_nothrow_copy_constructible<_Compare>::value
<         -:  244:	       && _Alloc_traits::_S_always_equal())
<         -:  245:      : _M_t(std::move(__m._M_t), _Pair_alloc_type(__a)) { }
<         -:  246:
<         -:  247:      /// Allocator-extended initialier-list constructor.
<         -:  248:      map(initializer_list<value_type> __l, const allocator_type& __a)
<         -:  249:      : _M_t(_Compare(), _Pair_alloc_type(__a))
<         -:  250:      { _M_t._M_insert_unique(__l.begin(), __l.end()); }
<         -:  251:
<         -:  252:      /// Allocator-extended range constructor.
<         -:  253:      template<typename _InputIterator>
<         -:  254:	map(_InputIterator __first, _InputIterator __last,
<         -:  255:	    const allocator_type& __a)
<         -:  256:	: _M_t(_Compare(), _Pair_alloc_type(__a))
<         -:  257:	{ _M_t._M_insert_unique(__first, __last); }
<         -:  258:#endif
<         -:  259:
<         -:  260:      /**
<         -:  261:       *  @brief  Builds a %map from a range.
<         -:  262:       *  @param  __first  An input iterator.
<         -:  263:       *  @param  __last  An input iterator.
<         -:  264:       *
<         -:  265:       *  Create a %map consisting of copies of the elements from
<         -:  266:       *  [__first,__last).  This is linear in N if the range is
<         -:  267:       *  already sorted, and NlogN otherwise (where N is
<         -:  268:       *  distance(__first,__last)).
<         -:  269:       */
<         -:  270:      template<typename _InputIterator>
<         -:  271:	map(_InputIterator __first, _InputIterator __last)
<         -:  272:	: _M_t()
<         -:  273:	{ _M_t._M_insert_unique(__first, __last); }
<         -:  274:
<         -:  275:      /**
<         -:  276:       *  @brief  Builds a %map from a range.
<         -:  277:       *  @param  __first  An input iterator.
<         -:  278:       *  @param  __last  An input iterator.
<         -:  279:       *  @param  __comp  A comparison functor.
<         -:  280:       *  @param  __a  An allocator object.
<         -:  281:       *
<         -:  282:       *  Create a %map consisting of copies of the elements from
<         -:  283:       *  [__first,__last).  This is linear in N if the range is
<         -:  284:       *  already sorted, and NlogN otherwise (where N is
<         -:  285:       *  distance(__first,__last)).
<         -:  286:       */
<         -:  287:      template<typename _InputIterator>
<         -:  288:	map(_InputIterator __first, _InputIterator __last,
<         -:  289:	    const _Compare& __comp,
<         -:  290:	    const allocator_type& __a = allocator_type())
<         -:  291:	: _M_t(__comp, _Pair_alloc_type(__a))
<         -:  292:	{ _M_t._M_insert_unique(__first, __last); }
<         -:  293:
<         -:  294:#if __cplusplus >= 201103L
<         -:  295:      /**
<         -:  296:       *  The dtor only erases the elements, and note that if the elements
<         -:  297:       *  themselves are pointers, the pointed-to memory is not touched in any
<         -:  298:       *  way.  Managing the pointer is the user's responsibility.
<         -:  299:       */
<      679*:  300:      ~map() = default;
< ------------------
< _ZNSt3mapIN7OpenDDS4DCPS6GUID_tENS1_8RcHandleINS1_15TransportClient12PendingAssocEEENS1_17GUID_tKeyLessThanESaISt4pairIKS2_S6_EEED2Ev:
<        14:  300:      ~map() = default;
< ------------------
< _ZNSt3mapIN7OpenDDS4DCPS14SequenceNumberESt4pairIPNS1_10BasicQueueINS1_21TransportQueueElementEEEP17ACE_Message_BlockESt4lessIS2_ESaIS3_IKS2_SA_EEED2Ev:
<     #####:  300:      ~map() = default;
< ------------------
< _ZNSt3mapIN7OpenDDS4DCPS14SequenceNumberES_IS2_St4pairIPNS1_10BasicQueueINS1_21TransportQueueElementEEEP17ACE_Message_BlockESt4lessIS2_ESaIS3_IKS2_SA_EEESC_SaIS3_ISD_SG_EEED2Ev:
<     #####:  300:      ~map() = default;
< ------------------
< _ZNSt3mapIN7OpenDDS4DCPS14SequenceNumberENS1_6GUID_tESt4lessIS2_ESaISt4pairIKS2_S3_EEED2Ev:
<     #####:  300:      ~map() = default;
< ------------------
< _ZNSt3mapINSt7__cxx1112basic_stringIcSt11char_traitsIcESaIcEEEN7OpenDDS4DCPS8RcHandleINS7_13TransportTypeEEESt4lessIS5_ESaISt4pairIKS5_SA_EEED2Ev:
<       119:  300:      ~map() = default;
< ------------------
< _ZNSt3mapINSt7__cxx1112basic_stringIcSt11char_traitsIcESaIcEEEN7OpenDDS4DCPS8RcHandleINS7_15TransportConfigEEESt4lessIS5_ESaISt4pairIKS5_SA_EEED2Ev:
<       119:  300:      ~map() = default;
< ------------------
< _ZNSt3mapINSt7__cxx1112basic_stringIcSt11char_traitsIcESaIcEEEN7OpenDDS4DCPS8RcHandleINS7_13TransportInstEEESt4lessIS5_ESaISt4pairIKS5_SA_EEED2Ev:
<       119:  300:      ~map() = default;
< ------------------
< _ZNSt3mapINSt7__cxx1112basic_stringIcSt11char_traitsIcESaIcEEES5_St4lessIS5_ESaISt4pairIKS5_S5_EEED2Ev:
<     #####:  300:      ~map() = default;
< ------------------
< _ZNSt3mapIiN7OpenDDS4DCPS8RcHandleINS1_15TransportConfigEEESt4lessIiESaISt4pairIKiS4_EEED2Ev:
<       119:  300:      ~map() = default;
< ------------------
< _ZNSt3mapImN7OpenDDS4DCPS8RcHandleINS1_8DataLinkEEESt4lessImESaISt4pairIKmS4_EEED2Ev:
<     #####:  300:      ~map() = default;
< ------------------
< _ZNSt3mapIN7OpenDDS4DCPS6GUID_tESt3setIS2_NS1_17GUID_tKeyLessThanESaIS2_EES4_SaISt4pairIKS2_S6_EEED2Ev:
<        12:  300:      ~map() = default;
< ------------------
< _ZNSt3mapIN7OpenDDS4DCPS6GUID_tENS1_8RcHandleINS1_8DataLinkEEENS1_17GUID_tKeyLessThanESaISt4pairIKS2_S5_EEED2Ev:
<        14:  300:      ~map() = default;
< ------------------
< _ZNSt3mapIN7OpenDDS4DCPS6GUID_tENS1_8RcHandleINS1_11DataLinkSetEEENS1_17GUID_tKeyLessThanESaISt4pairIKS2_S5_EEED2Ev:
<        18:  300:      ~map() = default;
< ------------------
< _ZNSt3mapIN7OpenDDS4DCPS6GUID_tENS1_8RcHandleINS1_18ReceiveListenerSetEEENS1_17GUID_tKeyLessThanESaISt4pairIKS2_S5_EEED2Ev:
<         6:  300:      ~map() = default;
< ------------------
< _ZNSt3mapIN7OpenDDS4DCPS6GUID_tENS1_12WeakRcHandleINS1_24TransportReceiveListenerEEENS1_17GUID_tKeyLessThanESaISt4pairIKS2_S5_EEED2Ev:
<        24:  300:      ~map() = default;
< ------------------
< _ZNSt3mapImN7OpenDDS4DCPS8RcHandleINS1_8DataLinkEEESt4lessImESaISt4pairIKmS4_EEED2Ev:
<       109:  300:      ~map() = default;
< ------------------
< _ZNSt3mapIN7OpenDDS4DCPS6GUID_tENS1_12WeakRcHandleINS1_24TransportReceiveListenerEEENS1_17GUID_tKeyLessThanESaISt4pairIKS2_S5_EEED2Ev:
<     #####:  300:      ~map() = default;
< ------------------
< _ZNSt3mapIN7OpenDDS4DCPS6GUID_tENS1_8RcHandleINS1_18ReceiveListenerSetEEENS1_17GUID_tKeyLessThanESaISt4pairIKS2_S5_EEED2Ev:
<     #####:  300:      ~map() = default;
< ------------------
< _ZNSt3mapIN7OpenDDS4DCPS6GUID_tENS1_12WeakRcHandleINS1_21TransportSendListenerEEENS1_17GUID_tKeyLessThanESaISt4pairIKS2_S5_EEED2Ev:
<         6:  300:      ~map() = default;
< ------------------
<         -:  301:#endif
<         -:  302:
<         -:  303:      /**
<         -:  304:       *  @brief  %Map assignment operator.
<         -:  305:       *
<         -:  306:       *  Whether the allocator is copied depends on the allocator traits.
<         -:  307:       */
<         -:  308:#if __cplusplus < 201103L
<         -:  309:      map&
<         -:  310:      operator=(const map& __x)
<         -:  311:      {
<         -:  312:	_M_t = __x._M_t;
<         -:  313:	return *this;
<         -:  314:      }
<         -:  315:#else
<         -:  316:      map&
<         -:  317:      operator=(const map&) = default;
<         -:  318:
<         -:  319:      /// Move assignment operator.
<         -:  320:      map&
<         -:  321:      operator=(map&&) = default;
<         -:  322:
<         -:  323:      /**
<         -:  324:       *  @brief  %Map list assignment operator.
<         -:  325:       *  @param  __l  An initializer_list.
<         -:  326:       *
<         -:  327:       *  This function fills a %map with copies of the elements in the
<         -:  328:       *  initializer list @a __l.
<         -:  329:       *
<         -:  330:       *  Note that the assignment completely changes the %map and
<         -:  331:       *  that the resulting %map's size is the same as the number
<         -:  332:       *  of elements assigned.
<         -:  333:       */
<         -:  334:      map&
<         -:  335:      operator=(initializer_list<value_type> __l)
<         -:  336:      {
<         -:  337:	_M_t._M_assign_unique(__l.begin(), __l.end());
<         -:  338:	return *this;
<         -:  339:      }
<         -:  340:#endif
<         -:  341:
<         -:  342:      /// Get a copy of the memory allocation object.
<         -:  343:      allocator_type
<         -:  344:      get_allocator() const _GLIBCXX_NOEXCEPT
<         -:  345:      { return allocator_type(_M_t.get_allocator()); }
<         -:  346:
<         -:  347:      // iterators
<         -:  348:      /**
<         -:  349:       *  Returns a read/write iterator that points to the first pair in the
<         -:  350:       *  %map.
<         -:  351:       *  Iteration is done in ascending order according to the keys.
<         -:  352:       */
<         -:  353:      iterator
<      318*:  354:      begin() _GLIBCXX_NOEXCEPT
<      318*:  355:      { return _M_t.begin(); }
< ------------------
< _ZNSt3mapIN7OpenDDS4DCPS6GUID_tESt3setIS2_NS1_17GUID_tKeyLessThanESaIS2_EES4_SaISt4pairIKS2_S6_EEE5beginEv:
<     #####:  354:      begin() _GLIBCXX_NOEXCEPT
<     #####:  355:      { return _M_t.begin(); }
< ------------------
< _ZNSt3mapIN7OpenDDS4DCPS6GUID_tENS1_12WeakRcHandleINS1_24TransportReceiveListenerEEENS1_17GUID_tKeyLessThanESaISt4pairIKS2_S5_EEE5beginEv:
<     #####:  354:      begin() _GLIBCXX_NOEXCEPT
<     #####:  355:      { return _M_t.begin(); }
< ------------------
< _ZNSt3mapIN7OpenDDS4DCPS6GUID_tENS1_12WeakRcHandleINS1_21TransportSendListenerEEENS1_17GUID_tKeyLessThanESaISt4pairIKS2_S5_EEE5beginEv:
<         3:  354:      begin() _GLIBCXX_NOEXCEPT
<         3:  355:      { return _M_t.begin(); }
< ------------------
< _ZNSt3mapImN7OpenDDS4DCPS8RcHandleINS1_8DataLinkEEESt4lessImESaISt4pairIKmS4_EEE5beginEv:
<       137:  354:      begin() _GLIBCXX_NOEXCEPT
<       137:  355:      { return _M_t.begin(); }
< ------------------
< _ZNSt3mapIN7OpenDDS4DCPS6GUID_tENS1_12WeakRcHandleINS1_24TransportReceiveListenerEEENS1_17GUID_tKeyLessThanESaISt4pairIKS2_S5_EEE5beginEv:
<     #####:  354:      begin() _GLIBCXX_NOEXCEPT
<     #####:  355:      { return _M_t.begin(); }
< ------------------
< _ZNSt3mapIN7OpenDDS4DCPS6GUID_tENS1_8RcHandleINS1_18ReceiveListenerSetEEENS1_17GUID_tKeyLessThanESaISt4pairIKS2_S5_EEE5beginEv:
<     #####:  354:      begin() _GLIBCXX_NOEXCEPT
<     #####:  355:      { return _M_t.begin(); }
< ------------------
< _ZNSt3mapIN7OpenDDS4DCPS6GUID_tENS1_12WeakRcHandleINS1_24TransportReceiveListenerEEENS1_17GUID_tKeyLessThanESaISt4pairIKS2_S5_EEE5beginEv:
<        45:  354:      begin() _GLIBCXX_NOEXCEPT
<        45:  355:      { return _M_t.begin(); }
< ------------------
< _ZNSt3mapIN7OpenDDS4DCPS6GUID_tENS1_8RcHandleINS1_15TransportClient12PendingAssocEEENS1_17GUID_tKeyLessThanESaISt4pairIKS2_S6_EEE5beginEv:
<        14:  354:      begin() _GLIBCXX_NOEXCEPT
<        14:  355:      { return _M_t.begin(); }
< ------------------
< _ZNSt3mapImN7OpenDDS4DCPS8RcHandleINS1_8DataLinkEEESt4lessImESaISt4pairIKmS4_EEE5beginEv:
<     #####:  354:      begin() _GLIBCXX_NOEXCEPT
<     #####:  355:      { return _M_t.begin(); }
< ------------------
< _ZNSt3mapIN7OpenDDS4DCPS19TransportReassembly7FragKeyENSt7__cxx114listINS2_9FragRangeESaIS6_EEESt4lessIS3_ESaISt4pairIKS3_S8_EEE5beginEv:
<     #####:  354:      begin() _GLIBCXX_NOEXCEPT
<     #####:  355:      { return _M_t.begin(); }
< ------------------
< _ZNSt3mapINSt7__cxx1112basic_stringIcSt11char_traitsIcESaIcEEEN7OpenDDS4DCPS8RcHandleINS7_13TransportInstEEESt4lessIS5_ESaISt4pairIKS5_SA_EEE5beginEv:
<       119:  354:      begin() _GLIBCXX_NOEXCEPT
<       119:  355:      { return _M_t.begin(); }
< ------------------
< _ZNSt3mapINSt7__cxx1112basic_stringIcSt11char_traitsIcESaIcEEES5_St4lessIS5_ESaISt4pairIKS5_S5_EEE5beginEv:
<     #####:  354:      begin() _GLIBCXX_NOEXCEPT
<     #####:  355:      { return _M_t.begin(); }
< ------------------
< _ZNSt3mapIN7OpenDDS4DCPS14SequenceNumberESt4pairIPNS1_10BasicQueueINS1_21TransportQueueElementEEEP17ACE_Message_BlockESt4lessIS2_ESaIS3_IKS2_SA_EEE5beginEv:
<     #####:  354:      begin() _GLIBCXX_NOEXCEPT
<     #####:  355:      { return _M_t.begin(); }
< ------------------
<         -:  356:
<         -:  357:      /**
<         -:  358:       *  Returns a read-only (constant) iterator that points to the first pair
<         -:  359:       *  in the %map.  Iteration is done in ascending order according to the
<         -:  360:       *  keys.
<         -:  361:       */
<         -:  362:      const_iterator
<       12*:  363:      begin() const _GLIBCXX_NOEXCEPT
<       12*:  364:      { return _M_t.begin(); }
< ------------------
< _ZNKSt3mapIN7OpenDDS4DCPS6GUID_tESt3setIS2_NS1_17GUID_tKeyLessThanESaIS2_EES4_SaISt4pairIKS2_S6_EEE5beginEv:
<        12:  363:      begin() const _GLIBCXX_NOEXCEPT
<        12:  364:      { return _M_t.begin(); }
< ------------------
< _ZNKSt3mapIN7OpenDDS4DCPS6GUID_tENS1_8RcHandleINS1_18ReceiveListenerSetEEENS1_17GUID_tKeyLessThanESaISt4pairIKS2_S5_EEE5beginEv:
<     #####:  363:      begin() const _GLIBCXX_NOEXCEPT
<     #####:  364:      { return _M_t.begin(); }
< ------------------
< _ZNKSt3mapIN7OpenDDS4DCPS14SequenceNumberESt4pairIPNS1_10BasicQueueINS1_21TransportQueueElementEEEP17ACE_Message_BlockESt4lessIS2_ESaIS3_IKS2_SA_EEE5beginEv:
<     #####:  363:      begin() const _GLIBCXX_NOEXCEPT
<     #####:  364:      { return _M_t.begin(); }
< ------------------
<         -:  365:
<         -:  366:      /**
<         -:  367:       *  Returns a read/write iterator that points one past the last
<         -:  368:       *  pair in the %map.  Iteration is done in ascending order
<         -:  369:       *  according to the keys.
<         -:  370:       */
<         -:  371:      iterator
<     1507*:  372:      end() _GLIBCXX_NOEXCEPT
<     1507*:  373:      { return _M_t.end(); }
< ------------------
< _ZNSt3mapIm18TAO_FixedSeq_Var_TIN7OpenDDS4DCPS7GUIDSeqEESt4lessImESaISt4pairIKmS4_EEE3endEv:
<     #####:  372:      end() _GLIBCXX_NOEXCEPT
<     #####:  373:      { return _M_t.end(); }
< ------------------
< _ZNSt3mapIN7OpenDDS4DCPS14SequenceNumberESt4pairIPNS1_10BasicQueueINS1_21TransportQueueElementEEEP17ACE_Message_BlockESt4lessIS2_ESaIS3_IKS2_SA_EEE3endEv:
<     #####:  372:      end() _GLIBCXX_NOEXCEPT
<     #####:  373:      { return _M_t.end(); }
< ------------------
< _ZNSt3mapIN7OpenDDS4DCPS14SequenceNumberES_IS2_St4pairIPNS1_10BasicQueueINS1_21TransportQueueElementEEEP17ACE_Message_BlockESt4lessIS2_ESaIS3_IKS2_SA_EEESC_SaIS3_ISD_SG_EEE3endEv:
<     #####:  372:      end() _GLIBCXX_NOEXCEPT
<     #####:  373:      { return _M_t.end(); }
< ------------------
< _ZNSt3mapIN7OpenDDS4DCPS14SequenceNumberENS1_6GUID_tESt4lessIS2_ESaISt4pairIKS2_S3_EEE3endEv:
<     #####:  372:      end() _GLIBCXX_NOEXCEPT
<     #####:  373:      { return _M_t.end(); }
< ------------------
< _ZNSt3mapINSt7__cxx1112basic_stringIcSt11char_traitsIcESaIcEEEN7OpenDDS4DCPS8RcHandleINS7_13TransportInstEEESt4lessIS5_ESaISt4pairIKS5_SA_EEE3endEv:
<       475:  372:      end() _GLIBCXX_NOEXCEPT
<       475:  373:      { return _M_t.end(); }
< ------------------
< _ZNSt3mapINSt7__cxx1112basic_stringIcSt11char_traitsIcESaIcEEES5_St4lessIS5_ESaISt4pairIKS5_S5_EEE3endEv:
<     #####:  372:      end() _GLIBCXX_NOEXCEPT
<     #####:  373:      { return _M_t.end(); }
< ------------------
< _ZNSt3mapINSt7__cxx1112basic_stringIcSt11char_traitsIcESaIcEEEN7OpenDDS4DCPS8RcHandleINS7_15TransportConfigEEESt4lessIS5_ESaISt4pairIKS5_SA_EEE3endEv:
<       208:  372:      end() _GLIBCXX_NOEXCEPT
<       208:  373:      { return _M_t.end(); }
< ------------------
< _ZNSt3mapINSt7__cxx1112basic_stringIcSt11char_traitsIcESaIcEEEN7OpenDDS4DCPS8RcHandleINS7_13TransportTypeEEESt4lessIS5_ESaISt4pairIKS5_SA_EEE3endEv:
<        89:  372:      end() _GLIBCXX_NOEXCEPT
<        89:  373:      { return _M_t.end(); }
< ------------------
< _ZNSt3mapIN7OpenDDS4DCPS19TransportReassembly7FragKeyENSt7__cxx114listINS2_9FragRangeESaIS6_EEESt4lessIS3_ESaISt4pairIKS3_S8_EEE3endEv:
<     #####:  372:      end() _GLIBCXX_NOEXCEPT
<     #####:  373:      { return _M_t.end(); }
< ------------------
< _ZNSt3mapIN7OpenDDS4DCPS6GUID_tENS1_12WeakRcHandleINS1_21TransportSendListenerEEENS1_17GUID_tKeyLessThanESaISt4pairIKS2_S5_EEE3endEv:
<        21:  372:      end() _GLIBCXX_NOEXCEPT
<        21:  373:      { return _M_t.end(); }
< ------------------
< _ZNSt3mapIN7OpenDDS4DCPS6GUID_tENS1_12WeakRcHandleINS1_24TransportReceiveListenerEEENS1_17GUID_tKeyLessThanESaISt4pairIKS2_S5_EEE3endEv:
<     #####:  372:      end() _GLIBCXX_NOEXCEPT
<     #####:  373:      { return _M_t.end(); }
< ------------------
< _ZNSt3mapImN7OpenDDS4DCPS8RcHandleINS1_8DataLinkEEESt4lessImESaISt4pairIKmS4_EEE3endEv:
<     #####:  372:      end() _GLIBCXX_NOEXCEPT
<     #####:  373:      { return _M_t.end(); }
< ------------------
< _ZNSt3mapIN7OpenDDS4DCPS6GUID_tENS1_8RcHandleINS1_11DataLinkSetEEENS1_17GUID_tKeyLessThanESaISt4pairIKS2_S5_EEE3endEv:
<        18:  372:      end() _GLIBCXX_NOEXCEPT
<        18:  373:      { return _M_t.end(); }
< ------------------
< _ZNSt3mapIN7OpenDDS4DCPS6GUID_tENS1_8RcHandleINS1_15TransportClient12PendingAssocEEENS1_17GUID_tKeyLessThanESaISt4pairIKS2_S6_EEE3endEv:
<        59:  372:      end() _GLIBCXX_NOEXCEPT
<        59:  373:      { return _M_t.end(); }
< ------------------
< _ZNSt3mapIN7OpenDDS4DCPS6GUID_tENS1_8RcHandleINS1_8DataLinkEEENS1_17GUID_tKeyLessThanESaISt4pairIKS2_S5_EEE3endEv:
<        44:  372:      end() _GLIBCXX_NOEXCEPT
<        44:  373:      { return _M_t.end(); }
< ------------------
< _ZNSt3mapIN7OpenDDS4DCPS6GUID_tENS1_12WeakRcHandleINS1_24TransportReceiveListenerEEENS1_17GUID_tKeyLessThanESaISt4pairIKS2_S5_EEE3endEv:
<        99:  372:      end() _GLIBCXX_NOEXCEPT
<        99:  373:      { return _M_t.end(); }
< ------------------
< _ZNSt3mapIN7OpenDDS4DCPS6GUID_tENS1_8RcHandleINS1_18ReceiveListenerSetEEENS1_17GUID_tKeyLessThanESaISt4pairIKS2_S5_EEE3endEv:
<        78:  372:      end() _GLIBCXX_NOEXCEPT
<        78:  373:      { return _M_t.end(); }
< ------------------
< _ZNSt3mapIN7OpenDDS4DCPS6GUID_tENS1_12WeakRcHandleINS1_24TransportReceiveListenerEEENS1_17GUID_tKeyLessThanESaISt4pairIKS2_S5_EEE3endEv:
<     #####:  372:      end() _GLIBCXX_NOEXCEPT
<     #####:  373:      { return _M_t.end(); }
< ------------------
< _ZNSt3mapImN7OpenDDS4DCPS8RcHandleINS1_8DataLinkEEESt4lessImESaISt4pairIKmS4_EEE3endEv:
<       377:  372:      end() _GLIBCXX_NOEXCEPT
<       377:  373:      { return _M_t.end(); }
< ------------------
< _ZNSt3mapIN7OpenDDS4DCPS6GUID_tENS1_12WeakRcHandleINS1_21TransportSendListenerEEENS1_17GUID_tKeyLessThanESaISt4pairIKS2_S5_EEE3endEv:
<     #####:  372:      end() _GLIBCXX_NOEXCEPT
<     #####:  373:      { return _M_t.end(); }
< ------------------
< _ZNSt3mapIN7OpenDDS4DCPS6GUID_tENS1_12WeakRcHandleINS1_24TransportReceiveListenerEEENS1_17GUID_tKeyLessThanESaISt4pairIKS2_S5_EEE3endEv:
<     #####:  372:      end() _GLIBCXX_NOEXCEPT
<     #####:  373:      { return _M_t.end(); }
< ------------------
< _ZNSt3mapIN7OpenDDS4DCPS6GUID_tENS1_8RcHandleINS1_18ReceiveListenerSetEEENS1_17GUID_tKeyLessThanESaISt4pairIKS2_S5_EEE3endEv:
<     #####:  372:      end() _GLIBCXX_NOEXCEPT
<     #####:  373:      { return _M_t.end(); }
< ------------------
< _ZNSt3mapIN7OpenDDS4DCPS6GUID_tESt3setIS2_NS1_17GUID_tKeyLessThanESaIS2_EES4_SaISt4pairIKS2_S6_EEE3endEv:
<        39:  372:      end() _GLIBCXX_NOEXCEPT
<        39:  373:      { return _M_t.end(); }
< ------------------
<         -:  374:
<         -:  375:      /**
<         -:  376:       *  Returns a read-only (constant) iterator that points one past the last
<         -:  377:       *  pair in the %map.  Iteration is done in ascending order according to
<         -:  378:       *  the keys.
<         -:  379:       */
<         -:  380:      const_iterator
<      282*:  381:      end() const _GLIBCXX_NOEXCEPT
<      282*:  382:      { return _M_t.end(); }
< ------------------
< _ZNKSt3mapIN7OpenDDS4DCPS6GUID_tESt3setIS2_NS1_17GUID_tKeyLessThanESaIS2_EES4_SaISt4pairIKS2_S6_EEE3endEv:
<        12:  381:      end() const _GLIBCXX_NOEXCEPT
<        12:  382:      { return _M_t.end(); }
< ------------------
< _ZNKSt3mapIN7OpenDDS4DCPS6GUID_tENS1_12WeakRcHandleINS1_24TransportReceiveListenerEEENS1_17GUID_tKeyLessThanESaISt4pairIKS2_S5_EEE3endEv:
<     #####:  381:      end() const _GLIBCXX_NOEXCEPT
<     #####:  382:      { return _M_t.end(); }
< ------------------
< _ZNKSt3mapIN7OpenDDS4DCPS6GUID_tENS1_12WeakRcHandleINS1_21TransportSendListenerEEENS1_17GUID_tKeyLessThanESaISt4pairIKS2_S5_EEE3endEv:
<     #####:  381:      end() const _GLIBCXX_NOEXCEPT
<     #####:  382:      { return _M_t.end(); }
< ------------------
< _ZNKSt3mapIN7OpenDDS4DCPS6GUID_tENS1_12WeakRcHandleINS1_24TransportReceiveListenerEEENS1_17GUID_tKeyLessThanESaISt4pairIKS2_S5_EEE3endEv:
<     #####:  381:      end() const _GLIBCXX_NOEXCEPT
<     #####:  382:      { return _M_t.end(); }
< ------------------
< _ZNKSt3mapIN7OpenDDS4DCPS6GUID_tENS1_8RcHandleINS1_18ReceiveListenerSetEEENS1_17GUID_tKeyLessThanESaISt4pairIKS2_S5_EEE3endEv:
<     #####:  381:      end() const _GLIBCXX_NOEXCEPT
<     #####:  382:      { return _M_t.end(); }
< ------------------
< _ZNKSt3mapIiN7OpenDDS4DCPS8RcHandleINS1_15TransportConfigEEESt4lessIiESaISt4pairIKiS4_EEE3endEv:
<     #####:  381:      end() const _GLIBCXX_NOEXCEPT
<     #####:  382:      { return _M_t.end(); }
< ------------------
< _ZNKSt3mapIN7OpenDDS4DCPS19TransportReassembly7FragKeyENSt7__cxx114listINS2_9FragRangeESaIS6_EEESt4lessIS3_ESaISt4pairIKS3_S8_EEE3endEv:
<     #####:  381:      end() const _GLIBCXX_NOEXCEPT
<     #####:  382:      { return _M_t.end(); }
< ------------------
< _ZNKSt3mapINSt7__cxx1112basic_stringIcSt11char_traitsIcESaIcEEEN7OpenDDS4DCPS8RcHandleINS7_13TransportTypeEEESt4lessIS5_ESaISt4pairIKS5_SA_EEE3endEv:
<       180:  381:      end() const _GLIBCXX_NOEXCEPT
<       180:  382:      { return _M_t.end(); }
< ------------------
< _ZNKSt3mapINSt7__cxx1112basic_stringIcSt11char_traitsIcESaIcEEEN7OpenDDS4DCPS8RcHandleINS7_15TransportConfigEEESt4lessIS5_ESaISt4pairIKS5_SA_EEE3endEv:
<        90:  381:      end() const _GLIBCXX_NOEXCEPT
<        90:  382:      { return _M_t.end(); }
< ------------------
< _ZNKSt3mapINSt7__cxx1112basic_stringIcSt11char_traitsIcESaIcEEEN7OpenDDS4DCPS8RcHandleINS7_13TransportInstEEESt4lessIS5_ESaISt4pairIKS5_SA_EEE3endEv:
<     #####:  381:      end() const _GLIBCXX_NOEXCEPT
<     #####:  382:      { return _M_t.end(); }
< ------------------
< _ZNKSt3mapIN7OpenDDS4DCPS14SequenceNumberESt4pairIPNS1_10BasicQueueINS1_21TransportQueueElementEEEP17ACE_Message_BlockESt4lessIS2_ESaIS3_IKS2_SA_EEE3endEv:
<     #####:  381:      end() const _GLIBCXX_NOEXCEPT
<     #####:  382:      { return _M_t.end(); }
< ------------------
<         -:  383:
<         -:  384:      /**
<         -:  385:       *  Returns a read/write reverse iterator that points to the last pair in
<         -:  386:       *  the %map.  Iteration is done in descending order according to the
<         -:  387:       *  keys.
<         -:  388:       */
<         -:  389:      reverse_iterator
<         -:  390:      rbegin() _GLIBCXX_NOEXCEPT
<         -:  391:      { return _M_t.rbegin(); }
<         -:  392:
<         -:  393:      /**
<         -:  394:       *  Returns a read-only (constant) reverse iterator that points to the
<         -:  395:       *  last pair in the %map.  Iteration is done in descending order
<         -:  396:       *  according to the keys.
<         -:  397:       */
<         -:  398:      const_reverse_iterator
<     #####:  399:      rbegin() const _GLIBCXX_NOEXCEPT
<     #####:  400:      { return _M_t.rbegin(); }
<         -:  401:
<         -:  402:      /**
<         -:  403:       *  Returns a read/write reverse iterator that points to one before the
<         -:  404:       *  first pair in the %map.  Iteration is done in descending order
<         -:  405:       *  according to the keys.
<         -:  406:       */
<         -:  407:      reverse_iterator
<         -:  408:      rend() _GLIBCXX_NOEXCEPT
<         -:  409:      { return _M_t.rend(); }
<         -:  410:
<         -:  411:      /**
<         -:  412:       *  Returns a read-only (constant) reverse iterator that points to one
<         -:  413:       *  before the first pair in the %map.  Iteration is done in descending
<         -:  414:       *  order according to the keys.
<         -:  415:       */
<         -:  416:      const_reverse_iterator
<         -:  417:      rend() const _GLIBCXX_NOEXCEPT
<         -:  418:      { return _M_t.rend(); }
<         -:  419:
<         -:  420:#if __cplusplus >= 201103L
<         -:  421:      /**
<         -:  422:       *  Returns a read-only (constant) iterator that points to the first pair
<         -:  423:       *  in the %map.  Iteration is done in ascending order according to the
<         -:  424:       *  keys.
<         -:  425:       */
<         -:  426:      const_iterator
<         -:  427:      cbegin() const noexcept
<         -:  428:      { return _M_t.begin(); }
<         -:  429:
<         -:  430:      /**
<         -:  431:       *  Returns a read-only (constant) iterator that points one past the last
<         -:  432:       *  pair in the %map.  Iteration is done in ascending order according to
<         -:  433:       *  the keys.
<         -:  434:       */
<         -:  435:      const_iterator
<         -:  436:      cend() const noexcept
<         -:  437:      { return _M_t.end(); }
<         -:  438:
<         -:  439:      /**
<         -:  440:       *  Returns a read-only (constant) reverse iterator that points to the
<         -:  441:       *  last pair in the %map.  Iteration is done in descending order
<         -:  442:       *  according to the keys.
<         -:  443:       */
<         -:  444:      const_reverse_iterator
<         -:  445:      crbegin() const noexcept
<         -:  446:      { return _M_t.rbegin(); }
<         -:  447:
<         -:  448:      /**
<         -:  449:       *  Returns a read-only (constant) reverse iterator that points to one
<         -:  450:       *  before the first pair in the %map.  Iteration is done in descending
<         -:  451:       *  order according to the keys.
<         -:  452:       */
<         -:  453:      const_reverse_iterator
<         -:  454:      crend() const noexcept
<         -:  455:      { return _M_t.rend(); }
<         -:  456:#endif
<         -:  457:
<         -:  458:      // capacity
<         -:  459:      /** Returns true if the %map is empty.  (Thus begin() would equal
<         -:  460:       *  end().)
<         -:  461:      */
<         -:  462:      bool
<      101*:  463:      empty() const _GLIBCXX_NOEXCEPT
<      101*:  464:      { return _M_t.empty(); }
< ------------------
< _ZNKSt3mapIN7OpenDDS4DCPS6GUID_tENS1_8RcHandleINS1_18ReceiveListenerSetEEENS1_17GUID_tKeyLessThanESaISt4pairIKS2_S5_EEE5emptyEv:
<         4:  463:      empty() const _GLIBCXX_NOEXCEPT
<         4:  464:      { return _M_t.empty(); }
< ------------------
< _ZNKSt3mapIN7OpenDDS4DCPS6GUID_tESt3setIS2_NS1_17GUID_tKeyLessThanESaIS2_EES4_SaISt4pairIKS2_S6_EEE5emptyEv:
<        28:  463:      empty() const _GLIBCXX_NOEXCEPT
<        28:  464:      { return _M_t.empty(); }
< ------------------
< _ZNKSt3mapImN7OpenDDS4DCPS8RcHandleINS1_8DataLinkEEESt4lessImESaISt4pairIKmS4_EEE5emptyEv:
<        51:  463:      empty() const _GLIBCXX_NOEXCEPT
<        51:  464:      { return _M_t.empty(); }
< ------------------
< _ZNKSt3mapIN7OpenDDS4DCPS6GUID_tENS1_8RcHandleINS1_11DataLinkSetEEENS1_17GUID_tKeyLessThanESaISt4pairIKS2_S5_EEE5emptyEv:
<        18:  463:      empty() const _GLIBCXX_NOEXCEPT
<        18:  464:      { return _M_t.empty(); }
< ------------------
< _ZNKSt3mapImN7OpenDDS4DCPS8RcHandleINS1_8DataLinkEEESt4lessImESaISt4pairIKmS4_EEE5emptyEv:
<     #####:  463:      empty() const _GLIBCXX_NOEXCEPT
<     #####:  464:      { return _M_t.empty(); }
< ------------------
< _ZNKSt3mapIN7OpenDDS4DCPS14SequenceNumberES_IS2_St4pairIPNS1_10BasicQueueINS1_21TransportQueueElementEEEP17ACE_Message_BlockESt4lessIS2_ESaIS3_IKS2_SA_EEESC_SaIS3_ISD_SG_EEE5emptyEv:
<     #####:  463:      empty() const _GLIBCXX_NOEXCEPT
<     #####:  464:      { return _M_t.empty(); }
< ------------------
< _ZNKSt3mapIN7OpenDDS4DCPS14SequenceNumberESt4pairIPNS1_10BasicQueueINS1_21TransportQueueElementEEEP17ACE_Message_BlockESt4lessIS2_ESaIS3_IKS2_SA_EEE5emptyEv:
<     #####:  463:      empty() const _GLIBCXX_NOEXCEPT
<     #####:  464:      { return _M_t.empty(); }
< ------------------
<         -:  465:
<         -:  466:      /** Returns the size of the %map.  */
<         -:  467:      size_type
<       68*:  468:      size() const _GLIBCXX_NOEXCEPT
<       68*:  469:      { return _M_t.size(); }
< ------------------
< _ZNKSt3mapIN7OpenDDS4DCPS6GUID_tESt3setIS2_NS1_17GUID_tKeyLessThanESaIS2_EES4_SaISt4pairIKS2_S6_EEE4sizeEv:
<        12:  468:      size() const _GLIBCXX_NOEXCEPT
<        12:  469:      { return _M_t.size(); }
< ------------------
< _ZNKSt3mapIN7OpenDDS4DCPS6GUID_tENS1_12WeakRcHandleINS1_24TransportReceiveListenerEEENS1_17GUID_tKeyLessThanESaISt4pairIKS2_S5_EEE4sizeEv:
<     #####:  468:      size() const _GLIBCXX_NOEXCEPT
<     #####:  469:      { return _M_t.size(); }
< ------------------
< _ZNKSt3mapIN7OpenDDS4DCPS6GUID_tENS1_12WeakRcHandleINS1_24TransportReceiveListenerEEENS1_17GUID_tKeyLessThanESaISt4pairIKS2_S5_EEE4sizeEv:
<     #####:  468:      size() const _GLIBCXX_NOEXCEPT
<     #####:  469:      { return _M_t.size(); }
< ------------------
< _ZNKSt3mapIN7OpenDDS4DCPS6GUID_tENS1_12WeakRcHandleINS1_24TransportReceiveListenerEEENS1_17GUID_tKeyLessThanESaISt4pairIKS2_S5_EEE4sizeEv:
<        18:  468:      size() const _GLIBCXX_NOEXCEPT
<        18:  469:      { return _M_t.size(); }
< ------------------
< _ZNKSt3mapImN7OpenDDS4DCPS8RcHandleINS1_8DataLinkEEESt4lessImESaISt4pairIKmS4_EEE4sizeEv:
<        38:  468:      size() const _GLIBCXX_NOEXCEPT
<        38:  469:      { return _M_t.size(); }
< ------------------
< _ZNKSt3mapIN7OpenDDS4DCPS14SequenceNumberESt4pairIPNS1_10BasicQueueINS1_21TransportQueueElementEEEP17ACE_Message_BlockESt4lessIS2_ESaIS3_IKS2_SA_EEE4sizeEv:
<     #####:  468:      size() const _GLIBCXX_NOEXCEPT
<     #####:  469:      { return _M_t.size(); }
< ------------------
<         -:  470:
<         -:  471:      /** Returns the maximum size of the %map.  */
<         -:  472:      size_type
<         -:  473:      max_size() const _GLIBCXX_NOEXCEPT
<         -:  474:      { return _M_t.max_size(); }
<         -:  475:
<         -:  476:      // [23.3.1.2] element access
<         -:  477:      /**
<         -:  478:       *  @brief  Subscript ( @c [] ) access to %map data.
<         -:  479:       *  @param  __k  The key for which data should be retrieved.
<         -:  480:       *  @return  A reference to the data of the (key,data) %pair.
<         -:  481:       *
<         -:  482:       *  Allows for easy lookup with the subscript ( @c [] )
<         -:  483:       *  operator.  Returns data associated with the key specified in
<         -:  484:       *  subscript.  If the key does not exist, a pair with that key
<         -:  485:       *  is created using default values, which is then returned.
<         -:  486:       *
<         -:  487:       *  Lookup requires logarithmic time.
<         -:  488:       */
<         -:  489:      mapped_type&
<      375*:  490:      operator[](const key_type& __k)
<         -:  491:      {
<         -:  492:	// concept requirements
<         -:  493:	__glibcxx_function_requires(_DefaultConstructibleConcept<mapped_type>)
<         -:  494:
<      375*:  495:	iterator __i = lower_bound(__k);
<         -:  496:	// __i->first is greater than or equivalent to __k.
<      375*:  497:	if (__i == end() || key_comp()(__k, (*__i).first))
<         -:  498:#if __cplusplus >= 201103L
<      339*:  499:	  __i = _M_t._M_emplace_hint_unique(__i, std::piecewise_construct,
<         -:  500:					    std::tuple<const key_type&>(__k),
<         -:  501:					    std::tuple<>());
<         -:  502:#else
<         -:  503:	  __i = insert(__i, value_type(__k, mapped_type()));
<         -:  504:#endif
<      375*:  505:	return (*__i).second;
<         -:  506:      }
< ------------------
< _ZNSt3mapIN7OpenDDS4DCPS6GUID_tENS1_8RcHandleINS1_11DataLinkSetEEENS1_17GUID_tKeyLessThanESaISt4pairIKS2_S5_EEEixERS8_:
<        18:  490:      operator[](const key_type& __k)
<         -:  491:      {
<         -:  492:	// concept requirements
<         -:  493:	__glibcxx_function_requires(_DefaultConstructibleConcept<mapped_type>)
<         -:  494:
<        18:  495:	iterator __i = lower_bound(__k);
<         -:  496:	// __i->first is greater than or equivalent to __k.
<       18*:  497:	if (__i == end() || key_comp()(__k, (*__i).first))
<         -:  498:#if __cplusplus >= 201103L
<        18:  499:	  __i = _M_t._M_emplace_hint_unique(__i, std::piecewise_construct,
<         -:  500:					    std::tuple<const key_type&>(__k),
<         -:  501:					    std::tuple<>());
<         -:  502:#else
<         -:  503:	  __i = insert(__i, value_type(__k, mapped_type()));
<         -:  504:#endif
<        18:  505:	return (*__i).second;
<         -:  506:      }
< ------------------
< _ZNSt3mapIN7OpenDDS4DCPS6GUID_tESt3setIS2_NS1_17GUID_tKeyLessThanESaIS2_EES4_SaISt4pairIKS2_S6_EEEixERS8_:
<        36:  490:      operator[](const key_type& __k)
<         -:  491:      {
<         -:  492:	// concept requirements
<         -:  493:	__glibcxx_function_requires(_DefaultConstructibleConcept<mapped_type>)
<         -:  494:
<        36:  495:	iterator __i = lower_bound(__k);
<         -:  496:	// __i->first is greater than or equivalent to __k.
<        36:  497:	if (__i == end() || key_comp()(__k, (*__i).first))
<         -:  498:#if __cplusplus >= 201103L
<        18:  499:	  __i = _M_t._M_emplace_hint_unique(__i, std::piecewise_construct,
<         -:  500:					    std::tuple<const key_type&>(__k),
<         -:  501:					    std::tuple<>());
<         -:  502:#else
<         -:  503:	  __i = insert(__i, value_type(__k, mapped_type()));
<         -:  504:#endif
<        36:  505:	return (*__i).second;
<         -:  506:      }
< ------------------
< _ZNSt3mapIN7OpenDDS4DCPS6GUID_tENS1_8RcHandleINS1_18ReceiveListenerSetEEENS1_17GUID_tKeyLessThanESaISt4pairIKS2_S5_EEEixERS8_:
<     #####:  490:      operator[](const key_type& __k)
<         -:  491:      {
<         -:  492:	// concept requirements
<         -:  493:	__glibcxx_function_requires(_DefaultConstructibleConcept<mapped_type>)
<         -:  494:
<     #####:  495:	iterator __i = lower_bound(__k);
<         -:  496:	// __i->first is greater than or equivalent to __k.
<     #####:  497:	if (__i == end() || key_comp()(__k, (*__i).first))
<         -:  498:#if __cplusplus >= 201103L
<     #####:  499:	  __i = _M_t._M_emplace_hint_unique(__i, std::piecewise_construct,
<         -:  500:					    std::tuple<const key_type&>(__k),
<         -:  501:					    std::tuple<>());
<         -:  502:#else
<         -:  503:	  __i = insert(__i, value_type(__k, mapped_type()));
<         -:  504:#endif
<     #####:  505:	return (*__i).second;
<         -:  506:      }
< ------------------
< _ZNSt3mapIN7OpenDDS4DCPS6GUID_tENS1_8RcHandleINS1_18ReceiveListenerSetEEENS1_17GUID_tKeyLessThanESaISt4pairIKS2_S5_EEEixERS8_:
<        36:  490:      operator[](const key_type& __k)
<         -:  491:      {
<         -:  492:	// concept requirements
<         -:  493:	__glibcxx_function_requires(_DefaultConstructibleConcept<mapped_type>)
<         -:  494:
<        36:  495:	iterator __i = lower_bound(__k);
<         -:  496:	// __i->first is greater than or equivalent to __k.
<        36:  497:	if (__i == end() || key_comp()(__k, (*__i).first))
<         -:  498:#if __cplusplus >= 201103L
<        18:  499:	  __i = _M_t._M_emplace_hint_unique(__i, std::piecewise_construct,
<         -:  500:					    std::tuple<const key_type&>(__k),
<         -:  501:					    std::tuple<>());
<         -:  502:#else
<         -:  503:	  __i = insert(__i, value_type(__k, mapped_type()));
<         -:  504:#endif
<        36:  505:	return (*__i).second;
<         -:  506:      }
< ------------------
< _ZNSt3mapIm18TAO_FixedSeq_Var_TIN7OpenDDS4DCPS7GUIDSeqEESt4lessImESaISt4pairIKmS4_EEEixERS8_:
<     #####:  490:      operator[](const key_type& __k)
<         -:  491:      {
<         -:  492:	// concept requirements
<         -:  493:	__glibcxx_function_requires(_DefaultConstructibleConcept<mapped_type>)
<         -:  494:
<     #####:  495:	iterator __i = lower_bound(__k);
<         -:  496:	// __i->first is greater than or equivalent to __k.
<     #####:  497:	if (__i == end() || key_comp()(__k, (*__i).first))
<         -:  498:#if __cplusplus >= 201103L
<     #####:  499:	  __i = _M_t._M_emplace_hint_unique(__i, std::piecewise_construct,
<         -:  500:					    std::tuple<const key_type&>(__k),
<         -:  501:					    std::tuple<>());
<         -:  502:#else
<         -:  503:	  __i = insert(__i, value_type(__k, mapped_type()));
<         -:  504:#endif
<     #####:  505:	return (*__i).second;
<         -:  506:      }
< ------------------
< _ZNSt3mapIN7OpenDDS4DCPS6GUID_tENS1_8RcHandleINS1_8DataLinkEEENS1_17GUID_tKeyLessThanESaISt4pairIKS2_S5_EEEixERS8_:
<        18:  490:      operator[](const key_type& __k)
<         -:  491:      {
<         -:  492:	// concept requirements
<         -:  493:	__glibcxx_function_requires(_DefaultConstructibleConcept<mapped_type>)
<         -:  494:
<        18:  495:	iterator __i = lower_bound(__k);
<         -:  496:	// __i->first is greater than or equivalent to __k.
<       18*:  497:	if (__i == end() || key_comp()(__k, (*__i).first))
<         -:  498:#if __cplusplus >= 201103L
<        18:  499:	  __i = _M_t._M_emplace_hint_unique(__i, std::piecewise_construct,
<         -:  500:					    std::tuple<const key_type&>(__k),
<         -:  501:					    std::tuple<>());
<         -:  502:#else
<         -:  503:	  __i = insert(__i, value_type(__k, mapped_type()));
<         -:  504:#endif
<        18:  505:	return (*__i).second;
<         -:  506:      }
< ------------------
< _ZNSt3mapIN7OpenDDS4DCPS19TransportReassembly7FragKeyENSt7__cxx114listINS2_9FragRangeESaIS6_EEESt4lessIS3_ESaISt4pairIKS3_S8_EEEixERSC_:
<     #####:  490:      operator[](const key_type& __k)
<         -:  491:      {
<         -:  492:	// concept requirements
<         -:  493:	__glibcxx_function_requires(_DefaultConstructibleConcept<mapped_type>)
<         -:  494:
<     #####:  495:	iterator __i = lower_bound(__k);
<         -:  496:	// __i->first is greater than or equivalent to __k.
<     #####:  497:	if (__i == end() || key_comp()(__k, (*__i).first))
<         -:  498:#if __cplusplus >= 201103L
<     #####:  499:	  __i = _M_t._M_emplace_hint_unique(__i, std::piecewise_construct,
<         -:  500:					    std::tuple<const key_type&>(__k),
<         -:  501:					    std::tuple<>());
<         -:  502:#else
<         -:  503:	  __i = insert(__i, value_type(__k, mapped_type()));
<         -:  504:#endif
<     #####:  505:	return (*__i).second;
<         -:  506:      }
< ------------------
< _ZNSt3mapINSt7__cxx1112basic_stringIcSt11char_traitsIcESaIcEEEN7OpenDDS4DCPS8RcHandleINS7_15TransportConfigEEESt4lessIS5_ESaISt4pairIKS5_SA_EEEixERSE_:
<        89:  490:      operator[](const key_type& __k)
<         -:  491:      {
<         -:  492:	// concept requirements
<         -:  493:	__glibcxx_function_requires(_DefaultConstructibleConcept<mapped_type>)
<         -:  494:
<        89:  495:	iterator __i = lower_bound(__k);
<         -:  496:	// __i->first is greater than or equivalent to __k.
<       89*:  497:	if (__i == end() || key_comp()(__k, (*__i).first))
<         -:  498:#if __cplusplus >= 201103L
<        89:  499:	  __i = _M_t._M_emplace_hint_unique(__i, std::piecewise_construct,
<         -:  500:					    std::tuple<const key_type&>(__k),
<         -:  501:					    std::tuple<>());
<         -:  502:#else
<         -:  503:	  __i = insert(__i, value_type(__k, mapped_type()));
<         -:  504:#endif
<        89:  505:	return (*__i).second;
<         -:  506:      }
< ------------------
< _ZNSt3mapINSt7__cxx1112basic_stringIcSt11char_traitsIcESaIcEEEN7OpenDDS4DCPS8RcHandleINS7_13TransportInstEEESt4lessIS5_ESaISt4pairIKS5_SA_EEEixERSE_:
<       178:  490:      operator[](const key_type& __k)
<         -:  491:      {
<         -:  492:	// concept requirements
<         -:  493:	__glibcxx_function_requires(_DefaultConstructibleConcept<mapped_type>)
<         -:  494:
<       178:  495:	iterator __i = lower_bound(__k);
<         -:  496:	// __i->first is greater than or equivalent to __k.
<      178*:  497:	if (__i == end() || key_comp()(__k, (*__i).first))
<         -:  498:#if __cplusplus >= 201103L
<       178:  499:	  __i = _M_t._M_emplace_hint_unique(__i, std::piecewise_construct,
<         -:  500:					    std::tuple<const key_type&>(__k),
<         -:  501:					    std::tuple<>());
<         -:  502:#else
<         -:  503:	  __i = insert(__i, value_type(__k, mapped_type()));
<         -:  504:#endif
<       178:  505:	return (*__i).second;
<         -:  506:      }
< ------------------
< _ZNSt3mapIN7OpenDDS4DCPS14SequenceNumberES_IS2_St4pairIPNS1_10BasicQueueINS1_21TransportQueueElementEEEP17ACE_Message_BlockESt4lessIS2_ESaIS3_IKS2_SA_EEESC_SaIS3_ISD_SG_EEEixERSD_:
<     #####:  490:      operator[](const key_type& __k)
<         -:  491:      {
<         -:  492:	// concept requirements
<         -:  493:	__glibcxx_function_requires(_DefaultConstructibleConcept<mapped_type>)
<         -:  494:
<     #####:  495:	iterator __i = lower_bound(__k);
<         -:  496:	// __i->first is greater than or equivalent to __k.
<     #####:  497:	if (__i == end() || key_comp()(__k, (*__i).first))
<         -:  498:#if __cplusplus >= 201103L
<     #####:  499:	  __i = _M_t._M_emplace_hint_unique(__i, std::piecewise_construct,
<         -:  500:					    std::tuple<const key_type&>(__k),
<         -:  501:					    std::tuple<>());
<         -:  502:#else
<         -:  503:	  __i = insert(__i, value_type(__k, mapped_type()));
<         -:  504:#endif
<     #####:  505:	return (*__i).second;
<         -:  506:      }
< ------------------
< _ZNSt3mapIN7OpenDDS4DCPS14SequenceNumberENS1_6GUID_tESt4lessIS2_ESaISt4pairIKS2_S3_EEEixERS7_:
<     #####:  490:      operator[](const key_type& __k)
<         -:  491:      {
<         -:  492:	// concept requirements
<         -:  493:	__glibcxx_function_requires(_DefaultConstructibleConcept<mapped_type>)
<         -:  494:
<     #####:  495:	iterator __i = lower_bound(__k);
<         -:  496:	// __i->first is greater than or equivalent to __k.
<     #####:  497:	if (__i == end() || key_comp()(__k, (*__i).first))
<         -:  498:#if __cplusplus >= 201103L
<     #####:  499:	  __i = _M_t._M_emplace_hint_unique(__i, std::piecewise_construct,
<         -:  500:					    std::tuple<const key_type&>(__k),
<         -:  501:					    std::tuple<>());
<         -:  502:#else
<         -:  503:	  __i = insert(__i, value_type(__k, mapped_type()));
<         -:  504:#endif
<     #####:  505:	return (*__i).second;
<         -:  506:      }
< ------------------
< _ZNSt3mapIN7OpenDDS4DCPS14SequenceNumberESt4pairIPNS1_10BasicQueueINS1_21TransportQueueElementEEEP17ACE_Message_BlockESt4lessIS2_ESaIS3_IKS2_SA_EEEixERSD_:
<     #####:  490:      operator[](const key_type& __k)
<         -:  491:      {
<         -:  492:	// concept requirements
<         -:  493:	__glibcxx_function_requires(_DefaultConstructibleConcept<mapped_type>)
<         -:  494:
<     #####:  495:	iterator __i = lower_bound(__k);
<         -:  496:	// __i->first is greater than or equivalent to __k.
<     #####:  497:	if (__i == end() || key_comp()(__k, (*__i).first))
<         -:  498:#if __cplusplus >= 201103L
<     #####:  499:	  __i = _M_t._M_emplace_hint_unique(__i, std::piecewise_construct,
<         -:  500:					    std::tuple<const key_type&>(__k),
<         -:  501:					    std::tuple<>());
<         -:  502:#else
<         -:  503:	  __i = insert(__i, value_type(__k, mapped_type()));
<         -:  504:#endif
<     #####:  505:	return (*__i).second;
<         -:  506:      }
< ------------------
<         -:  507:
<         -:  508:#if __cplusplus >= 201103L
<         -:  509:      mapped_type&
<      119*:  510:      operator[](key_type&& __k)
<         -:  511:      {
<         -:  512:	// concept requirements
<         -:  513:	__glibcxx_function_requires(_DefaultConstructibleConcept<mapped_type>)
<         -:  514:
<      119*:  515:	iterator __i = lower_bound(__k);
<         -:  516:	// __i->first is greater than or equivalent to __k.
<      119*:  517:	if (__i == end() || key_comp()(__k, (*__i).first))
<      119*:  518:	  __i = _M_t._M_emplace_hint_unique(__i, std::piecewise_construct,
<      119*:  519:					std::forward_as_tuple(std::move(__k)),
<         -:  520:					std::tuple<>());
<      119*:  521:	return (*__i).second;
<         -:  522:      }
< ------------------
< _ZNSt3mapINSt7__cxx1112basic_stringIcSt11char_traitsIcESaIcEEES5_St4lessIS5_ESaISt4pairIKS5_S5_EEEixEOS5_:
<     #####:  510:      operator[](key_type&& __k)
<         -:  511:      {
<         -:  512:	// concept requirements
<         -:  513:	__glibcxx_function_requires(_DefaultConstructibleConcept<mapped_type>)
<         -:  514:
<     #####:  515:	iterator __i = lower_bound(__k);
<         -:  516:	// __i->first is greater than or equivalent to __k.
<     #####:  517:	if (__i == end() || key_comp()(__k, (*__i).first))
<     #####:  518:	  __i = _M_t._M_emplace_hint_unique(__i, std::piecewise_construct,
<     #####:  519:					std::forward_as_tuple(std::move(__k)),
<         -:  520:					std::tuple<>());
<     #####:  521:	return (*__i).second;
<         -:  522:      }
< ------------------
< _ZNSt3mapINSt7__cxx1112basic_stringIcSt11char_traitsIcESaIcEEEN7OpenDDS4DCPS8RcHandleINS7_15TransportConfigEEESt4lessIS5_ESaISt4pairIKS5_SA_EEEixEOS5_:
<       119:  510:      operator[](key_type&& __k)
<         -:  511:      {
<         -:  512:	// concept requirements
<         -:  513:	__glibcxx_function_requires(_DefaultConstructibleConcept<mapped_type>)
<         -:  514:
<       119:  515:	iterator __i = lower_bound(__k);
<         -:  516:	// __i->first is greater than or equivalent to __k.
<      119*:  517:	if (__i == end() || key_comp()(__k, (*__i).first))
<       119:  518:	  __i = _M_t._M_emplace_hint_unique(__i, std::piecewise_construct,
<       119:  519:					std::forward_as_tuple(std::move(__k)),
<         -:  520:					std::tuple<>());
<       119:  521:	return (*__i).second;
<         -:  522:      }
< ------------------
<         -:  523:#endif
<         -:  524:
<         -:  525:      // _GLIBCXX_RESOLVE_LIB_DEFECTS
<         -:  526:      // DR 464. Suggestion for new member functions in standard containers.
<         -:  527:      /**
<         -:  528:       *  @brief  Access to %map data.
<         -:  529:       *  @param  __k  The key for which data should be retrieved.
<         -:  530:       *  @return  A reference to the data whose key is equivalent to @a __k, if
<         -:  531:       *           such a data is present in the %map.
<         -:  532:       *  @throw  std::out_of_range  If no such data is present.
<         -:  533:       */
<         -:  534:      mapped_type&
<         -:  535:      at(const key_type& __k)
<         -:  536:      {
<         -:  537:	iterator __i = lower_bound(__k);
<         -:  538:	if (__i == end() || key_comp()(__k, (*__i).first))
<         -:  539:	  __throw_out_of_range(__N("map::at"));
<         -:  540:	return (*__i).second;
<         -:  541:      }
<         -:  542:
<         -:  543:      const mapped_type&
<         -:  544:      at(const key_type& __k) const
<         -:  545:      {
<         -:  546:	const_iterator __i = lower_bound(__k);
<         -:  547:	if (__i == end() || key_comp()(__k, (*__i).first))
<         -:  548:	  __throw_out_of_range(__N("map::at"));
<         -:  549:	return (*__i).second;
<         -:  550:      }
<         -:  551:
<         -:  552:      // modifiers
<         -:  553:#if __cplusplus >= 201103L
<         -:  554:      /**
<         -:  555:       *  @brief Attempts to build and insert a std::pair into the %map.
<         -:  556:       *
<         -:  557:       *  @param __args  Arguments used to generate a new pair instance (see
<         -:  558:       *	        std::piecewise_contruct for passing arguments to each
<         -:  559:       *	        part of the pair constructor).
<         -:  560:       *
<         -:  561:       *  @return  A pair, of which the first element is an iterator that points
<         -:  562:       *           to the possibly inserted pair, and the second is a bool that
<         -:  563:       *           is true if the pair was actually inserted.
<         -:  564:       *
<         -:  565:       *  This function attempts to build and insert a (key, value) %pair into
<         -:  566:       *  the %map.
<         -:  567:       *  A %map relies on unique keys and thus a %pair is only inserted if its
<         -:  568:       *  first element (the key) is not already present in the %map.
<         -:  569:       *
<         -:  570:       *  Insertion requires logarithmic time.
<         -:  571:       */
<         -:  572:      template<typename... _Args>
<         -:  573:	std::pair<iterator, bool>
<         -:  574:	emplace(_Args&&... __args)
<         -:  575:	{ return _M_t._M_emplace_unique(std::forward<_Args>(__args)...); }
<         -:  576:
<         -:  577:      /**
<         -:  578:       *  @brief Attempts to build and insert a std::pair into the %map.
<         -:  579:       *
<         -:  580:       *  @param  __pos  An iterator that serves as a hint as to where the pair
<         -:  581:       *                should be inserted.
<         -:  582:       *  @param  __args  Arguments used to generate a new pair instance (see
<         -:  583:       *	         std::piecewise_contruct for passing arguments to each
<         -:  584:       *	         part of the pair constructor).
<         -:  585:       *  @return An iterator that points to the element with key of the
<         -:  586:       *          std::pair built from @a __args (may or may not be that
<         -:  587:       *          std::pair).
<         -:  588:       *
<         -:  589:       *  This function is not concerned about whether the insertion took place,
<         -:  590:       *  and thus does not return a boolean like the single-argument emplace()
<         -:  591:       *  does.
<         -:  592:       *  Note that the first parameter is only a hint and can potentially
<         -:  593:       *  improve the performance of the insertion process. A bad hint would
<         -:  594:       *  cause no gains in efficiency.
<         -:  595:       *
<         -:  596:       *  See
<         -:  597:       *  https://gcc.gnu.org/onlinedocs/libstdc++/manual/associative.html#containers.associative.insert_hints
<         -:  598:       *  for more on @a hinting.
<         -:  599:       *
<         -:  600:       *  Insertion requires logarithmic time (if the hint is not taken).
<         -:  601:       */
<         -:  602:      template<typename... _Args>
<         -:  603:	iterator
<         -:  604:	emplace_hint(const_iterator __pos, _Args&&... __args)
<         -:  605:	{
<         -:  606:	  return _M_t._M_emplace_hint_unique(__pos,
<         -:  607:					     std::forward<_Args>(__args)...);
<         -:  608:	}
<         -:  609:#endif
<         -:  610:
<         -:  611:#if __cplusplus > 201402L
<         -:  612:      /// Extract a node.
<         -:  613:      node_type
<         -:  614:      extract(const_iterator __pos)
<         -:  615:      {
<         -:  616:	__glibcxx_assert(__pos != end());
<         -:  617:	return _M_t.extract(__pos);
<         -:  618:      }
<         -:  619:
<         -:  620:      /// Extract a node.
<         -:  621:      node_type
<         -:  622:      extract(const key_type& __x)
<         -:  623:      { return _M_t.extract(__x); }
<         -:  624:
<         -:  625:      /// Re-insert an extracted node.
<         -:  626:      insert_return_type
<         -:  627:      insert(node_type&& __nh)
<         -:  628:      { return _M_t._M_reinsert_node_unique(std::move(__nh)); }
<         -:  629:
<         -:  630:      /// Re-insert an extracted node.
<         -:  631:      iterator
<         -:  632:      insert(const_iterator __hint, node_type&& __nh)
<         -:  633:      { return _M_t._M_reinsert_node_hint_unique(__hint, std::move(__nh)); }
<         -:  634:
<         -:  635:      template<typename, typename>
<         -:  636:	friend class std::_Rb_tree_merge_helper;
<         -:  637:
<         -:  638:      template<typename _C2>
<         -:  639:	void
<         -:  640:	merge(map<_Key, _Tp, _C2, _Alloc>& __source)
<         -:  641:	{
<         -:  642:	  using _Merge_helper = _Rb_tree_merge_helper<map, _C2>;
<         -:  643:	  _M_t._M_merge_unique(_Merge_helper::_S_get_tree(__source));
<         -:  644:	}
<         -:  645:
<         -:  646:      template<typename _C2>
<         -:  647:	void
<         -:  648:	merge(map<_Key, _Tp, _C2, _Alloc>&& __source)
<         -:  649:	{ merge(__source); }
<         -:  650:
<         -:  651:      template<typename _C2>
<         -:  652:	void
<         -:  653:	merge(multimap<_Key, _Tp, _C2, _Alloc>& __source)
<         -:  654:	{
<         -:  655:	  using _Merge_helper = _Rb_tree_merge_helper<map, _C2>;
<         -:  656:	  _M_t._M_merge_unique(_Merge_helper::_S_get_tree(__source));
<         -:  657:	}
---
>         -:  241:      /// Allocator-extended initialier-list constructor.
>         -:  242:      map(initializer_list<value_type> __l, const allocator_type& __a)
>         -:  243:      : _M_t(_Compare(), _Pair_alloc_type(__a))
>         -:  244:      { _M_t._M_insert_unique(__l.begin(), __l.end()); }
>         -:  245:
>         -:  246:      /// Allocator-extended range constructor.
>         -:  247:      template<typename _InputIterator>
>         -:  248:	map(_InputIterator __first, _InputIterator __last,
>         -:  249:	    const allocator_type& __a)
>         -:  250:	: _M_t(_Compare(), _Pair_alloc_type(__a))
>         -:  251:	{ _M_t._M_insert_unique(__first, __last); }
>         -:  252:#endif
>         -:  253:
>         -:  254:      /**
>         -:  255:       *  @brief  Builds a %map from a range.
>         -:  256:       *  @param  __first  An input iterator.
>         -:  257:       *  @param  __last  An input iterator.
>         -:  258:       *
>         -:  259:       *  Create a %map consisting of copies of the elements from
>         -:  260:       *  [__first,__last).  This is linear in N if the range is
>         -:  261:       *  already sorted, and NlogN otherwise (where N is
>         -:  262:       *  distance(__first,__last)).
>         -:  263:       */
>         -:  264:      template<typename _InputIterator>
>         -:  265:	map(_InputIterator __first, _InputIterator __last)
>         -:  266:	: _M_t()
>         -:  267:	{ _M_t._M_insert_unique(__first, __last); }
>         -:  268:
>         -:  269:      /**
>         -:  270:       *  @brief  Builds a %map from a range.
>         -:  271:       *  @param  __first  An input iterator.
>         -:  272:       *  @param  __last  An input iterator.
>         -:  273:       *  @param  __comp  A comparison functor.
>         -:  274:       *  @param  __a  An allocator object.
>         -:  275:       *
>         -:  276:       *  Create a %map consisting of copies of the elements from
>         -:  277:       *  [__first,__last).  This is linear in N if the range is
>         -:  278:       *  already sorted, and NlogN otherwise (where N is
>         -:  279:       *  distance(__first,__last)).
>         -:  280:       */
>         -:  281:      template<typename _InputIterator>
>         -:  282:	map(_InputIterator __first, _InputIterator __last,
>         -:  283:	    const _Compare& __comp,
>         -:  284:	    const allocator_type& __a = allocator_type())
>         -:  285:	: _M_t(__comp, _Pair_alloc_type(__a))
>         -:  286:	{ _M_t._M_insert_unique(__first, __last); }
>         -:  287:
>         -:  288:#if __cplusplus >= 201103L
>         -:  289:      /**
>         -:  290:       *  The dtor only erases the elements, and note that if the elements
>         -:  291:       *  themselves are pointers, the pointed-to memory is not touched in any
>         -:  292:       *  way.  Managing the pointer is the user's responsibility.
>         -:  293:       */
>     #####:  294:      ~map() = default;
>         -:  295:#endif
>         -:  296:
>         -:  297:      /**
>         -:  298:       *  @brief  %Map assignment operator.
>         -:  299:       *
>         -:  300:       *  Whether the allocator is copied depends on the allocator traits.
>         -:  301:       */
[...]
>         -: 1229:       *  or end() if no such element exists.
>         -: 1230:       */
>         -: 1231:      iterator
>     #####: 1232:      lower_bound(const key_type& __x)
>     #####: 1233:      { return _M_t.lower_bound(__x); }
>         -: 1234:
>         -: 1235:#if __cplusplus > 201103L
>         -: 1236:      template<typename _Kt>
>         -: 1237:	auto
>         -: 1238:	lower_bound(const _Kt& __x)
>         -: 1239:	-> decltype(iterator(_M_t._M_lower_bound_tr(__x)))
>         -: 1240:	{ return iterator(_M_t._M_lower_bound_tr(__x)); }
>         -: 1241:#endif
>         -: 1242:      //@}
>         -: 1243:
>         -: 1244:      //@{
>         -: 1245:      /**
>         -: 1246:       *  @brief Finds the beginning of a subsequence matching given key.
>         -: 1247:       *  @param  __x  Key of (key, value) pair to be located.
>         -: 1248:       *  @return  Read-only (constant) iterator pointing to first element
>         -: 1249:       *           equal to or greater than key, or end().
>         -: 1250:       *
>         -: 1251:       *  This function returns the first element of a subsequence of elements
>         -: 1252:       *  that matches the given key.  If unsuccessful it returns an iterator
>         -: 1253:       *  pointing to the first element that has a greater value than given key
>         -: 1254:       *  or end() if no such element exists.
>         -: 1255:       */
>         -: 1256:      const_iterator
>         -: 1257:      lower_bound(const key_type& __x) const
>         -: 1258:      { return _M_t.lower_bound(__x); }
>         -: 1259:
>         -: 1260:#if __cplusplus > 201103L
>         -: 1261:      template<typename _Kt>
>         -: 1262:	auto
>         -: 1263:	lower_bound(const _Kt& __x) const
>         -: 1264:	-> decltype(const_iterator(_M_t._M_lower_bound_tr(__x)))
>         -: 1265:	{ return const_iterator(_M_t._M_lower_bound_tr(__x)); }
>         -: 1266:#endif
>         -: 1267:      //@}
>         -: 1268:
>         -: 1269:      //@{
>         -: 1270:      /**
>         -: 1271:       *  @brief Finds the end of a subsequence matching given key.
>         -: 1272:       *  @param  __x  Key of (key, value) pair to be located.
>         -: 1273:       *  @return Iterator pointing to the first element
>         -: 1274:       *          greater than key, or end().
>         -: 1275:       */
>         -: 1276:      iterator
>         -: 1277:      upper_bound(const key_type& __x)
>         -: 1278:      { return _M_t.upper_bound(__x); }
>         -: 1279:
>         -: 1280:#if __cplusplus > 201103L
>         -: 1281:      template<typename _Kt>
>         -: 1282:	auto
>         -: 1283:	upper_bound(const _Kt& __x)
>         -: 1284:	-> decltype(iterator(_M_t._M_upper_bound_tr(__x)))
>         -: 1285:	{ return iterator(_M_t._M_upper_bound_tr(__x)); }
>         -: 1286:#endif
>         -: 1287:      //@}
>         -: 1288:
>         -: 1289:      //@{
>         -: 1290:      /**
>         -: 1291:       *  @brief Finds the end of a subsequence matching given key.
>         -: 1292:       *  @param  __x  Key of (key, value) pair to be located.
>         -: 1293:       *  @return  Read-only (constant) iterator pointing to first iterator
>         -: 1294:       *           greater than key, or end().
>         -: 1295:       */
>         -: 1296:      const_iterator
>         -: 1297:      upper_bound(const key_type& __x) const
>         -: 1298:      { return _M_t.upper_bound(__x); }
>         -: 1299:
>         -: 1300:#if __cplusplus > 201103L
>         -: 1301:      template<typename _Kt>
>         -: 1302:	auto
>         -: 1303:	upper_bound(const _Kt& __x) const
>         -: 1304:	-> decltype(const_iterator(_M_t._M_upper_bound_tr(__x)))
>         -: 1305:	{ return const_iterator(_M_t._M_upper_bound_tr(__x)); }
>         -: 1306:#endif
>         -: 1307:      //@}
>         -: 1308:
>         -: 1309:      //@{
>         -: 1310:      /**
>         -: 1311:       *  @brief Finds a subsequence matching given key.
>         -: 1312:       *  @param  __x  Key of (key, value) pairs to be located.
>         -: 1313:       *  @return  Pair of iterators that possibly points to the subsequence
>         -: 1314:       *           matching given key.
>         -: 1315:       *
>         -: 1316:       *  This function is equivalent to
>         -: 1317:       *  @code
>         -: 1318:       *    std::make_pair(c.lower_bound(val),
>         -: 1319:       *                   c.upper_bound(val))
>         -: 1320:       *  @endcode
>         -: 1321:       *  (but is faster than making the calls separately).
>         -: 1322:       *
>         -: 1323:       *  This function probably only makes sense for multimaps.
>         -: 1324:       */
>         -: 1325:      std::pair<iterator, iterator>
>         -: 1326:      equal_range(const key_type& __x)
>         -: 1327:      { return _M_t.equal_range(__x); }
>         -: 1328:
>         -: 1329:#if __cplusplus > 201103L
>         -: 1330:      template<typename _Kt>
>         -: 1331:	auto
>         -: 1332:	equal_range(const _Kt& __x)
>         -: 1333:	-> decltype(pair<iterator, iterator>(_M_t._M_equal_range_tr(__x)))
>         -: 1334:	{ return pair<iterator, iterator>(_M_t._M_equal_range_tr(__x)); }
>         -: 1335:#endif
>         -: 1336:      //@}
>         -: 1337:
>         -: 1338:      //@{
>         -: 1339:      /**
>         -: 1340:       *  @brief Finds a subsequence matching given key.
>         -: 1341:       *  @param  __x  Key of (key, value) pairs to be located.
>         -: 1342:       *  @return  Pair of read-only (constant) iterators that possibly points
>         -: 1343:       *           to the subsequence matching given key.
>         -: 1344:       *
>         -: 1345:       *  This function is equivalent to
>         -: 1346:       *  @code
>         -: 1347:       *    std::make_pair(c.lower_bound(val),
>         -: 1348:       *                   c.upper_bound(val))
>         -: 1349:       *  @endcode
>         -: 1350:       *  (but is faster than making the calls separately).
>         -: 1351:       *
>         -: 1352:       *  This function probably only makes sense for multimaps.
>         -: 1353:       */
>         -: 1354:      std::pair<const_iterator, const_iterator>
>         -: 1355:      equal_range(const key_type& __x) const
>         -: 1356:      { return _M_t.equal_range(__x); }
>         -: 1357:
>         -: 1358:#if __cplusplus > 201103L
>         -: 1359:      template<typename _Kt>
>         -: 1360:	auto
>         -: 1361:	equal_range(const _Kt& __x) const
>         -: 1362:	-> decltype(pair<const_iterator, const_iterator>(
>         -: 1363:	      _M_t._M_equal_range_tr(__x)))
>         -: 1364:	{
>         -: 1365:	  return pair<const_iterator, const_iterator>(
>         -: 1366:	      _M_t._M_equal_range_tr(__x));
>         -: 1367:	}
>         -: 1368:#endif
>         -: 1369:      //@}
>         -: 1370:
>         -: 1371:      template<typename _K1, typename _T1, typename _C1, typename _A1>
>         -: 1372:	friend bool
>         -: 1373:	operator==(const map<_K1, _T1, _C1, _A1>&,
>         -: 1374:		   const map<_K1, _T1, _C1, _A1>&);
>         -: 1375:
>         -: 1376:      template<typename _K1, typename _T1, typename _C1, typename _A1>
>         -: 1377:	friend bool
>         -: 1378:	operator<(const map<_K1, _T1, _C1, _A1>&,
>         -: 1379:		  const map<_K1, _T1, _C1, _A1>&);
>         -: 1380:    };
2401,2432c1384,1415
<         -: 1382:      template<typename _K1, typename _T1, typename _C1, typename _A1>
<         -: 1383:	friend bool
<         -: 1384:	operator<(const map<_K1, _T1, _C1, _A1>&,
<         -: 1385:		  const map<_K1, _T1, _C1, _A1>&);
<         -: 1386:    };
<         -: 1387:
<         -: 1388:
<         -: 1389:#if __cpp_deduction_guides >= 201606
<         -: 1390:
<         -: 1391:  template<typename _InputIterator,
<         -: 1392:	   typename _Compare = less<__iter_key_t<_InputIterator>>,
<         -: 1393:	   typename _Allocator = allocator<__iter_to_alloc_t<_InputIterator>>,
<         -: 1394:	   typename = _RequireInputIter<_InputIterator>,
<         -: 1395:	   typename = _RequireAllocator<_Allocator>>
<         -: 1396:    map(_InputIterator, _InputIterator,
<         -: 1397:	_Compare = _Compare(), _Allocator = _Allocator())
<         -: 1398:    -> map<__iter_key_t<_InputIterator>, __iter_val_t<_InputIterator>,
<         -: 1399:	   _Compare, _Allocator>;
<         -: 1400:
<         -: 1401:  template<typename _Key, typename _Tp, typename _Compare = less<_Key>,
<         -: 1402:	   typename _Allocator = allocator<pair<const _Key, _Tp>>,
<         -: 1403:	   typename = _RequireAllocator<_Allocator>>
<         -: 1404:    map(initializer_list<pair<_Key, _Tp>>,
<         -: 1405:	_Compare = _Compare(), _Allocator = _Allocator())
<         -: 1406:    -> map<_Key, _Tp, _Compare, _Allocator>;
<         -: 1407:
<         -: 1408:  template <typename _InputIterator, typename _Allocator,
<         -: 1409:	    typename = _RequireInputIter<_InputIterator>,
<         -: 1410:	    typename = _RequireAllocator<_Allocator>>
<         -: 1411:    map(_InputIterator, _InputIterator, _Allocator)
<         -: 1412:    -> map<__iter_key_t<_InputIterator>, __iter_val_t<_InputIterator>,
<         -: 1413:	   less<__iter_key_t<_InputIterator>>, _Allocator>;
---
>         -: 1382:  /**
>         -: 1383:   *  @brief  Map equality comparison.
>         -: 1384:   *  @param  __x  A %map.
>         -: 1385:   *  @param  __y  A %map of the same type as @a x.
>         -: 1386:   *  @return  True iff the size and elements of the maps are equal.
>         -: 1387:   *
>         -: 1388:   *  This is an equivalence relation.  It is linear in the size of the
>         -: 1389:   *  maps.  Maps are considered equivalent if their sizes are equal,
>         -: 1390:   *  and if corresponding elements compare equal.
>         -: 1391:  */
>         -: 1392:  template<typename _Key, typename _Tp, typename _Compare, typename _Alloc>
>         -: 1393:    inline bool
>         -: 1394:    operator==(const map<_Key, _Tp, _Compare, _Alloc>& __x,
>         -: 1395:	       const map<_Key, _Tp, _Compare, _Alloc>& __y)
>         -: 1396:    { return __x._M_t == __y._M_t; }
>         -: 1397:
>         -: 1398:  /**
>         -: 1399:   *  @brief  Map ordering relation.
>         -: 1400:   *  @param  __x  A %map.
>         -: 1401:   *  @param  __y  A %map of the same type as @a x.
>         -: 1402:   *  @return  True iff @a x is lexicographically less than @a y.
>         -: 1403:   *
>         -: 1404:   *  This is a total ordering relation.  It is linear in the size of the
>         -: 1405:   *  maps.  The elements must be comparable with @c <.
>         -: 1406:   *
>         -: 1407:   *  See std::lexicographical_compare() for how the determination is made.
>         -: 1408:  */
>         -: 1409:  template<typename _Key, typename _Tp, typename _Compare, typename _Alloc>
>         -: 1410:    inline bool
>         -: 1411:    operator<(const map<_Key, _Tp, _Compare, _Alloc>& __x,
>         -: 1412:	      const map<_Key, _Tp, _Compare, _Alloc>& __y)
>         -: 1413:    { return __x._M_t < __y._M_t; }
2434,2439c1417,1422
<         -: 1415:  template<typename _Key, typename _Tp, typename _Allocator,
<         -: 1416:	   typename = _RequireAllocator<_Allocator>>
<         -: 1417:    map(initializer_list<pair<_Key, _Tp>>, _Allocator)
<         -: 1418:    -> map<_Key, _Tp, less<_Key>, _Allocator>;
<         -: 1419:
<         -: 1420:#endif
---
>         -: 1415:  /// Based on operator==
>         -: 1416:  template<typename _Key, typename _Tp, typename _Compare, typename _Alloc>
>         -: 1417:    inline bool
>         -: 1418:    operator!=(const map<_Key, _Tp, _Compare, _Alloc>& __x,
>         -: 1419:	       const map<_Key, _Tp, _Compare, _Alloc>& __y)
>         -: 1420:    { return !(__x == __y); }
2441,2486c1424,1469
<         -: 1422:  /**
<         -: 1423:   *  @brief  Map equality comparison.
<         -: 1424:   *  @param  __x  A %map.
<         -: 1425:   *  @param  __y  A %map of the same type as @a x.
<         -: 1426:   *  @return  True iff the size and elements of the maps are equal.
<         -: 1427:   *
<         -: 1428:   *  This is an equivalence relation.  It is linear in the size of the
<         -: 1429:   *  maps.  Maps are considered equivalent if their sizes are equal,
<         -: 1430:   *  and if corresponding elements compare equal.
<         -: 1431:  */
<         -: 1432:  template<typename _Key, typename _Tp, typename _Compare, typename _Alloc>
<         -: 1433:    inline bool
<         -: 1434:    operator==(const map<_Key, _Tp, _Compare, _Alloc>& __x,
<         -: 1435:	       const map<_Key, _Tp, _Compare, _Alloc>& __y)
<         -: 1436:    { return __x._M_t == __y._M_t; }
<         -: 1437:
<         -: 1438:  /**
<         -: 1439:   *  @brief  Map ordering relation.
<         -: 1440:   *  @param  __x  A %map.
<         -: 1441:   *  @param  __y  A %map of the same type as @a x.
<         -: 1442:   *  @return  True iff @a x is lexicographically less than @a y.
<         -: 1443:   *
<         -: 1444:   *  This is a total ordering relation.  It is linear in the size of the
<         -: 1445:   *  maps.  The elements must be comparable with @c <.
<         -: 1446:   *
<         -: 1447:   *  See std::lexicographical_compare() for how the determination is made.
<         -: 1448:  */
<         -: 1449:  template<typename _Key, typename _Tp, typename _Compare, typename _Alloc>
<         -: 1450:    inline bool
<         -: 1451:    operator<(const map<_Key, _Tp, _Compare, _Alloc>& __x,
<         -: 1452:	      const map<_Key, _Tp, _Compare, _Alloc>& __y)
<         -: 1453:    { return __x._M_t < __y._M_t; }
<         -: 1454:
<         -: 1455:  /// Based on operator==
<         -: 1456:  template<typename _Key, typename _Tp, typename _Compare, typename _Alloc>
<         -: 1457:    inline bool
<         -: 1458:    operator!=(const map<_Key, _Tp, _Compare, _Alloc>& __x,
<         -: 1459:	       const map<_Key, _Tp, _Compare, _Alloc>& __y)
<         -: 1460:    { return !(__x == __y); }
<         -: 1461:
<         -: 1462:  /// Based on operator<
<         -: 1463:  template<typename _Key, typename _Tp, typename _Compare, typename _Alloc>
<         -: 1464:    inline bool
<         -: 1465:    operator>(const map<_Key, _Tp, _Compare, _Alloc>& __x,
<         -: 1466:	      const map<_Key, _Tp, _Compare, _Alloc>& __y)
<         -: 1467:    { return __y < __x; }
---
>         -: 1422:  /// Based on operator<
>         -: 1423:  template<typename _Key, typename _Tp, typename _Compare, typename _Alloc>
>         -: 1424:    inline bool
>         -: 1425:    operator>(const map<_Key, _Tp, _Compare, _Alloc>& __x,
>         -: 1426:	      const map<_Key, _Tp, _Compare, _Alloc>& __y)
>         -: 1427:    { return __y < __x; }
>         -: 1428:
>         -: 1429:  /// Based on operator<
>         -: 1430:  template<typename _Key, typename _Tp, typename _Compare, typename _Alloc>
>         -: 1431:    inline bool
>         -: 1432:    operator<=(const map<_Key, _Tp, _Compare, _Alloc>& __x,
>         -: 1433:	       const map<_Key, _Tp, _Compare, _Alloc>& __y)
>         -: 1434:    { return !(__y < __x); }
>         -: 1435:
>         -: 1436:  /// Based on operator<
>         -: 1437:  template<typename _Key, typename _Tp, typename _Compare, typename _Alloc>
>         -: 1438:    inline bool
>         -: 1439:    operator>=(const map<_Key, _Tp, _Compare, _Alloc>& __x,
>         -: 1440:	       const map<_Key, _Tp, _Compare, _Alloc>& __y)
>         -: 1441:    { return !(__x < __y); }
>         -: 1442:
>         -: 1443:  /// See std::map::swap().
>         -: 1444:  template<typename _Key, typename _Tp, typename _Compare, typename _Alloc>
>         -: 1445:    inline void
>         -: 1446:    swap(map<_Key, _Tp, _Compare, _Alloc>& __x,
>         -: 1447:	 map<_Key, _Tp, _Compare, _Alloc>& __y)
>         -: 1448:    _GLIBCXX_NOEXCEPT_IF(noexcept(__x.swap(__y)))
>         -: 1449:    { __x.swap(__y); }
>         -: 1450:
>         -: 1451:_GLIBCXX_END_NAMESPACE_CONTAINER
>         -: 1452:
>         -: 1453:#if __cplusplus > 201402L
>         -: 1454:_GLIBCXX_BEGIN_NAMESPACE_VERSION
>         -: 1455:  // Allow std::map access to internals of compatible maps.
>         -: 1456:  template<typename _Key, typename _Val, typename _Cmp1, typename _Alloc,
>         -: 1457:	   typename _Cmp2>
>         -: 1458:    struct
>         -: 1459:    _Rb_tree_merge_helper<_GLIBCXX_STD_C::map<_Key, _Val, _Cmp1, _Alloc>,
>         -: 1460:			  _Cmp2>
>         -: 1461:    {
>         -: 1462:    private:
>         -: 1463:      friend class _GLIBCXX_STD_C::map<_Key, _Val, _Cmp1, _Alloc>;
>         -: 1464:
>         -: 1465:      static auto&
>         -: 1466:      _S_get_tree(_GLIBCXX_STD_C::map<_Key, _Val, _Cmp2, _Alloc>& __map)
>         -: 1467:      { return __map._M_t; }
2488,2493c1471,1476
<         -: 1469:  /// Based on operator<
<         -: 1470:  template<typename _Key, typename _Tp, typename _Compare, typename _Alloc>
<         -: 1471:    inline bool
<         -: 1472:    operator<=(const map<_Key, _Tp, _Compare, _Alloc>& __x,
<         -: 1473:	       const map<_Key, _Tp, _Compare, _Alloc>& __y)
<         -: 1474:    { return !(__y < __x); }
---
>         -: 1469:      static auto&
>         -: 1470:      _S_get_tree(_GLIBCXX_STD_C::multimap<_Key, _Val, _Cmp2, _Alloc>& __map)
>         -: 1471:      { return __map._M_t; }
>         -: 1472:    };
>         -: 1473:_GLIBCXX_END_NAMESPACE_VERSION
>         -: 1474:#endif // C++17
2495,2536c1478,1480
<         -: 1476:  /// Based on operator<
<         -: 1477:  template<typename _Key, typename _Tp, typename _Compare, typename _Alloc>
<         -: 1478:    inline bool
<         -: 1479:    operator>=(const map<_Key, _Tp, _Compare, _Alloc>& __x,
<         -: 1480:	       const map<_Key, _Tp, _Compare, _Alloc>& __y)
<         -: 1481:    { return !(__x < __y); }
<         -: 1482:
<         -: 1483:  /// See std::map::swap().
<         -: 1484:  template<typename _Key, typename _Tp, typename _Compare, typename _Alloc>
<         -: 1485:    inline void
<         -: 1486:    swap(map<_Key, _Tp, _Compare, _Alloc>& __x,
<         -: 1487:	 map<_Key, _Tp, _Compare, _Alloc>& __y)
<         -: 1488:    _GLIBCXX_NOEXCEPT_IF(noexcept(__x.swap(__y)))
<         -: 1489:    { __x.swap(__y); }
<         -: 1490:
<         -: 1491:_GLIBCXX_END_NAMESPACE_CONTAINER
<         -: 1492:
<         -: 1493:#if __cplusplus > 201402L
<         -: 1494:  // Allow std::map access to internals of compatible maps.
<         -: 1495:  template<typename _Key, typename _Val, typename _Cmp1, typename _Alloc,
<         -: 1496:	   typename _Cmp2>
<         -: 1497:    struct
<         -: 1498:    _Rb_tree_merge_helper<_GLIBCXX_STD_C::map<_Key, _Val, _Cmp1, _Alloc>,
<         -: 1499:			  _Cmp2>
<         -: 1500:    {
<         -: 1501:    private:
<         -: 1502:      friend class _GLIBCXX_STD_C::map<_Key, _Val, _Cmp1, _Alloc>;
<         -: 1503:
<         -: 1504:      static auto&
<         -: 1505:      _S_get_tree(_GLIBCXX_STD_C::map<_Key, _Val, _Cmp2, _Alloc>& __map)
<         -: 1506:      { return __map._M_t; }
<         -: 1507:
<         -: 1508:      static auto&
<         -: 1509:      _S_get_tree(_GLIBCXX_STD_C::multimap<_Key, _Val, _Cmp2, _Alloc>& __map)
<         -: 1510:      { return __map._M_t; }
<         -: 1511:    };
<         -: 1512:#endif // C++17
<         -: 1513:
<         -: 1514:_GLIBCXX_END_NAMESPACE_VERSION
<         -: 1515:} // namespace std
<         -: 1516:
<         -: 1517:#endif /* _STL_MAP_H */
---
>         -: 1476:} // namespace std
>         -: 1477:
>         -: 1478:#endif /* _STL_MAP_H */
