1,2c1,2
<         -:    0:Source:/usr/include/c++/8/bits/stl_tree.h
<         -:    0:Programs:51
---
>         -:    0:Source:/usr/include/c++/7/bits/stl_tree.h
>         -:    0:Programs:3
5c5
<         -:    3:// Copyright (C) 2001-2018 Free Software Foundation, Inc.
---
>         -:    3:// Copyright (C) 2001-2017 Free Software Foundation, Inc.
96c96
<         -:   94:  //
---
>         -:   94:  // 
114c114
<     #####:  112:    _S_minimum(_Base_ptr __x) _GLIBCXX_NOEXCEPT
---
>         -:  112:    _S_minimum(_Base_ptr __x) _GLIBCXX_NOEXCEPT
116,117c116,117
<     #####:  114:      while (__x->_M_left != 0) __x = __x->_M_left;
<     #####:  115:      return __x;
---
>         -:  114:      while (__x->_M_left != 0) __x = __x->_M_left;
>         -:  115:      return __x;
128c128
<     #####:  126:    _S_maximum(_Base_ptr __x) _GLIBCXX_NOEXCEPT
---
>         -:  126:    _S_maximum(_Base_ptr __x) _GLIBCXX_NOEXCEPT
130,131c130,131
<     #####:  128:      while (__x->_M_right != 0) __x = __x->_M_right;
<     #####:  129:      return __x;
---
>         -:  128:      while (__x->_M_right != 0) __x = __x->_M_right;
>         -:  129:      return __x;
148,175d147
<        5*:  146:      _Rb_tree_key_compare()
<         -:  147:      _GLIBCXX_NOEXCEPT_IF(
<         -:  148:	is_nothrow_default_constructible<_Key_compare>::value)
<         -:  149:      : _M_key_compare()
<        5*:  150:      { }
< ------------------
< _ZNSt20_Rb_tree_key_compareIN7OpenDDS4DCPS17GUID_tKeyLessThanEEC2Ev:
<     #####:  146:      _Rb_tree_key_compare()
<         -:  147:      _GLIBCXX_NOEXCEPT_IF(
<         -:  148:	is_nothrow_default_constructible<_Key_compare>::value)
<         -:  149:      : _M_key_compare()
<     #####:  150:      { }
< ------------------
< _ZNSt20_Rb_tree_key_compareISt4lessImEEC2Ev:
<     #####:  146:      _Rb_tree_key_compare()
<         -:  147:      _GLIBCXX_NOEXCEPT_IF(
<         -:  148:	is_nothrow_default_constructible<_Key_compare>::value)
<         -:  149:      : _M_key_compare()
<     #####:  150:      { }
< ------------------
< _ZNSt20_Rb_tree_key_compareIN7OpenDDS4DCPS17GUID_tKeyLessThanEEC2Ev:
<     #####:  146:      _Rb_tree_key_compare()
<         -:  147:      _GLIBCXX_NOEXCEPT_IF(
<         -:  148:	is_nothrow_default_constructible<_Key_compare>::value)
<         -:  149:      : _M_key_compare()
<     #####:  150:      { }
< ------------------
< _ZNSt20_Rb_tree_key_compareISt4lessImEEC2Ev:
181,216d152
< ------------------
< _ZNSt20_Rb_tree_key_compareIN7OpenDDS4DCPS17GUID_tKeyLessThanEEC2Ev:
<     #####:  146:      _Rb_tree_key_compare()
<         -:  147:      _GLIBCXX_NOEXCEPT_IF(
<         -:  148:	is_nothrow_default_constructible<_Key_compare>::value)
<         -:  149:      : _M_key_compare()
<     #####:  150:      { }
< ------------------
< _ZNSt20_Rb_tree_key_compareISt4lessIN7OpenDDS4DCPS12WeakRcHandleINS2_15TransportClientEEEEEC2Ev:
<         5:  146:      _Rb_tree_key_compare()
<         -:  147:      _GLIBCXX_NOEXCEPT_IF(
<         -:  148:	is_nothrow_default_constructible<_Key_compare>::value)
<         -:  149:      : _M_key_compare()
<         5:  150:      { }
< ------------------
< _ZNSt20_Rb_tree_key_compareISt4lessIiEEC2Ev:
<     #####:  146:      _Rb_tree_key_compare()
<         -:  147:      _GLIBCXX_NOEXCEPT_IF(
<         -:  148:	is_nothrow_default_constructible<_Key_compare>::value)
<         -:  149:      : _M_key_compare()
<     #####:  150:      { }
< ------------------
< _ZNSt20_Rb_tree_key_compareISt4lessINSt7__cxx1112basic_stringIcSt11char_traitsIcESaIcEEEEEC2Ev:
<     #####:  146:      _Rb_tree_key_compare()
<         -:  147:      _GLIBCXX_NOEXCEPT_IF(
<         -:  148:	is_nothrow_default_constructible<_Key_compare>::value)
<         -:  149:      : _M_key_compare()
<     #####:  150:      { }
< ------------------
< _ZNSt20_Rb_tree_key_compareISt4lessIN7OpenDDS4DCPS14SequenceNumberEEEC2Ev:
<     #####:  146:      _Rb_tree_key_compare()
<         -:  147:      _GLIBCXX_NOEXCEPT_IF(
<         -:  148:	is_nothrow_default_constructible<_Key_compare>::value)
<         -:  149:      : _M_key_compare()
<     #####:  150:      { }
< ------------------
218c154
<     #####:  152:      _Rb_tree_key_compare(const _Key_compare& __comp)
---
>         -:  152:      _Rb_tree_key_compare(const _Key_compare& __comp)
220c156
<     #####:  154:      { }
---
>         -:  154:      { }
244,293d179
< ------------------
< _ZNSt15_Rb_tree_headerC2Ev:
<     #####:  173:    _Rb_tree_header() _GLIBCXX_NOEXCEPT
<     #####:  174:    {
<     #####:  175:      _M_header._M_color = _S_red;
<     #####:  176:      _M_reset();
<     #####:  177:    }
< ------------------
< _ZNSt15_Rb_tree_headerC2Ev:
<     #####:  173:    _Rb_tree_header() _GLIBCXX_NOEXCEPT
<     #####:  174:    {
<     #####:  175:      _M_header._M_color = _S_red;
<     #####:  176:      _M_reset();
<     #####:  177:    }
< ------------------
< _ZNSt15_Rb_tree_headerC2Ev:
<     #####:  173:    _Rb_tree_header() _GLIBCXX_NOEXCEPT
<     #####:  174:    {
<     #####:  175:      _M_header._M_color = _S_red;
<     #####:  176:      _M_reset();
<     #####:  177:    }
< ------------------
< _ZNSt15_Rb_tree_headerC2Ev:
<     #####:  173:    _Rb_tree_header() _GLIBCXX_NOEXCEPT
<     #####:  174:    {
<     #####:  175:      _M_header._M_color = _S_red;
<     #####:  176:      _M_reset();
<     #####:  177:    }
< ------------------
< _ZNSt15_Rb_tree_headerC2Ev:
<     #####:  173:    _Rb_tree_header() _GLIBCXX_NOEXCEPT
<     #####:  174:    {
<     #####:  175:      _M_header._M_color = _S_red;
<     #####:  176:      _M_reset();
<     #####:  177:    }
< ------------------
< _ZNSt15_Rb_tree_headerC2Ev:
<     #####:  173:    _Rb_tree_header() _GLIBCXX_NOEXCEPT
<     #####:  174:    {
<     #####:  175:      _M_header._M_color = _S_red;
<     #####:  176:      _M_reset();
<     #####:  177:    }
< ------------------
< _ZNSt15_Rb_tree_headerC2Ev:
<     #####:  173:    _Rb_tree_header() _GLIBCXX_NOEXCEPT
<     #####:  174:    {
<     #####:  175:      _M_header._M_color = _S_red;
<     #####:  176:      _M_reset();
<     #####:  177:    }
< ------------------
329,410d214
< ------------------
< _ZNSt15_Rb_tree_header8_M_resetEv:
<     #####:  206:    _M_reset()
<         -:  207:    {
<     #####:  208:      _M_header._M_parent = 0;
<     #####:  209:      _M_header._M_left = &_M_header;
<     #####:  210:      _M_header._M_right = &_M_header;
<     #####:  211:      _M_node_count = 0;
<     #####:  212:    }
< ------------------
< _ZNSt15_Rb_tree_header8_M_resetEv:
<     #####:  206:    _M_reset()
<         -:  207:    {
<     #####:  208:      _M_header._M_parent = 0;
<     #####:  209:      _M_header._M_left = &_M_header;
<     #####:  210:      _M_header._M_right = &_M_header;
<     #####:  211:      _M_node_count = 0;
<     #####:  212:    }
< ------------------
< _ZNSt15_Rb_tree_header8_M_resetEv:
<     #####:  206:    _M_reset()
<         -:  207:    {
<     #####:  208:      _M_header._M_parent = 0;
<     #####:  209:      _M_header._M_left = &_M_header;
<     #####:  210:      _M_header._M_right = &_M_header;
<     #####:  211:      _M_node_count = 0;
<     #####:  212:    }
< ------------------
< _ZNSt15_Rb_tree_header8_M_resetEv:
<     #####:  206:    _M_reset()
<         -:  207:    {
<     #####:  208:      _M_header._M_parent = 0;
<     #####:  209:      _M_header._M_left = &_M_header;
<     #####:  210:      _M_header._M_right = &_M_header;
<     #####:  211:      _M_node_count = 0;
<     #####:  212:    }
< ------------------
< _ZNSt15_Rb_tree_header8_M_resetEv:
<     #####:  206:    _M_reset()
<         -:  207:    {
<     #####:  208:      _M_header._M_parent = 0;
<     #####:  209:      _M_header._M_left = &_M_header;
<     #####:  210:      _M_header._M_right = &_M_header;
<     #####:  211:      _M_node_count = 0;
<     #####:  212:    }
< ------------------
< _ZNSt15_Rb_tree_header8_M_resetEv:
<     #####:  206:    _M_reset()
<         -:  207:    {
<     #####:  208:      _M_header._M_parent = 0;
<     #####:  209:      _M_header._M_left = &_M_header;
<     #####:  210:      _M_header._M_right = &_M_header;
<     #####:  211:      _M_node_count = 0;
<     #####:  212:    }
< ------------------
< _ZNSt15_Rb_tree_header8_M_resetEv:
<     #####:  206:    _M_reset()
<         -:  207:    {
<     #####:  208:      _M_header._M_parent = 0;
<     #####:  209:      _M_header._M_left = &_M_header;
<     #####:  210:      _M_header._M_right = &_M_header;
<     #####:  211:      _M_node_count = 0;
<     #####:  212:    }
< ------------------
< _ZNSt15_Rb_tree_header8_M_resetEv:
<     #####:  206:    _M_reset()
<         -:  207:    {
<     #####:  208:      _M_header._M_parent = 0;
<     #####:  209:      _M_header._M_left = &_M_header;
<     #####:  210:      _M_header._M_right = &_M_header;
<     #####:  211:      _M_node_count = 0;
<     #####:  212:    }
< ------------------
< _ZNSt15_Rb_tree_header8_M_resetEv:
<     #####:  206:    _M_reset()
<         -:  207:    {
<     #####:  208:      _M_header._M_parent = 0;
<     #####:  209:      _M_header._M_left = &_M_header;
<     #####:  210:      _M_header._M_right = &_M_header;
<     #####:  211:      _M_node_count = 0;
<     #####:  212:    }
< ------------------
432,471d235
<     2573*:  234:      _M_valptr()
<     2573*:  235:      { return _M_storage._M_ptr(); }
< ------------------
< _ZNSt13_Rb_tree_nodeISt4pairIKm18TAO_FixedSeq_Var_TIN7OpenDDS4DCPS7GUIDSeqEEEE9_M_valptrEv:
<     #####:  234:      _M_valptr()
<     #####:  235:      { return _M_storage._M_ptr(); }
< ------------------
< _ZNSt13_Rb_tree_nodeISt4pairIKN7OpenDDS4DCPS14SequenceNumberES0_IPNS2_10BasicQueueINS2_21TransportQueueElementEEEP17ACE_Message_BlockEEE9_M_valptrEv:
<     #####:  234:      _M_valptr()
<     #####:  235:      { return _M_storage._M_ptr(); }
< ------------------
< _ZNSt13_Rb_tree_nodeISt4pairIKN7OpenDDS4DCPS14SequenceNumberESt3mapIS3_S0_IPNS2_10BasicQueueINS2_21TransportQueueElementEEEP17ACE_Message_BlockESt4lessIS3_ESaIS0_IS4_SC_EEEEE9_M_valptrEv:
<     #####:  234:      _M_valptr()
<     #####:  235:      { return _M_storage._M_ptr(); }
< ------------------
< _ZNSt13_Rb_tree_nodeISt4pairIKN7OpenDDS4DCPS14SequenceNumberENS2_6GUID_tEEE9_M_valptrEv:
<     #####:  234:      _M_valptr()
<     #####:  235:      { return _M_storage._M_ptr(); }
< ------------------
< _ZNSt13_Rb_tree_nodeISt4pairIKNSt7__cxx1112basic_stringIcSt11char_traitsIcESaIcEEEN7OpenDDS4DCPS8RcHandleINS9_13TransportInstEEEEE9_M_valptrEv:
<       712:  234:      _M_valptr()
<       712:  235:      { return _M_storage._M_ptr(); }
< ------------------
< _ZNSt13_Rb_tree_nodeISt4pairIKNSt7__cxx1112basic_stringIcSt11char_traitsIcESaIcEEES6_EE9_M_valptrEv:
<     #####:  234:      _M_valptr()
<     #####:  235:      { return _M_storage._M_ptr(); }
< ------------------
< _ZNSt13_Rb_tree_nodeISt4pairIKiN7OpenDDS4DCPS8RcHandleINS3_15TransportConfigEEEEE9_M_valptrEv:
<     #####:  234:      _M_valptr()
<     #####:  235:      { return _M_storage._M_ptr(); }
< ------------------
< _ZNSt13_Rb_tree_nodeISt4pairIKNSt7__cxx1112basic_stringIcSt11char_traitsIcESaIcEEEN7OpenDDS4DCPS8RcHandleINS9_15TransportConfigEEEEE9_M_valptrEv:
<       624:  234:      _M_valptr()
<       624:  235:      { return _M_storage._M_ptr(); }
< ------------------
< _ZNSt13_Rb_tree_nodeISt4pairIKNSt7__cxx1112basic_stringIcSt11char_traitsIcESaIcEEEN7OpenDDS4DCPS8RcHandleINS9_13TransportTypeEEEEE9_M_valptrEv:
<       178:  234:      _M_valptr()
<       178:  235:      { return _M_storage._M_ptr(); }
< ------------------
< _ZNSt13_Rb_tree_nodeISt4pairIKN7OpenDDS4DCPS19TransportReassembly7FragKeyENSt7__cxx114listINS3_9FragRangeESaIS8_EEEEE9_M_valptrEv:
474,546d237
< ------------------
< _ZNSt13_Rb_tree_nodeIN7OpenDDS4DCPS19TransportReassembly7FragKeyEE9_M_valptrEv:
<     #####:  234:      _M_valptr()
<     #####:  235:      { return _M_storage._M_ptr(); }
< ------------------
< _ZNSt13_Rb_tree_nodeISt4pairIKN7OpenDDS4DCPS12WeakRcHandleINS2_15TransportClientEEENS2_8RcHandleINS2_8DataLinkEEEEE9_M_valptrEv:
<         2:  234:      _M_valptr()
<         2:  235:      { return _M_storage._M_ptr(); }
< ------------------
< _ZNSt13_Rb_tree_nodeISt4pairIKN7OpenDDS4DCPS6GUID_tENS2_12WeakRcHandleINS2_24TransportReceiveListenerEEEEE9_M_valptrEv:
<     #####:  234:      _M_valptr()
<     #####:  235:      { return _M_storage._M_ptr(); }
< ------------------
< _ZNSt13_Rb_tree_nodeISt4pairIKmN7OpenDDS4DCPS8RcHandleINS3_8DataLinkEEEEE9_M_valptrEv:
<     #####:  234:      _M_valptr()
<     #####:  235:      { return _M_storage._M_ptr(); }
< ------------------
< _ZNSt13_Rb_tree_nodeIN7OpenDDS4DCPS6GUID_tEE9_M_valptrEv:
<     #####:  234:      _M_valptr()
<     #####:  235:      { return _M_storage._M_ptr(); }
< ------------------
< _ZNSt13_Rb_tree_nodeISt4pairIKN7OpenDDS4DCPS6GUID_tENS2_8RcHandleINS2_15TransportClient12PendingAssocEEEEE9_M_valptrEv:
<        73:  234:      _M_valptr()
<        73:  235:      { return _M_storage._M_ptr(); }
< ------------------
< _ZNSt13_Rb_tree_nodeISt4pairIKN7OpenDDS4DCPS6GUID_tENS2_8RcHandleINS2_8DataLinkEEEEE9_M_valptrEv:
<        80:  234:      _M_valptr()
<        80:  235:      { return _M_storage._M_ptr(); }
< ------------------
< _ZNSt13_Rb_tree_nodeISt4pairIKN7OpenDDS4DCPS6GUID_tENS2_8RcHandleINS2_11DataLinkSetEEEEE9_M_valptrEv:
<        54:  234:      _M_valptr()
<        54:  235:      { return _M_storage._M_ptr(); }
< ------------------
< _ZNSt13_Rb_tree_nodeISt4pairIKN7OpenDDS4DCPS6GUID_tENS2_12WeakRcHandleINS2_21TransportSendListenerEEEEE9_M_valptrEv:
<        18:  234:      _M_valptr()
<        18:  235:      { return _M_storage._M_ptr(); }
< ------------------
< _ZNSt13_Rb_tree_nodeISt4pairIKN7OpenDDS4DCPS6GUID_tENS2_12WeakRcHandleINS2_24TransportReceiveListenerEEEEE9_M_valptrEv:
<       188:  234:      _M_valptr()
<       188:  235:      { return _M_storage._M_ptr(); }
< ------------------
< _ZNSt13_Rb_tree_nodeISt4pairIKN7OpenDDS4DCPS6GUID_tENS2_8RcHandleINS2_18ReceiveListenerSetEEEEE9_M_valptrEv:
<       134:  234:      _M_valptr()
<       134:  235:      { return _M_storage._M_ptr(); }
< ------------------
< _ZNSt13_Rb_tree_nodeISt4pairIKN7OpenDDS4DCPS6GUID_tENS2_12WeakRcHandleINS2_24TransportReceiveListenerEEEEE9_M_valptrEv:
<     #####:  234:      _M_valptr()
<     #####:  235:      { return _M_storage._M_ptr(); }
< ------------------
< _ZNSt13_Rb_tree_nodeISt4pairIKmN7OpenDDS4DCPS8RcHandleINS3_8DataLinkEEEEE9_M_valptrEv:
<       415:  234:      _M_valptr()
<       415:  235:      { return _M_storage._M_ptr(); }
< ------------------
< _ZNSt13_Rb_tree_nodeISt4pairIKN7OpenDDS4DCPS6GUID_tENS2_12WeakRcHandleINS2_24TransportReceiveListenerEEEEE9_M_valptrEv:
<     #####:  234:      _M_valptr()
<     #####:  235:      { return _M_storage._M_ptr(); }
< ------------------
< _ZNSt13_Rb_tree_nodeISt4pairIKN7OpenDDS4DCPS6GUID_tENS2_8RcHandleINS2_18ReceiveListenerSetEEEEE9_M_valptrEv:
<     #####:  234:      _M_valptr()
<     #####:  235:      { return _M_storage._M_ptr(); }
< ------------------
< _ZNSt13_Rb_tree_nodeISt4pairIKN7OpenDDS4DCPS6GUID_tENS2_12WeakRcHandleINS2_21TransportSendListenerEEEEE9_M_valptrEv:
<     #####:  234:      _M_valptr()
<     #####:  235:      { return _M_storage._M_ptr(); }
< ------------------
< _ZNSt13_Rb_tree_nodeISt4pairIKN7OpenDDS4DCPS6GUID_tESt3setIS3_NS2_17GUID_tKeyLessThanESaIS3_EEEE9_M_valptrEv:
<        95:  234:      _M_valptr()
<        95:  235:      { return _M_storage._M_ptr(); }
< ------------------
< _ZNSt13_Rb_tree_nodeISt4pairIKN7OpenDDS4DCPS6GUID_tENS2_8RcHandleINS2_11DataLinkSetEEEEE9_M_valptrEv:
<     #####:  234:      _M_valptr()
<     #####:  235:      { return _M_storage._M_ptr(); }
< ------------------
549,660d239
<     2965*:  238:      _M_valptr() const
<     2965*:  239:      { return _M_storage._M_ptr(); }
< ------------------
< _ZNKSt13_Rb_tree_nodeISt4pairIKm18TAO_FixedSeq_Var_TIN7OpenDDS4DCPS7GUIDSeqEEEE9_M_valptrEv:
<     #####:  238:      _M_valptr() const
<     #####:  239:      { return _M_storage._M_ptr(); }
< ------------------
< _ZNKSt13_Rb_tree_nodeISt4pairIKN7OpenDDS4DCPS14SequenceNumberES0_IPNS2_10BasicQueueINS2_21TransportQueueElementEEEP17ACE_Message_BlockEEE9_M_valptrEv:
<     #####:  238:      _M_valptr() const
<     #####:  239:      { return _M_storage._M_ptr(); }
< ------------------
< _ZNKSt13_Rb_tree_nodeISt4pairIKN7OpenDDS4DCPS14SequenceNumberESt3mapIS3_S0_IPNS2_10BasicQueueINS2_21TransportQueueElementEEEP17ACE_Message_BlockESt4lessIS3_ESaIS0_IS4_SC_EEEEE9_M_valptrEv:
<     #####:  238:      _M_valptr() const
<     #####:  239:      { return _M_storage._M_ptr(); }
< ------------------
< _ZNKSt13_Rb_tree_nodeISt4pairIKN7OpenDDS4DCPS14SequenceNumberENS2_6GUID_tEEE9_M_valptrEv:
<     #####:  238:      _M_valptr() const
<     #####:  239:      { return _M_storage._M_ptr(); }
< ------------------
< _ZNKSt13_Rb_tree_nodeISt4pairIKNSt7__cxx1112basic_stringIcSt11char_traitsIcESaIcEEES6_EE9_M_valptrEv:
<     #####:  238:      _M_valptr() const
<     #####:  239:      { return _M_storage._M_ptr(); }
< ------------------
< _ZNKSt13_Rb_tree_nodeISt4pairIKNSt7__cxx1112basic_stringIcSt11char_traitsIcESaIcEEEN7OpenDDS4DCPS8RcHandleINS9_13TransportInstEEEEE9_M_valptrEv:
<       623:  238:      _M_valptr() const
<       623:  239:      { return _M_storage._M_ptr(); }
< ------------------
< _ZNKSt13_Rb_tree_nodeISt4pairIKNSt7__cxx1112basic_stringIcSt11char_traitsIcESaIcEEEN7OpenDDS4DCPS8RcHandleINS9_15TransportConfigEEEEE9_M_valptrEv:
<       924:  238:      _M_valptr() const
<       924:  239:      { return _M_storage._M_ptr(); }
< ------------------
< _ZNKSt13_Rb_tree_nodeISt4pairIKNSt7__cxx1112basic_stringIcSt11char_traitsIcESaIcEEEN7OpenDDS4DCPS8RcHandleINS9_13TransportTypeEEEEE9_M_valptrEv:
<       534:  238:      _M_valptr() const
<       534:  239:      { return _M_storage._M_ptr(); }
< ------------------
< _ZNKSt13_Rb_tree_nodeISt4pairIKN7OpenDDS4DCPS19TransportReassembly7FragKeyENSt7__cxx114listINS3_9FragRangeESaIS8_EEEEE9_M_valptrEv:
<     #####:  238:      _M_valptr() const
<     #####:  239:      { return _M_storage._M_ptr(); }
< ------------------
< _ZNKSt13_Rb_tree_nodeIN7OpenDDS4DCPS19TransportReassembly7FragKeyEE9_M_valptrEv:
<     #####:  238:      _M_valptr() const
<     #####:  239:      { return _M_storage._M_ptr(); }
< ------------------
< _ZNKSt13_Rb_tree_nodeISt4pairIKN7OpenDDS4DCPS12WeakRcHandleINS2_15TransportClientEEENS2_8RcHandleINS2_8DataLinkEEEEE9_M_valptrEv:
<     #####:  238:      _M_valptr() const
<     #####:  239:      { return _M_storage._M_ptr(); }
< ------------------
< _ZNKSt13_Rb_tree_nodeISt4pairIKN7OpenDDS4DCPS6GUID_tENS2_12WeakRcHandleINS2_21TransportSendListenerEEEEE9_M_valptrEv:
<        61:  238:      _M_valptr() const
<        61:  239:      { return _M_storage._M_ptr(); }
< ------------------
< _ZNKSt13_Rb_tree_nodeISt4pairIKN7OpenDDS4DCPS6GUID_tENS2_12WeakRcHandleINS2_24TransportReceiveListenerEEEEE9_M_valptrEv:
<     #####:  238:      _M_valptr() const
<     #####:  239:      { return _M_storage._M_ptr(); }
< ------------------
< _ZNKSt13_Rb_tree_nodeISt4pairIKiN7OpenDDS4DCPS8RcHandleINS3_15TransportConfigEEEEE9_M_valptrEv:
<     #####:  238:      _M_valptr() const
<     #####:  239:      { return _M_storage._M_ptr(); }
< ------------------
< _ZNKSt13_Rb_tree_nodeISt4pairIKN7OpenDDS4DCPS6GUID_tENS2_8RcHandleINS2_11DataLinkSetEEEEE9_M_valptrEv:
<        18:  238:      _M_valptr() const
<        18:  239:      { return _M_storage._M_ptr(); }
< ------------------
< _ZNKSt13_Rb_tree_nodeISt4pairIKmN7OpenDDS4DCPS8RcHandleINS3_8DataLinkEEEEE9_M_valptrEv:
<     #####:  238:      _M_valptr() const
<     #####:  239:      { return _M_storage._M_ptr(); }
< ------------------
< _ZNKSt13_Rb_tree_nodeISt4pairIKN7OpenDDS4DCPS6GUID_tENS2_8RcHandleINS2_15TransportClient12PendingAssocEEEEE9_M_valptrEv:
<        72:  238:      _M_valptr() const
<        72:  239:      { return _M_storage._M_ptr(); }
< ------------------
< _ZNKSt13_Rb_tree_nodeISt4pairIKN7OpenDDS4DCPS6GUID_tENS2_8RcHandleINS2_8DataLinkEEEEE9_M_valptrEv:
<        90:  238:      _M_valptr() const
<        90:  239:      { return _M_storage._M_ptr(); }
< ------------------
< _ZNKSt13_Rb_tree_nodeISt4pairIKN7OpenDDS4DCPS6GUID_tENS2_8RcHandleINS2_18ReceiveListenerSetEEEEE9_M_valptrEv:
<       300:  238:      _M_valptr() const
<       300:  239:      { return _M_storage._M_ptr(); }
< ------------------
< _ZNKSt13_Rb_tree_nodeISt4pairIKN7OpenDDS4DCPS6GUID_tENS2_12WeakRcHandleINS2_24TransportReceiveListenerEEEEE9_M_valptrEv:
<        79:  238:      _M_valptr() const
<        79:  239:      { return _M_storage._M_ptr(); }
< ------------------
< _ZNKSt13_Rb_tree_nodeISt4pairIKN7OpenDDS4DCPS6GUID_tENS2_12WeakRcHandleINS2_24TransportReceiveListenerEEEEE9_M_valptrEv:
<     #####:  238:      _M_valptr() const
<     #####:  239:      { return _M_storage._M_ptr(); }
< ------------------
< _ZNKSt13_Rb_tree_nodeIN7OpenDDS4DCPS6GUID_tEE9_M_valptrEv:
<     #####:  238:      _M_valptr() const
<     #####:  239:      { return _M_storage._M_ptr(); }
< ------------------
< _ZNKSt13_Rb_tree_nodeISt4pairIKmN7OpenDDS4DCPS8RcHandleINS3_8DataLinkEEEEE9_M_valptrEv:
<       102:  238:      _M_valptr() const
<       102:  239:      { return _M_storage._M_ptr(); }
< ------------------
< _ZNKSt13_Rb_tree_nodeISt4pairIKN7OpenDDS4DCPS6GUID_tENS2_12WeakRcHandleINS2_21TransportSendListenerEEEEE9_M_valptrEv:
<     #####:  238:      _M_valptr() const
<     #####:  239:      { return _M_storage._M_ptr(); }
< ------------------
< _ZNKSt13_Rb_tree_nodeISt4pairIKN7OpenDDS4DCPS6GUID_tENS2_12WeakRcHandleINS2_24TransportReceiveListenerEEEEE9_M_valptrEv:
<     #####:  238:      _M_valptr() const
<     #####:  239:      { return _M_storage._M_ptr(); }
< ------------------
< _ZNKSt13_Rb_tree_nodeIN7OpenDDS4DCPS6GUID_tEE9_M_valptrEv:
<     #####:  238:      _M_valptr() const
<     #####:  239:      { return _M_storage._M_ptr(); }
< ------------------
< _ZNKSt13_Rb_tree_nodeISt4pairIKN7OpenDDS4DCPS6GUID_tESt3setIS3_NS2_17GUID_tKeyLessThanESaIS3_EEEE9_M_valptrEv:
<       162:  238:      _M_valptr() const
<       162:  239:      { return _M_storage._M_ptr(); }
< ------------------
< _ZNKSt13_Rb_tree_nodeISt4pairIKN7OpenDDS4DCPS6GUID_tENS2_8RcHandleINS2_18ReceiveListenerSetEEEEE9_M_valptrEv:
663d241
< ------------------
687c265
<         -:  263:      typedef ptrdiff_t		  difference_type;
---
>         -:  263:      typedef ptrdiff_t                  difference_type;
689c267
<         -:  265:      typedef _Rb_tree_iterator<_Tp>	_Self;
---
>         -:  265:      typedef _Rb_tree_iterator<_Tp>        _Self;
691c269
<         -:  267:      typedef _Rb_tree_node<_Tp>*	   _Link_type;
---
>         -:  267:      typedef _Rb_tree_node<_Tp>*           _Link_type;
693,694c271,272
<     #####:  269:      _Rb_tree_iterator() _GLIBCXX_NOEXCEPT
<     #####:  270:      : _M_node() { }
---
>         -:  269:      _Rb_tree_iterator() _GLIBCXX_NOEXCEPT
>         -:  270:      : _M_node() { }
697,700d274
<     5581*:  273:      _Rb_tree_iterator(_Base_ptr __x) _GLIBCXX_NOEXCEPT
<     5581*:  274:      : _M_node(__x) { }
< ------------------
< _ZNSt17_Rb_tree_iteratorISt4pairIKmN7OpenDDS4DCPS8RcHandleINS3_8DataLinkEEEEEC2EPSt18_Rb_tree_node_base:
703,803d276
< ------------------
< _ZNSt17_Rb_tree_iteratorISt4pairIKN7OpenDDS4DCPS14SequenceNumberES0_IPNS2_10BasicQueueINS2_21TransportQueueElementEEEP17ACE_Message_BlockEEEC2EPSt18_Rb_tree_node_base:
<     #####:  273:      _Rb_tree_iterator(_Base_ptr __x) _GLIBCXX_NOEXCEPT
<     #####:  274:      : _M_node(__x) { }
< ------------------
< _ZNSt17_Rb_tree_iteratorISt4pairIKN7OpenDDS4DCPS14SequenceNumberESt3mapIS3_S0_IPNS2_10BasicQueueINS2_21TransportQueueElementEEEP17ACE_Message_BlockESt4lessIS3_ESaIS0_IS4_SC_EEEEEC2EPSt18_Rb_tree_node_base:
<     #####:  273:      _Rb_tree_iterator(_Base_ptr __x) _GLIBCXX_NOEXCEPT
<     #####:  274:      : _M_node(__x) { }
< ------------------
< _ZNSt17_Rb_tree_iteratorISt4pairIKN7OpenDDS4DCPS14SequenceNumberENS2_6GUID_tEEEC2EPSt18_Rb_tree_node_base:
<     #####:  273:      _Rb_tree_iterator(_Base_ptr __x) _GLIBCXX_NOEXCEPT
<     #####:  274:      : _M_node(__x) { }
< ------------------
< _ZNSt17_Rb_tree_iteratorISt4pairIKNSt7__cxx1112basic_stringIcSt11char_traitsIcESaIcEEEN7OpenDDS4DCPS8RcHandleINS9_13TransportInstEEEEEC2EPSt18_Rb_tree_node_base:
<      1306:  273:      _Rb_tree_iterator(_Base_ptr __x) _GLIBCXX_NOEXCEPT
<      1306:  274:      : _M_node(__x) { }
< ------------------
< _ZNSt17_Rb_tree_iteratorISt4pairIKNSt7__cxx1112basic_stringIcSt11char_traitsIcESaIcEEEN7OpenDDS4DCPS8RcHandleINS9_15TransportConfigEEEEEC2EPSt18_Rb_tree_node_base:
<      1070:  273:      _Rb_tree_iterator(_Base_ptr __x) _GLIBCXX_NOEXCEPT
<      1070:  274:      : _M_node(__x) { }
< ------------------
< _ZNSt17_Rb_tree_iteratorISt4pairIKNSt7__cxx1112basic_stringIcSt11char_traitsIcESaIcEEES6_EEC2EPSt18_Rb_tree_node_base:
<     #####:  273:      _Rb_tree_iterator(_Base_ptr __x) _GLIBCXX_NOEXCEPT
<     #####:  274:      : _M_node(__x) { }
< ------------------
< _ZNSt17_Rb_tree_iteratorISt4pairIKNSt7__cxx1112basic_stringIcSt11char_traitsIcESaIcEEEN7OpenDDS4DCPS8RcHandleINS9_13TransportTypeEEEEEC2EPSt18_Rb_tree_node_base:
<       623:  273:      _Rb_tree_iterator(_Base_ptr __x) _GLIBCXX_NOEXCEPT
<       623:  274:      : _M_node(__x) { }
< ------------------
< _ZNSt17_Rb_tree_iteratorIN7OpenDDS4DCPS19TransportReassembly7FragKeyEEC2EPSt18_Rb_tree_node_base:
<     #####:  273:      _Rb_tree_iterator(_Base_ptr __x) _GLIBCXX_NOEXCEPT
<     #####:  274:      : _M_node(__x) { }
< ------------------
< _ZNSt17_Rb_tree_iteratorISt4pairIKN7OpenDDS4DCPS19TransportReassembly7FragKeyENSt7__cxx114listINS3_9FragRangeESaIS8_EEEEEC2EPSt18_Rb_tree_node_base:
<     #####:  273:      _Rb_tree_iterator(_Base_ptr __x) _GLIBCXX_NOEXCEPT
<     #####:  274:      : _M_node(__x) { }
< ------------------
< _ZNSt17_Rb_tree_iteratorISt4pairIKN7OpenDDS4DCPS12WeakRcHandleINS2_15TransportClientEEENS2_8RcHandleINS2_8DataLinkEEEEEC2EPSt18_Rb_tree_node_base:
<         2:  273:      _Rb_tree_iterator(_Base_ptr __x) _GLIBCXX_NOEXCEPT
<         2:  274:      : _M_node(__x) { }
< ------------------
< _ZNSt17_Rb_tree_iteratorISt4pairIKN7OpenDDS4DCPS6GUID_tENS2_12WeakRcHandleINS2_24TransportReceiveListenerEEEEEC2EPSt18_Rb_tree_node_base:
<     #####:  273:      _Rb_tree_iterator(_Base_ptr __x) _GLIBCXX_NOEXCEPT
<     #####:  274:      : _M_node(__x) { }
< ------------------
< _ZNSt17_Rb_tree_iteratorISt4pairIKN7OpenDDS4DCPS6GUID_tENS2_12WeakRcHandleINS2_21TransportSendListenerEEEEEC2EPSt18_Rb_tree_node_base:
<        92:  273:      _Rb_tree_iterator(_Base_ptr __x) _GLIBCXX_NOEXCEPT
<        92:  274:      : _M_node(__x) { }
< ------------------
< _ZNSt17_Rb_tree_iteratorISt4pairIKN7OpenDDS4DCPS6GUID_tENS2_8RcHandleINS2_11DataLinkSetEEEEEC2EPSt18_Rb_tree_node_base:
<       108:  273:      _Rb_tree_iterator(_Base_ptr __x) _GLIBCXX_NOEXCEPT
<       108:  274:      : _M_node(__x) { }
< ------------------
< _ZNSt17_Rb_tree_iteratorISt4pairIKm18TAO_FixedSeq_Var_TIN7OpenDDS4DCPS7GUIDSeqEEEEC2EPSt18_Rb_tree_node_base:
<     #####:  273:      _Rb_tree_iterator(_Base_ptr __x) _GLIBCXX_NOEXCEPT
<     #####:  274:      : _M_node(__x) { }
< ------------------
< _ZNSt17_Rb_tree_iteratorISt4pairIKN7OpenDDS4DCPS6GUID_tENS2_8RcHandleINS2_15TransportClient12PendingAssocEEEEEC2EPSt18_Rb_tree_node_base:
<       347:  273:      _Rb_tree_iterator(_Base_ptr __x) _GLIBCXX_NOEXCEPT
<       347:  274:      : _M_node(__x) { }
< ------------------
< _ZNSt17_Rb_tree_iteratorISt4pairIKN7OpenDDS4DCPS6GUID_tENS2_8RcHandleINS2_8DataLinkEEEEEC2EPSt18_Rb_tree_node_base:
<       178:  273:      _Rb_tree_iterator(_Base_ptr __x) _GLIBCXX_NOEXCEPT
<       178:  274:      : _M_node(__x) { }
< ------------------
< _ZNSt17_Rb_tree_iteratorISt4pairIKN7OpenDDS4DCPS6GUID_tENS2_12WeakRcHandleINS2_24TransportReceiveListenerEEEEEC2EPSt18_Rb_tree_node_base:
<       237:  273:      _Rb_tree_iterator(_Base_ptr __x) _GLIBCXX_NOEXCEPT
<       237:  274:      : _M_node(__x) { }
< ------------------
< _ZNSt17_Rb_tree_iteratorISt4pairIKN7OpenDDS4DCPS6GUID_tENS2_8RcHandleINS2_18ReceiveListenerSetEEEEEC2EPSt18_Rb_tree_node_base:
<       310:  273:      _Rb_tree_iterator(_Base_ptr __x) _GLIBCXX_NOEXCEPT
<       310:  274:      : _M_node(__x) { }
< ------------------
< _ZNSt17_Rb_tree_iteratorISt4pairIKN7OpenDDS4DCPS6GUID_tENS2_12WeakRcHandleINS2_24TransportReceiveListenerEEEEEC2EPSt18_Rb_tree_node_base:
<     #####:  273:      _Rb_tree_iterator(_Base_ptr __x) _GLIBCXX_NOEXCEPT
<     #####:  274:      : _M_node(__x) { }
< ------------------
< _ZNSt17_Rb_tree_iteratorISt4pairIKmN7OpenDDS4DCPS8RcHandleINS3_8DataLinkEEEEEC2EPSt18_Rb_tree_node_base:
<      1115:  273:      _Rb_tree_iterator(_Base_ptr __x) _GLIBCXX_NOEXCEPT
<      1115:  274:      : _M_node(__x) { }
< ------------------
< _ZNSt17_Rb_tree_iteratorISt4pairIKN7OpenDDS4DCPS6GUID_tENS2_12WeakRcHandleINS2_24TransportReceiveListenerEEEEEC2EPSt18_Rb_tree_node_base:
<     #####:  273:      _Rb_tree_iterator(_Base_ptr __x) _GLIBCXX_NOEXCEPT
<     #####:  274:      : _M_node(__x) { }
< ------------------
< _ZNSt17_Rb_tree_iteratorISt4pairIKN7OpenDDS4DCPS6GUID_tENS2_8RcHandleINS2_18ReceiveListenerSetEEEEEC2EPSt18_Rb_tree_node_base:
<     #####:  273:      _Rb_tree_iterator(_Base_ptr __x) _GLIBCXX_NOEXCEPT
<     #####:  274:      : _M_node(__x) { }
< ------------------
< _ZNSt17_Rb_tree_iteratorISt4pairIKN7OpenDDS4DCPS6GUID_tENS2_12WeakRcHandleINS2_21TransportSendListenerEEEEEC2EPSt18_Rb_tree_node_base:
<     #####:  273:      _Rb_tree_iterator(_Base_ptr __x) _GLIBCXX_NOEXCEPT
<     #####:  274:      : _M_node(__x) { }
< ------------------
< _ZNSt17_Rb_tree_iteratorIN7OpenDDS4DCPS6GUID_tEEC2EPSt18_Rb_tree_node_base:
<     #####:  273:      _Rb_tree_iterator(_Base_ptr __x) _GLIBCXX_NOEXCEPT
<     #####:  274:      : _M_node(__x) { }
< ------------------
< _ZNSt17_Rb_tree_iteratorISt4pairIKN7OpenDDS4DCPS6GUID_tESt3setIS3_NS2_17GUID_tKeyLessThanESaIS3_EEEEC2EPSt18_Rb_tree_node_base:
<       193:  273:      _Rb_tree_iterator(_Base_ptr __x) _GLIBCXX_NOEXCEPT
<       193:  274:      : _M_node(__x) { }
< ------------------
806,861d278
<      542*:  277:      operator*() const _GLIBCXX_NOEXCEPT
<      542*:  278:      { return *static_cast<_Link_type>(_M_node)->_M_valptr(); }
< ------------------
< _ZNKSt17_Rb_tree_iteratorISt4pairIKN7OpenDDS4DCPS6GUID_tENS2_8RcHandleINS2_11DataLinkSetEEEEEdeEv:
<        18:  277:      operator*() const _GLIBCXX_NOEXCEPT
<        18:  278:      { return *static_cast<_Link_type>(_M_node)->_M_valptr(); }
< ------------------
< _ZNKSt17_Rb_tree_iteratorISt4pairIKN7OpenDDS4DCPS6GUID_tESt3setIS3_NS2_17GUID_tKeyLessThanESaIS3_EEEEdeEv:
<        56:  277:      operator*() const _GLIBCXX_NOEXCEPT
<        56:  278:      { return *static_cast<_Link_type>(_M_node)->_M_valptr(); }
< ------------------
< _ZNKSt17_Rb_tree_iteratorISt4pairIKN7OpenDDS4DCPS6GUID_tENS2_8RcHandleINS2_18ReceiveListenerSetEEEEEdeEv:
<     #####:  277:      operator*() const _GLIBCXX_NOEXCEPT
<     #####:  278:      { return *static_cast<_Link_type>(_M_node)->_M_valptr(); }
< ------------------
< _ZNKSt17_Rb_tree_iteratorISt4pairIKN7OpenDDS4DCPS6GUID_tENS2_8RcHandleINS2_18ReceiveListenerSetEEEEEdeEv:
<        56:  277:      operator*() const _GLIBCXX_NOEXCEPT
<        56:  278:      { return *static_cast<_Link_type>(_M_node)->_M_valptr(); }
< ------------------
< _ZNKSt17_Rb_tree_iteratorISt4pairIKm18TAO_FixedSeq_Var_TIN7OpenDDS4DCPS7GUIDSeqEEEEdeEv:
<     #####:  277:      operator*() const _GLIBCXX_NOEXCEPT
<     #####:  278:      { return *static_cast<_Link_type>(_M_node)->_M_valptr(); }
< ------------------
< _ZNKSt17_Rb_tree_iteratorISt4pairIKN7OpenDDS4DCPS6GUID_tENS2_8RcHandleINS2_8DataLinkEEEEEdeEv:
<        18:  277:      operator*() const _GLIBCXX_NOEXCEPT
<        18:  278:      { return *static_cast<_Link_type>(_M_node)->_M_valptr(); }
< ------------------
< _ZNKSt17_Rb_tree_iteratorISt4pairIKmN7OpenDDS4DCPS8RcHandleINS3_8DataLinkEEEEEdeEv:
<         8:  277:      operator*() const _GLIBCXX_NOEXCEPT
<         8:  278:      { return *static_cast<_Link_type>(_M_node)->_M_valptr(); }
< ------------------
< _ZNKSt17_Rb_tree_iteratorISt4pairIKN7OpenDDS4DCPS19TransportReassembly7FragKeyENSt7__cxx114listINS3_9FragRangeESaIS8_EEEEEdeEv:
<     #####:  277:      operator*() const _GLIBCXX_NOEXCEPT
<     #####:  278:      { return *static_cast<_Link_type>(_M_node)->_M_valptr(); }
< ------------------
< _ZNKSt17_Rb_tree_iteratorISt4pairIKNSt7__cxx1112basic_stringIcSt11char_traitsIcESaIcEEEN7OpenDDS4DCPS8RcHandleINS9_13TransportInstEEEEEdeEv:
<       178:  277:      operator*() const _GLIBCXX_NOEXCEPT
<       178:  278:      { return *static_cast<_Link_type>(_M_node)->_M_valptr(); }
< ------------------
< _ZNKSt17_Rb_tree_iteratorISt4pairIKNSt7__cxx1112basic_stringIcSt11char_traitsIcESaIcEEES6_EEdeEv:
<     #####:  277:      operator*() const _GLIBCXX_NOEXCEPT
<     #####:  278:      { return *static_cast<_Link_type>(_M_node)->_M_valptr(); }
< ------------------
< _ZNKSt17_Rb_tree_iteratorISt4pairIKNSt7__cxx1112basic_stringIcSt11char_traitsIcESaIcEEEN7OpenDDS4DCPS8RcHandleINS9_15TransportConfigEEEEEdeEv:
<       208:  277:      operator*() const _GLIBCXX_NOEXCEPT
<       208:  278:      { return *static_cast<_Link_type>(_M_node)->_M_valptr(); }
< ------------------
< _ZNKSt17_Rb_tree_iteratorISt4pairIKN7OpenDDS4DCPS14SequenceNumberESt3mapIS3_S0_IPNS2_10BasicQueueINS2_21TransportQueueElementEEEP17ACE_Message_BlockESt4lessIS3_ESaIS0_IS4_SC_EEEEEdeEv:
<     #####:  277:      operator*() const _GLIBCXX_NOEXCEPT
<     #####:  278:      { return *static_cast<_Link_type>(_M_node)->_M_valptr(); }
< ------------------
< _ZNKSt17_Rb_tree_iteratorISt4pairIKN7OpenDDS4DCPS14SequenceNumberENS2_6GUID_tEEEdeEv:
<     #####:  277:      operator*() const _GLIBCXX_NOEXCEPT
<     #####:  278:      { return *static_cast<_Link_type>(_M_node)->_M_valptr(); }
< ------------------
< _ZNKSt17_Rb_tree_iteratorISt4pairIKN7OpenDDS4DCPS14SequenceNumberES0_IPNS2_10BasicQueueINS2_21TransportQueueElementEEEP17ACE_Message_BlockEEEdeEv:
864d280
< ------------------
867,922d282
<      649*:  281:      operator->() const _GLIBCXX_NOEXCEPT
<      649*:  282:      { return static_cast<_Link_type> (_M_node)->_M_valptr(); }
< ------------------
< _ZNKSt17_Rb_tree_iteratorISt4pairIKN7OpenDDS4DCPS6GUID_tENS2_8RcHandleINS2_15TransportClient12PendingAssocEEEEEptEv:
<        37:  281:      operator->() const _GLIBCXX_NOEXCEPT
<        37:  282:      { return static_cast<_Link_type> (_M_node)->_M_valptr(); }
< ------------------
< _ZNKSt17_Rb_tree_iteratorISt4pairIKN7OpenDDS4DCPS14SequenceNumberES0_IPNS2_10BasicQueueINS2_21TransportQueueElementEEEP17ACE_Message_BlockEEEptEv:
<     #####:  281:      operator->() const _GLIBCXX_NOEXCEPT
<     #####:  282:      { return static_cast<_Link_type> (_M_node)->_M_valptr(); }
< ------------------
< _ZNKSt17_Rb_tree_iteratorISt4pairIKN7OpenDDS4DCPS14SequenceNumberESt3mapIS3_S0_IPNS2_10BasicQueueINS2_21TransportQueueElementEEEP17ACE_Message_BlockESt4lessIS3_ESaIS0_IS4_SC_EEEEEptEv:
<     #####:  281:      operator->() const _GLIBCXX_NOEXCEPT
<     #####:  282:      { return static_cast<_Link_type> (_M_node)->_M_valptr(); }
< ------------------
< _ZNKSt17_Rb_tree_iteratorISt4pairIKN7OpenDDS4DCPS14SequenceNumberENS2_6GUID_tEEEptEv:
<     #####:  281:      operator->() const _GLIBCXX_NOEXCEPT
<     #####:  282:      { return static_cast<_Link_type> (_M_node)->_M_valptr(); }
< ------------------
< _ZNKSt17_Rb_tree_iteratorISt4pairIKNSt7__cxx1112basic_stringIcSt11char_traitsIcESaIcEEEN7OpenDDS4DCPS8RcHandleINS9_13TransportInstEEEEEptEv:
<       178:  281:      operator->() const _GLIBCXX_NOEXCEPT
<       178:  282:      { return static_cast<_Link_type> (_M_node)->_M_valptr(); }
< ------------------
< _ZNKSt17_Rb_tree_iteratorISt4pairIKNSt7__cxx1112basic_stringIcSt11char_traitsIcESaIcEEES6_EEptEv:
<         4:  281:      operator->() const _GLIBCXX_NOEXCEPT
<         4:  282:      { return static_cast<_Link_type> (_M_node)->_M_valptr(); }
< ------------------
< _ZNKSt17_Rb_tree_iteratorISt4pairIKN7OpenDDS4DCPS19TransportReassembly7FragKeyENSt7__cxx114listINS3_9FragRangeESaIS8_EEEEEptEv:
<     #####:  281:      operator->() const _GLIBCXX_NOEXCEPT
<     #####:  282:      { return static_cast<_Link_type> (_M_node)->_M_valptr(); }
< ------------------
< _ZNKSt17_Rb_tree_iteratorISt4pairIKmN7OpenDDS4DCPS8RcHandleINS3_8DataLinkEEEEEptEv:
<     #####:  281:      operator->() const _GLIBCXX_NOEXCEPT
<     #####:  282:      { return static_cast<_Link_type> (_M_node)->_M_valptr(); }
< ------------------
< _ZNKSt17_Rb_tree_iteratorISt4pairIKm18TAO_FixedSeq_Var_TIN7OpenDDS4DCPS7GUIDSeqEEEEptEv:
<     #####:  281:      operator->() const _GLIBCXX_NOEXCEPT
<     #####:  282:      { return static_cast<_Link_type> (_M_node)->_M_valptr(); }
< ------------------
< _ZNKSt17_Rb_tree_iteratorISt4pairIKN7OpenDDS4DCPS6GUID_tESt3setIS3_NS2_17GUID_tKeyLessThanESaIS3_EEEEptEv:
<         3:  281:      operator->() const _GLIBCXX_NOEXCEPT
<         3:  282:      { return static_cast<_Link_type> (_M_node)->_M_valptr(); }
< ------------------
< _ZNKSt17_Rb_tree_iteratorISt4pairIKN7OpenDDS4DCPS6GUID_tENS2_8RcHandleINS2_8DataLinkEEEEEptEv:
<        26:  281:      operator->() const _GLIBCXX_NOEXCEPT
<        26:  282:      { return static_cast<_Link_type> (_M_node)->_M_valptr(); }
< ------------------
< _ZNKSt17_Rb_tree_iteratorISt4pairIKN7OpenDDS4DCPS6GUID_tENS2_12WeakRcHandleINS2_24TransportReceiveListenerEEEEEptEv:
<       134:  281:      operator->() const _GLIBCXX_NOEXCEPT
<       134:  282:      { return static_cast<_Link_type> (_M_node)->_M_valptr(); }
< ------------------
< _ZNKSt17_Rb_tree_iteratorISt4pairIKN7OpenDDS4DCPS6GUID_tENS2_8RcHandleINS2_18ReceiveListenerSetEEEEEptEv:
<        42:  281:      operator->() const _GLIBCXX_NOEXCEPT
<        42:  282:      { return static_cast<_Link_type> (_M_node)->_M_valptr(); }
< ------------------
< _ZNKSt17_Rb_tree_iteratorISt4pairIKN7OpenDDS4DCPS6GUID_tENS2_12WeakRcHandleINS2_24TransportReceiveListenerEEEEEptEv:
925,941d284
< ------------------
< _ZNKSt17_Rb_tree_iteratorISt4pairIKmN7OpenDDS4DCPS8RcHandleINS3_8DataLinkEEEEEptEv:
<       225:  281:      operator->() const _GLIBCXX_NOEXCEPT
<       225:  282:      { return static_cast<_Link_type> (_M_node)->_M_valptr(); }
< ------------------
< _ZNKSt17_Rb_tree_iteratorISt4pairIKN7OpenDDS4DCPS6GUID_tENS2_12WeakRcHandleINS2_24TransportReceiveListenerEEEEEptEv:
<     #####:  281:      operator->() const _GLIBCXX_NOEXCEPT
<     #####:  282:      { return static_cast<_Link_type> (_M_node)->_M_valptr(); }
< ------------------
< _ZNKSt17_Rb_tree_iteratorISt4pairIKN7OpenDDS4DCPS6GUID_tENS2_8RcHandleINS2_18ReceiveListenerSetEEEEEptEv:
<     #####:  281:      operator->() const _GLIBCXX_NOEXCEPT
<     #####:  282:      { return static_cast<_Link_type> (_M_node)->_M_valptr(); }
< ------------------
< _ZNKSt17_Rb_tree_iteratorISt4pairIKN7OpenDDS4DCPS6GUID_tENS2_12WeakRcHandleINS2_21TransportSendListenerEEEEEptEv:
<     #####:  281:      operator->() const _GLIBCXX_NOEXCEPT
<     #####:  282:      { return static_cast<_Link_type> (_M_node)->_M_valptr(); }
< ------------------
944,1083d286
<      414*:  285:      operator++() _GLIBCXX_NOEXCEPT
<         -:  286:      {
<      414*:  287:	_M_node = _Rb_tree_increment(_M_node);
<      414*:  288:	return *this;
<         -:  289:      }
< ------------------
< _ZNSt17_Rb_tree_iteratorISt4pairIKN7OpenDDS4DCPS6GUID_tENS2_12WeakRcHandleINS2_24TransportReceiveListenerEEEEEppEv:
<     #####:  285:      operator++() _GLIBCXX_NOEXCEPT
<         -:  286:      {
<     #####:  287:	_M_node = _Rb_tree_increment(_M_node);
<     #####:  288:	return *this;
<         -:  289:      }
< ------------------
< _ZNSt17_Rb_tree_iteratorISt4pairIKN7OpenDDS4DCPS14SequenceNumberES0_IPNS2_10BasicQueueINS2_21TransportQueueElementEEEP17ACE_Message_BlockEEEppEv:
<     #####:  285:      operator++() _GLIBCXX_NOEXCEPT
<         -:  286:      {
<     #####:  287:	_M_node = _Rb_tree_increment(_M_node);
<     #####:  288:	return *this;
<         -:  289:      }
< ------------------
< _ZNSt17_Rb_tree_iteratorISt4pairIKN7OpenDDS4DCPS14SequenceNumberESt3mapIS3_S0_IPNS2_10BasicQueueINS2_21TransportQueueElementEEEP17ACE_Message_BlockESt4lessIS3_ESaIS0_IS4_SC_EEEEEppEv:
<     #####:  285:      operator++() _GLIBCXX_NOEXCEPT
<         -:  286:      {
<     #####:  287:	_M_node = _Rb_tree_increment(_M_node);
<     #####:  288:	return *this;
<         -:  289:      }
< ------------------
< _ZNSt17_Rb_tree_iteratorISt4pairIKN7OpenDDS4DCPS14SequenceNumberENS2_6GUID_tEEEppEv:
<     #####:  285:      operator++() _GLIBCXX_NOEXCEPT
<         -:  286:      {
<     #####:  287:	_M_node = _Rb_tree_increment(_M_node);
<     #####:  288:	return *this;
<         -:  289:      }
< ------------------
< _ZNSt17_Rb_tree_iteratorISt4pairIKNSt7__cxx1112basic_stringIcSt11char_traitsIcESaIcEEEN7OpenDDS4DCPS8RcHandleINS9_13TransportInstEEEEEppEv:
<       178:  285:      operator++() _GLIBCXX_NOEXCEPT
<         -:  286:      {
<       178:  287:	_M_node = _Rb_tree_increment(_M_node);
<       178:  288:	return *this;
<         -:  289:      }
< ------------------
< _ZNSt17_Rb_tree_iteratorISt4pairIKNSt7__cxx1112basic_stringIcSt11char_traitsIcESaIcEEEN7OpenDDS4DCPS8RcHandleINS9_15TransportConfigEEEEEppEv:
<     #####:  285:      operator++() _GLIBCXX_NOEXCEPT
<         -:  286:      {
<     #####:  287:	_M_node = _Rb_tree_increment(_M_node);
<     #####:  288:	return *this;
<         -:  289:      }
< ------------------
< _ZNSt17_Rb_tree_iteratorISt4pairIKNSt7__cxx1112basic_stringIcSt11char_traitsIcESaIcEEES6_EEppEv:
<     #####:  285:      operator++() _GLIBCXX_NOEXCEPT
<         -:  286:      {
<     #####:  287:	_M_node = _Rb_tree_increment(_M_node);
<     #####:  288:	return *this;
<         -:  289:      }
< ------------------
< _ZNSt17_Rb_tree_iteratorISt4pairIKN7OpenDDS4DCPS19TransportReassembly7FragKeyENSt7__cxx114listINS3_9FragRangeESaIS8_EEEEEppEv:
<     #####:  285:      operator++() _GLIBCXX_NOEXCEPT
<         -:  286:      {
<     #####:  287:	_M_node = _Rb_tree_increment(_M_node);
<     #####:  288:	return *this;
<         -:  289:      }
< ------------------
< _ZNSt17_Rb_tree_iteratorISt4pairIKmN7OpenDDS4DCPS8RcHandleINS3_8DataLinkEEEEEppEv:
<     #####:  285:      operator++() _GLIBCXX_NOEXCEPT
<         -:  286:      {
<     #####:  287:	_M_node = _Rb_tree_increment(_M_node);
<     #####:  288:	return *this;
<         -:  289:      }
< ------------------
< _ZNSt17_Rb_tree_iteratorISt4pairIKN7OpenDDS4DCPS6GUID_tENS2_8RcHandleINS2_15TransportClient12PendingAssocEEEEEppEv:
<        18:  285:      operator++() _GLIBCXX_NOEXCEPT
<         -:  286:      {
<        18:  287:	_M_node = _Rb_tree_increment(_M_node);
<        18:  288:	return *this;
<         -:  289:      }
< ------------------
< _ZNSt17_Rb_tree_iteratorISt4pairIKN7OpenDDS4DCPS6GUID_tENS2_12WeakRcHandleINS2_21TransportSendListenerEEEEEppEv:
<         9:  285:      operator++() _GLIBCXX_NOEXCEPT
<         -:  286:      {
<         9:  287:	_M_node = _Rb_tree_increment(_M_node);
<         9:  288:	return *this;
<         -:  289:      }
< ------------------
< _ZNSt17_Rb_tree_iteratorISt4pairIKN7OpenDDS4DCPS6GUID_tENS2_8RcHandleINS2_11DataLinkSetEEEEEppEv:
<     #####:  285:      operator++() _GLIBCXX_NOEXCEPT
<         -:  286:      {
<     #####:  287:	_M_node = _Rb_tree_increment(_M_node);
<     #####:  288:	return *this;
<         -:  289:      }
< ------------------
< _ZNSt17_Rb_tree_iteratorISt4pairIKN7OpenDDS4DCPS6GUID_tENS2_8RcHandleINS2_8DataLinkEEEEEppEv:
<        18:  285:      operator++() _GLIBCXX_NOEXCEPT
<         -:  286:      {
<        18:  287:	_M_node = _Rb_tree_increment(_M_node);
<        18:  288:	return *this;
<         -:  289:      }
< ------------------
< _ZNSt17_Rb_tree_iteratorISt4pairIKm18TAO_FixedSeq_Var_TIN7OpenDDS4DCPS7GUIDSeqEEEEppEv:
<     #####:  285:      operator++() _GLIBCXX_NOEXCEPT
<         -:  286:      {
<     #####:  287:	_M_node = _Rb_tree_increment(_M_node);
<     #####:  288:	return *this;
<         -:  289:      }
< ------------------
< _ZNSt17_Rb_tree_iteratorISt4pairIKN7OpenDDS4DCPS6GUID_tENS2_12WeakRcHandleINS2_24TransportReceiveListenerEEEEEppEv:
<        54:  285:      operator++() _GLIBCXX_NOEXCEPT
<         -:  286:      {
<        54:  287:	_M_node = _Rb_tree_increment(_M_node);
<        54:  288:	return *this;
<         -:  289:      }
< ------------------
< _ZNSt17_Rb_tree_iteratorISt4pairIKN7OpenDDS4DCPS6GUID_tENS2_8RcHandleINS2_18ReceiveListenerSetEEEEEppEv:
<     #####:  285:      operator++() _GLIBCXX_NOEXCEPT
<         -:  286:      {
<     #####:  287:	_M_node = _Rb_tree_increment(_M_node);
<     #####:  288:	return *this;
<         -:  289:      }
< ------------------
< _ZNSt17_Rb_tree_iteratorISt4pairIKN7OpenDDS4DCPS6GUID_tENS2_12WeakRcHandleINS2_24TransportReceiveListenerEEEEEppEv:
<     #####:  285:      operator++() _GLIBCXX_NOEXCEPT
<         -:  286:      {
<     #####:  287:	_M_node = _Rb_tree_increment(_M_node);
<     #####:  288:	return *this;
<         -:  289:      }
< ------------------
< _ZNSt17_Rb_tree_iteratorISt4pairIKmN7OpenDDS4DCPS8RcHandleINS3_8DataLinkEEEEEppEv:
<       137:  285:      operator++() _GLIBCXX_NOEXCEPT
<         -:  286:      {
<       137:  287:	_M_node = _Rb_tree_increment(_M_node);
<       137:  288:	return *this;
<         -:  289:      }
< ------------------
< _ZNSt17_Rb_tree_iteratorISt4pairIKN7OpenDDS4DCPS6GUID_tENS2_12WeakRcHandleINS2_21TransportSendListenerEEEEEppEv:
<     #####:  285:      operator++() _GLIBCXX_NOEXCEPT
<         -:  286:      {
<     #####:  287:	_M_node = _Rb_tree_increment(_M_node);
<     #####:  288:	return *this;
<         -:  289:      }
< ------------------
< _ZNSt17_Rb_tree_iteratorISt4pairIKN7OpenDDS4DCPS6GUID_tENS2_12WeakRcHandleINS2_24TransportReceiveListenerEEEEEppEv:
1089,1103d291
< ------------------
< _ZNSt17_Rb_tree_iteratorISt4pairIKN7OpenDDS4DCPS6GUID_tESt3setIS3_NS2_17GUID_tKeyLessThanESaIS3_EEEEppEv:
<     #####:  285:      operator++() _GLIBCXX_NOEXCEPT
<         -:  286:      {
<     #####:  287:	_M_node = _Rb_tree_increment(_M_node);
<     #####:  288:	return *this;
<         -:  289:      }
< ------------------
< _ZNSt17_Rb_tree_iteratorISt4pairIKN7OpenDDS4DCPS6GUID_tENS2_8RcHandleINS2_18ReceiveListenerSetEEEEEppEv:
<     #####:  285:      operator++() _GLIBCXX_NOEXCEPT
<         -:  286:      {
<     #####:  287:	_M_node = _Rb_tree_increment(_M_node);
<     #####:  288:	return *this;
<         -:  289:      }
< ------------------
1106c294
<     #####:  292:      operator++(int) _GLIBCXX_NOEXCEPT
---
>         -:  292:      operator++(int) _GLIBCXX_NOEXCEPT
1108,1110c296,298
<     #####:  294:	_Self __tmp = *this;
<     #####:  295:	_M_node = _Rb_tree_increment(_M_node);
<     #####:  296:	return __tmp;
---
>         -:  294:	_Self __tmp = *this;
>         -:  295:	_M_node = _Rb_tree_increment(_M_node);
>         -:  296:	return __tmp;
1114,1148d301
<        6*:  300:      operator--() _GLIBCXX_NOEXCEPT
<         -:  301:      {
<        6*:  302:	_M_node = _Rb_tree_decrement(_M_node);
<        6*:  303:	return *this;
<         -:  304:      }
< ------------------
< _ZNSt17_Rb_tree_iteratorISt4pairIKN7OpenDDS4DCPS6GUID_tENS2_8RcHandleINS2_15TransportClient12PendingAssocEEEEEmmEv:
<     #####:  300:      operator--() _GLIBCXX_NOEXCEPT
<         -:  301:      {
<     #####:  302:	_M_node = _Rb_tree_decrement(_M_node);
<     #####:  303:	return *this;
<         -:  304:      }
< ------------------
< _ZNSt17_Rb_tree_iteratorISt4pairIKN7OpenDDS4DCPS14SequenceNumberES0_IPNS2_10BasicQueueINS2_21TransportQueueElementEEEP17ACE_Message_BlockEEEmmEv:
<     #####:  300:      operator--() _GLIBCXX_NOEXCEPT
<         -:  301:      {
<     #####:  302:	_M_node = _Rb_tree_decrement(_M_node);
<     #####:  303:	return *this;
<         -:  304:      }
< ------------------
< _ZNSt17_Rb_tree_iteratorISt4pairIKN7OpenDDS4DCPS14SequenceNumberENS2_6GUID_tEEEmmEv:
<     #####:  300:      operator--() _GLIBCXX_NOEXCEPT
<         -:  301:      {
<     #####:  302:	_M_node = _Rb_tree_decrement(_M_node);
<     #####:  303:	return *this;
<         -:  304:      }
< ------------------
< _ZNSt17_Rb_tree_iteratorISt4pairIKN7OpenDDS4DCPS14SequenceNumberESt3mapIS3_S0_IPNS2_10BasicQueueINS2_21TransportQueueElementEEEP17ACE_Message_BlockESt4lessIS3_ESaIS0_IS4_SC_EEEEEmmEv:
<     #####:  300:      operator--() _GLIBCXX_NOEXCEPT
<         -:  301:      {
<     #####:  302:	_M_node = _Rb_tree_decrement(_M_node);
<     #####:  303:	return *this;
<         -:  304:      }
< ------------------
< _ZNSt17_Rb_tree_iteratorISt4pairIKNSt7__cxx1112basic_stringIcSt11char_traitsIcESaIcEEEN7OpenDDS4DCPS8RcHandleINS9_15TransportConfigEEEEEmmEv:
1154,1273d306
< ------------------
< _ZNSt17_Rb_tree_iteratorISt4pairIKNSt7__cxx1112basic_stringIcSt11char_traitsIcESaIcEEES6_EEmmEv:
<     #####:  300:      operator--() _GLIBCXX_NOEXCEPT
<         -:  301:      {
<     #####:  302:	_M_node = _Rb_tree_decrement(_M_node);
<     #####:  303:	return *this;
<         -:  304:      }
< ------------------
< _ZNSt17_Rb_tree_iteratorISt4pairIKNSt7__cxx1112basic_stringIcSt11char_traitsIcESaIcEEEN7OpenDDS4DCPS8RcHandleINS9_13TransportInstEEEEEmmEv:
<     #####:  300:      operator--() _GLIBCXX_NOEXCEPT
<         -:  301:      {
<     #####:  302:	_M_node = _Rb_tree_decrement(_M_node);
<     #####:  303:	return *this;
<         -:  304:      }
< ------------------
< _ZNSt17_Rb_tree_iteratorISt4pairIKNSt7__cxx1112basic_stringIcSt11char_traitsIcESaIcEEEN7OpenDDS4DCPS8RcHandleINS9_13TransportTypeEEEEEmmEv:
<     #####:  300:      operator--() _GLIBCXX_NOEXCEPT
<         -:  301:      {
<     #####:  302:	_M_node = _Rb_tree_decrement(_M_node);
<     #####:  303:	return *this;
<         -:  304:      }
< ------------------
< _ZNSt17_Rb_tree_iteratorIN7OpenDDS4DCPS19TransportReassembly7FragKeyEEmmEv:
<     #####:  300:      operator--() _GLIBCXX_NOEXCEPT
<         -:  301:      {
<     #####:  302:	_M_node = _Rb_tree_decrement(_M_node);
<     #####:  303:	return *this;
<         -:  304:      }
< ------------------
< _ZNSt17_Rb_tree_iteratorISt4pairIKN7OpenDDS4DCPS19TransportReassembly7FragKeyENSt7__cxx114listINS3_9FragRangeESaIS8_EEEEEmmEv:
<     #####:  300:      operator--() _GLIBCXX_NOEXCEPT
<         -:  301:      {
<     #####:  302:	_M_node = _Rb_tree_decrement(_M_node);
<     #####:  303:	return *this;
<         -:  304:      }
< ------------------
< _ZNSt17_Rb_tree_iteratorISt4pairIKmN7OpenDDS4DCPS8RcHandleINS3_8DataLinkEEEEEmmEv:
<     #####:  300:      operator--() _GLIBCXX_NOEXCEPT
<         -:  301:      {
<     #####:  302:	_M_node = _Rb_tree_decrement(_M_node);
<     #####:  303:	return *this;
<         -:  304:      }
< ------------------
< _ZNSt17_Rb_tree_iteratorISt4pairIKN7OpenDDS4DCPS6GUID_tENS2_8RcHandleINS2_11DataLinkSetEEEEEmmEv:
<     #####:  300:      operator--() _GLIBCXX_NOEXCEPT
<         -:  301:      {
<     #####:  302:	_M_node = _Rb_tree_decrement(_M_node);
<     #####:  303:	return *this;
<         -:  304:      }
< ------------------
< _ZNSt17_Rb_tree_iteratorISt4pairIKN7OpenDDS4DCPS6GUID_tENS2_8RcHandleINS2_8DataLinkEEEEEmmEv:
<     #####:  300:      operator--() _GLIBCXX_NOEXCEPT
<         -:  301:      {
<     #####:  302:	_M_node = _Rb_tree_decrement(_M_node);
<     #####:  303:	return *this;
<         -:  304:      }
< ------------------
< _ZNSt17_Rb_tree_iteratorISt4pairIKm18TAO_FixedSeq_Var_TIN7OpenDDS4DCPS7GUIDSeqEEEEmmEv:
<     #####:  300:      operator--() _GLIBCXX_NOEXCEPT
<         -:  301:      {
<     #####:  302:	_M_node = _Rb_tree_decrement(_M_node);
<     #####:  303:	return *this;
<         -:  304:      }
< ------------------
< _ZNSt17_Rb_tree_iteratorISt4pairIKN7OpenDDS4DCPS6GUID_tENS2_12WeakRcHandleINS2_24TransportReceiveListenerEEEEEmmEv:
<     #####:  300:      operator--() _GLIBCXX_NOEXCEPT
<         -:  301:      {
<     #####:  302:	_M_node = _Rb_tree_decrement(_M_node);
<     #####:  303:	return *this;
<         -:  304:      }
< ------------------
< _ZNSt17_Rb_tree_iteratorISt4pairIKN7OpenDDS4DCPS6GUID_tENS2_8RcHandleINS2_18ReceiveListenerSetEEEEEmmEv:
<         2:  300:      operator--() _GLIBCXX_NOEXCEPT
<         -:  301:      {
<         2:  302:	_M_node = _Rb_tree_decrement(_M_node);
<         2:  303:	return *this;
<         -:  304:      }
< ------------------
< _ZNSt17_Rb_tree_iteratorISt4pairIKmN7OpenDDS4DCPS8RcHandleINS3_8DataLinkEEEEEmmEv:
<     #####:  300:      operator--() _GLIBCXX_NOEXCEPT
<         -:  301:      {
<     #####:  302:	_M_node = _Rb_tree_decrement(_M_node);
<     #####:  303:	return *this;
<         -:  304:      }
< ------------------
< _ZNSt17_Rb_tree_iteratorISt4pairIKN7OpenDDS4DCPS6GUID_tENS2_12WeakRcHandleINS2_24TransportReceiveListenerEEEEEmmEv:
<     #####:  300:      operator--() _GLIBCXX_NOEXCEPT
<         -:  301:      {
<     #####:  302:	_M_node = _Rb_tree_decrement(_M_node);
<     #####:  303:	return *this;
<         -:  304:      }
< ------------------
< _ZNSt17_Rb_tree_iteratorISt4pairIKN7OpenDDS4DCPS6GUID_tENS2_8RcHandleINS2_18ReceiveListenerSetEEEEEmmEv:
<     #####:  300:      operator--() _GLIBCXX_NOEXCEPT
<         -:  301:      {
<     #####:  302:	_M_node = _Rb_tree_decrement(_M_node);
<     #####:  303:	return *this;
<         -:  304:      }
< ------------------
< _ZNSt17_Rb_tree_iteratorIN7OpenDDS4DCPS6GUID_tEEmmEv:
<     #####:  300:      operator--() _GLIBCXX_NOEXCEPT
<         -:  301:      {
<     #####:  302:	_M_node = _Rb_tree_decrement(_M_node);
<     #####:  303:	return *this;
<         -:  304:      }
< ------------------
< _ZNSt17_Rb_tree_iteratorISt4pairIKN7OpenDDS4DCPS6GUID_tESt3setIS3_NS2_17GUID_tKeyLessThanESaIS3_EEEEmmEv:
<         2:  300:      operator--() _GLIBCXX_NOEXCEPT
<         -:  301:      {
<         2:  302:	_M_node = _Rb_tree_decrement(_M_node);
<         2:  303:	return *this;
<         -:  304:      }
< ------------------
< _ZNSt17_Rb_tree_iteratorISt4pairIKN7OpenDDS4DCPS6GUID_tENS2_12WeakRcHandleINS2_21TransportSendListenerEEEEEmmEv:
<         2:  300:      operator--() _GLIBCXX_NOEXCEPT
<         -:  301:      {
<         2:  302:	_M_node = _Rb_tree_decrement(_M_node);
<         2:  303:	return *this;
<         -:  304:      }
< ------------------
1284,1379d316
<     1544*:  315:      operator==(const _Self& __x) const _GLIBCXX_NOEXCEPT
<     1544*:  316:      { return _M_node == __x._M_node; }
< ------------------
< _ZNKSt17_Rb_tree_iteratorISt4pairIKm18TAO_FixedSeq_Var_TIN7OpenDDS4DCPS7GUIDSeqEEEEeqERKS8_:
<     #####:  315:      operator==(const _Self& __x) const _GLIBCXX_NOEXCEPT
<     #####:  316:      { return _M_node == __x._M_node; }
< ------------------
< _ZNKSt17_Rb_tree_iteratorISt4pairIKN7OpenDDS4DCPS14SequenceNumberES0_IPNS2_10BasicQueueINS2_21TransportQueueElementEEEP17ACE_Message_BlockEEEeqERKSD_:
<     #####:  315:      operator==(const _Self& __x) const _GLIBCXX_NOEXCEPT
<     #####:  316:      { return _M_node == __x._M_node; }
< ------------------
< _ZNKSt17_Rb_tree_iteratorISt4pairIKN7OpenDDS4DCPS14SequenceNumberENS2_6GUID_tEEEeqERKS7_:
<     #####:  315:      operator==(const _Self& __x) const _GLIBCXX_NOEXCEPT
<     #####:  316:      { return _M_node == __x._M_node; }
< ------------------
< _ZNKSt17_Rb_tree_iteratorISt4pairIKN7OpenDDS4DCPS14SequenceNumberESt3mapIS3_S0_IPNS2_10BasicQueueINS2_21TransportQueueElementEEEP17ACE_Message_BlockESt4lessIS3_ESaIS0_IS4_SC_EEEEEeqERKSJ_:
<     #####:  315:      operator==(const _Self& __x) const _GLIBCXX_NOEXCEPT
<     #####:  316:      { return _M_node == __x._M_node; }
< ------------------
< _ZNKSt17_Rb_tree_iteratorISt4pairIKNSt7__cxx1112basic_stringIcSt11char_traitsIcESaIcEEEN7OpenDDS4DCPS8RcHandleINS9_13TransportInstEEEEEeqERKSE_:
<       267:  315:      operator==(const _Self& __x) const _GLIBCXX_NOEXCEPT
<       267:  316:      { return _M_node == __x._M_node; }
< ------------------
< _ZNKSt17_Rb_tree_iteratorISt4pairIKNSt7__cxx1112basic_stringIcSt11char_traitsIcESaIcEEEN7OpenDDS4DCPS8RcHandleINS9_15TransportConfigEEEEEeqERKSE_:
<       327:  315:      operator==(const _Self& __x) const _GLIBCXX_NOEXCEPT
<       327:  316:      { return _M_node == __x._M_node; }
< ------------------
< _ZNKSt17_Rb_tree_iteratorISt4pairIKNSt7__cxx1112basic_stringIcSt11char_traitsIcESaIcEEES6_EEeqERKS9_:
<     #####:  315:      operator==(const _Self& __x) const _GLIBCXX_NOEXCEPT
<     #####:  316:      { return _M_node == __x._M_node; }
< ------------------
< _ZNKSt17_Rb_tree_iteratorISt4pairIKNSt7__cxx1112basic_stringIcSt11char_traitsIcESaIcEEEN7OpenDDS4DCPS8RcHandleINS9_13TransportTypeEEEEEeqERKSE_:
<       267:  315:      operator==(const _Self& __x) const _GLIBCXX_NOEXCEPT
<       267:  316:      { return _M_node == __x._M_node; }
< ------------------
< _ZNKSt17_Rb_tree_iteratorISt4pairIKN7OpenDDS4DCPS19TransportReassembly7FragKeyENSt7__cxx114listINS3_9FragRangeESaIS8_EEEEEeqERKSC_:
<     #####:  315:      operator==(const _Self& __x) const _GLIBCXX_NOEXCEPT
<     #####:  316:      { return _M_node == __x._M_node; }
< ------------------
< _ZNKSt17_Rb_tree_iteratorIN7OpenDDS4DCPS19TransportReassembly7FragKeyEEeqERKS4_:
<     #####:  315:      operator==(const _Self& __x) const _GLIBCXX_NOEXCEPT
<     #####:  316:      { return _M_node == __x._M_node; }
< ------------------
< _ZNKSt17_Rb_tree_iteratorISt4pairIKN7OpenDDS4DCPS6GUID_tENS2_8RcHandleINS2_15TransportClient12PendingAssocEEEEEeqERKSA_:
<       108:  315:      operator==(const _Self& __x) const _GLIBCXX_NOEXCEPT
<       108:  316:      { return _M_node == __x._M_node; }
< ------------------
< _ZNKSt17_Rb_tree_iteratorISt4pairIKN7OpenDDS4DCPS6GUID_tENS2_8RcHandleINS2_8DataLinkEEEEEeqERKS9_:
<        84:  315:      operator==(const _Self& __x) const _GLIBCXX_NOEXCEPT
<        84:  316:      { return _M_node == __x._M_node; }
< ------------------
< _ZNKSt17_Rb_tree_iteratorISt4pairIKmN7OpenDDS4DCPS8RcHandleINS3_8DataLinkEEEEEeqERKS8_:
<     #####:  315:      operator==(const _Self& __x) const _GLIBCXX_NOEXCEPT
<     #####:  316:      { return _M_node == __x._M_node; }
< ------------------
< _ZNKSt17_Rb_tree_iteratorIN7OpenDDS4DCPS6GUID_tEEeqERKS3_:
<     #####:  315:      operator==(const _Self& __x) const _GLIBCXX_NOEXCEPT
<     #####:  316:      { return _M_node == __x._M_node; }
< ------------------
< _ZNKSt17_Rb_tree_iteratorISt4pairIKN7OpenDDS4DCPS6GUID_tENS2_12WeakRcHandleINS2_21TransportSendListenerEEEEEeqERKS9_:
<        23:  315:      operator==(const _Self& __x) const _GLIBCXX_NOEXCEPT
<        23:  316:      { return _M_node == __x._M_node; }
< ------------------
< _ZNKSt17_Rb_tree_iteratorISt4pairIKN7OpenDDS4DCPS6GUID_tENS2_12WeakRcHandleINS2_24TransportReceiveListenerEEEEEeqERKS9_:
<     #####:  315:      operator==(const _Self& __x) const _GLIBCXX_NOEXCEPT
<     #####:  316:      { return _M_node == __x._M_node; }
< ------------------
< _ZNKSt17_Rb_tree_iteratorISt4pairIKN7OpenDDS4DCPS6GUID_tENS2_8RcHandleINS2_18ReceiveListenerSetEEEEEeqERKS9_:
<        84:  315:      operator==(const _Self& __x) const _GLIBCXX_NOEXCEPT
<        84:  316:      { return _M_node == __x._M_node; }
< ------------------
< _ZNKSt17_Rb_tree_iteratorISt4pairIKN7OpenDDS4DCPS6GUID_tENS2_12WeakRcHandleINS2_24TransportReceiveListenerEEEEEeqERKS9_:
<        30:  315:      operator==(const _Self& __x) const _GLIBCXX_NOEXCEPT
<        30:  316:      { return _M_node == __x._M_node; }
< ------------------
< _ZNKSt17_Rb_tree_iteratorISt4pairIKN7OpenDDS4DCPS6GUID_tENS2_12WeakRcHandleINS2_24TransportReceiveListenerEEEEEeqERKS9_:
<     #####:  315:      operator==(const _Self& __x) const _GLIBCXX_NOEXCEPT
<     #####:  316:      { return _M_node == __x._M_node; }
< ------------------
< _ZNKSt17_Rb_tree_iteratorISt4pairIKmN7OpenDDS4DCPS8RcHandleINS3_8DataLinkEEEEEeqERKS8_:
<       270:  315:      operator==(const _Self& __x) const _GLIBCXX_NOEXCEPT
<       270:  316:      { return _M_node == __x._M_node; }
< ------------------
< _ZNKSt17_Rb_tree_iteratorISt4pairIKN7OpenDDS4DCPS6GUID_tESt3setIS3_NS2_17GUID_tKeyLessThanESaIS3_EEEEeqERKSA_:
<        48:  315:      operator==(const _Self& __x) const _GLIBCXX_NOEXCEPT
<        48:  316:      { return _M_node == __x._M_node; }
< ------------------
< _ZNKSt17_Rb_tree_iteratorISt4pairIKN7OpenDDS4DCPS6GUID_tENS2_8RcHandleINS2_18ReceiveListenerSetEEEEEeqERKS9_:
<     #####:  315:      operator==(const _Self& __x) const _GLIBCXX_NOEXCEPT
<     #####:  316:      { return _M_node == __x._M_node; }
< ------------------
< _ZNKSt17_Rb_tree_iteratorISt4pairIKN7OpenDDS4DCPS6GUID_tENS2_8RcHandleINS2_11DataLinkSetEEEEEeqERKS9_:
<        36:  315:      operator==(const _Self& __x) const _GLIBCXX_NOEXCEPT
<        36:  316:      { return _M_node == __x._M_node; }
< ------------------
< _ZNKSt17_Rb_tree_iteratorISt4pairIKN7OpenDDS4DCPS6GUID_tENS2_12WeakRcHandleINS2_21TransportSendListenerEEEEEeqERKS9_:
1382,1386d318
< ------------------
< _ZNKSt17_Rb_tree_iteratorISt4pairIKN7OpenDDS4DCPS6GUID_tENS2_12WeakRcHandleINS2_24TransportReceiveListenerEEEEEeqERKS9_:
<     #####:  315:      operator==(const _Self& __x) const _GLIBCXX_NOEXCEPT
<     #####:  316:      { return _M_node == __x._M_node; }
< ------------------
1389,1392d320
<      751*:  319:      operator!=(const _Self& __x) const _GLIBCXX_NOEXCEPT
<      751*:  320:      { return _M_node != __x._M_node; }
< ------------------
< _ZNKSt17_Rb_tree_iteratorISt4pairIKm18TAO_FixedSeq_Var_TIN7OpenDDS4DCPS7GUIDSeqEEEEneERKS8_:
1395,1463d322
< ------------------
< _ZNKSt17_Rb_tree_iteratorISt4pairIKN7OpenDDS4DCPS14SequenceNumberES0_IPNS2_10BasicQueueINS2_21TransportQueueElementEEEP17ACE_Message_BlockEEEneERKSD_:
<     #####:  319:      operator!=(const _Self& __x) const _GLIBCXX_NOEXCEPT
<     #####:  320:      { return _M_node != __x._M_node; }
< ------------------
< _ZNKSt17_Rb_tree_iteratorISt4pairIKN7OpenDDS4DCPS14SequenceNumberESt3mapIS3_S0_IPNS2_10BasicQueueINS2_21TransportQueueElementEEEP17ACE_Message_BlockESt4lessIS3_ESaIS0_IS4_SC_EEEEEneERKSJ_:
<     #####:  319:      operator!=(const _Self& __x) const _GLIBCXX_NOEXCEPT
<     #####:  320:      { return _M_node != __x._M_node; }
< ------------------
< _ZNKSt17_Rb_tree_iteratorISt4pairIKNSt7__cxx1112basic_stringIcSt11char_traitsIcESaIcEEES6_EEneERKS9_:
<         4:  319:      operator!=(const _Self& __x) const _GLIBCXX_NOEXCEPT
<         4:  320:      { return _M_node != __x._M_node; }
< ------------------
< _ZNKSt17_Rb_tree_iteratorISt4pairIKNSt7__cxx1112basic_stringIcSt11char_traitsIcESaIcEEEN7OpenDDS4DCPS8RcHandleINS9_13TransportInstEEEEEneERKSE_:
<       297:  319:      operator!=(const _Self& __x) const _GLIBCXX_NOEXCEPT
<       297:  320:      { return _M_node != __x._M_node; }
< ------------------
< _ZNKSt17_Rb_tree_iteratorISt4pairIKN7OpenDDS4DCPS19TransportReassembly7FragKeyENSt7__cxx114listINS3_9FragRangeESaIS8_EEEEEneERKSC_:
<     #####:  319:      operator!=(const _Self& __x) const _GLIBCXX_NOEXCEPT
<     #####:  320:      { return _M_node != __x._M_node; }
< ------------------
< _ZNKSt17_Rb_tree_iteratorISt4pairIKN7OpenDDS4DCPS6GUID_tENS2_12WeakRcHandleINS2_21TransportSendListenerEEEEEneERKS9_:
<        21:  319:      operator!=(const _Self& __x) const _GLIBCXX_NOEXCEPT
<        21:  320:      { return _M_node != __x._M_node; }
< ------------------
< _ZNKSt17_Rb_tree_iteratorISt4pairIKN7OpenDDS4DCPS6GUID_tENS2_12WeakRcHandleINS2_24TransportReceiveListenerEEEEEneERKS9_:
<     #####:  319:      operator!=(const _Self& __x) const _GLIBCXX_NOEXCEPT
<     #####:  320:      { return _M_node != __x._M_node; }
< ------------------
< _ZNKSt17_Rb_tree_iteratorISt4pairIKmN7OpenDDS4DCPS8RcHandleINS3_8DataLinkEEEEEneERKS8_:
<     #####:  319:      operator!=(const _Self& __x) const _GLIBCXX_NOEXCEPT
<     #####:  320:      { return _M_node != __x._M_node; }
< ------------------
< _ZNKSt17_Rb_tree_iteratorISt4pairIKN7OpenDDS4DCPS6GUID_tESt3setIS3_NS2_17GUID_tKeyLessThanESaIS3_EEEEneERKSA_:
<     #####:  319:      operator!=(const _Self& __x) const _GLIBCXX_NOEXCEPT
<     #####:  320:      { return _M_node != __x._M_node; }
< ------------------
< _ZNKSt17_Rb_tree_iteratorISt4pairIKN7OpenDDS4DCPS6GUID_tENS2_8RcHandleINS2_15TransportClient12PendingAssocEEEEEneERKSA_:
<        14:  319:      operator!=(const _Self& __x) const _GLIBCXX_NOEXCEPT
<        14:  320:      { return _M_node != __x._M_node; }
< ------------------
< _ZNKSt17_Rb_tree_iteratorISt4pairIKN7OpenDDS4DCPS6GUID_tENS2_12WeakRcHandleINS2_24TransportReceiveListenerEEEEEneERKS9_:
<        99:  319:      operator!=(const _Self& __x) const _GLIBCXX_NOEXCEPT
<        99:  320:      { return _M_node != __x._M_node; }
< ------------------
< _ZNKSt17_Rb_tree_iteratorISt4pairIKN7OpenDDS4DCPS6GUID_tENS2_8RcHandleINS2_18ReceiveListenerSetEEEEEneERKS9_:
<        42:  319:      operator!=(const _Self& __x) const _GLIBCXX_NOEXCEPT
<        42:  320:      { return _M_node != __x._M_node; }
< ------------------
< _ZNKSt17_Rb_tree_iteratorISt4pairIKN7OpenDDS4DCPS6GUID_tENS2_12WeakRcHandleINS2_24TransportReceiveListenerEEEEEneERKS9_:
<     #####:  319:      operator!=(const _Self& __x) const _GLIBCXX_NOEXCEPT
<     #####:  320:      { return _M_node != __x._M_node; }
< ------------------
< _ZNKSt17_Rb_tree_iteratorISt4pairIKmN7OpenDDS4DCPS8RcHandleINS3_8DataLinkEEEEEneERKS8_:
<       274:  319:      operator!=(const _Self& __x) const _GLIBCXX_NOEXCEPT
<       274:  320:      { return _M_node != __x._M_node; }
< ------------------
< _ZNKSt17_Rb_tree_iteratorISt4pairIKN7OpenDDS4DCPS6GUID_tENS2_12WeakRcHandleINS2_21TransportSendListenerEEEEEneERKS9_:
<     #####:  319:      operator!=(const _Self& __x) const _GLIBCXX_NOEXCEPT
<     #####:  320:      { return _M_node != __x._M_node; }
< ------------------
< _ZNKSt17_Rb_tree_iteratorISt4pairIKN7OpenDDS4DCPS6GUID_tENS2_12WeakRcHandleINS2_24TransportReceiveListenerEEEEEneERKS9_:
<     #####:  319:      operator!=(const _Self& __x) const _GLIBCXX_NOEXCEPT
<     #####:  320:      { return _M_node != __x._M_node; }
< ------------------
< _ZNKSt17_Rb_tree_iteratorISt4pairIKN7OpenDDS4DCPS6GUID_tENS2_8RcHandleINS2_18ReceiveListenerSetEEEEEneERKS9_:
<     #####:  319:      operator!=(const _Self& __x) const _GLIBCXX_NOEXCEPT
<     #####:  320:      { return _M_node != __x._M_node; }
< ------------------
1471c330
<         -:  328:      typedef _Tp	 value_type;
---
>         -:  328:      typedef _Tp        value_type;
1478c337
<         -:  335:      typedef ptrdiff_t			 difference_type;
---
>         -:  335:      typedef ptrdiff_t                  difference_type;
1480,1482c339,341
<         -:  337:      typedef _Rb_tree_const_iterator<_Tp>		_Self;
<         -:  338:      typedef _Rb_tree_node_base::_Const_Base_ptr	_Base_ptr;
<         -:  339:      typedef const _Rb_tree_node<_Tp>*			_Link_type;
---
>         -:  337:      typedef _Rb_tree_const_iterator<_Tp>        _Self;
>         -:  338:      typedef _Rb_tree_node_base::_Const_Base_ptr _Base_ptr;
>         -:  339:      typedef const _Rb_tree_node<_Tp>*           _Link_type;
1488,1531d346
<     1938*:  345:      _Rb_tree_const_iterator(_Base_ptr __x) _GLIBCXX_NOEXCEPT
<     1938*:  346:      : _M_node(__x) { }
< ------------------
< _ZNSt23_Rb_tree_const_iteratorISt4pairIKN7OpenDDS4DCPS6GUID_tENS2_8RcHandleINS2_18ReceiveListenerSetEEEEEC2EPKSt18_Rb_tree_node_base:
<     #####:  345:      _Rb_tree_const_iterator(_Base_ptr __x) _GLIBCXX_NOEXCEPT
<     #####:  346:      : _M_node(__x) { }
< ------------------
< _ZNSt23_Rb_tree_const_iteratorISt4pairIKN7OpenDDS4DCPS6GUID_tESt3setIS3_NS2_17GUID_tKeyLessThanESaIS3_EEEEC2EPKSt18_Rb_tree_node_base:
<        24:  345:      _Rb_tree_const_iterator(_Base_ptr __x) _GLIBCXX_NOEXCEPT
<        24:  346:      : _M_node(__x) { }
< ------------------
< _ZNSt23_Rb_tree_const_iteratorIN7OpenDDS4DCPS6GUID_tEEC2EPKSt18_Rb_tree_node_base:
<     #####:  345:      _Rb_tree_const_iterator(_Base_ptr __x) _GLIBCXX_NOEXCEPT
<     #####:  346:      : _M_node(__x) { }
< ------------------
< _ZNSt23_Rb_tree_const_iteratorISt4pairIKN7OpenDDS4DCPS6GUID_tENS2_12WeakRcHandleINS2_24TransportReceiveListenerEEEEEC2EPKSt18_Rb_tree_node_base:
<     #####:  345:      _Rb_tree_const_iterator(_Base_ptr __x) _GLIBCXX_NOEXCEPT
<     #####:  346:      : _M_node(__x) { }
< ------------------
< _ZNSt23_Rb_tree_const_iteratorISt4pairIKN7OpenDDS4DCPS6GUID_tENS2_12WeakRcHandleINS2_21TransportSendListenerEEEEEC2EPKSt18_Rb_tree_node_base:
<     #####:  345:      _Rb_tree_const_iterator(_Base_ptr __x) _GLIBCXX_NOEXCEPT
<     #####:  346:      : _M_node(__x) { }
< ------------------
< _ZNSt23_Rb_tree_const_iteratorIN7OpenDDS4DCPS6GUID_tEEC2EPKSt18_Rb_tree_node_base:
<     #####:  345:      _Rb_tree_const_iterator(_Base_ptr __x) _GLIBCXX_NOEXCEPT
<     #####:  346:      : _M_node(__x) { }
< ------------------
< _ZNSt23_Rb_tree_const_iteratorISt4pairIKN7OpenDDS4DCPS6GUID_tENS2_12WeakRcHandleINS2_24TransportReceiveListenerEEEEEC2EPKSt18_Rb_tree_node_base:
<     #####:  345:      _Rb_tree_const_iterator(_Base_ptr __x) _GLIBCXX_NOEXCEPT
<     #####:  346:      : _M_node(__x) { }
< ------------------
< _ZNSt23_Rb_tree_const_iteratorISt4pairIKN7OpenDDS4DCPS6GUID_tENS2_8RcHandleINS2_18ReceiveListenerSetEEEEEC2EPKSt18_Rb_tree_node_base:
<        34:  345:      _Rb_tree_const_iterator(_Base_ptr __x) _GLIBCXX_NOEXCEPT
<        34:  346:      : _M_node(__x) { }
< ------------------
< _ZNSt23_Rb_tree_const_iteratorISt4pairIKiN7OpenDDS4DCPS8RcHandleINS3_15TransportConfigEEEEEC2EPKSt18_Rb_tree_node_base:
<     #####:  345:      _Rb_tree_const_iterator(_Base_ptr __x) _GLIBCXX_NOEXCEPT
<     #####:  346:      : _M_node(__x) { }
< ------------------
< _ZNSt23_Rb_tree_const_iteratorIN7OpenDDS4DCPS19TransportReassembly7FragKeyEEC2EPKSt18_Rb_tree_node_base:
<     #####:  345:      _Rb_tree_const_iterator(_Base_ptr __x) _GLIBCXX_NOEXCEPT
<     #####:  346:      : _M_node(__x) { }
< ------------------
< _ZNSt23_Rb_tree_const_iteratorISt4pairIKN7OpenDDS4DCPS19TransportReassembly7FragKeyENSt7__cxx114listINS3_9FragRangeESaIS8_EEEEEC2EPKSt18_Rb_tree_node_base:
1534,1550d348
< ------------------
< _ZNSt23_Rb_tree_const_iteratorISt4pairIKNSt7__cxx1112basic_stringIcSt11char_traitsIcESaIcEEEN7OpenDDS4DCPS8RcHandleINS9_13TransportTypeEEEEEC2EPKSt18_Rb_tree_node_base:
<       542:  345:      _Rb_tree_const_iterator(_Base_ptr __x) _GLIBCXX_NOEXCEPT
<       542:  346:      : _M_node(__x) { }
< ------------------
< _ZNSt23_Rb_tree_const_iteratorISt4pairIKNSt7__cxx1112basic_stringIcSt11char_traitsIcESaIcEEEN7OpenDDS4DCPS8RcHandleINS9_15TransportConfigEEEEEC2EPKSt18_Rb_tree_node_base:
<       626:  345:      _Rb_tree_const_iterator(_Base_ptr __x) _GLIBCXX_NOEXCEPT
<       626:  346:      : _M_node(__x) { }
< ------------------
< _ZNSt23_Rb_tree_const_iteratorISt4pairIKNSt7__cxx1112basic_stringIcSt11char_traitsIcESaIcEEEN7OpenDDS4DCPS8RcHandleINS9_13TransportInstEEEEEC2EPKSt18_Rb_tree_node_base:
<       712:  345:      _Rb_tree_const_iterator(_Base_ptr __x) _GLIBCXX_NOEXCEPT
<       712:  346:      : _M_node(__x) { }
< ------------------
< _ZNSt23_Rb_tree_const_iteratorISt4pairIKN7OpenDDS4DCPS14SequenceNumberES0_IPNS2_10BasicQueueINS2_21TransportQueueElementEEEP17ACE_Message_BlockEEEC2EPKSt18_Rb_tree_node_base:
<     #####:  345:      _Rb_tree_const_iterator(_Base_ptr __x) _GLIBCXX_NOEXCEPT
<     #####:  346:      : _M_node(__x) { }
< ------------------
1552,1583d349
<      828*:  348:      _Rb_tree_const_iterator(const iterator& __it) _GLIBCXX_NOEXCEPT
<      828*:  349:      : _M_node(__it._M_node) { }
< ------------------
< _ZNSt23_Rb_tree_const_iteratorISt4pairIKN7OpenDDS4DCPS6GUID_tENS2_12WeakRcHandleINS2_24TransportReceiveListenerEEEEEC2ERKSt17_Rb_tree_iteratorIS8_E:
<     #####:  348:      _Rb_tree_const_iterator(const iterator& __it) _GLIBCXX_NOEXCEPT
<     #####:  349:      : _M_node(__it._M_node) { }
< ------------------
< _ZNSt23_Rb_tree_const_iteratorISt4pairIKN7OpenDDS4DCPS14SequenceNumberES0_IPNS2_10BasicQueueINS2_21TransportQueueElementEEEP17ACE_Message_BlockEEEC2ERKSt17_Rb_tree_iteratorISC_E:
<     #####:  348:      _Rb_tree_const_iterator(const iterator& __it) _GLIBCXX_NOEXCEPT
<     #####:  349:      : _M_node(__it._M_node) { }
< ------------------
< _ZNSt23_Rb_tree_const_iteratorISt4pairIKN7OpenDDS4DCPS14SequenceNumberENS2_6GUID_tEEEC2ERKSt17_Rb_tree_iteratorIS6_E:
<     #####:  348:      _Rb_tree_const_iterator(const iterator& __it) _GLIBCXX_NOEXCEPT
<     #####:  349:      : _M_node(__it._M_node) { }
< ------------------
< _ZNSt23_Rb_tree_const_iteratorISt4pairIKN7OpenDDS4DCPS14SequenceNumberESt3mapIS3_S0_IPNS2_10BasicQueueINS2_21TransportQueueElementEEEP17ACE_Message_BlockESt4lessIS3_ESaIS0_IS4_SC_EEEEEC2ERKSt17_Rb_tree_iteratorISI_E:
<     #####:  348:      _Rb_tree_const_iterator(const iterator& __it) _GLIBCXX_NOEXCEPT
<     #####:  349:      : _M_node(__it._M_node) { }
< ------------------
< _ZNSt23_Rb_tree_const_iteratorISt4pairIKNSt7__cxx1112basic_stringIcSt11char_traitsIcESaIcEEES6_EEC2ERKSt17_Rb_tree_iteratorIS8_E:
<     #####:  348:      _Rb_tree_const_iterator(const iterator& __it) _GLIBCXX_NOEXCEPT
<     #####:  349:      : _M_node(__it._M_node) { }
< ------------------
< _ZNSt23_Rb_tree_const_iteratorISt4pairIKNSt7__cxx1112basic_stringIcSt11char_traitsIcESaIcEEEN7OpenDDS4DCPS8RcHandleINS9_15TransportConfigEEEEEC2ERKSt17_Rb_tree_iteratorISD_E:
<       208:  348:      _Rb_tree_const_iterator(const iterator& __it) _GLIBCXX_NOEXCEPT
<       208:  349:      : _M_node(__it._M_node) { }
< ------------------
< _ZNSt23_Rb_tree_const_iteratorISt4pairIKNSt7__cxx1112basic_stringIcSt11char_traitsIcESaIcEEEN7OpenDDS4DCPS8RcHandleINS9_13TransportInstEEEEEC2ERKSt17_Rb_tree_iteratorISD_E:
<       178:  348:      _Rb_tree_const_iterator(const iterator& __it) _GLIBCXX_NOEXCEPT
<       178:  349:      : _M_node(__it._M_node) { }
< ------------------
< _ZNSt23_Rb_tree_const_iteratorISt4pairIKN7OpenDDS4DCPS19TransportReassembly7FragKeyENSt7__cxx114listINS3_9FragRangeESaIS8_EEEEEC2ERKSt17_Rb_tree_iteratorISB_E:
1586,1638d351
< ------------------
< _ZNSt23_Rb_tree_const_iteratorIN7OpenDDS4DCPS19TransportReassembly7FragKeyEEC2ERKSt17_Rb_tree_iteratorIS3_E:
<     #####:  348:      _Rb_tree_const_iterator(const iterator& __it) _GLIBCXX_NOEXCEPT
<     #####:  349:      : _M_node(__it._M_node) { }
< ------------------
< _ZNSt23_Rb_tree_const_iteratorISt4pairIKN7OpenDDS4DCPS6GUID_tENS2_8RcHandleINS2_8DataLinkEEEEEC2ERKSt17_Rb_tree_iteratorIS8_E:
<        36:  348:      _Rb_tree_const_iterator(const iterator& __it) _GLIBCXX_NOEXCEPT
<        36:  349:      : _M_node(__it._M_node) { }
< ------------------
< _ZNSt23_Rb_tree_const_iteratorISt4pairIKm18TAO_FixedSeq_Var_TIN7OpenDDS4DCPS7GUIDSeqEEEEC2ERKSt17_Rb_tree_iteratorIS7_E:
<     #####:  348:      _Rb_tree_const_iterator(const iterator& __it) _GLIBCXX_NOEXCEPT
<     #####:  349:      : _M_node(__it._M_node) { }
< ------------------
< _ZNSt23_Rb_tree_const_iteratorIN7OpenDDS4DCPS6GUID_tEEC2ERKSt17_Rb_tree_iteratorIS2_E:
<     #####:  348:      _Rb_tree_const_iterator(const iterator& __it) _GLIBCXX_NOEXCEPT
<     #####:  349:      : _M_node(__it._M_node) { }
< ------------------
< _ZNSt23_Rb_tree_const_iteratorISt4pairIKN7OpenDDS4DCPS6GUID_tENS2_12WeakRcHandleINS2_21TransportSendListenerEEEEEC2ERKSt17_Rb_tree_iteratorIS8_E:
<         9:  348:      _Rb_tree_const_iterator(const iterator& __it) _GLIBCXX_NOEXCEPT
<         9:  349:      : _M_node(__it._M_node) { }
< ------------------
< _ZNSt23_Rb_tree_const_iteratorISt4pairIKN7OpenDDS4DCPS6GUID_tENS2_8RcHandleINS2_15TransportClient12PendingAssocEEEEEC2ERKSt17_Rb_tree_iteratorIS9_E:
<       130:  348:      _Rb_tree_const_iterator(const iterator& __it) _GLIBCXX_NOEXCEPT
<       130:  349:      : _M_node(__it._M_node) { }
< ------------------
< _ZNSt23_Rb_tree_const_iteratorISt4pairIKN7OpenDDS4DCPS6GUID_tENS2_8RcHandleINS2_18ReceiveListenerSetEEEEEC2ERKSt17_Rb_tree_iteratorIS8_E:
<        82:  348:      _Rb_tree_const_iterator(const iterator& __it) _GLIBCXX_NOEXCEPT
<        82:  349:      : _M_node(__it._M_node) { }
< ------------------
< _ZNSt23_Rb_tree_const_iteratorISt4pairIKN7OpenDDS4DCPS6GUID_tENS2_12WeakRcHandleINS2_24TransportReceiveListenerEEEEEC2ERKSt17_Rb_tree_iteratorIS8_E:
<         9:  348:      _Rb_tree_const_iterator(const iterator& __it) _GLIBCXX_NOEXCEPT
<         9:  349:      : _M_node(__it._M_node) { }
< ------------------
< _ZNSt23_Rb_tree_const_iteratorISt4pairIKmN7OpenDDS4DCPS8RcHandleINS3_8DataLinkEEEEEC2ERKSt17_Rb_tree_iteratorIS7_E:
<        76:  348:      _Rb_tree_const_iterator(const iterator& __it) _GLIBCXX_NOEXCEPT
<        76:  349:      : _M_node(__it._M_node) { }
< ------------------
< _ZNSt23_Rb_tree_const_iteratorISt4pairIKN7OpenDDS4DCPS6GUID_tESt3setIS3_NS2_17GUID_tKeyLessThanESaIS3_EEEEC2ERKSt17_Rb_tree_iteratorIS9_E:
<        82:  348:      _Rb_tree_const_iterator(const iterator& __it) _GLIBCXX_NOEXCEPT
<        82:  349:      : _M_node(__it._M_node) { }
< ------------------
< _ZNSt23_Rb_tree_const_iteratorISt4pairIKN7OpenDDS4DCPS6GUID_tENS2_8RcHandleINS2_18ReceiveListenerSetEEEEEC2ERKSt17_Rb_tree_iteratorIS8_E:
<     #####:  348:      _Rb_tree_const_iterator(const iterator& __it) _GLIBCXX_NOEXCEPT
<     #####:  349:      : _M_node(__it._M_node) { }
< ------------------
< _ZNSt23_Rb_tree_const_iteratorISt4pairIKN7OpenDDS4DCPS6GUID_tENS2_8RcHandleINS2_11DataLinkSetEEEEEC2ERKSt17_Rb_tree_iteratorIS8_E:
<        18:  348:      _Rb_tree_const_iterator(const iterator& __it) _GLIBCXX_NOEXCEPT
<        18:  349:      : _M_node(__it._M_node) { }
< ------------------
< _ZNSt23_Rb_tree_const_iteratorISt4pairIKN7OpenDDS4DCPS6GUID_tENS2_12WeakRcHandleINS2_24TransportReceiveListenerEEEEEC2ERKSt17_Rb_tree_iteratorIS8_E:
<     #####:  348:      _Rb_tree_const_iterator(const iterator& __it) _GLIBCXX_NOEXCEPT
<     #####:  349:      : _M_node(__it._M_node) { }
< ------------------
1641,1676d353
<      458*:  352:      _M_const_cast() const _GLIBCXX_NOEXCEPT
<      458*:  353:      { return iterator(const_cast<typename iterator::_Base_ptr>(_M_node)); }
< ------------------
< _ZNKSt23_Rb_tree_const_iteratorISt4pairIKN7OpenDDS4DCPS6GUID_tENS2_8RcHandleINS2_11DataLinkSetEEEEE13_M_const_castEv:
<        18:  352:      _M_const_cast() const _GLIBCXX_NOEXCEPT
<        18:  353:      { return iterator(const_cast<typename iterator::_Base_ptr>(_M_node)); }
< ------------------
< _ZNKSt23_Rb_tree_const_iteratorISt4pairIKN7OpenDDS4DCPS6GUID_tESt3setIS3_NS2_17GUID_tKeyLessThanESaIS3_EEEE13_M_const_castEv:
<        18:  352:      _M_const_cast() const _GLIBCXX_NOEXCEPT
<        18:  353:      { return iterator(const_cast<typename iterator::_Base_ptr>(_M_node)); }
< ------------------
< _ZNKSt23_Rb_tree_const_iteratorISt4pairIKN7OpenDDS4DCPS6GUID_tENS2_8RcHandleINS2_18ReceiveListenerSetEEEEE13_M_const_castEv:
<     #####:  352:      _M_const_cast() const _GLIBCXX_NOEXCEPT
<     #####:  353:      { return iterator(const_cast<typename iterator::_Base_ptr>(_M_node)); }
< ------------------
< _ZNKSt23_Rb_tree_const_iteratorISt4pairIKN7OpenDDS4DCPS6GUID_tENS2_8RcHandleINS2_18ReceiveListenerSetEEEEE13_M_const_castEv:
<        18:  352:      _M_const_cast() const _GLIBCXX_NOEXCEPT
<        18:  353:      { return iterator(const_cast<typename iterator::_Base_ptr>(_M_node)); }
< ------------------
< _ZNKSt23_Rb_tree_const_iteratorISt4pairIKm18TAO_FixedSeq_Var_TIN7OpenDDS4DCPS7GUIDSeqEEEE13_M_const_castEv:
<     #####:  352:      _M_const_cast() const _GLIBCXX_NOEXCEPT
<     #####:  353:      { return iterator(const_cast<typename iterator::_Base_ptr>(_M_node)); }
< ------------------
< _ZNKSt23_Rb_tree_const_iteratorISt4pairIKN7OpenDDS4DCPS6GUID_tENS2_8RcHandleINS2_8DataLinkEEEEE13_M_const_castEv:
<        18:  352:      _M_const_cast() const _GLIBCXX_NOEXCEPT
<        18:  353:      { return iterator(const_cast<typename iterator::_Base_ptr>(_M_node)); }
< ------------------
[...]
< ------------------
< _ZNSt8_Rb_treeIN7OpenDDS4DCPS6GUID_tESt4pairIKS2_NS1_12WeakRcHandleINS1_24TransportReceiveListenerEEEESt10_Select1stIS8_ENS1_17GUID_tKeyLessThanESaIS8_EE4findERS4_:
<     #####: 2536:    _Rb_tree<_Key, _Val, _KeyOfValue, _Compare, _Alloc>::
<         -: 2537:    find(const _Key& __k)
<         -: 2538:    {
<     #####: 2539:      iterator __j = _M_lower_bound(_M_begin(), _M_end(), __k);
<     #####: 2540:      return (__j == end()
<     #####: 2541:	      || _M_impl._M_key_compare(__k,
<     #####: 2542:					_S_key(__j._M_node))) ? end() : __j;
<         -: 2543:    }
< ------------------
< _ZNSt8_Rb_treeImSt4pairIKm18TAO_FixedSeq_Var_TIN7OpenDDS4DCPS7GUIDSeqEEESt10_Select1stIS7_ESt4lessImESaIS7_EE4findERS1_:
<     #####: 2536:    _Rb_tree<_Key, _Val, _KeyOfValue, _Compare, _Alloc>::
<         -: 2537:    find(const _Key& __k)
<         -: 2538:    {
<     #####: 2539:      iterator __j = _M_lower_bound(_M_begin(), _M_end(), __k);
<     #####: 2540:      return (__j == end()
<     #####: 2541:	      || _M_impl._M_key_compare(__k,
<     #####: 2542:					_S_key(__j._M_node))) ? end() : __j;
<         -: 2543:    }
< ------------------
< _ZNSt8_Rb_treeIN7OpenDDS4DCPS6GUID_tESt4pairIKS2_St3setIS2_NS1_17GUID_tKeyLessThanESaIS2_EEESt10_Select1stIS9_ES6_SaIS9_EE4findERS4_:
<         3: 2536:    _Rb_tree<_Key, _Val, _KeyOfValue, _Compare, _Alloc>::
<         -: 2537:    find(const _Key& __k)
<         -: 2538:    {
<         3: 2539:      iterator __j = _M_lower_bound(_M_begin(), _M_end(), __k);
<         6: 2540:      return (__j == end()
<         3: 2541:	      || _M_impl._M_key_compare(__k,
<        9*: 2542:					_S_key(__j._M_node))) ? end() : __j;
<         -: 2543:    }
< ------------------
< _ZNSt8_Rb_treeIN7OpenDDS4DCPS6GUID_tESt4pairIKS2_NS1_8RcHandleINS1_8DataLinkEEEESt10_Select1stIS8_ENS1_17GUID_tKeyLessThanESaIS8_EE4findERS4_:
<        26: 2536:    _Rb_tree<_Key, _Val, _KeyOfValue, _Compare, _Alloc>::
<         -: 2537:    find(const _Key& __k)
<         -: 2538:    {
<        26: 2539:      iterator __j = _M_lower_bound(_M_begin(), _M_end(), __k);
<        52: 2540:      return (__j == end()
<        26: 2541:	      || _M_impl._M_key_compare(__k,
<       78*: 2542:					_S_key(__j._M_node))) ? end() : __j;
<         -: 2543:    }
< ------------------
< _ZNSt8_Rb_treeImSt4pairIKmN7OpenDDS4DCPS8RcHandleINS3_8DataLinkEEEESt10_Select1stIS7_ESt4lessImESaIS7_EE4findERS1_:
<     #####: 2536:    _Rb_tree<_Key, _Val, _KeyOfValue, _Compare, _Alloc>::
<         -: 2537:    find(const _Key& __k)
<         -: 2538:    {
<     #####: 2539:      iterator __j = _M_lower_bound(_M_begin(), _M_end(), __k);
<     #####: 2540:      return (__j == end()
<     #####: 2541:	      || _M_impl._M_key_compare(__k,
<     #####: 2542:					_S_key(__j._M_node))) ? end() : __j;
<         -: 2543:    }
< ------------------
< _ZNSt8_Rb_treeIN7OpenDDS4DCPS6GUID_tESt4pairIKS2_NS1_8RcHandleINS1_18ReceiveListenerSetEEEESt10_Select1stIS8_ENS1_17GUID_tKeyLessThanESaIS8_EE4findERS4_:
<        42: 2536:    _Rb_tree<_Key, _Val, _KeyOfValue, _Compare, _Alloc>::
<         -: 2537:    find(const _Key& __k)
<         -: 2538:    {
<        42: 2539:      iterator __j = _M_lower_bound(_M_begin(), _M_end(), __k);
<        84: 2540:      return (__j == end()
<        42: 2541:	      || _M_impl._M_key_compare(__k,
<      126*: 2542:					_S_key(__j._M_node))) ? end() : __j;
<         -: 2543:    }
< ------------------
< _ZNSt8_Rb_treeIN7OpenDDS4DCPS6GUID_tESt4pairIKS2_NS1_12WeakRcHandleINS1_24TransportReceiveListenerEEEESt10_Select1stIS8_ENS1_17GUID_tKeyLessThanESaIS8_EE4findERS4_:
<         9: 2536:    _Rb_tree<_Key, _Val, _KeyOfValue, _Compare, _Alloc>::
<         -: 2537:    find(const _Key& __k)
<         -: 2538:    {
<         9: 2539:      iterator __j = _M_lower_bound(_M_begin(), _M_end(), __k);
<        18: 2540:      return (__j == end()
<         9: 2541:	      || _M_impl._M_key_compare(__k,
<       27*: 2542:					_S_key(__j._M_node))) ? end() : __j;
<         -: 2543:    }
< ------------------
< _ZNSt8_Rb_treeIN7OpenDDS4DCPS6GUID_tESt4pairIKS2_NS1_12WeakRcHandleINS1_24TransportReceiveListenerEEEESt10_Select1stIS8_ENS1_17GUID_tKeyLessThanESaIS8_EE4findERS4_:
<     #####: 2536:    _Rb_tree<_Key, _Val, _KeyOfValue, _Compare, _Alloc>::
<         -: 2537:    find(const _Key& __k)
<         -: 2538:    {
<     #####: 2539:      iterator __j = _M_lower_bound(_M_begin(), _M_end(), __k);
<     #####: 2540:      return (__j == end()
<     #####: 2541:	      || _M_impl._M_key_compare(__k,
<     #####: 2542:					_S_key(__j._M_node))) ? end() : __j;
<         -: 2543:    }
< ------------------
< _ZNSt8_Rb_treeImSt4pairIKmN7OpenDDS4DCPS8RcHandleINS3_8DataLinkEEEESt10_Select1stIS7_ESt4lessImESaIS7_EE4findERS1_:
<       103: 2536:    _Rb_tree<_Key, _Val, _KeyOfValue, _Compare, _Alloc>::
<         -: 2537:    find(const _Key& __k)
<         -: 2538:    {
<       103: 2539:      iterator __j = _M_lower_bound(_M_begin(), _M_end(), __k);
<       206: 2540:      return (__j == end()
<        12: 2541:	      || _M_impl._M_key_compare(__k,
<       218: 2542:					_S_key(__j._M_node))) ? end() : __j;
<         -: 2543:    }
< ------------------
< _ZNSt8_Rb_treeIN7OpenDDS4DCPS6GUID_tESt4pairIKS2_NS1_12WeakRcHandleINS1_24TransportReceiveListenerEEEESt10_Select1stIS8_ENS1_17GUID_tKeyLessThanESaIS8_EE4findERS4_:
<     #####: 2536:    _Rb_tree<_Key, _Val, _KeyOfValue, _Compare, _Alloc>::
<         -: 2537:    find(const _Key& __k)
<         -: 2538:    {
<     #####: 2539:      iterator __j = _M_lower_bound(_M_begin(), _M_end(), __k);
<     #####: 2540:      return (__j == end()
<     #####: 2541:	      || _M_impl._M_key_compare(__k,
<     #####: 2542:					_S_key(__j._M_node))) ? end() : __j;
<         -: 2543:    }
< ------------------
< _ZNSt8_Rb_treeIN7OpenDDS4DCPS6GUID_tESt4pairIKS2_NS1_8RcHandleINS1_18ReceiveListenerSetEEEESt10_Select1stIS8_ENS1_17GUID_tKeyLessThanESaIS8_EE4findERS4_:
<     #####: 2536:    _Rb_tree<_Key, _Val, _KeyOfValue, _Compare, _Alloc>::
<         -: 2537:    find(const _Key& __k)
<         -: 2538:    {
<     #####: 2539:      iterator __j = _M_lower_bound(_M_begin(), _M_end(), __k);
<     #####: 2540:      return (__j == end()
<     #####: 2541:	      || _M_impl._M_key_compare(__k,
<     #####: 2542:					_S_key(__j._M_node))) ? end() : __j;
<         -: 2543:    }
< ------------------
<         -: 2544:
<         -: 2545:  template<typename _Key, typename _Val, typename _KeyOfValue,
<         -: 2546:	   typename _Compare, typename _Alloc>
<         -: 2547:    typename _Rb_tree<_Key, _Val, _KeyOfValue,
<         -: 2548:		      _Compare, _Alloc>::const_iterator
<      547*: 2549:    _Rb_tree<_Key, _Val, _KeyOfValue, _Compare, _Alloc>::
<         -: 2550:    find(const _Key& __k) const
<         -: 2551:    {
<      547*: 2552:      const_iterator __j = _M_lower_bound(_M_begin(), _M_end(), __k);
<     1094*: 2553:      return (__j == end()
<      274*: 2554:	      || _M_impl._M_key_compare(__k,
<     1368*: 2555:					_S_key(__j._M_node))) ? end() : __j;
<         -: 2556:    }
<         -: 2557:
<         -: 2558:  template<typename _Key, typename _Val, typename _KeyOfValue,
<         -: 2559:	   typename _Compare, typename _Alloc>
<         -: 2560:    typename _Rb_tree<_Key, _Val, _KeyOfValue, _Compare, _Alloc>::size_type
<         -: 2561:    _Rb_tree<_Key, _Val, _KeyOfValue, _Compare, _Alloc>::
<         -: 2562:    count(const _Key& __k) const
<         -: 2563:    {
<         -: 2564:      pair<const_iterator, const_iterator> __p = equal_range(__k);
<         -: 2565:      const size_type __n = std::distance(__p.first, __p.second);
<         -: 2566:      return __n;
<         -: 2567:    }
<         -: 2568:
<         -: 2569:  _GLIBCXX_PURE unsigned int
<         -: 2570:  _Rb_tree_black_count(const _Rb_tree_node_base* __node,
<         -: 2571:		       const _Rb_tree_node_base* __root) throw ();
<         -: 2572:
<         -: 2573:  template<typename _Key, typename _Val, typename _KeyOfValue,
<         -: 2574:	   typename _Compare, typename _Alloc>
<         -: 2575:    bool
<         -: 2576:    _Rb_tree<_Key,_Val,_KeyOfValue,_Compare,_Alloc>::__rb_verify() const
<         -: 2577:    {
<         -: 2578:      if (_M_impl._M_node_count == 0 || begin() == end())
<         -: 2579:	return _M_impl._M_node_count == 0 && begin() == end()
<         -: 2580:	       && this->_M_impl._M_header._M_left == _M_end()
<         -: 2581:	       && this->_M_impl._M_header._M_right == _M_end();
<         -: 2582:
<         -: 2583:      unsigned int __len = _Rb_tree_black_count(_M_leftmost(), _M_root());
<         -: 2584:      for (const_iterator __it = begin(); __it != end(); ++__it)
<         -: 2585:	{
<         -: 2586:	  _Const_Link_type __x = static_cast<_Const_Link_type>(__it._M_node);
<         -: 2587:	  _Const_Link_type __L = _S_left(__x);
<         -: 2588:	  _Const_Link_type __R = _S_right(__x);
<         -: 2589:
<         -: 2590:	  if (__x->_M_color == _S_red)
<         -: 2591:	    if ((__L && __L->_M_color == _S_red)
<         -: 2592:		|| (__R && __R->_M_color == _S_red))
<         -: 2593:	      return false;
---
>         -: 2433:	    return _M_insert_equal_lower_node(__z);
>         -: 2434:	  }
>         -: 2435:	__catch(...)
>         -: 2436:	  {
>         -: 2437:	    _M_drop_node(__z);
>         -: 2438:	    __throw_exception_again;
>         -: 2439:	  }
>         -: 2440:      }
>         -: 2441:#endif
>         -: 2442:
>         -: 2443:  template<typename _Key, typename _Val, typename _KoV,
>         -: 2444:           typename _Cmp, typename _Alloc>
>         -: 2445:    template<class _II>
>         -: 2446:      void
>         -: 2447:      _Rb_tree<_Key, _Val, _KoV, _Cmp, _Alloc>::
>         -: 2448:      _M_insert_unique(_II __first, _II __last)
>         -: 2449:      {
>         -: 2450:	_Alloc_node __an(*this);
>         -: 2451:	for (; __first != __last; ++__first)
>         -: 2452:	  _M_insert_unique_(end(), *__first, __an);
>         -: 2453:      }
>         -: 2454:
>         -: 2455:  template<typename _Key, typename _Val, typename _KoV,
>         -: 2456:           typename _Cmp, typename _Alloc>
>         -: 2457:    template<class _II>
>         -: 2458:      void
>         -: 2459:      _Rb_tree<_Key, _Val, _KoV, _Cmp, _Alloc>::
>         -: 2460:      _M_insert_equal(_II __first, _II __last)
>         -: 2461:      {
>         -: 2462:	_Alloc_node __an(*this);
>         -: 2463:	for (; __first != __last; ++__first)
>         -: 2464:	  _M_insert_equal_(end(), *__first, __an);
>         -: 2465:      }
>         -: 2466:
>         -: 2467:  template<typename _Key, typename _Val, typename _KeyOfValue,
>         -: 2468:           typename _Compare, typename _Alloc>
>         -: 2469:    void
>         -: 2470:    _Rb_tree<_Key, _Val, _KeyOfValue, _Compare, _Alloc>::
>         -: 2471:    _M_erase_aux(const_iterator __position)
>         -: 2472:    {
>         -: 2473:      _Link_type __y =
>         -: 2474:	static_cast<_Link_type>(_Rb_tree_rebalance_for_erase
>         -: 2475:				(const_cast<_Base_ptr>(__position._M_node),
>         -: 2476:				 this->_M_impl._M_header));
>         -: 2477:      _M_drop_node(__y);
>         -: 2478:      --_M_impl._M_node_count;
>         -: 2479:    }
>         -: 2480:
>         -: 2481:  template<typename _Key, typename _Val, typename _KeyOfValue,
>         -: 2482:           typename _Compare, typename _Alloc>
>         -: 2483:    void
>         -: 2484:    _Rb_tree<_Key, _Val, _KeyOfValue, _Compare, _Alloc>::
>         -: 2485:    _M_erase_aux(const_iterator __first, const_iterator __last)
>         -: 2486:    {
>         -: 2487:      if (__first == begin() && __last == end())
>         -: 2488:	clear();
>         -: 2489:      else
>         -: 2490:	while (__first != __last)
>         -: 2491:	  _M_erase_aux(__first++);
>         -: 2492:    }
>         -: 2493:
>         -: 2494:  template<typename _Key, typename _Val, typename _KeyOfValue,
>         -: 2495:           typename _Compare, typename _Alloc>
>         -: 2496:    typename _Rb_tree<_Key, _Val, _KeyOfValue, _Compare, _Alloc>::size_type
>         -: 2497:    _Rb_tree<_Key, _Val, _KeyOfValue, _Compare, _Alloc>::
>         -: 2498:    erase(const _Key& __x)
>         -: 2499:    {
>         -: 2500:      pair<iterator, iterator> __p = equal_range(__x);
>         -: 2501:      const size_type __old_size = size();
>         -: 2502:      _M_erase_aux(__p.first, __p.second);
>         -: 2503:      return __old_size - size();
>         -: 2504:    }
>         -: 2505:
>         -: 2506:  template<typename _Key, typename _Val, typename _KeyOfValue,
>         -: 2507:           typename _Compare, typename _Alloc>
>         -: 2508:    void
>         -: 2509:    _Rb_tree<_Key, _Val, _KeyOfValue, _Compare, _Alloc>::
>         -: 2510:    erase(const _Key* __first, const _Key* __last)
>         -: 2511:    {
>         -: 2512:      while (__first != __last)
>         -: 2513:	erase(*__first++);
>         -: 2514:    }
>         -: 2515:
>         -: 2516:  template<typename _Key, typename _Val, typename _KeyOfValue,
>         -: 2517:           typename _Compare, typename _Alloc>
>         -: 2518:    typename _Rb_tree<_Key, _Val, _KeyOfValue,
>         -: 2519:		      _Compare, _Alloc>::iterator
>     #####: 2520:    _Rb_tree<_Key, _Val, _KeyOfValue, _Compare, _Alloc>::
>         -: 2521:    find(const _Key& __k)
>         -: 2522:    {
>     #####: 2523:      iterator __j = _M_lower_bound(_M_begin(), _M_end(), __k);
>     #####: 2524:      return (__j == end()
>     #####: 2525:	      || _M_impl._M_key_compare(__k,
>     #####: 2526:					_S_key(__j._M_node))) ? end() : __j;
>         -: 2527:    }
>         -: 2528:
>         -: 2529:  template<typename _Key, typename _Val, typename _KeyOfValue,
>         -: 2530:           typename _Compare, typename _Alloc>
>         -: 2531:    typename _Rb_tree<_Key, _Val, _KeyOfValue,
>         -: 2532:		      _Compare, _Alloc>::const_iterator
>     #####: 2533:    _Rb_tree<_Key, _Val, _KeyOfValue, _Compare, _Alloc>::
>         -: 2534:    find(const _Key& __k) const
>         -: 2535:    {
>     #####: 2536:      const_iterator __j = _M_lower_bound(_M_begin(), _M_end(), __k);
>     #####: 2537:      return (__j == end()
>     #####: 2538:	      || _M_impl._M_key_compare(__k, 
>     #####: 2539:					_S_key(__j._M_node))) ? end() : __j;
>         -: 2540:    }
>         -: 2541:
>         -: 2542:  template<typename _Key, typename _Val, typename _KeyOfValue,
>         -: 2543:           typename _Compare, typename _Alloc>
>         -: 2544:    typename _Rb_tree<_Key, _Val, _KeyOfValue, _Compare, _Alloc>::size_type
>         -: 2545:    _Rb_tree<_Key, _Val, _KeyOfValue, _Compare, _Alloc>::
>         -: 2546:    count(const _Key& __k) const
>         -: 2547:    {
>         -: 2548:      pair<const_iterator, const_iterator> __p = equal_range(__k);
>         -: 2549:      const size_type __n = std::distance(__p.first, __p.second);
>         -: 2550:      return __n;
>         -: 2551:    }
>         -: 2552:
>         -: 2553:  _GLIBCXX_PURE unsigned int
>         -: 2554:  _Rb_tree_black_count(const _Rb_tree_node_base* __node,
>         -: 2555:                       const _Rb_tree_node_base* __root) throw ();
>         -: 2556:
>         -: 2557:  template<typename _Key, typename _Val, typename _KeyOfValue,
>         -: 2558:           typename _Compare, typename _Alloc>
>         -: 2559:    bool
>         -: 2560:    _Rb_tree<_Key,_Val,_KeyOfValue,_Compare,_Alloc>::__rb_verify() const
>         -: 2561:    {
>         -: 2562:      if (_M_impl._M_node_count == 0 || begin() == end())
>         -: 2563:	return _M_impl._M_node_count == 0 && begin() == end()
>         -: 2564:	       && this->_M_impl._M_header._M_left == _M_end()
>         -: 2565:	       && this->_M_impl._M_header._M_right == _M_end();
>         -: 2566:
>         -: 2567:      unsigned int __len = _Rb_tree_black_count(_M_leftmost(), _M_root());
>         -: 2568:      for (const_iterator __it = begin(); __it != end(); ++__it)
>         -: 2569:	{
>         -: 2570:	  _Const_Link_type __x = static_cast<_Const_Link_type>(__it._M_node);
>         -: 2571:	  _Const_Link_type __L = _S_left(__x);
>         -: 2572:	  _Const_Link_type __R = _S_right(__x);
>         -: 2573:
>         -: 2574:	  if (__x->_M_color == _S_red)
>         -: 2575:	    if ((__L && __L->_M_color == _S_red)
>         -: 2576:		|| (__R && __R->_M_color == _S_red))
>         -: 2577:	      return false;
>         -: 2578:
>         -: 2579:	  if (__L && _M_impl._M_key_compare(_S_key(__x), _S_key(__L)))
>         -: 2580:	    return false;
>         -: 2581:	  if (__R && _M_impl._M_key_compare(_S_key(__R), _S_key(__x)))
>         -: 2582:	    return false;
>         -: 2583:
>         -: 2584:	  if (!__L && !__R && _Rb_tree_black_count(__x, _M_root()) != __len)
>         -: 2585:	    return false;
>         -: 2586:	}
>         -: 2587:
>         -: 2588:      if (_M_leftmost() != _Rb_tree_node_base::_S_minimum(_M_root()))
>         -: 2589:	return false;
>         -: 2590:      if (_M_rightmost() != _Rb_tree_node_base::_S_maximum(_M_root()))
>         -: 2591:	return false;
>         -: 2592:      return true;
>         -: 2593:    }
12451,12465c2597,2611
<         -: 2595:	  if (__L && _M_impl._M_key_compare(_S_key(__x), _S_key(__L)))
<         -: 2596:	    return false;
<         -: 2597:	  if (__R && _M_impl._M_key_compare(_S_key(__R), _S_key(__x)))
<         -: 2598:	    return false;
<         -: 2599:
<         -: 2600:	  if (!__L && !__R && _Rb_tree_black_count(__x, _M_root()) != __len)
<         -: 2601:	    return false;
<         -: 2602:	}
<         -: 2603:
<         -: 2604:      if (_M_leftmost() != _Rb_tree_node_base::_S_minimum(_M_root()))
<         -: 2605:	return false;
<         -: 2606:      if (_M_rightmost() != _Rb_tree_node_base::_S_maximum(_M_root()))
<         -: 2607:	return false;
<         -: 2608:      return true;
<         -: 2609:    }
---
>         -: 2595:#if __cplusplus > 201402L
>         -: 2596:  // Allow access to internals of compatible _Rb_tree specializations.
>         -: 2597:  template<typename _Key, typename _Val, typename _Sel, typename _Cmp1,
>         -: 2598:	   typename _Alloc, typename _Cmp2>
>         -: 2599:    struct _Rb_tree_merge_helper<_Rb_tree<_Key, _Val, _Sel, _Cmp1, _Alloc>,
>         -: 2600:				 _Cmp2>
>         -: 2601:    {
>         -: 2602:    private:
>         -: 2603:      friend class _Rb_tree<_Key, _Val, _Sel, _Cmp1, _Alloc>;
>         -: 2604:
>         -: 2605:      static auto&
>         -: 2606:      _S_get_impl(_Rb_tree<_Key, _Val, _Sel, _Cmp2, _Alloc>& __tree)
>         -: 2607:      { return __tree._M_impl; }
>         -: 2608:    };
>         -: 2609:#endif // C++17
12467,12486c2613,2616
<         -: 2611:#if __cplusplus > 201402L
<         -: 2612:  // Allow access to internals of compatible _Rb_tree specializations.
<         -: 2613:  template<typename _Key, typename _Val, typename _Sel, typename _Cmp1,
<         -: 2614:	   typename _Alloc, typename _Cmp2>
<         -: 2615:    struct _Rb_tree_merge_helper<_Rb_tree<_Key, _Val, _Sel, _Cmp1, _Alloc>,
<         -: 2616:				 _Cmp2>
<         -: 2617:    {
<         -: 2618:    private:
<         -: 2619:      friend class _Rb_tree<_Key, _Val, _Sel, _Cmp1, _Alloc>;
<         -: 2620:
<         -: 2621:      static auto&
<         -: 2622:      _S_get_impl(_Rb_tree<_Key, _Val, _Sel, _Cmp2, _Alloc>& __tree)
<         -: 2623:      { return __tree._M_impl; }
<         -: 2624:    };
<         -: 2625:#endif // C++17
<         -: 2626:
<         -: 2627:_GLIBCXX_END_NAMESPACE_VERSION
<         -: 2628:} // namespace
<         -: 2629:
<         -: 2630:#endif
---
>         -: 2611:_GLIBCXX_END_NAMESPACE_VERSION
>         -: 2612:} // namespace
>         -: 2613:
>         -: 2614:#endif
