1,2c1,2
<         -:    0:Source:/home/ryan/git/TARGETS/OpenDDS-debloat/ACE_wrappers/ace/Truncate.h
<         -:    0:Programs:70
---
>         -:    0:Source:/home/ryan/git/OpenDDS-debloat/ACE_wrappers/ace/Truncate.h
>         -:    0:Programs:69
9c9
<         -:    7: * $Id$
---
>         -:    7: * $Id: Truncate.h 2179 2013-05-28 22:16:51Z mesnierp $
162c162
<       381:  160:    unsigned_type operator() (signed_type x)
---
>       101:  160:    unsigned_type operator() (signed_type x)
164c164
<       381:  162:      return static_cast<unsigned_type> (x);
---
>       101:  162:      return static_cast<unsigned_type> (x);
208c208
<       381:  206:    static bool greater_than (LEFT lhs, RIGHT rhs)
---
>       101:  206:    static bool greater_than (LEFT lhs, RIGHT rhs)
211c211
<       381:  209:      if (lhs < 0)
---
>       101:  209:      if (lhs < 0)
216c216
<       381:  214:          return To_Unsigned<LEFT>() (lhs) > rhs;
---
>       101:  214:          return To_Unsigned<LEFT>() (lhs) > rhs;
321,366d320
< ------------------
< _ZN9ACE_Utils15Fast_ComparatorIllE12greater_thanEll:
<     #####:  312:    static bool greater_than (LEFT lhs, RIGHT rhs)
<         -:  313:    {
<         -:  314:      // The explicit cast is assumed to change the type of rhs without
<         -:  315:      // changing its value.
<         -:  316:      return
<     #####:  317:        (static_cast<promote_type> (lhs) > static_cast<promote_type> (rhs));
<         -:  318:    }
< ------------------
< _ZN9ACE_Utils15Fast_ComparatorIllE12greater_thanEll:
<     #####:  312:    static bool greater_than (LEFT lhs, RIGHT rhs)
<         -:  313:    {
<         -:  314:      // The explicit cast is assumed to change the type of rhs without
<         -:  315:      // changing its value.
<         -:  316:      return
<     #####:  317:        (static_cast<promote_type> (lhs) > static_cast<promote_type> (rhs));
<         -:  318:    }
< ------------------
< _ZN9ACE_Utils15Fast_ComparatorIllE12greater_thanEll:
<     #####:  312:    static bool greater_than (LEFT lhs, RIGHT rhs)
<         -:  313:    {
<         -:  314:      // The explicit cast is assumed to change the type of rhs without
<         -:  315:      // changing its value.
<         -:  316:      return
<     #####:  317:        (static_cast<promote_type> (lhs) > static_cast<promote_type> (rhs));
<         -:  318:    }
< ------------------
< _ZN9ACE_Utils15Fast_ComparatorIllE12greater_thanEll:
<     #####:  312:    static bool greater_than (LEFT lhs, RIGHT rhs)
<         -:  313:    {
<         -:  314:      // The explicit cast is assumed to change the type of rhs without
<         -:  315:      // changing its value.
<         -:  316:      return
<     #####:  317:        (static_cast<promote_type> (lhs) > static_cast<promote_type> (rhs));
<         -:  318:    }
< ------------------
< _ZN9ACE_Utils15Fast_ComparatorIllE12greater_thanEll:
<     #####:  312:    static bool greater_than (LEFT lhs, RIGHT rhs)
<         -:  313:    {
<         -:  314:      // The explicit cast is assumed to change the type of rhs without
<         -:  315:      // changing its value.
<         -:  316:      return
<     #####:  317:        (static_cast<promote_type> (lhs) > static_cast<promote_type> (rhs));
<         -:  318:    }
< ------------------
446,482c400
<      381*:  398:    TO operator() (FROM val)
<         -:  399:    {
<         -:  400:      return
<      381*:  401:        (comparator::greater_than (val, ACE_Numeric_Limits<TO>::max ())
<      381*:  402:         ? ACE_Numeric_Limits<TO>::max ()
<      381*:  403:         : static_cast<TO> (val));
<         -:  404:    }
< ------------------
< _ZN9ACE_Utils9TruncatorIliEclEl:
<     #####:  398:    TO operator() (FROM val)
<         -:  399:    {
<         -:  400:      return
<     #####:  401:        (comparator::greater_than (val, ACE_Numeric_Limits<TO>::max ())
<     #####:  402:         ? ACE_Numeric_Limits<TO>::max ()
<     #####:  403:         : static_cast<TO> (val));
<         -:  404:    }
< ------------------
< _ZN9ACE_Utils9TruncatorIlmEclEl:
<       381:  398:    TO operator() (FROM val)
<         -:  399:    {
<         -:  400:      return
<       381:  401:        (comparator::greater_than (val, ACE_Numeric_Limits<TO>::max ())
<      381*:  402:         ? ACE_Numeric_Limits<TO>::max ()
<       381:  403:         : static_cast<TO> (val));
<         -:  404:    }
< ------------------
< _ZN9ACE_Utils9TruncatorIliEclEl:
<     #####:  398:    TO operator() (FROM val)
<         -:  399:    {
<         -:  400:      return
<     #####:  401:        (comparator::greater_than (val, ACE_Numeric_Limits<TO>::max ())
<     #####:  402:         ? ACE_Numeric_Limits<TO>::max ()
<     #####:  403:         : static_cast<TO> (val));
<         -:  404:    }
< ------------------
< _ZN9ACE_Utils9TruncatorIliEclEl:
<     #####:  398:    TO operator() (FROM val)
---
>       101:  398:    TO operator() (FROM val)
485,487c403,405
<     #####:  401:        (comparator::greater_than (val, ACE_Numeric_Limits<TO>::max ())
<     #####:  402:         ? ACE_Numeric_Limits<TO>::max ()
<     #####:  403:         : static_cast<TO> (val));
---
>       101:  401:        (comparator::greater_than (val, ACE_Numeric_Limits<TO>::max ())
>       101:  402:         ? ACE_Numeric_Limits<TO>::max ()
>       101:  403:         : static_cast<TO> (val));
489,507d406
< ------------------
< _ZN9ACE_Utils9TruncatorIliEclEl:
<     #####:  398:    TO operator() (FROM val)
<         -:  399:    {
<         -:  400:      return
<     #####:  401:        (comparator::greater_than (val, ACE_Numeric_Limits<TO>::max ())
<     #####:  402:         ? ACE_Numeric_Limits<TO>::max ()
<     #####:  403:         : static_cast<TO> (val));
<         -:  404:    }
< ------------------
< _ZN9ACE_Utils9TruncatorIliEclEl:
<     #####:  398:    TO operator() (FROM val)
<         -:  399:    {
<         -:  400:      return
<     #####:  401:        (comparator::greater_than (val, ACE_Numeric_Limits<TO>::max ())
<     #####:  402:         ? ACE_Numeric_Limits<TO>::max ()
<     #####:  403:         : static_cast<TO> (val));
<         -:  404:    }
< ------------------
520,580d418
< ------------------
< _ZN9ACE_Utils9TruncatorIllEclEl:
<     #####:  413:    T operator() (T val)
<         -:  414:    {
<     #####:  415:      return val;
<         -:  416:    }
< ------------------
< _ZN9ACE_Utils9TruncatorIllEclEl:
<     #####:  413:    T operator() (T val)
<         -:  414:    {
<     #####:  415:      return val;
<         -:  416:    }
< ------------------
< _ZN9ACE_Utils9TruncatorIllEclEl:
<     #####:  413:    T operator() (T val)
<         -:  414:    {
<     #####:  415:      return val;
<         -:  416:    }
< ------------------
< _ZN9ACE_Utils9TruncatorIllEclEl:
<     #####:  413:    T operator() (T val)
<         -:  414:    {
<     #####:  415:      return val;
<         -:  416:    }
< ------------------
< _ZN9ACE_Utils9TruncatorIllEclEl:
<     #####:  413:    T operator() (T val)
<         -:  414:    {
<     #####:  415:      return val;
<         -:  416:    }
< ------------------
< _ZN9ACE_Utils9TruncatorIllEclEl:
<     #####:  413:    T operator() (T val)
<         -:  414:    {
<     #####:  415:      return val;
<         -:  416:    }
< ------------------
< _ZN9ACE_Utils9TruncatorIllEclEl:
<     #####:  413:    T operator() (T val)
<         -:  414:    {
<     #####:  415:      return val;
<         -:  416:    }
< ------------------
< _ZN9ACE_Utils9TruncatorIllEclEl:
<     #####:  413:    T operator() (T val)
<         -:  414:    {
<     #####:  415:      return val;
<         -:  416:    }
< ------------------
< _ZN9ACE_Utils9TruncatorIllEclEl:
<     #####:  413:    T operator() (T val)
<         -:  414:    {
<     #####:  415:      return val;
<         -:  416:    }
< ------------------
< _ZN9ACE_Utils9TruncatorIllEclEl:
<     #####:  413:    T operator() (T val)
<         -:  414:    {
<     #####:  415:      return val;
<         -:  416:    }
< ------------------
618c456
<      381*:  454:  inline TO truncate_cast (FROM val)
---
>       101:  454:  inline TO truncate_cast (FROM val)
628c466
<      381*:  464:    return truncator() (val);
---
>       101:  464:    return truncator() (val);
