1,2c1,2
<         -:    0:Source:/usr/include/c++/8/bits/basic_string.h
<         -:    0:Programs:51
---
>         -:    0:Source:/usr/include/c++/7/bits/basic_string.h
>         -:    0:Programs:3
5c5
<         -:    3:// Copyright (C) 1997-2018 Free Software Foundation, Inc.
---
>         -:    3:// Copyright (C) 1997-2017 Free Software Foundation, Inc.
234c234
<     #####:  232:        _M_construct_aux(_InIterator __beg, _InIterator __end,
---
>         -:  232:        _M_construct_aux(_InIterator __beg, _InIterator __end,
238,304c238,239
<     #####:  236:          _M_construct(__beg, __end, _Tag());
<     #####:  237:	}
< ------------------
< _ZNSt7__cxx1112basic_stringIcSt11char_traitsIcESaIcEE16_M_construct_auxIPKcEEvT_S8_St12__false_type:
<     #####:  232:        _M_construct_aux(_InIterator __beg, _InIterator __end,
<         -:  233:			 std::__false_type)
<         -:  234:	{
<         -:  235:          typedef typename iterator_traits<_InIterator>::iterator_category _Tag;
<     #####:  236:          _M_construct(__beg, __end, _Tag());
<     #####:  237:	}
< ------------------
< _ZNSt7__cxx1112basic_stringIcSt11char_traitsIcESaIcEE16_M_construct_auxIPKcEEvT_S8_St12__false_type:
<     #####:  232:        _M_construct_aux(_InIterator __beg, _InIterator __end,
<         -:  233:			 std::__false_type)
<         -:  234:	{
<         -:  235:          typedef typename iterator_traits<_InIterator>::iterator_category _Tag;
<     #####:  236:          _M_construct(__beg, __end, _Tag());
<     #####:  237:	}
< ------------------
< _ZNSt7__cxx1112basic_stringIcSt11char_traitsIcESaIcEE16_M_construct_auxIPcEEvT_S7_St12__false_type:
<     #####:  232:        _M_construct_aux(_InIterator __beg, _InIterator __end,
<         -:  233:			 std::__false_type)
<         -:  234:	{
<         -:  235:          typedef typename iterator_traits<_InIterator>::iterator_category _Tag;
<     #####:  236:          _M_construct(__beg, __end, _Tag());
<     #####:  237:	}
< ------------------
< _ZNSt7__cxx1112basic_stringIcSt11char_traitsIcESaIcEE16_M_construct_auxIPKcEEvT_S8_St12__false_type:
<     #####:  232:        _M_construct_aux(_InIterator __beg, _InIterator __end,
<         -:  233:			 std::__false_type)
<         -:  234:	{
<         -:  235:          typedef typename iterator_traits<_InIterator>::iterator_category _Tag;
<     #####:  236:          _M_construct(__beg, __end, _Tag());
<     #####:  237:	}
< ------------------
< _ZNSt7__cxx1112basic_stringIcSt11char_traitsIcESaIcEE16_M_construct_auxIPcEEvT_S7_St12__false_type:
<     #####:  232:        _M_construct_aux(_InIterator __beg, _InIterator __end,
<         -:  233:			 std::__false_type)
<         -:  234:	{
<         -:  235:          typedef typename iterator_traits<_InIterator>::iterator_category _Tag;
<     #####:  236:          _M_construct(__beg, __end, _Tag());
<     #####:  237:	}
< ------------------
< _ZNSt7__cxx1112basic_stringIcSt11char_traitsIcESaIcEE16_M_construct_auxIPcEEvT_S7_St12__false_type:
<     #####:  232:        _M_construct_aux(_InIterator __beg, _InIterator __end,
<         -:  233:			 std::__false_type)
<         -:  234:	{
<         -:  235:          typedef typename iterator_traits<_InIterator>::iterator_category _Tag;
<     #####:  236:          _M_construct(__beg, __end, _Tag());
<     #####:  237:	}
< ------------------
< _ZNSt7__cxx1112basic_stringIcSt11char_traitsIcESaIcEE16_M_construct_auxIPcEEvT_S7_St12__false_type:
<     #####:  232:        _M_construct_aux(_InIterator __beg, _InIterator __end,
<         -:  233:			 std::__false_type)
<         -:  234:	{
<         -:  235:          typedef typename iterator_traits<_InIterator>::iterator_category _Tag;
<     #####:  236:          _M_construct(__beg, __end, _Tag());
<     #####:  237:	}
< ------------------
< _ZNSt7__cxx1112basic_stringIcSt11char_traitsIcESaIcEE16_M_construct_auxIPKcEEvT_S8_St12__false_type:
<     #####:  232:        _M_construct_aux(_InIterator __beg, _InIterator __end,
<         -:  233:			 std::__false_type)
<         -:  234:	{
<         -:  235:          typedef typename iterator_traits<_InIterator>::iterator_category _Tag;
<     #####:  236:          _M_construct(__beg, __end, _Tag());
<     #####:  237:	}
< ------------------
---
>         -:  236:          _M_construct(__beg, __end, _Tag());
>         -:  237:	}
319,375c254
<     #####:  252:        _M_construct(_InIterator __beg, _InIterator __end)
<         -:  253:	{
<         -:  254:	  typedef typename std::__is_integer<_InIterator>::__type _Integral;
<     #####:  255:	  _M_construct_aux(__beg, __end, _Integral());
<     #####:  256:        }
< ------------------
< _ZNSt7__cxx1112basic_stringIcSt11char_traitsIcESaIcEE12_M_constructIPKcEEvT_S8_:
<     #####:  252:        _M_construct(_InIterator __beg, _InIterator __end)
<         -:  253:	{
<         -:  254:	  typedef typename std::__is_integer<_InIterator>::__type _Integral;
<     #####:  255:	  _M_construct_aux(__beg, __end, _Integral());
<     #####:  256:        }
< ------------------
< _ZNSt7__cxx1112basic_stringIcSt11char_traitsIcESaIcEE12_M_constructIPKcEEvT_S8_:
<     #####:  252:        _M_construct(_InIterator __beg, _InIterator __end)
<         -:  253:	{
<         -:  254:	  typedef typename std::__is_integer<_InIterator>::__type _Integral;
<     #####:  255:	  _M_construct_aux(__beg, __end, _Integral());
<     #####:  256:        }
< ------------------
< _ZNSt7__cxx1112basic_stringIcSt11char_traitsIcESaIcEE12_M_constructIPcEEvT_S7_:
<     #####:  252:        _M_construct(_InIterator __beg, _InIterator __end)
<         -:  253:	{
<         -:  254:	  typedef typename std::__is_integer<_InIterator>::__type _Integral;
<     #####:  255:	  _M_construct_aux(__beg, __end, _Integral());
<     #####:  256:        }
< ------------------
< _ZNSt7__cxx1112basic_stringIcSt11char_traitsIcESaIcEE12_M_constructIPKcEEvT_S8_:
<     #####:  252:        _M_construct(_InIterator __beg, _InIterator __end)
<         -:  253:	{
<         -:  254:	  typedef typename std::__is_integer<_InIterator>::__type _Integral;
<     #####:  255:	  _M_construct_aux(__beg, __end, _Integral());
<     #####:  256:        }
< ------------------
< _ZNSt7__cxx1112basic_stringIcSt11char_traitsIcESaIcEE12_M_constructIPcEEvT_S7_:
<     #####:  252:        _M_construct(_InIterator __beg, _InIterator __end)
<         -:  253:	{
<         -:  254:	  typedef typename std::__is_integer<_InIterator>::__type _Integral;
<     #####:  255:	  _M_construct_aux(__beg, __end, _Integral());
<     #####:  256:        }
< ------------------
< _ZNSt7__cxx1112basic_stringIcSt11char_traitsIcESaIcEE12_M_constructIPcEEvT_S7_:
<     #####:  252:        _M_construct(_InIterator __beg, _InIterator __end)
<         -:  253:	{
<         -:  254:	  typedef typename std::__is_integer<_InIterator>::__type _Integral;
<     #####:  255:	  _M_construct_aux(__beg, __end, _Integral());
<     #####:  256:        }
< ------------------
< _ZNSt7__cxx1112basic_stringIcSt11char_traitsIcESaIcEE12_M_constructIPcEEvT_S7_:
<     #####:  252:        _M_construct(_InIterator __beg, _InIterator __end)
<         -:  253:	{
<         -:  254:	  typedef typename std::__is_integer<_InIterator>::__type _Integral;
<     #####:  255:	  _M_construct_aux(__beg, __end, _Integral());
<     #####:  256:        }
< ------------------
< _ZNSt7__cxx1112basic_stringIcSt11char_traitsIcESaIcEE12_M_constructIPKcEEvT_S8_:
<     #####:  252:        _M_construct(_InIterator __beg, _InIterator __end)
---
>         -:  252:        _M_construct(_InIterator __beg, _InIterator __end)
378,380c257,258
<     #####:  255:	  _M_construct_aux(__beg, __end, _Integral());
<     #####:  256:        }
< ------------------
---
>         -:  255:	  _M_construct_aux(__beg, __end, _Integral());
>         -:  256:        }
633,749c511,627
<         -:  509:#if __cpp_deduction_guides && ! defined _GLIBCXX_DEFINING_STRING_INSTANTIATIONS
<         -:  510:      // _GLIBCXX_RESOLVE_LIB_DEFECTS
<         -:  511:      // 3076. basic_string CTAD ambiguity
<         -:  512:      template<typename = _RequireAllocator<_Alloc>>
<         -:  513:#endif
<         -:  514:      basic_string(const _CharT* __s, const _Alloc& __a = _Alloc())
<         -:  515:      : _M_dataplus(_M_local_data(), __a)
<         -:  516:      { _M_construct(__s, __s ? __s + traits_type::length(__s) : __s+npos); }
<         -:  517:
<         -:  518:      /**
<         -:  519:       *  @brief  Construct string as multiple characters.
<         -:  520:       *  @param  __n  Number of characters.
<         -:  521:       *  @param  __c  Character to use.
<         -:  522:       *  @param  __a  Allocator to use (default is default allocator).
<         -:  523:       */
<         -:  524:#if __cpp_deduction_guides && ! defined _GLIBCXX_DEFINING_STRING_INSTANTIATIONS
<         -:  525:      // _GLIBCXX_RESOLVE_LIB_DEFECTS
<         -:  526:      // 3076. basic_string CTAD ambiguity
<         -:  527:      template<typename = _RequireAllocator<_Alloc>>
<         -:  528:#endif
<         -:  529:      basic_string(size_type __n, _CharT __c, const _Alloc& __a = _Alloc())
<         -:  530:      : _M_dataplus(_M_local_data(), __a)
<         -:  531:      { _M_construct(__n, __c); }
<         -:  532:
<         -:  533:#if __cplusplus >= 201103L
<         -:  534:      /**
<         -:  535:       *  @brief  Move construct string.
<         -:  536:       *  @param  __str  Source string.
<         -:  537:       *
<         -:  538:       *  The newly-created string contains the exact contents of @a __str.
<         -:  539:       *  @a __str is a valid, but unspecified string.
<         -:  540:       **/
<         -:  541:      basic_string(basic_string&& __str) noexcept
<         -:  542:      : _M_dataplus(_M_local_data(), std::move(__str._M_get_allocator()))
<         -:  543:      {
<         -:  544:	if (__str._M_is_local())
<         -:  545:	  {
<         -:  546:	    traits_type::copy(_M_local_buf, __str._M_local_buf,
<         -:  547:			      _S_local_capacity + 1);
<         -:  548:	  }
<         -:  549:	else
<         -:  550:	  {
<         -:  551:	    _M_data(__str._M_data());
<         -:  552:	    _M_capacity(__str._M_allocated_capacity);
<         -:  553:	  }
<         -:  554:
<         -:  555:	// Must use _M_length() here not _M_set_length() because
<         -:  556:	// basic_stringbuf relies on writing into unallocated capacity so
<         -:  557:	// we mess up the contents if we put a '\0' in the string.
<         -:  558:	_M_length(__str.length());
<         -:  559:	__str._M_data(__str._M_local_data());
<         -:  560:	__str._M_set_length(0);
<         -:  561:      }
<         -:  562:
<         -:  563:      /**
<         -:  564:       *  @brief  Construct string from an initializer %list.
<         -:  565:       *  @param  __l  std::initializer_list of characters.
<         -:  566:       *  @param  __a  Allocator to use (default is default allocator).
<         -:  567:       */
<         -:  568:      basic_string(initializer_list<_CharT> __l, const _Alloc& __a = _Alloc())
<         -:  569:      : _M_dataplus(_M_local_data(), __a)
<         -:  570:      { _M_construct(__l.begin(), __l.end()); }
<         -:  571:
<         -:  572:      basic_string(const basic_string& __str, const _Alloc& __a)
<         -:  573:      : _M_dataplus(_M_local_data(), __a)
<         -:  574:      { _M_construct(__str.begin(), __str.end()); }
<         -:  575:
<         -:  576:      basic_string(basic_string&& __str, const _Alloc& __a)
<         -:  577:      noexcept(_Alloc_traits::_S_always_equal())
<         -:  578:      : _M_dataplus(_M_local_data(), __a)
<         -:  579:      {
<         -:  580:	if (__str._M_is_local())
<         -:  581:	  {
<         -:  582:	    traits_type::copy(_M_local_buf, __str._M_local_buf,
<         -:  583:			      _S_local_capacity + 1);
<         -:  584:	    _M_length(__str.length());
<         -:  585:	    __str._M_set_length(0);
<         -:  586:	  }
<         -:  587:	else if (_Alloc_traits::_S_always_equal()
<         -:  588:	    || __str.get_allocator() == __a)
<         -:  589:	  {
<         -:  590:	    _M_data(__str._M_data());
<         -:  591:	    _M_length(__str.length());
<         -:  592:	    _M_capacity(__str._M_allocated_capacity);
<         -:  593:	    __str._M_data(__str._M_local_buf);
<         -:  594:	    __str._M_set_length(0);
<         -:  595:	  }
<         -:  596:	else
<         -:  597:	  _M_construct(__str.begin(), __str.end());
<         -:  598:      }
<         -:  599:
<         -:  600:#endif // C++11
<         -:  601:
<         -:  602:      /**
<         -:  603:       *  @brief  Construct string as copy of a range.
<         -:  604:       *  @param  __beg  Start of range.
<         -:  605:       *  @param  __end  End of range.
<         -:  606:       *  @param  __a  Allocator to use (default is default allocator).
<         -:  607:       */
<         -:  608:#if __cplusplus >= 201103L
<         -:  609:      template<typename _InputIterator,
<         -:  610:	       typename = std::_RequireInputIter<_InputIterator>>
<         -:  611:#else
<         -:  612:      template<typename _InputIterator>
<         -:  613:#endif
<         -:  614:        basic_string(_InputIterator __beg, _InputIterator __end,
<         -:  615:		     const _Alloc& __a = _Alloc())
<         -:  616:	: _M_dataplus(_M_local_data(), __a)
<         -:  617:	{ _M_construct(__beg, __end); }
<         -:  618:
<         -:  619:#if __cplusplus > 201402L
<         -:  620:      /**
<         -:  621:       *  @brief  Construct string from a substring of a string_view.
<         -:  622:       *  @param  __t   Source object convertible to string view.
<         -:  623:       *  @param  __pos The index of the first character to copy from __t.
<         -:  624:       *  @param  __n   The number of characters to copy from __t.
<         -:  625:       *  @param  __a   Allocator to use.
---
>         -:  509:      basic_string(const _CharT* __s, const _Alloc& __a = _Alloc())
>         -:  510:      : _M_dataplus(_M_local_data(), __a)
>         -:  511:      { _M_construct(__s, __s ? __s + traits_type::length(__s) : __s+npos); }
>         -:  512:
>         -:  513:      /**
>         -:  514:       *  @brief  Construct string as multiple characters.
>         -:  515:       *  @param  __n  Number of characters.
>         -:  516:       *  @param  __c  Character to use.
>         -:  517:       *  @param  __a  Allocator to use (default is default allocator).
>         -:  518:       */
>         -:  519:      basic_string(size_type __n, _CharT __c, const _Alloc& __a = _Alloc())
>         -:  520:      : _M_dataplus(_M_local_data(), __a)
>         -:  521:      { _M_construct(__n, __c); }
>         -:  522:
>         -:  523:#if __cplusplus >= 201103L
>         -:  524:      /**
>         -:  525:       *  @brief  Move construct string.
>         -:  526:       *  @param  __str  Source string.
>         -:  527:       *
>         -:  528:       *  The newly-created string contains the exact contents of @a __str.
>         -:  529:       *  @a __str is a valid, but unspecified string.
>         -:  530:       **/
>         -:  531:      basic_string(basic_string&& __str) noexcept
>         -:  532:      : _M_dataplus(_M_local_data(), std::move(__str._M_get_allocator()))
>         -:  533:      {
>         -:  534:	if (__str._M_is_local())
>         -:  535:	  {
>         -:  536:	    traits_type::copy(_M_local_buf, __str._M_local_buf,
>         -:  537:			      _S_local_capacity + 1);
>         -:  538:	  }
>         -:  539:	else
>         -:  540:	  {
>         -:  541:	    _M_data(__str._M_data());
>         -:  542:	    _M_capacity(__str._M_allocated_capacity);
>         -:  543:	  }
>         -:  544:
>         -:  545:	// Must use _M_length() here not _M_set_length() because
>         -:  546:	// basic_stringbuf relies on writing into unallocated capacity so
>         -:  547:	// we mess up the contents if we put a '\0' in the string.
>         -:  548:	_M_length(__str.length());
>         -:  549:	__str._M_data(__str._M_local_data());
>         -:  550:	__str._M_set_length(0);
>         -:  551:      }
>         -:  552:
>         -:  553:      /**
>         -:  554:       *  @brief  Construct string from an initializer %list.
>         -:  555:       *  @param  __l  std::initializer_list of characters.
>         -:  556:       *  @param  __a  Allocator to use (default is default allocator).
>         -:  557:       */
>         -:  558:      basic_string(initializer_list<_CharT> __l, const _Alloc& __a = _Alloc())
>         -:  559:      : _M_dataplus(_M_local_data(), __a)
>         -:  560:      { _M_construct(__l.begin(), __l.end()); }
>         -:  561:
>         -:  562:      basic_string(const basic_string& __str, const _Alloc& __a)
>         -:  563:      : _M_dataplus(_M_local_data(), __a)
>         -:  564:      { _M_construct(__str.begin(), __str.end()); }
>         -:  565:
>         -:  566:      basic_string(basic_string&& __str, const _Alloc& __a)
>         -:  567:      noexcept(_Alloc_traits::_S_always_equal())
>         -:  568:      : _M_dataplus(_M_local_data(), __a)
>         -:  569:      {
>         -:  570:	if (__str._M_is_local())
>         -:  571:	  {
>         -:  572:	    traits_type::copy(_M_local_buf, __str._M_local_buf,
>         -:  573:			      _S_local_capacity + 1);
>         -:  574:	    _M_length(__str.length());
>         -:  575:	    __str._M_set_length(0);
>         -:  576:	  }
>         -:  577:	else if (_Alloc_traits::_S_always_equal()
>         -:  578:	    || __str.get_allocator() == __a)
>         -:  579:	  {
>         -:  580:	    _M_data(__str._M_data());
>         -:  581:	    _M_length(__str.length());
>         -:  582:	    _M_capacity(__str._M_allocated_capacity);
>         -:  583:	    __str._M_data(__str._M_local_buf);
>         -:  584:	    __str._M_set_length(0);
>         -:  585:	  }
>         -:  586:	else
>         -:  587:	  _M_construct(__str.begin(), __str.end());
>         -:  588:      }
>         -:  589:
>         -:  590:#endif // C++11
>         -:  591:
>         -:  592:      /**
>         -:  593:       *  @brief  Construct string as copy of a range.
>         -:  594:       *  @param  __beg  Start of range.
>         -:  595:       *  @param  __end  End of range.
>         -:  596:       *  @param  __a  Allocator to use (default is default allocator).
>         -:  597:       */
>         -:  598:#if __cplusplus >= 201103L
>         -:  599:      template<typename _InputIterator,
>         -:  600:	       typename = std::_RequireInputIter<_InputIterator>>
>         -:  601:#else
>         -:  602:      template<typename _InputIterator>
>         -:  603:#endif
>         -:  604:        basic_string(_InputIterator __beg, _InputIterator __end,
>         -:  605:		     const _Alloc& __a = _Alloc())
>         -:  606:	: _M_dataplus(_M_local_data(), __a)
>         -:  607:	{ _M_construct(__beg, __end); }
>         -:  608:
>         -:  609:#if __cplusplus > 201402L
>         -:  610:      /**
>         -:  611:       *  @brief  Construct string from a substring of a string_view.
>         -:  612:       *  @param  __t   Source object convertible to string view.
>         -:  613:       *  @param  __pos The index of the first character to copy from __t.
>         -:  614:       *  @param  __n   The number of characters to copy from __t.
>         -:  615:       *  @param  __a   Allocator to use.
>         -:  616:       */
>         -:  617:      template<typename _Tp, typename = _If_sv<_Tp, void>>
>         -:  618:	basic_string(const _Tp& __t, size_type __pos, size_type __n,
>         -:  619:		     const _Alloc& __a = _Alloc())
>         -:  620:	: basic_string(_S_to_string_view(__t).substr(__pos, __n), __a) { }
>         -:  621:
>         -:  622:      /**
>         -:  623:       *  @brief  Construct string from a string_view.
>         -:  624:       *  @param  __t  Source object convertible to string view.
>         -:  625:       *  @param  __a  Allocator to use (default is default allocator).
752,754c630,632
<         -:  628:	basic_string(const _Tp& __t, size_type __pos, size_type __n,
<         -:  629:		     const _Alloc& __a = _Alloc())
<         -:  630:	: basic_string(_S_to_string_view(__t).substr(__pos, __n), __a) { }
---
>         -:  628:	explicit
>         -:  629:	basic_string(const _Tp& __t, const _Alloc& __a = _Alloc())
>         -:  630:	: basic_string(__sv_wrapper(_S_to_string_view(__t)), __a) { }
757,799c635,677
<         -:  633:       *  @brief  Construct string from a string_view.
<         -:  634:       *  @param  __t  Source object convertible to string view.
<         -:  635:       *  @param  __a  Allocator to use (default is default allocator).
<         -:  636:       */
<         -:  637:      template<typename _Tp, typename = _If_sv<_Tp, void>>
<         -:  638:	explicit
<         -:  639:	basic_string(const _Tp& __t, const _Alloc& __a = _Alloc())
<         -:  640:	: basic_string(__sv_wrapper(_S_to_string_view(__t)), __a) { }
<         -:  641:
<         -:  642:      /**
<         -:  643:       *  @brief  Only internally used: Construct string from a string view
<         -:  644:       *          wrapper.
<         -:  645:       *  @param  __svw  string view wrapper.
<         -:  646:       *  @param  __a  Allocator to use.
<         -:  647:       */
<         -:  648:      explicit
<         -:  649:      basic_string(__sv_wrapper __svw, const _Alloc& __a)
<         -:  650:      : basic_string(__svw._M_sv.data(), __svw._M_sv.size(), __a) { }
<         -:  651:#endif // C++17
<         -:  652:
<         -:  653:      /**
<         -:  654:       *  @brief  Destroy the string instance.
<         -:  655:       */
<         -:  656:      ~basic_string()
<         -:  657:      { _M_dispose(); }
<         -:  658:
<         -:  659:      /**
<         -:  660:       *  @brief  Assign the value of @a str to this string.
<         -:  661:       *  @param  __str  Source string.
<         -:  662:       */
<         -:  663:      basic_string&
<         -:  664:      operator=(const basic_string& __str)
<         -:  665:      {
<         -:  666:#if __cplusplus >= 201103L
<         -:  667:	if (_Alloc_traits::_S_propagate_on_copy_assign())
<         -:  668:	  {
<         -:  669:	    if (!_Alloc_traits::_S_always_equal() && !_M_is_local()
<         -:  670:		&& _M_get_allocator() != __str._M_get_allocator())
<         -:  671:	      {
<         -:  672:		// Propagating allocator cannot free existing storage so must
<         -:  673:		// deallocate it before replacing current allocator.
<         -:  674:		if (__str.size() <= _S_local_capacity)
<         -:  675:		  {
---
>         -:  633:       *  @brief  Only internally used: Construct string from a string view
>         -:  634:       *          wrapper.
>         -:  635:       *  @param  __svw  string view wrapper.
>         -:  636:       *  @param  __a  Allocator to use.
>         -:  637:       */
>         -:  638:      explicit
>         -:  639:      basic_string(__sv_wrapper __svw, const _Alloc& __a)
>         -:  640:      : basic_string(__svw._M_sv.data(), __svw._M_sv.size(), __a) { }
>         -:  641:#endif // C++17
>         -:  642:
>         -:  643:      /**
>         -:  644:       *  @brief  Destroy the string instance.
>         -:  645:       */
>         -:  646:      ~basic_string()
>         -:  647:      { _M_dispose(); }
>         -:  648:
>         -:  649:      /**
>         -:  650:       *  @brief  Assign the value of @a str to this string.
>         -:  651:       *  @param  __str  Source string.
>         -:  652:       */
>         -:  653:      basic_string&
>         -:  654:      operator=(const basic_string& __str)
>         -:  655:      {
>         -:  656:#if __cplusplus >= 201103L
>         -:  657:	if (_Alloc_traits::_S_propagate_on_copy_assign())
>         -:  658:	  {
>         -:  659:	    if (!_Alloc_traits::_S_always_equal() && !_M_is_local()
>         -:  660:		&& _M_get_allocator() != __str._M_get_allocator())
>         -:  661:	      {
>         -:  662:		// Propagating allocator cannot free existing storage so must
>         -:  663:		// deallocate it before replacing current allocator.
>         -:  664:		if (__str.size() <= _S_local_capacity)
>         -:  665:		  {
>         -:  666:		    _M_destroy(_M_allocated_capacity);
>         -:  667:		    _M_data(_M_local_data());
>         -:  668:		    _M_set_length(0);
>         -:  669:		  }
>         -:  670:		else
>         -:  671:		  {
>         -:  672:		    const auto __len = __str.size();
>         -:  673:		    auto __alloc = __str._M_get_allocator();
>         -:  674:		    // If this allocation throws there are no effects:
>         -:  675:		    auto __ptr = _Alloc_traits::allocate(__alloc, __len + 1);
801,861c679,739
<         -:  677:		    _M_data(_M_local_data());
<         -:  678:		    _M_set_length(0);
<         -:  679:		  }
<         -:  680:		else
<         -:  681:		  {
<         -:  682:		    const auto __len = __str.size();
<         -:  683:		    auto __alloc = __str._M_get_allocator();
<         -:  684:		    // If this allocation throws there are no effects:
<         -:  685:		    auto __ptr = _Alloc_traits::allocate(__alloc, __len + 1);
<         -:  686:		    _M_destroy(_M_allocated_capacity);
<         -:  687:		    _M_data(__ptr);
<         -:  688:		    _M_capacity(__len);
<         -:  689:		    _M_set_length(__len);
<         -:  690:		  }
<         -:  691:	      }
<         -:  692:	    std::__alloc_on_copy(_M_get_allocator(), __str._M_get_allocator());
<         -:  693:	  }
<         -:  694:#endif
<         -:  695:	return this->assign(__str);
<         -:  696:      }
<         -:  697:
<         -:  698:      /**
<         -:  699:       *  @brief  Copy contents of @a s into this string.
<         -:  700:       *  @param  __s  Source null-terminated string.
<         -:  701:       */
<         -:  702:      basic_string&
<         -:  703:      operator=(const _CharT* __s)
<         -:  704:      { return this->assign(__s); }
<         -:  705:
<         -:  706:      /**
<         -:  707:       *  @brief  Set value to string of length 1.
<         -:  708:       *  @param  __c  Source character.
<         -:  709:       *
<         -:  710:       *  Assigning to a character makes this string length 1 and
<         -:  711:       *  (*this)[0] == @a c.
<         -:  712:       */
<         -:  713:      basic_string&
<         -:  714:      operator=(_CharT __c)
<         -:  715:      {
<         -:  716:	this->assign(1, __c);
<         -:  717:	return *this;
<         -:  718:      }
<         -:  719:
<         -:  720:#if __cplusplus >= 201103L
<         -:  721:      /**
<         -:  722:       *  @brief  Move assign the value of @a str to this string.
<         -:  723:       *  @param  __str  Source string.
<         -:  724:       *
<         -:  725:       *  The contents of @a str are moved into this string (without copying).
<         -:  726:       *  @a str is a valid, but unspecified string.
<         -:  727:       **/
<         -:  728:      // PR 58265, this should be noexcept.
<         -:  729:      // _GLIBCXX_RESOLVE_LIB_DEFECTS
<         -:  730:      // 2063. Contradictory requirements for string move assignment
<         -:  731:      basic_string&
<         -:  732:      operator=(basic_string&& __str)
<         -:  733:      noexcept(_Alloc_traits::_S_nothrow_move())
<         -:  734:      {
<         -:  735:	if (!_M_is_local() && _Alloc_traits::_S_propagate_on_move_assign()
<         -:  736:	    && !_Alloc_traits::_S_always_equal()
<         -:  737:	    && _M_get_allocator() != __str._M_get_allocator())
---
>         -:  677:		    _M_data(__ptr);
>         -:  678:		    _M_capacity(__len);
>         -:  679:		    _M_set_length(__len);
>         -:  680:		  }
>         -:  681:	      }
>         -:  682:	    std::__alloc_on_copy(_M_get_allocator(), __str._M_get_allocator());
>         -:  683:	  }
>         -:  684:#endif
>         -:  685:	return this->assign(__str);
>         -:  686:      }
>         -:  687:
>         -:  688:      /**
>         -:  689:       *  @brief  Copy contents of @a s into this string.
>         -:  690:       *  @param  __s  Source null-terminated string.
>         -:  691:       */
>         -:  692:      basic_string&
>         -:  693:      operator=(const _CharT* __s)
>         -:  694:      { return this->assign(__s); }
>         -:  695:
>         -:  696:      /**
>         -:  697:       *  @brief  Set value to string of length 1.
>         -:  698:       *  @param  __c  Source character.
>         -:  699:       *
>         -:  700:       *  Assigning to a character makes this string length 1 and
>         -:  701:       *  (*this)[0] == @a c.
>         -:  702:       */
>         -:  703:      basic_string&
>         -:  704:      operator=(_CharT __c)
>         -:  705:      {
>         -:  706:	this->assign(1, __c);
>         -:  707:	return *this;
>         -:  708:      }
>         -:  709:
>         -:  710:#if __cplusplus >= 201103L
>         -:  711:      /**
>         -:  712:       *  @brief  Move assign the value of @a str to this string.
>         -:  713:       *  @param  __str  Source string.
>         -:  714:       *
>         -:  715:       *  The contents of @a str are moved into this string (without copying).
>         -:  716:       *  @a str is a valid, but unspecified string.
>         -:  717:       **/
>         -:  718:      // PR 58265, this should be noexcept.
>         -:  719:      // _GLIBCXX_RESOLVE_LIB_DEFECTS
>         -:  720:      // 2063. Contradictory requirements for string move assignment
>         -:  721:      basic_string&
>         -:  722:      operator=(basic_string&& __str)
>         -:  723:      noexcept(_Alloc_traits::_S_nothrow_move())
>         -:  724:      {
>         -:  725:	if (!_M_is_local() && _Alloc_traits::_S_propagate_on_move_assign()
>         -:  726:	    && !_Alloc_traits::_S_always_equal()
>         -:  727:	    && _M_get_allocator() != __str._M_get_allocator())
>         -:  728:	  {
>         -:  729:	    // Destroy existing storage before replacing allocator.
>         -:  730:	    _M_destroy(_M_allocated_capacity);
>         -:  731:	    _M_data(_M_local_data());
>         -:  732:	    _M_set_length(0);
>         -:  733:	  }
>         -:  734:	// Replace allocator if POCMA is true.
>         -:  735:	std::__alloc_on_move(_M_get_allocator(), __str._M_get_allocator());
>         -:  736:
>         -:  737:	if (__str._M_is_local())
863,866c741,744
<         -:  739:	    // Destroy existing storage before replacing allocator.
<         -:  740:	    _M_destroy(_M_allocated_capacity);
<         -:  741:	    _M_data(_M_local_data());
<         -:  742:	    _M_set_length(0);
---
>         -:  739:	    // We've always got room for a short string, just copy it.
>         -:  740:	    if (__str.size())
>         -:  741:	      this->_S_copy(_M_data(), __str._M_data(), __str.size());
>         -:  742:	    _M_set_length(__str.size());
868,924c746,802
<         -:  744:	// Replace allocator if POCMA is true.
<         -:  745:	std::__alloc_on_move(_M_get_allocator(), __str._M_get_allocator());
<         -:  746:
<         -:  747:	if (__str._M_is_local())
<         -:  748:	  {
<         -:  749:	    // We've always got room for a short string, just copy it.
<         -:  750:	    if (__str.size())
<         -:  751:	      this->_S_copy(_M_data(), __str._M_data(), __str.size());
<         -:  752:	    _M_set_length(__str.size());
<         -:  753:	  }
<         -:  754:	else if (_Alloc_traits::_S_propagate_on_move_assign()
<         -:  755:	    || _Alloc_traits::_S_always_equal()
<         -:  756:	    || _M_get_allocator() == __str._M_get_allocator())
<         -:  757:	  {
<         -:  758:	    // Just move the allocated pointer, our allocator can free it.
<         -:  759:	    pointer __data = nullptr;
<         -:  760:	    size_type __capacity;
<         -:  761:	    if (!_M_is_local())
<         -:  762:	      {
<         -:  763:		if (_Alloc_traits::_S_always_equal())
<         -:  764:		  {
<         -:  765:		    // __str can reuse our existing storage.
<         -:  766:		    __data = _M_data();
<         -:  767:		    __capacity = _M_allocated_capacity;
<         -:  768:		  }
<         -:  769:		else // __str can't use it, so free it.
<         -:  770:		  _M_destroy(_M_allocated_capacity);
<         -:  771:	      }
<         -:  772:
<         -:  773:	    _M_data(__str._M_data());
<         -:  774:	    _M_length(__str.length());
<         -:  775:	    _M_capacity(__str._M_allocated_capacity);
<         -:  776:	    if (__data)
<         -:  777:	      {
<         -:  778:		__str._M_data(__data);
<         -:  779:		__str._M_capacity(__capacity);
<         -:  780:	      }
<         -:  781:	    else
<         -:  782:	      __str._M_data(__str._M_local_buf);
<         -:  783:	  }
<         -:  784:	else // Need to do a deep copy
<         -:  785:	  assign(__str);
<         -:  786:	__str.clear();
<         -:  787:	return *this;
<         -:  788:      }
<         -:  789:
<         -:  790:      /**
<         -:  791:       *  @brief  Set value to string constructed from initializer %list.
<         -:  792:       *  @param  __l  std::initializer_list.
<         -:  793:       */
<         -:  794:      basic_string&
<         -:  795:      operator=(initializer_list<_CharT> __l)
<         -:  796:      {
<         -:  797:	this->assign(__l.begin(), __l.size());
<         -:  798:	return *this;
<         -:  799:      }
<         -:  800:#endif // C++11
---
>         -:  744:	else if (_Alloc_traits::_S_propagate_on_move_assign()
>         -:  745:	    || _Alloc_traits::_S_always_equal()
>         -:  746:	    || _M_get_allocator() == __str._M_get_allocator())
>         -:  747:	  {
>         -:  748:	    // Just move the allocated pointer, our allocator can free it.
>         -:  749:	    pointer __data = nullptr;
>         -:  750:	    size_type __capacity;
>         -:  751:	    if (!_M_is_local())
>         -:  752:	      {
>         -:  753:		if (_Alloc_traits::_S_always_equal())
>         -:  754:		  {
>         -:  755:		    // __str can reuse our existing storage.
>         -:  756:		    __data = _M_data();
>         -:  757:		    __capacity = _M_allocated_capacity;
>         -:  758:		  }
>         -:  759:		else // __str can't use it, so free it.
>         -:  760:		  _M_destroy(_M_allocated_capacity);
>         -:  761:	      }
>         -:  762:
>         -:  763:	    _M_data(__str._M_data());
>         -:  764:	    _M_length(__str.length());
>         -:  765:	    _M_capacity(__str._M_allocated_capacity);
>         -:  766:	    if (__data)
>         -:  767:	      {
>         -:  768:		__str._M_data(__data);
>         -:  769:		__str._M_capacity(__capacity);
>         -:  770:	      }
>         -:  771:	    else
>         -:  772:	      __str._M_data(__str._M_local_buf);
>         -:  773:	  }
>         -:  774:	else // Need to do a deep copy
>         -:  775:	  assign(__str);
>         -:  776:	__str.clear();
>         -:  777:	return *this;
>         -:  778:      }
>         -:  779:
>         -:  780:      /**
>         -:  781:       *  @brief  Set value to string constructed from initializer %list.
>         -:  782:       *  @param  __l  std::initializer_list.
>         -:  783:       */
>         -:  784:      basic_string&
>         -:  785:      operator=(initializer_list<_CharT> __l)
>         -:  786:      {
>         -:  787:	this->assign(__l.begin(), __l.size());
>         -:  788:	return *this;
>         -:  789:      }
>         -:  790:#endif // C++11
>         -:  791:
>         -:  792:#if __cplusplus > 201402L
>         -:  793:      /**
>         -:  794:       *  @brief  Set value to string constructed from a string_view.
>         -:  795:       *  @param  __svt  An object convertible to string_view.
>         -:  796:       */
>         -:  797:     template<typename _Tp>
>         -:  798:       _If_sv<_Tp, basic_string&>
>         -:  799:       operator=(const _Tp& __svt)
>         -:  800:       { return this->assign(__svt); }
926,1003c804,881
<         -:  802:#if __cplusplus > 201402L
<         -:  803:      /**
<         -:  804:       *  @brief  Set value to string constructed from a string_view.
<         -:  805:       *  @param  __svt  An object convertible to string_view.
<         -:  806:       */
<         -:  807:     template<typename _Tp>
<         -:  808:       _If_sv<_Tp, basic_string&>
<         -:  809:       operator=(const _Tp& __svt)
<         -:  810:       { return this->assign(__svt); }
<         -:  811:
<         -:  812:      /**
<         -:  813:       *  @brief  Convert to a string_view.
<         -:  814:       *  @return A string_view.
<         -:  815:       */
<         -:  816:      operator __sv_type() const noexcept
<         -:  817:      { return __sv_type(data(), size()); }
<         -:  818:#endif // C++17
<         -:  819:
<         -:  820:      // Iterators:
<         -:  821:      /**
<         -:  822:       *  Returns a read/write iterator that points to the first character in
<         -:  823:       *  the %string.
<         -:  824:       */
<         -:  825:      iterator
<         -:  826:      begin() _GLIBCXX_NOEXCEPT
<         -:  827:      { return iterator(_M_data()); }
<         -:  828:
<         -:  829:      /**
<         -:  830:       *  Returns a read-only (constant) iterator that points to the first
<         -:  831:       *  character in the %string.
<         -:  832:       */
<         -:  833:      const_iterator
<         -:  834:      begin() const _GLIBCXX_NOEXCEPT
<         -:  835:      { return const_iterator(_M_data()); }
<         -:  836:
<         -:  837:      /**
<         -:  838:       *  Returns a read/write iterator that points one past the last
<         -:  839:       *  character in the %string.
<         -:  840:       */
<         -:  841:      iterator
<         -:  842:      end() _GLIBCXX_NOEXCEPT
<         -:  843:      { return iterator(_M_data() + this->size()); }
<         -:  844:
<         -:  845:      /**
<         -:  846:       *  Returns a read-only (constant) iterator that points one past the
<         -:  847:       *  last character in the %string.
<         -:  848:       */
<         -:  849:      const_iterator
<         -:  850:      end() const _GLIBCXX_NOEXCEPT
<         -:  851:      { return const_iterator(_M_data() + this->size()); }
<         -:  852:
<         -:  853:      /**
<         -:  854:       *  Returns a read/write reverse iterator that points to the last
<         -:  855:       *  character in the %string.  Iteration is done in reverse element
<         -:  856:       *  order.
<         -:  857:       */
<         -:  858:      reverse_iterator
<         -:  859:      rbegin() _GLIBCXX_NOEXCEPT
<         -:  860:      { return reverse_iterator(this->end()); }
<         -:  861:
<         -:  862:      /**
<         -:  863:       *  Returns a read-only (constant) reverse iterator that points
<         -:  864:       *  to the last character in the %string.  Iteration is done in
<         -:  865:       *  reverse element order.
<         -:  866:       */
<         -:  867:      const_reverse_iterator
<         -:  868:      rbegin() const _GLIBCXX_NOEXCEPT
<         -:  869:      { return const_reverse_iterator(this->end()); }
<         -:  870:
<         -:  871:      /**
<         -:  872:       *  Returns a read/write reverse iterator that points to one before the
<         -:  873:       *  first character in the %string.  Iteration is done in reverse
<         -:  874:       *  element order.
<         -:  875:       */
<         -:  876:      reverse_iterator
<         -:  877:      rend() _GLIBCXX_NOEXCEPT
<         -:  878:      { return reverse_iterator(this->begin()); }
<         -:  879:
---
>         -:  802:      /**
>         -:  803:       *  @brief  Convert to a string_view.
>         -:  804:       *  @return A string_view.
>         -:  805:       */
>         -:  806:      operator __sv_type() const noexcept
>         -:  807:      { return __sv_type(data(), size()); }
>         -:  808:#endif // C++17
>         -:  809:
>         -:  810:      // Iterators:
>         -:  811:      /**
>         -:  812:       *  Returns a read/write iterator that points to the first character in
>         -:  813:       *  the %string.
>         -:  814:       */
>         -:  815:      iterator
>         -:  816:      begin() _GLIBCXX_NOEXCEPT
>         -:  817:      { return iterator(_M_data()); }
>         -:  818:
>         -:  819:      /**
>         -:  820:       *  Returns a read-only (constant) iterator that points to the first
>         -:  821:       *  character in the %string.
>         -:  822:       */
>         -:  823:      const_iterator
>         -:  824:      begin() const _GLIBCXX_NOEXCEPT
>         -:  825:      { return const_iterator(_M_data()); }
>         -:  826:
>         -:  827:      /**
>         -:  828:       *  Returns a read/write iterator that points one past the last
>         -:  829:       *  character in the %string.
>         -:  830:       */
>         -:  831:      iterator
>         -:  832:      end() _GLIBCXX_NOEXCEPT
>         -:  833:      { return iterator(_M_data() + this->size()); }
>         -:  834:
>         -:  835:      /**
>         -:  836:       *  Returns a read-only (constant) iterator that points one past the
>         -:  837:       *  last character in the %string.
>         -:  838:       */
>         -:  839:      const_iterator
>         -:  840:      end() const _GLIBCXX_NOEXCEPT
>         -:  841:      { return const_iterator(_M_data() + this->size()); }
>         -:  842:
>         -:  843:      /**
>         -:  844:       *  Returns a read/write reverse iterator that points to the last
>         -:  845:       *  character in the %string.  Iteration is done in reverse element
>         -:  846:       *  order.
>         -:  847:       */
>         -:  848:      reverse_iterator
>         -:  849:      rbegin() _GLIBCXX_NOEXCEPT
>         -:  850:      { return reverse_iterator(this->end()); }
>         -:  851:
>         -:  852:      /**
>         -:  853:       *  Returns a read-only (constant) reverse iterator that points
>         -:  854:       *  to the last character in the %string.  Iteration is done in
>         -:  855:       *  reverse element order.
>         -:  856:       */
>         -:  857:      const_reverse_iterator
>         -:  858:      rbegin() const _GLIBCXX_NOEXCEPT
>         -:  859:      { return const_reverse_iterator(this->end()); }
>         -:  860:
>         -:  861:      /**
>         -:  862:       *  Returns a read/write reverse iterator that points to one before the
>         -:  863:       *  first character in the %string.  Iteration is done in reverse
>         -:  864:       *  element order.
>         -:  865:       */
>         -:  866:      reverse_iterator
>         -:  867:      rend() _GLIBCXX_NOEXCEPT
>         -:  868:      { return reverse_iterator(this->begin()); }
>         -:  869:
>         -:  870:      /**
>         -:  871:       *  Returns a read-only (constant) reverse iterator that points
>         -:  872:       *  to one before the first character in the %string.  Iteration
>         -:  873:       *  is done in reverse element order.
>         -:  874:       */
>         -:  875:      const_reverse_iterator
>         -:  876:      rend() const _GLIBCXX_NOEXCEPT
>         -:  877:      { return const_reverse_iterator(this->begin()); }
>         -:  878:
>         -:  879:#if __cplusplus >= 201103L
1005,1037c883,915
<         -:  881:       *  Returns a read-only (constant) reverse iterator that points
<         -:  882:       *  to one before the first character in the %string.  Iteration
<         -:  883:       *  is done in reverse element order.
<         -:  884:       */
<         -:  885:      const_reverse_iterator
<         -:  886:      rend() const _GLIBCXX_NOEXCEPT
<         -:  887:      { return const_reverse_iterator(this->begin()); }
<         -:  888:
<         -:  889:#if __cplusplus >= 201103L
<         -:  890:      /**
<         -:  891:       *  Returns a read-only (constant) iterator that points to the first
<         -:  892:       *  character in the %string.
<         -:  893:       */
<         -:  894:      const_iterator
<         -:  895:      cbegin() const noexcept
<         -:  896:      { return const_iterator(this->_M_data()); }
<         -:  897:
<         -:  898:      /**
<         -:  899:       *  Returns a read-only (constant) iterator that points one past the
<         -:  900:       *  last character in the %string.
<         -:  901:       */
<         -:  902:      const_iterator
<         -:  903:      cend() const noexcept
<         -:  904:      { return const_iterator(this->_M_data() + this->size()); }
<         -:  905:
<         -:  906:      /**
<         -:  907:       *  Returns a read-only (constant) reverse iterator that points
<         -:  908:       *  to the last character in the %string.  Iteration is done in
<         -:  909:       *  reverse element order.
<         -:  910:       */
<         -:  911:      const_reverse_iterator
<         -:  912:      crbegin() const noexcept
<         -:  913:      { return const_reverse_iterator(this->end()); }
---
>         -:  881:       *  Returns a read-only (constant) iterator that points to the first
>         -:  882:       *  character in the %string.
>         -:  883:       */
>         -:  884:      const_iterator
>         -:  885:      cbegin() const noexcept
>         -:  886:      { return const_iterator(this->_M_data()); }
>         -:  887:
>         -:  888:      /**
>         -:  889:       *  Returns a read-only (constant) iterator that points one past the
>         -:  890:       *  last character in the %string.
>         -:  891:       */
>         -:  892:      const_iterator
>         -:  893:      cend() const noexcept
>         -:  894:      { return const_iterator(this->_M_data() + this->size()); }
>         -:  895:
>         -:  896:      /**
>         -:  897:       *  Returns a read-only (constant) reverse iterator that points
>         -:  898:       *  to the last character in the %string.  Iteration is done in
>         -:  899:       *  reverse element order.
>         -:  900:       */
>         -:  901:      const_reverse_iterator
>         -:  902:      crbegin() const noexcept
>         -:  903:      { return const_reverse_iterator(this->end()); }
>         -:  904:
>         -:  905:      /**
>         -:  906:       *  Returns a read-only (constant) reverse iterator that points
>         -:  907:       *  to one before the first character in the %string.  Iteration
>         -:  908:       *  is done in reverse element order.
>         -:  909:       */
>         -:  910:      const_reverse_iterator
>         -:  911:      crend() const noexcept
>         -:  912:      { return const_reverse_iterator(this->begin()); }
>         -:  913:#endif
1039,1283c917,1161
<         -:  915:      /**
<         -:  916:       *  Returns a read-only (constant) reverse iterator that points
<         -:  917:       *  to one before the first character in the %string.  Iteration
<         -:  918:       *  is done in reverse element order.
<         -:  919:       */
<         -:  920:      const_reverse_iterator
<         -:  921:      crend() const noexcept
<         -:  922:      { return const_reverse_iterator(this->begin()); }
<         -:  923:#endif
<         -:  924:
<         -:  925:    public:
<         -:  926:      // Capacity:
<         -:  927:      ///  Returns the number of characters in the string, not including any
<         -:  928:      ///  null-termination.
<         -:  929:      size_type
<         -:  930:      size() const _GLIBCXX_NOEXCEPT
<         -:  931:      { return _M_string_length; }
<         -:  932:
<         -:  933:      ///  Returns the number of characters in the string, not including any
<         -:  934:      ///  null-termination.
<         -:  935:      size_type
<         -:  936:      length() const _GLIBCXX_NOEXCEPT
<         -:  937:      { return _M_string_length; }
<         -:  938:
<         -:  939:      ///  Returns the size() of the largest possible %string.
<         -:  940:      size_type
<         -:  941:      max_size() const _GLIBCXX_NOEXCEPT
<         -:  942:      { return (_Alloc_traits::max_size(_M_get_allocator()) - 1) / 2; }
<         -:  943:
<         -:  944:      /**
<         -:  945:       *  @brief  Resizes the %string to the specified number of characters.
<         -:  946:       *  @param  __n  Number of characters the %string should contain.
<         -:  947:       *  @param  __c  Character to fill any new elements.
<         -:  948:       *
<         -:  949:       *  This function will %resize the %string to the specified
<         -:  950:       *  number of characters.  If the number is smaller than the
<         -:  951:       *  %string's current size the %string is truncated, otherwise
<         -:  952:       *  the %string is extended and new elements are %set to @a __c.
<         -:  953:       */
<         -:  954:      void
<         -:  955:      resize(size_type __n, _CharT __c);
<         -:  956:
<         -:  957:      /**
<         -:  958:       *  @brief  Resizes the %string to the specified number of characters.
<         -:  959:       *  @param  __n  Number of characters the %string should contain.
<         -:  960:       *
<         -:  961:       *  This function will resize the %string to the specified length.  If
<         -:  962:       *  the new size is smaller than the %string's current size the %string
<         -:  963:       *  is truncated, otherwise the %string is extended and new characters
<         -:  964:       *  are default-constructed.  For basic types such as char, this means
<         -:  965:       *  setting them to 0.
<         -:  966:       */
<         -:  967:      void
<         -:  968:      resize(size_type __n)
<         -:  969:      { this->resize(__n, _CharT()); }
<         -:  970:
<         -:  971:#if __cplusplus >= 201103L
<         -:  972:      ///  A non-binding request to reduce capacity() to size().
<         -:  973:      void
<         -:  974:      shrink_to_fit() noexcept
<         -:  975:      {
<         -:  976:#if __cpp_exceptions
<         -:  977:	if (capacity() > size())
<         -:  978:	  {
<         -:  979:	    try
<         -:  980:	      { reserve(0); }
<         -:  981:	    catch(...)
<         -:  982:	      { }
<         -:  983:	  }
<         -:  984:#endif
<         -:  985:      }
<         -:  986:#endif
<         -:  987:
<         -:  988:      /**
<         -:  989:       *  Returns the total number of characters that the %string can hold
<         -:  990:       *  before needing to allocate more memory.
<         -:  991:       */
<         -:  992:      size_type
<         -:  993:      capacity() const _GLIBCXX_NOEXCEPT
<         -:  994:      {
<         -:  995:	return _M_is_local() ? size_type(_S_local_capacity)
<         -:  996:	                     : _M_allocated_capacity;
<         -:  997:      }
<         -:  998:
<         -:  999:      /**
<         -: 1000:       *  @brief  Attempt to preallocate enough memory for specified number of
<         -: 1001:       *          characters.
<         -: 1002:       *  @param  __res_arg  Number of characters required.
<         -: 1003:       *  @throw  std::length_error  If @a __res_arg exceeds @c max_size().
<         -: 1004:       *
<         -: 1005:       *  This function attempts to reserve enough memory for the
<         -: 1006:       *  %string to hold the specified number of characters.  If the
<         -: 1007:       *  number requested is more than max_size(), length_error is
<         -: 1008:       *  thrown.
<         -: 1009:       *
<         -: 1010:       *  The advantage of this function is that if optimal code is a
<         -: 1011:       *  necessity and the user can determine the string length that will be
<         -: 1012:       *  required, the user can reserve the memory in %advance, and thus
<         -: 1013:       *  prevent a possible reallocation of memory and copying of %string
<         -: 1014:       *  data.
<         -: 1015:       */
<         -: 1016:      void
<         -: 1017:      reserve(size_type __res_arg = 0);
<         -: 1018:
<         -: 1019:      /**
<         -: 1020:       *  Erases the string, making it empty.
<         -: 1021:       */
<         -: 1022:      void
<         -: 1023:      clear() _GLIBCXX_NOEXCEPT
<         -: 1024:      { _M_set_length(0); }
<         -: 1025:
<         -: 1026:      /**
<         -: 1027:       *  Returns true if the %string is empty.  Equivalent to 
<         -: 1028:       *  <code>*this == ""</code>.
<         -: 1029:       */
<         -: 1030:      bool
<         -: 1031:      empty() const _GLIBCXX_NOEXCEPT
<         -: 1032:      { return this->size() == 0; }
<         -: 1033:
<         -: 1034:      // Element access:
<         -: 1035:      /**
<         -: 1036:       *  @brief  Subscript access to the data contained in the %string.
<         -: 1037:       *  @param  __pos  The index of the character to access.
<         -: 1038:       *  @return  Read-only (constant) reference to the character.
<         -: 1039:       *
<         -: 1040:       *  This operator allows for easy, array-style, data access.
<         -: 1041:       *  Note that data access with this operator is unchecked and
<         -: 1042:       *  out_of_range lookups are not defined. (For checked lookups
<         -: 1043:       *  see at().)
<         -: 1044:       */
<         -: 1045:      const_reference
<         -: 1046:      operator[] (size_type __pos) const _GLIBCXX_NOEXCEPT
<         -: 1047:      {
<         -: 1048:	__glibcxx_assert(__pos <= size());
<         -: 1049:	return _M_data()[__pos];
<         -: 1050:      }
<         -: 1051:
<         -: 1052:      /**
<         -: 1053:       *  @brief  Subscript access to the data contained in the %string.
<         -: 1054:       *  @param  __pos  The index of the character to access.
<         -: 1055:       *  @return  Read/write reference to the character.
<         -: 1056:       *
<         -: 1057:       *  This operator allows for easy, array-style, data access.
<         -: 1058:       *  Note that data access with this operator is unchecked and
<         -: 1059:       *  out_of_range lookups are not defined. (For checked lookups
<         -: 1060:       *  see at().)
<         -: 1061:       */
<         -: 1062:      reference
<         -: 1063:      operator[](size_type __pos)
<         -: 1064:      {
<         -: 1065:        // Allow pos == size() both in C++98 mode, as v3 extension,
<         -: 1066:	// and in C++11 mode.
<         -: 1067:	__glibcxx_assert(__pos <= size());
<         -: 1068:        // In pedantic mode be strict in C++98 mode.
<         -: 1069:	_GLIBCXX_DEBUG_PEDASSERT(__cplusplus >= 201103L || __pos < size());
<         -: 1070:	return _M_data()[__pos];
<         -: 1071:      }
<         -: 1072:
<         -: 1073:      /**
<         -: 1074:       *  @brief  Provides access to the data contained in the %string.
<         -: 1075:       *  @param __n The index of the character to access.
<         -: 1076:       *  @return  Read-only (const) reference to the character.
<         -: 1077:       *  @throw  std::out_of_range  If @a n is an invalid index.
<         -: 1078:       *
<         -: 1079:       *  This function provides for safer data access.  The parameter is
<         -: 1080:       *  first checked that it is in the range of the string.  The function
<         -: 1081:       *  throws out_of_range if the check fails.
<         -: 1082:       */
<         -: 1083:      const_reference
<         -: 1084:      at(size_type __n) const
<         -: 1085:      {
<         -: 1086:	if (__n >= this->size())
<         -: 1087:	  __throw_out_of_range_fmt(__N("basic_string::at: __n "
<         -: 1088:				       "(which is %zu) >= this->size() "
<         -: 1089:				       "(which is %zu)"),
<         -: 1090:				   __n, this->size());
<         -: 1091:	return _M_data()[__n];
<         -: 1092:      }
<         -: 1093:
<         -: 1094:      /**
<         -: 1095:       *  @brief  Provides access to the data contained in the %string.
<         -: 1096:       *  @param __n The index of the character to access.
<         -: 1097:       *  @return  Read/write reference to the character.
<         -: 1098:       *  @throw  std::out_of_range  If @a n is an invalid index.
<         -: 1099:       *
<         -: 1100:       *  This function provides for safer data access.  The parameter is
<         -: 1101:       *  first checked that it is in the range of the string.  The function
<         -: 1102:       *  throws out_of_range if the check fails.
<         -: 1103:       */
<         -: 1104:      reference
<         -: 1105:      at(size_type __n)
<         -: 1106:      {
<         -: 1107:	if (__n >= size())
<         -: 1108:	  __throw_out_of_range_fmt(__N("basic_string::at: __n "
<         -: 1109:				       "(which is %zu) >= this->size() "
<         -: 1110:				       "(which is %zu)"),
<         -: 1111:				   __n, this->size());
<         -: 1112:	return _M_data()[__n];
<         -: 1113:      }
<         -: 1114:
<         -: 1115:#if __cplusplus >= 201103L
<         -: 1116:      /**
<         -: 1117:       *  Returns a read/write reference to the data at the first
<         -: 1118:       *  element of the %string.
<         -: 1119:       */
<         -: 1120:      reference
<         -: 1121:      front() noexcept
<         -: 1122:      {
<         -: 1123:	__glibcxx_assert(!empty());
<         -: 1124:	return operator[](0);
<         -: 1125:      }
<         -: 1126:
<         -: 1127:      /**
<         -: 1128:       *  Returns a read-only (constant) reference to the data at the first
<         -: 1129:       *  element of the %string.
<         -: 1130:       */
<         -: 1131:      const_reference
<         -: 1132:      front() const noexcept
<         -: 1133:      {
<         -: 1134:	__glibcxx_assert(!empty());
<         -: 1135:	return operator[](0);
<         -: 1136:      }
<         -: 1137:
<         -: 1138:      /**
<         -: 1139:       *  Returns a read/write reference to the data at the last
<         -: 1140:       *  element of the %string.
<         -: 1141:       */
<         -: 1142:      reference
<         -: 1143:      back() noexcept
<         -: 1144:      {
<         -: 1145:	__glibcxx_assert(!empty());
<         -: 1146:	return operator[](this->size() - 1);
<         -: 1147:      }
<         -: 1148:
<         -: 1149:      /**
<         -: 1150:       *  Returns a read-only (constant) reference to the data at the
<         -: 1151:       *  last element of the %string.
<         -: 1152:       */
<         -: 1153:      const_reference
<         -: 1154:      back() const noexcept
<         -: 1155:      {
<         -: 1156:	__glibcxx_assert(!empty());
<         -: 1157:	return operator[](this->size() - 1);
<         -: 1158:      }
<         -: 1159:#endif
---
>         -:  915:    public:
>         -:  916:      // Capacity:
>         -:  917:      ///  Returns the number of characters in the string, not including any
>         -:  918:      ///  null-termination.
>         -:  919:      size_type
>         -:  920:      size() const _GLIBCXX_NOEXCEPT
>         -:  921:      { return _M_string_length; }
>         -:  922:
>         -:  923:      ///  Returns the number of characters in the string, not including any
>         -:  924:      ///  null-termination.
>         -:  925:      size_type
>         -:  926:      length() const _GLIBCXX_NOEXCEPT
>         -:  927:      { return _M_string_length; }
>         -:  928:
>         -:  929:      ///  Returns the size() of the largest possible %string.
>         -:  930:      size_type
>         -:  931:      max_size() const _GLIBCXX_NOEXCEPT
>         -:  932:      { return (_Alloc_traits::max_size(_M_get_allocator()) - 1) / 2; }
>         -:  933:
>         -:  934:      /**
>         -:  935:       *  @brief  Resizes the %string to the specified number of characters.
>         -:  936:       *  @param  __n  Number of characters the %string should contain.
>         -:  937:       *  @param  __c  Character to fill any new elements.
>         -:  938:       *
>         -:  939:       *  This function will %resize the %string to the specified
>         -:  940:       *  number of characters.  If the number is smaller than the
>         -:  941:       *  %string's current size the %string is truncated, otherwise
>         -:  942:       *  the %string is extended and new elements are %set to @a __c.
>         -:  943:       */
>         -:  944:      void
>         -:  945:      resize(size_type __n, _CharT __c);
>         -:  946:
>         -:  947:      /**
>         -:  948:       *  @brief  Resizes the %string to the specified number of characters.
>         -:  949:       *  @param  __n  Number of characters the %string should contain.
>         -:  950:       *
>         -:  951:       *  This function will resize the %string to the specified length.  If
>         -:  952:       *  the new size is smaller than the %string's current size the %string
>         -:  953:       *  is truncated, otherwise the %string is extended and new characters
>         -:  954:       *  are default-constructed.  For basic types such as char, this means
>         -:  955:       *  setting them to 0.
>         -:  956:       */
>         -:  957:      void
>         -:  958:      resize(size_type __n)
>         -:  959:      { this->resize(__n, _CharT()); }
>         -:  960:
>         -:  961:#if __cplusplus >= 201103L
>         -:  962:      ///  A non-binding request to reduce capacity() to size().
>         -:  963:      void
>         -:  964:      shrink_to_fit() noexcept
>         -:  965:      {
>         -:  966:#if __cpp_exceptions
>         -:  967:	if (capacity() > size())
>         -:  968:	  {
>         -:  969:	    try
>         -:  970:	      { reserve(0); }
>         -:  971:	    catch(...)
>         -:  972:	      { }
>         -:  973:	  }
>         -:  974:#endif
>         -:  975:      }
>         -:  976:#endif
>         -:  977:
>         -:  978:      /**
>         -:  979:       *  Returns the total number of characters that the %string can hold
>         -:  980:       *  before needing to allocate more memory.
>         -:  981:       */
>         -:  982:      size_type
>         -:  983:      capacity() const _GLIBCXX_NOEXCEPT
>         -:  984:      {
>         -:  985:	return _M_is_local() ? size_type(_S_local_capacity)
>         -:  986:	                     : _M_allocated_capacity;
>         -:  987:      }
>         -:  988:
>         -:  989:      /**
>         -:  990:       *  @brief  Attempt to preallocate enough memory for specified number of
>         -:  991:       *          characters.
>         -:  992:       *  @param  __res_arg  Number of characters required.
>         -:  993:       *  @throw  std::length_error  If @a __res_arg exceeds @c max_size().
>         -:  994:       *
>         -:  995:       *  This function attempts to reserve enough memory for the
>         -:  996:       *  %string to hold the specified number of characters.  If the
>         -:  997:       *  number requested is more than max_size(), length_error is
>         -:  998:       *  thrown.
>         -:  999:       *
>         -: 1000:       *  The advantage of this function is that if optimal code is a
>         -: 1001:       *  necessity and the user can determine the string length that will be
>         -: 1002:       *  required, the user can reserve the memory in %advance, and thus
>         -: 1003:       *  prevent a possible reallocation of memory and copying of %string
>         -: 1004:       *  data.
>         -: 1005:       */
>         -: 1006:      void
>         -: 1007:      reserve(size_type __res_arg = 0);
>         -: 1008:
>         -: 1009:      /**
>         -: 1010:       *  Erases the string, making it empty.
>         -: 1011:       */
>         -: 1012:      void
>         -: 1013:      clear() _GLIBCXX_NOEXCEPT
>         -: 1014:      { _M_set_length(0); }
>         -: 1015:
>         -: 1016:      /**
>         -: 1017:       *  Returns true if the %string is empty.  Equivalent to 
>         -: 1018:       *  <code>*this == ""</code>.
>         -: 1019:       */
>         -: 1020:      bool
>         -: 1021:      empty() const _GLIBCXX_NOEXCEPT
>         -: 1022:      { return this->size() == 0; }
>         -: 1023:
>         -: 1024:      // Element access:
>         -: 1025:      /**
>         -: 1026:       *  @brief  Subscript access to the data contained in the %string.
>         -: 1027:       *  @param  __pos  The index of the character to access.
>         -: 1028:       *  @return  Read-only (constant) reference to the character.
>         -: 1029:       *
>         -: 1030:       *  This operator allows for easy, array-style, data access.
>         -: 1031:       *  Note that data access with this operator is unchecked and
>         -: 1032:       *  out_of_range lookups are not defined. (For checked lookups
>         -: 1033:       *  see at().)
>         -: 1034:       */
>         -: 1035:      const_reference
>         -: 1036:      operator[] (size_type __pos) const _GLIBCXX_NOEXCEPT
>         -: 1037:      {
>         -: 1038:	__glibcxx_assert(__pos <= size());
>         -: 1039:	return _M_data()[__pos];
>         -: 1040:      }
>         -: 1041:
>         -: 1042:      /**
>         -: 1043:       *  @brief  Subscript access to the data contained in the %string.
>         -: 1044:       *  @param  __pos  The index of the character to access.
>         -: 1045:       *  @return  Read/write reference to the character.
>         -: 1046:       *
>         -: 1047:       *  This operator allows for easy, array-style, data access.
>         -: 1048:       *  Note that data access with this operator is unchecked and
>         -: 1049:       *  out_of_range lookups are not defined. (For checked lookups
>         -: 1050:       *  see at().)
>         -: 1051:       */
>         -: 1052:      reference
>         -: 1053:      operator[](size_type __pos)
>         -: 1054:      {
>         -: 1055:        // Allow pos == size() both in C++98 mode, as v3 extension,
>         -: 1056:	// and in C++11 mode.
>         -: 1057:	__glibcxx_assert(__pos <= size());
>         -: 1058:        // In pedantic mode be strict in C++98 mode.
>         -: 1059:	_GLIBCXX_DEBUG_PEDASSERT(__cplusplus >= 201103L || __pos < size());
>         -: 1060:	return _M_data()[__pos];
>         -: 1061:      }
>         -: 1062:
>         -: 1063:      /**
>         -: 1064:       *  @brief  Provides access to the data contained in the %string.
>         -: 1065:       *  @param __n The index of the character to access.
>         -: 1066:       *  @return  Read-only (const) reference to the character.
>         -: 1067:       *  @throw  std::out_of_range  If @a n is an invalid index.
>         -: 1068:       *
>         -: 1069:       *  This function provides for safer data access.  The parameter is
>         -: 1070:       *  first checked that it is in the range of the string.  The function
>         -: 1071:       *  throws out_of_range if the check fails.
>         -: 1072:       */
>         -: 1073:      const_reference
>         -: 1074:      at(size_type __n) const
>         -: 1075:      {
>         -: 1076:	if (__n >= this->size())
>         -: 1077:	  __throw_out_of_range_fmt(__N("basic_string::at: __n "
>         -: 1078:				       "(which is %zu) >= this->size() "
>         -: 1079:				       "(which is %zu)"),
>         -: 1080:				   __n, this->size());
>         -: 1081:	return _M_data()[__n];
>         -: 1082:      }
>         -: 1083:
>         -: 1084:      /**
>         -: 1085:       *  @brief  Provides access to the data contained in the %string.
>         -: 1086:       *  @param __n The index of the character to access.
>         -: 1087:       *  @return  Read/write reference to the character.
>         -: 1088:       *  @throw  std::out_of_range  If @a n is an invalid index.
>         -: 1089:       *
>         -: 1090:       *  This function provides for safer data access.  The parameter is
>         -: 1091:       *  first checked that it is in the range of the string.  The function
>         -: 1092:       *  throws out_of_range if the check fails.
>         -: 1093:       */
>         -: 1094:      reference
>         -: 1095:      at(size_type __n)
>         -: 1096:      {
>         -: 1097:	if (__n >= size())
>         -: 1098:	  __throw_out_of_range_fmt(__N("basic_string::at: __n "
>         -: 1099:				       "(which is %zu) >= this->size() "
>         -: 1100:				       "(which is %zu)"),
>         -: 1101:				   __n, this->size());
>         -: 1102:	return _M_data()[__n];
>         -: 1103:      }
>         -: 1104:
>         -: 1105:#if __cplusplus >= 201103L
>         -: 1106:      /**
>         -: 1107:       *  Returns a read/write reference to the data at the first
>         -: 1108:       *  element of the %string.
>         -: 1109:       */
>         -: 1110:      reference
>         -: 1111:      front() noexcept
>         -: 1112:      {
>         -: 1113:	__glibcxx_assert(!empty());
>         -: 1114:	return operator[](0);
>         -: 1115:      }
>         -: 1116:
>         -: 1117:      /**
>         -: 1118:       *  Returns a read-only (constant) reference to the data at the first
>         -: 1119:       *  element of the %string.
>         -: 1120:       */
>         -: 1121:      const_reference
>         -: 1122:      front() const noexcept
>         -: 1123:      {
>         -: 1124:	__glibcxx_assert(!empty());
>         -: 1125:	return operator[](0);
>         -: 1126:      }
>         -: 1127:
>         -: 1128:      /**
>         -: 1129:       *  Returns a read/write reference to the data at the last
>         -: 1130:       *  element of the %string.
>         -: 1131:       */
>         -: 1132:      reference
>         -: 1133:      back() noexcept
>         -: 1134:      {
>         -: 1135:	__glibcxx_assert(!empty());
>         -: 1136:	return operator[](this->size() - 1);
>         -: 1137:      }
>         -: 1138:
>         -: 1139:      /**
>         -: 1140:       *  Returns a read-only (constant) reference to the data at the
>         -: 1141:       *  last element of the %string.
>         -: 1142:       */
>         -: 1143:      const_reference
>         -: 1144:      back() const noexcept
>         -: 1145:      {
>         -: 1146:	__glibcxx_assert(!empty());
>         -: 1147:	return operator[](this->size() - 1);
>         -: 1148:      }
>         -: 1149:#endif
>         -: 1150:
>         -: 1151:      // Modifiers:
>         -: 1152:      /**
>         -: 1153:       *  @brief  Append a string to this string.
>         -: 1154:       *  @param __str  The string to append.
>         -: 1155:       *  @return  Reference to this string.
>         -: 1156:       */
>         -: 1157:      basic_string&
>         -: 1158:      operator+=(const basic_string& __str)
>         -: 1159:      { return this->append(__str); }
1285,1401c1163,1279
<         -: 1161:      // Modifiers:
<         -: 1162:      /**
<         -: 1163:       *  @brief  Append a string to this string.
<         -: 1164:       *  @param __str  The string to append.
<         -: 1165:       *  @return  Reference to this string.
<         -: 1166:       */
<         -: 1167:      basic_string&
<         -: 1168:      operator+=(const basic_string& __str)
<         -: 1169:      { return this->append(__str); }
<         -: 1170:
<         -: 1171:      /**
<         -: 1172:       *  @brief  Append a C string.
<         -: 1173:       *  @param __s  The C string to append.
<         -: 1174:       *  @return  Reference to this string.
<         -: 1175:       */
<         -: 1176:      basic_string&
<         -: 1177:      operator+=(const _CharT* __s)
<         -: 1178:      { return this->append(__s); }
<         -: 1179:
<         -: 1180:      /**
<         -: 1181:       *  @brief  Append a character.
<         -: 1182:       *  @param __c  The character to append.
<         -: 1183:       *  @return  Reference to this string.
<         -: 1184:       */
<         -: 1185:      basic_string&
<         -: 1186:      operator+=(_CharT __c)
<         -: 1187:      {
<         -: 1188:	this->push_back(__c);
<         -: 1189:	return *this;
<         -: 1190:      }
<         -: 1191:
<         -: 1192:#if __cplusplus >= 201103L
<         -: 1193:      /**
<         -: 1194:       *  @brief  Append an initializer_list of characters.
<         -: 1195:       *  @param __l  The initializer_list of characters to be appended.
<         -: 1196:       *  @return  Reference to this string.
<         -: 1197:       */
<         -: 1198:      basic_string&
<         -: 1199:      operator+=(initializer_list<_CharT> __l)
<         -: 1200:      { return this->append(__l.begin(), __l.size()); }
<         -: 1201:#endif // C++11
<         -: 1202:
<         -: 1203:#if __cplusplus > 201402L
<         -: 1204:      /**
<         -: 1205:       *  @brief  Append a string_view.
<         -: 1206:       *  @param __svt  An object convertible to string_view to be appended.
<         -: 1207:       *  @return  Reference to this string.
<         -: 1208:       */
<         -: 1209:      template<typename _Tp>
<         -: 1210:	_If_sv<_Tp, basic_string&>
<         -: 1211:	operator+=(const _Tp& __svt)
<         -: 1212:	{ return this->append(__svt); }
<         -: 1213:#endif // C++17
<         -: 1214:
<         -: 1215:      /**
<         -: 1216:       *  @brief  Append a string to this string.
<         -: 1217:       *  @param __str  The string to append.
<         -: 1218:       *  @return  Reference to this string.
<         -: 1219:       */
<         -: 1220:      basic_string&
<         -: 1221:      append(const basic_string& __str)
<         -: 1222:      { return _M_append(__str._M_data(), __str.size()); }
<         -: 1223:
<         -: 1224:      /**
<         -: 1225:       *  @brief  Append a substring.
<         -: 1226:       *  @param __str  The string to append.
<         -: 1227:       *  @param __pos  Index of the first character of str to append.
<         -: 1228:       *  @param __n  The number of characters to append.
<         -: 1229:       *  @return  Reference to this string.
<         -: 1230:       *  @throw  std::out_of_range if @a __pos is not a valid index.
<         -: 1231:       *
<         -: 1232:       *  This function appends @a __n characters from @a __str
<         -: 1233:       *  starting at @a __pos to this string.  If @a __n is is larger
<         -: 1234:       *  than the number of available characters in @a __str, the
<         -: 1235:       *  remainder of @a __str is appended.
<         -: 1236:       */
<         -: 1237:      basic_string&
<         -: 1238:      append(const basic_string& __str, size_type __pos, size_type __n = npos)
<         -: 1239:      { return _M_append(__str._M_data()
<         -: 1240:			 + __str._M_check(__pos, "basic_string::append"),
<         -: 1241:			 __str._M_limit(__pos, __n)); }
<         -: 1242:
<         -: 1243:      /**
<         -: 1244:       *  @brief  Append a C substring.
<         -: 1245:       *  @param __s  The C string to append.
<         -: 1246:       *  @param __n  The number of characters to append.
<         -: 1247:       *  @return  Reference to this string.
<         -: 1248:       */
<         -: 1249:      basic_string&
<         -: 1250:      append(const _CharT* __s, size_type __n)
<         -: 1251:      {
<         -: 1252:	__glibcxx_requires_string_len(__s, __n);
<         -: 1253:	_M_check_length(size_type(0), __n, "basic_string::append");
<         -: 1254:	return _M_append(__s, __n);
<         -: 1255:      }
<         -: 1256:
<         -: 1257:      /**
<         -: 1258:       *  @brief  Append a C string.
<         -: 1259:       *  @param __s  The C string to append.
<         -: 1260:       *  @return  Reference to this string.
<         -: 1261:       */
<         -: 1262:      basic_string&
<         -: 1263:      append(const _CharT* __s)
<         -: 1264:      {
<         -: 1265:	__glibcxx_requires_string(__s);
<         -: 1266:	const size_type __n = traits_type::length(__s);
<         -: 1267:	_M_check_length(size_type(0), __n, "basic_string::append");
<         -: 1268:	return _M_append(__s, __n);
<         -: 1269:      }
<         -: 1270:
<         -: 1271:      /**
<         -: 1272:       *  @brief  Append multiple characters.
<         -: 1273:       *  @param __n  The number of characters to append.
<         -: 1274:       *  @param __c  The character to use.
<         -: 1275:       *  @return  Reference to this string.
<         -: 1276:       *
<         -: 1277:       *  Appends __n copies of __c to this string.
---
>         -: 1161:      /**
>         -: 1162:       *  @brief  Append a C string.
>         -: 1163:       *  @param __s  The C string to append.
>         -: 1164:       *  @return  Reference to this string.
>         -: 1165:       */
>         -: 1166:      basic_string&
>         -: 1167:      operator+=(const _CharT* __s)
>         -: 1168:      { return this->append(__s); }
>         -: 1169:
>         -: 1170:      /**
>         -: 1171:       *  @brief  Append a character.
>         -: 1172:       *  @param __c  The character to append.
>         -: 1173:       *  @return  Reference to this string.
>         -: 1174:       */
>         -: 1175:      basic_string&
>         -: 1176:      operator+=(_CharT __c)
>         -: 1177:      {
>         -: 1178:	this->push_back(__c);
>         -: 1179:	return *this;
>         -: 1180:      }
>         -: 1181:
>         -: 1182:#if __cplusplus >= 201103L
>         -: 1183:      /**
>         -: 1184:       *  @brief  Append an initializer_list of characters.
>         -: 1185:       *  @param __l  The initializer_list of characters to be appended.
>         -: 1186:       *  @return  Reference to this string.
>         -: 1187:       */
>         -: 1188:      basic_string&
>         -: 1189:      operator+=(initializer_list<_CharT> __l)
>         -: 1190:      { return this->append(__l.begin(), __l.size()); }
>         -: 1191:#endif // C++11
>         -: 1192:
>         -: 1193:#if __cplusplus > 201402L
>         -: 1194:      /**
>         -: 1195:       *  @brief  Append a string_view.
>         -: 1196:       *  @param __svt  An object convertible to string_view to be appended.
>         -: 1197:       *  @return  Reference to this string.
>         -: 1198:       */
>         -: 1199:      template<typename _Tp>
>         -: 1200:	_If_sv<_Tp, basic_string&>
>         -: 1201:	operator+=(const _Tp& __svt)
>         -: 1202:	{ return this->append(__svt); }
>         -: 1203:#endif // C++17
>         -: 1204:
>         -: 1205:      /**
[...]
>         -: 6495:
>         -: 6496:  inline unsigned long long
>         -: 6497:  stoull(const wstring& __str, size_t* __idx = 0, int __base = 10)
>         -: 6498:  { return __gnu_cxx::__stoa(&std::wcstoull, "stoull", __str.c_str(),
>         -: 6499:			     __idx, __base); }
>         -: 6500:
>         -: 6501:  // NB: wcstof vs wcstod.
>         -: 6502:  inline float
>         -: 6503:  stof(const wstring& __str, size_t* __idx = 0)
>         -: 6504:  { return __gnu_cxx::__stoa(&std::wcstof, "stof", __str.c_str(), __idx); }
>         -: 6505:
>         -: 6506:  inline double
>         -: 6507:  stod(const wstring& __str, size_t* __idx = 0)
>         -: 6508:  { return __gnu_cxx::__stoa(&std::wcstod, "stod", __str.c_str(), __idx); }
>         -: 6509:
>         -: 6510:  inline long double
>         -: 6511:  stold(const wstring& __str, size_t* __idx = 0)
>         -: 6512:  { return __gnu_cxx::__stoa(&std::wcstold, "stold", __str.c_str(), __idx); }
6662,6729c6516,6583
<         -: 6514:#if defined(_GLIBCXX_USE_WCHAR_T) && _GLIBCXX_USE_C99_WCHAR
<         -: 6515:  inline int 
<         -: 6516:  stoi(const wstring& __str, size_t* __idx = 0, int __base = 10)
<         -: 6517:  { return __gnu_cxx::__stoa<long, int>(&std::wcstol, "stoi", __str.c_str(),
<         -: 6518:					__idx, __base); }
<         -: 6519:
<         -: 6520:  inline long 
<         -: 6521:  stol(const wstring& __str, size_t* __idx = 0, int __base = 10)
<         -: 6522:  { return __gnu_cxx::__stoa(&std::wcstol, "stol", __str.c_str(),
<         -: 6523:			     __idx, __base); }
<         -: 6524:
<         -: 6525:  inline unsigned long
<         -: 6526:  stoul(const wstring& __str, size_t* __idx = 0, int __base = 10)
<         -: 6527:  { return __gnu_cxx::__stoa(&std::wcstoul, "stoul", __str.c_str(),
<         -: 6528:			     __idx, __base); }
<         -: 6529:
<         -: 6530:  inline long long
<         -: 6531:  stoll(const wstring& __str, size_t* __idx = 0, int __base = 10)
<         -: 6532:  { return __gnu_cxx::__stoa(&std::wcstoll, "stoll", __str.c_str(),
<         -: 6533:			     __idx, __base); }
<         -: 6534:
<         -: 6535:  inline unsigned long long
<         -: 6536:  stoull(const wstring& __str, size_t* __idx = 0, int __base = 10)
<         -: 6537:  { return __gnu_cxx::__stoa(&std::wcstoull, "stoull", __str.c_str(),
<         -: 6538:			     __idx, __base); }
<         -: 6539:
<         -: 6540:  // NB: wcstof vs wcstod.
<         -: 6541:  inline float
<         -: 6542:  stof(const wstring& __str, size_t* __idx = 0)
<         -: 6543:  { return __gnu_cxx::__stoa(&std::wcstof, "stof", __str.c_str(), __idx); }
<         -: 6544:
<         -: 6545:  inline double
<         -: 6546:  stod(const wstring& __str, size_t* __idx = 0)
<         -: 6547:  { return __gnu_cxx::__stoa(&std::wcstod, "stod", __str.c_str(), __idx); }
<         -: 6548:
<         -: 6549:  inline long double
<         -: 6550:  stold(const wstring& __str, size_t* __idx = 0)
<         -: 6551:  { return __gnu_cxx::__stoa(&std::wcstold, "stold", __str.c_str(), __idx); }
<         -: 6552:
<         -: 6553:#ifndef _GLIBCXX_HAVE_BROKEN_VSWPRINTF
<         -: 6554:  // DR 1261.
<         -: 6555:  inline wstring
<         -: 6556:  to_wstring(int __val)
<         -: 6557:  { return __gnu_cxx::__to_xstring<wstring>(&std::vswprintf, 4 * sizeof(int),
<         -: 6558:					    L"%d", __val); }
<         -: 6559:
<         -: 6560:  inline wstring
<         -: 6561:  to_wstring(unsigned __val)
<         -: 6562:  { return __gnu_cxx::__to_xstring<wstring>(&std::vswprintf,
<         -: 6563:					    4 * sizeof(unsigned),
<         -: 6564:					    L"%u", __val); }
<         -: 6565:
<         -: 6566:  inline wstring
<         -: 6567:  to_wstring(long __val)
<         -: 6568:  { return __gnu_cxx::__to_xstring<wstring>(&std::vswprintf, 4 * sizeof(long),
<         -: 6569:					    L"%ld", __val); }
<         -: 6570:
<         -: 6571:  inline wstring
<         -: 6572:  to_wstring(unsigned long __val)
<         -: 6573:  { return __gnu_cxx::__to_xstring<wstring>(&std::vswprintf,
<         -: 6574:					    4 * sizeof(unsigned long),
<         -: 6575:					    L"%lu", __val); }
<         -: 6576:
<         -: 6577:  inline wstring
<         -: 6578:  to_wstring(long long __val)
<         -: 6579:  { return __gnu_cxx::__to_xstring<wstring>(&std::vswprintf,
<         -: 6580:					    4 * sizeof(long long),
<         -: 6581:					    L"%lld", __val); }
---
>         -: 6514:#ifndef _GLIBCXX_HAVE_BROKEN_VSWPRINTF
>         -: 6515:  // DR 1261.
>         -: 6516:  inline wstring
>         -: 6517:  to_wstring(int __val)
>         -: 6518:  { return __gnu_cxx::__to_xstring<wstring>(&std::vswprintf, 4 * sizeof(int),
>         -: 6519:					    L"%d", __val); }
>         -: 6520:
>         -: 6521:  inline wstring
>         -: 6522:  to_wstring(unsigned __val)
>         -: 6523:  { return __gnu_cxx::__to_xstring<wstring>(&std::vswprintf,
>         -: 6524:					    4 * sizeof(unsigned),
>         -: 6525:					    L"%u", __val); }
>         -: 6526:
>         -: 6527:  inline wstring
>         -: 6528:  to_wstring(long __val)
>         -: 6529:  { return __gnu_cxx::__to_xstring<wstring>(&std::vswprintf, 4 * sizeof(long),
>         -: 6530:					    L"%ld", __val); }
>         -: 6531:
>         -: 6532:  inline wstring
>         -: 6533:  to_wstring(unsigned long __val)
>         -: 6534:  { return __gnu_cxx::__to_xstring<wstring>(&std::vswprintf,
>         -: 6535:					    4 * sizeof(unsigned long),
>         -: 6536:					    L"%lu", __val); }
>         -: 6537:
>         -: 6538:  inline wstring
>         -: 6539:  to_wstring(long long __val)
>         -: 6540:  { return __gnu_cxx::__to_xstring<wstring>(&std::vswprintf,
>         -: 6541:					    4 * sizeof(long long),
>         -: 6542:					    L"%lld", __val); }
>         -: 6543:
>         -: 6544:  inline wstring
>         -: 6545:  to_wstring(unsigned long long __val)
>         -: 6546:  { return __gnu_cxx::__to_xstring<wstring>(&std::vswprintf,
>         -: 6547:					    4 * sizeof(unsigned long long),
>         -: 6548:					    L"%llu", __val); }
>         -: 6549:
>         -: 6550:  inline wstring
>         -: 6551:  to_wstring(float __val)
>         -: 6552:  {
>         -: 6553:    const int __n =
>         -: 6554:      __gnu_cxx::__numeric_traits<float>::__max_exponent10 + 20;
>         -: 6555:    return __gnu_cxx::__to_xstring<wstring>(&std::vswprintf, __n,
>         -: 6556:					    L"%f", __val);
>         -: 6557:  }
>         -: 6558:
>         -: 6559:  inline wstring
>         -: 6560:  to_wstring(double __val)
>         -: 6561:  {
>         -: 6562:    const int __n =
>         -: 6563:      __gnu_cxx::__numeric_traits<double>::__max_exponent10 + 20;
>         -: 6564:    return __gnu_cxx::__to_xstring<wstring>(&std::vswprintf, __n,
>         -: 6565:					    L"%f", __val);
>         -: 6566:  }
>         -: 6567:
>         -: 6568:  inline wstring
>         -: 6569:  to_wstring(long double __val)
>         -: 6570:  {
>         -: 6571:    const int __n =
>         -: 6572:      __gnu_cxx::__numeric_traits<long double>::__max_exponent10 + 20;
>         -: 6573:    return __gnu_cxx::__to_xstring<wstring>(&std::vswprintf, __n,
>         -: 6574:					    L"%Lf", __val);
>         -: 6575:  }
>         -: 6576:#endif // _GLIBCXX_HAVE_BROKEN_VSWPRINTF
>         -: 6577:#endif // _GLIBCXX_USE_WCHAR_T && _GLIBCXX_USE_C99_WCHAR
>         -: 6578:
>         -: 6579:_GLIBCXX_END_NAMESPACE_CXX11
>         -: 6580:_GLIBCXX_END_NAMESPACE_VERSION
>         -: 6581:} // namespace
6731,6735c6585,6589
<         -: 6583:  inline wstring
<         -: 6584:  to_wstring(unsigned long long __val)
<         -: 6585:  { return __gnu_cxx::__to_xstring<wstring>(&std::vswprintf,
<         -: 6586:					    4 * sizeof(unsigned long long),
<         -: 6587:					    L"%llu", __val); }
---
>         -: 6583:#endif /* C++11 */
>         -: 6584:
>         -: 6585:#if __cplusplus >= 201103L
>         -: 6586:
>         -: 6587:#include <bits/functional_hash.h>
6737,6768c6591,6622
<         -: 6589:  inline wstring
<         -: 6590:  to_wstring(float __val)
<         -: 6591:  {
<         -: 6592:    const int __n =
<         -: 6593:      __gnu_cxx::__numeric_traits<float>::__max_exponent10 + 20;
<         -: 6594:    return __gnu_cxx::__to_xstring<wstring>(&std::vswprintf, __n,
<         -: 6595:					    L"%f", __val);
<         -: 6596:  }
<         -: 6597:
<         -: 6598:  inline wstring
<         -: 6599:  to_wstring(double __val)
<         -: 6600:  {
<         -: 6601:    const int __n =
<         -: 6602:      __gnu_cxx::__numeric_traits<double>::__max_exponent10 + 20;
<         -: 6603:    return __gnu_cxx::__to_xstring<wstring>(&std::vswprintf, __n,
<         -: 6604:					    L"%f", __val);
<         -: 6605:  }
<         -: 6606:
<         -: 6607:  inline wstring
<         -: 6608:  to_wstring(long double __val)
<         -: 6609:  {
<         -: 6610:    const int __n =
<         -: 6611:      __gnu_cxx::__numeric_traits<long double>::__max_exponent10 + 20;
<         -: 6612:    return __gnu_cxx::__to_xstring<wstring>(&std::vswprintf, __n,
<         -: 6613:					    L"%Lf", __val);
<         -: 6614:  }
<         -: 6615:#endif // _GLIBCXX_HAVE_BROKEN_VSWPRINTF
<         -: 6616:#endif // _GLIBCXX_USE_WCHAR_T && _GLIBCXX_USE_C99_WCHAR
<         -: 6617:
<         -: 6618:_GLIBCXX_END_NAMESPACE_CXX11
<         -: 6619:_GLIBCXX_END_NAMESPACE_VERSION
<         -: 6620:} // namespace
---
>         -: 6589:namespace std _GLIBCXX_VISIBILITY(default)
>         -: 6590:{
>         -: 6591:_GLIBCXX_BEGIN_NAMESPACE_VERSION
>         -: 6592:
>         -: 6593:  // DR 1182.
>         -: 6594:
>         -: 6595:#ifndef _GLIBCXX_COMPATIBILITY_CXX0X
>         -: 6596:  /// std::hash specialization for string.
>         -: 6597:  template<>
>         -: 6598:    struct hash<string>
>         -: 6599:    : public __hash_base<size_t, string>
>         -: 6600:    {
>         -: 6601:      size_t
>         -: 6602:      operator()(const string& __s) const noexcept
>         -: 6603:      { return std::_Hash_impl::hash(__s.data(), __s.length()); }
>         -: 6604:    };
>         -: 6605:
>         -: 6606:  template<>
>         -: 6607:    struct __is_fast_hash<hash<string>> : std::false_type
>         -: 6608:    { };
>         -: 6609:
>         -: 6610:#ifdef _GLIBCXX_USE_WCHAR_T
>         -: 6611:  /// std::hash specialization for wstring.
>         -: 6612:  template<>
>         -: 6613:    struct hash<wstring>
>         -: 6614:    : public __hash_base<size_t, wstring>
>         -: 6615:    {
>         -: 6616:      size_t
>         -: 6617:      operator()(const wstring& __s) const noexcept
>         -: 6618:      { return std::_Hash_impl::hash(__s.data(),
>         -: 6619:                                     __s.length() * sizeof(wchar_t)); }
>         -: 6620:    };
6770,6774c6624,6628
<         -: 6622:#endif /* C++11 */
<         -: 6623:
<         -: 6624:#if __cplusplus >= 201103L
<         -: 6625:
<         -: 6626:#include <bits/functional_hash.h>
---
>         -: 6622:  template<>
>         -: 6623:    struct __is_fast_hash<hash<wstring>> : std::false_type
>         -: 6624:    { };
>         -: 6625:#endif
>         -: 6626:#endif /* _GLIBCXX_COMPATIBILITY_CXX0X */
6776,6792c6630,6646
<         -: 6628:namespace std _GLIBCXX_VISIBILITY(default)
<         -: 6629:{
<         -: 6630:_GLIBCXX_BEGIN_NAMESPACE_VERSION
<         -: 6631:
<         -: 6632:  // DR 1182.
<         -: 6633:
<         -: 6634:#ifndef _GLIBCXX_COMPATIBILITY_CXX0X
<         -: 6635:  /// std::hash specialization for string.
<         -: 6636:  template<>
<         -: 6637:    struct hash<string>
<         -: 6638:    : public __hash_base<size_t, string>
<         -: 6639:    {
<         -: 6640:      size_t
<         -: 6641:      operator()(const string& __s) const noexcept
<         -: 6642:      { return std::_Hash_impl::hash(__s.data(), __s.length()); }
<         -: 6643:    };
<         -: 6644:
---
>         -: 6628:#ifdef _GLIBCXX_USE_C99_STDINT_TR1
>         -: 6629:  /// std::hash specialization for u16string.
>         -: 6630:  template<>
>         -: 6631:    struct hash<u16string>
>         -: 6632:    : public __hash_base<size_t, u16string>
>         -: 6633:    {
>         -: 6634:      size_t
>         -: 6635:      operator()(const u16string& __s) const noexcept
>         -: 6636:      { return std::_Hash_impl::hash(__s.data(),
>         -: 6637:                                     __s.length() * sizeof(char16_t)); }
>         -: 6638:    };
>         -: 6639:
>         -: 6640:  template<>
>         -: 6641:    struct __is_fast_hash<hash<u16string>> : std::false_type
>         -: 6642:    { };
>         -: 6643:
>         -: 6644:  /// std::hash specialization for u32string.
6794,6892c6648,6708
<         -: 6646:    struct __is_fast_hash<hash<string>> : std::false_type
<         -: 6647:    { };
<         -: 6648:
<         -: 6649:#ifdef _GLIBCXX_USE_WCHAR_T
<         -: 6650:  /// std::hash specialization for wstring.
<         -: 6651:  template<>
<         -: 6652:    struct hash<wstring>
<         -: 6653:    : public __hash_base<size_t, wstring>
<         -: 6654:    {
<         -: 6655:      size_t
<         -: 6656:      operator()(const wstring& __s) const noexcept
<         -: 6657:      { return std::_Hash_impl::hash(__s.data(),
<         -: 6658:                                     __s.length() * sizeof(wchar_t)); }
<         -: 6659:    };
<         -: 6660:
<         -: 6661:  template<>
<         -: 6662:    struct __is_fast_hash<hash<wstring>> : std::false_type
<         -: 6663:    { };
<         -: 6664:#endif
<         -: 6665:#endif /* _GLIBCXX_COMPATIBILITY_CXX0X */
<         -: 6666:
<         -: 6667:#ifdef _GLIBCXX_USE_C99_STDINT_TR1
<         -: 6668:  /// std::hash specialization for u16string.
<         -: 6669:  template<>
<         -: 6670:    struct hash<u16string>
<         -: 6671:    : public __hash_base<size_t, u16string>
<         -: 6672:    {
<         -: 6673:      size_t
<         -: 6674:      operator()(const u16string& __s) const noexcept
<         -: 6675:      { return std::_Hash_impl::hash(__s.data(),
<         -: 6676:                                     __s.length() * sizeof(char16_t)); }
<         -: 6677:    };
<         -: 6678:
<         -: 6679:  template<>
<         -: 6680:    struct __is_fast_hash<hash<u16string>> : std::false_type
<         -: 6681:    { };
<         -: 6682:
<         -: 6683:  /// std::hash specialization for u32string.
<         -: 6684:  template<>
<         -: 6685:    struct hash<u32string>
<         -: 6686:    : public __hash_base<size_t, u32string>
<         -: 6687:    {
<         -: 6688:      size_t
<         -: 6689:      operator()(const u32string& __s) const noexcept
<         -: 6690:      { return std::_Hash_impl::hash(__s.data(),
<         -: 6691:                                     __s.length() * sizeof(char32_t)); }
<         -: 6692:    };
<         -: 6693:
<         -: 6694:  template<>
<         -: 6695:    struct __is_fast_hash<hash<u32string>> : std::false_type
<         -: 6696:    { };
<         -: 6697:#endif
<         -: 6698:
<         -: 6699:#if __cplusplus > 201103L
<         -: 6700:
<         -: 6701:#define __cpp_lib_string_udls 201304
<         -: 6702:
<         -: 6703:  inline namespace literals
<         -: 6704:  {
<         -: 6705:  inline namespace string_literals
<         -: 6706:  {
<         -: 6707:#pragma GCC diagnostic push
<         -: 6708:#pragma GCC diagnostic ignored "-Wliteral-suffix"
<         -: 6709:    _GLIBCXX_DEFAULT_ABI_TAG
<         -: 6710:    inline basic_string<char>
<         -: 6711:    operator""s(const char* __str, size_t __len)
<         -: 6712:    { return basic_string<char>{__str, __len}; }
<         -: 6713:
<         -: 6714:#ifdef _GLIBCXX_USE_WCHAR_T
<         -: 6715:    _GLIBCXX_DEFAULT_ABI_TAG
<         -: 6716:    inline basic_string<wchar_t>
<         -: 6717:    operator""s(const wchar_t* __str, size_t __len)
<         -: 6718:    { return basic_string<wchar_t>{__str, __len}; }
<         -: 6719:#endif
<         -: 6720:
<         -: 6721:#ifdef _GLIBCXX_USE_C99_STDINT_TR1
<         -: 6722:    _GLIBCXX_DEFAULT_ABI_TAG
<         -: 6723:    inline basic_string<char16_t>
<         -: 6724:    operator""s(const char16_t* __str, size_t __len)
<         -: 6725:    { return basic_string<char16_t>{__str, __len}; }
<         -: 6726:
<         -: 6727:    _GLIBCXX_DEFAULT_ABI_TAG
<         -: 6728:    inline basic_string<char32_t>
<         -: 6729:    operator""s(const char32_t* __str, size_t __len)
<         -: 6730:    { return basic_string<char32_t>{__str, __len}; }
<         -: 6731:#endif
<         -: 6732:
<         -: 6733:#pragma GCC diagnostic pop
<         -: 6734:  } // inline namespace string_literals
<         -: 6735:  } // inline namespace literals
<         -: 6736:
<         -: 6737:#endif // __cplusplus > 201103L
<         -: 6738:
<         -: 6739:_GLIBCXX_END_NAMESPACE_VERSION
<         -: 6740:} // namespace std
<         -: 6741:
<         -: 6742:#endif // C++11
<         -: 6743:
<         -: 6744:#endif /* _BASIC_STRING_H */
---
>         -: 6646:    struct hash<u32string>
>         -: 6647:    : public __hash_base<size_t, u32string>
>         -: 6648:    {
>         -: 6649:      size_t
>         -: 6650:      operator()(const u32string& __s) const noexcept
>         -: 6651:      { return std::_Hash_impl::hash(__s.data(),
>         -: 6652:                                     __s.length() * sizeof(char32_t)); }
>         -: 6653:    };
>         -: 6654:
>         -: 6655:  template<>
>         -: 6656:    struct __is_fast_hash<hash<u32string>> : std::false_type
>         -: 6657:    { };
>         -: 6658:#endif
>         -: 6659:
>         -: 6660:_GLIBCXX_END_NAMESPACE_VERSION
>         -: 6661:
>         -: 6662:#if __cplusplus > 201103L
>         -: 6663:
>         -: 6664:#define __cpp_lib_string_udls 201304
>         -: 6665:
>         -: 6666:  inline namespace literals
>         -: 6667:  {
>         -: 6668:  inline namespace string_literals
>         -: 6669:  {
>         -: 6670:_GLIBCXX_BEGIN_NAMESPACE_VERSION
>         -: 6671:
>         -: 6672:    _GLIBCXX_DEFAULT_ABI_TAG
>         -: 6673:    inline basic_string<char>
>         -: 6674:    operator""s(const char* __str, size_t __len)
>         -: 6675:    { return basic_string<char>{__str, __len}; }
>         -: 6676:
>         -: 6677:#ifdef _GLIBCXX_USE_WCHAR_T
>         -: 6678:    _GLIBCXX_DEFAULT_ABI_TAG
>         -: 6679:    inline basic_string<wchar_t>
>         -: 6680:    operator""s(const wchar_t* __str, size_t __len)
>         -: 6681:    { return basic_string<wchar_t>{__str, __len}; }
>         -: 6682:#endif
>         -: 6683:
>         -: 6684:#ifdef _GLIBCXX_USE_C99_STDINT_TR1
>         -: 6685:    _GLIBCXX_DEFAULT_ABI_TAG
>         -: 6686:    inline basic_string<char16_t>
>         -: 6687:    operator""s(const char16_t* __str, size_t __len)
>         -: 6688:    { return basic_string<char16_t>{__str, __len}; }
>         -: 6689:
>         -: 6690:    _GLIBCXX_DEFAULT_ABI_TAG
>         -: 6691:    inline basic_string<char32_t>
>         -: 6692:    operator""s(const char32_t* __str, size_t __len)
>         -: 6693:    { return basic_string<char32_t>{__str, __len}; }
>         -: 6694:#endif
>         -: 6695:
>         -: 6696:_GLIBCXX_END_NAMESPACE_VERSION
>         -: 6697:  } // inline namespace string_literals
>         -: 6698:  } // inline namespace literals
>         -: 6699:
>         -: 6700:#endif // __cplusplus > 201103L
>         -: 6701:
>         -: 6702:} // namespace std
>         -: 6703:
>         -: 6704:#endif // C++11
>         -: 6705:
>         -: 6706:#endif /* _BASIC_STRING_H */
