1,2c1,2
<         -:    0:Source:/usr/include/c++/8/bits/stl_vector.h
<         -:    0:Programs:51
---
>         -:    0:Source:/usr/include/c++/7/bits/stl_vector.h
>         -:    0:Programs:3
5c5
<         -:    3:// Copyright (C) 2001-2018 Free Software Foundation, Inc.
---
>         -:    3:// Copyright (C) 2001-2017 Free Software Foundation, Inc.
70,88c70,88
<         -:   68:#if _GLIBCXX_SANITIZE_STD_ALLOCATOR && _GLIBCXX_SANITIZE_VECTOR
<         -:   69:extern "C" void
<         -:   70:__sanitizer_annotate_contiguous_container(const void*, const void*,
<         -:   71:					  const void*, const void*);
<         -:   72:#endif
<         -:   73:
<         -:   74:namespace std _GLIBCXX_VISIBILITY(default)
<         -:   75:{
<         -:   76:_GLIBCXX_BEGIN_NAMESPACE_VERSION
<         -:   77:_GLIBCXX_BEGIN_NAMESPACE_CONTAINER
<         -:   78:
<         -:   79:  /// See bits/stl_deque.h's _Deque_base for an explanation.
<         -:   80:  template<typename _Tp, typename _Alloc>
<         -:   81:    struct _Vector_base
<         -:   82:    {
<         -:   83:      typedef typename __gnu_cxx::__alloc_traits<_Alloc>::template
<         -:   84:	rebind<_Tp>::other _Tp_alloc_type;
<         -:   85:      typedef typename __gnu_cxx::__alloc_traits<_Tp_alloc_type>::pointer
<         -:   86:       	pointer;
---
>         -:   68:namespace std _GLIBCXX_VISIBILITY(default)
>         -:   69:{
>         -:   70:_GLIBCXX_BEGIN_NAMESPACE_CONTAINER
>         -:   71:
>         -:   72:  /// See bits/stl_deque.h's _Deque_base for an explanation.
>         -:   73:  template<typename _Tp, typename _Alloc>
>         -:   74:    struct _Vector_base
>         -:   75:    {
>         -:   76:      typedef typename __gnu_cxx::__alloc_traits<_Alloc>::template
>         -:   77:	rebind<_Tp>::other _Tp_alloc_type;
>         -:   78:      typedef typename __gnu_cxx::__alloc_traits<_Tp_alloc_type>::pointer
>         -:   79:       	pointer;
>         -:   80:
>     #####:   81:      struct _Vector_impl
>         -:   82:      : public _Tp_alloc_type
>         -:   83:      {
>         -:   84:	pointer _M_start;
>         -:   85:	pointer _M_finish;
>         -:   86:	pointer _M_end_of_storage;
90,144c90,103
<         -:   88:      struct _Vector_impl
<         -:   89:      : public _Tp_alloc_type
<         -:   90:      {
<         -:   91:	pointer _M_start;
<         -:   92:	pointer _M_finish;
<         -:   93:	pointer _M_end_of_storage;
<         -:   94:
<      390*:   95:	_Vector_impl()
<      390*:   96:	: _Tp_alloc_type(), _M_start(), _M_finish(), _M_end_of_storage()
<      390*:   97:	{ }
< ------------------
< _ZNSt12_Vector_baseISt4pairIN7OpenDDS4DCPS12WeakRcHandleINS2_15TransportClientEEENS2_6GUID_tEESaIS7_EE12_Vector_implC2Ev:
<         6:   95:	_Vector_impl()
<         6:   96:	: _Tp_alloc_type(), _M_start(), _M_finish(), _M_end_of_storage()
<         6:   97:	{ }
< ------------------
< _ZNSt12_Vector_baseIN7OpenDDS4DCPS12HostnameInfoESaIS2_EE12_Vector_implC2Ev:
<         3:   95:	_Vector_impl()
<         3:   96:	: _Tp_alloc_type(), _M_start(), _M_finish(), _M_end_of_storage()
<         3:   97:	{ }
< ------------------
< _ZNSt12_Vector_baseIN7OpenDDS4DCPS12WeakRcHandleINS1_24TransportReceiveListenerEEESaIS4_EE12_Vector_implC2Ev:
<        42:   95:	_Vector_impl()
<        42:   96:	: _Tp_alloc_type(), _M_start(), _M_finish(), _M_end_of_storage()
<        42:   97:	{ }
< ------------------
< _ZNSt12_Vector_baseIPN7OpenDDS4DCPS13TransportImplESaIS3_EE12_Vector_implC2Ev:
<        32:   95:	_Vector_impl()
<        32:   96:	: _Tp_alloc_type(), _M_start(), _M_finish(), _M_end_of_storage()
<        32:   97:	{ }
< ------------------
< _ZNSt12_Vector_baseIN7OpenDDS4DCPS8RcHandleINS1_13TransportInstEEESaIS4_EE12_Vector_implC2Ev:
<       208:   95:	_Vector_impl()
<       208:   96:	: _Tp_alloc_type(), _M_start(), _M_finish(), _M_end_of_storage()
<       208:   97:	{ }
< ------------------
< _ZNSt12_Vector_baseINSt7__cxx1112basic_stringIcSt11char_traitsIcESaIcEEESaIS5_EE12_Vector_implC2Ev:
<     #####:   95:	_Vector_impl()
<     #####:   96:	: _Tp_alloc_type(), _M_start(), _M_finish(), _M_end_of_storage()
<     #####:   97:	{ }
< ------------------
< _ZNSt12_Vector_baseISt4pairIN7OpenDDS4DCPS8RcHandleINS2_15TransportConfigEEESt6vectorINSt7__cxx1112basic_stringIcSt11char_traitsIcESaIcEEESaISC_EEESaISF_EE12_Vector_implC2Ev:
<     #####:   95:	_Vector_impl()
<     #####:   96:	: _Tp_alloc_type(), _M_start(), _M_finish(), _M_end_of_storage()
<     #####:   97:	{ }
< ------------------
< _ZNSt12_Vector_baseISt4pairIPN7OpenDDS4DCPS21TransportQueueElementENS2_21TransportSendStrategy8SendModeEESaIS7_EE12_Vector_implC2Ev:
<        99:   95:	_Vector_impl()
<        99:   96:	: _Tp_alloc_type(), _M_start(), _M_finish(), _M_end_of_storage()
<        99:   97:	{ }
< ------------------
<         -:   98:
<     #####:   99:	_Vector_impl(_Tp_alloc_type const& __a) _GLIBCXX_NOEXCEPT
<     #####:  100:	: _Tp_alloc_type(__a), _M_start(), _M_finish(), _M_end_of_storage()
<     #####:  101:	{ }
---
>     #####:   88:	_Vector_impl()
>     #####:   89:	: _Tp_alloc_type(), _M_start(), _M_finish(), _M_end_of_storage()
>     #####:   90:	{ }
>         -:   91:
>     #####:   92:	_Vector_impl(_Tp_alloc_type const& __a) _GLIBCXX_NOEXCEPT
>     #####:   93:	: _Tp_alloc_type(__a), _M_start(), _M_finish(), _M_end_of_storage()
>     #####:   94:	{ }
>         -:   95:
>         -:   96:#if __cplusplus >= 201103L
>         -:   97:	_Vector_impl(_Tp_alloc_type&& __a) noexcept
>         -:   98:	: _Tp_alloc_type(std::move(__a)),
>         -:   99:	  _M_start(), _M_finish(), _M_end_of_storage()
>         -:  100:	{ }
>         -:  101:#endif
146,170c105,129
<         -:  103:#if __cplusplus >= 201103L
<         -:  104:	_Vector_impl(_Tp_alloc_type&& __a) noexcept
<         -:  105:	: _Tp_alloc_type(std::move(__a)),
<         -:  106:	  _M_start(), _M_finish(), _M_end_of_storage()
<         -:  107:	{ }
<         -:  108:#endif
<         -:  109:
<         -:  110:	void _M_swap_data(_Vector_impl& __x) _GLIBCXX_NOEXCEPT
<         -:  111:	{
<         -:  112:	  std::swap(_M_start, __x._M_start);
<         -:  113:	  std::swap(_M_finish, __x._M_finish);
<         -:  114:	  std::swap(_M_end_of_storage, __x._M_end_of_storage);
<         -:  115:	}
<         -:  116:
<         -:  117:#if _GLIBCXX_SANITIZE_STD_ALLOCATOR && _GLIBCXX_SANITIZE_VECTOR
<         -:  118:	template<typename = _Tp_alloc_type>
<         -:  119:	  struct _Asan
<         -:  120:	  {
<         -:  121:	    typedef typename __gnu_cxx::__alloc_traits<_Tp_alloc_type>
<         -:  122:	      ::size_type size_type;
<         -:  123:
<         -:  124:	    static void _S_shrink(_Vector_impl&, size_type) { }
<         -:  125:	    static void _S_on_dealloc(_Vector_impl&) { }
<         -:  126:
<         -:  127:	    typedef _Vector_impl& _Reinit;
---
>         -:  103:	void _M_swap_data(_Vector_impl& __x) _GLIBCXX_NOEXCEPT
>         -:  104:	{
>         -:  105:	  std::swap(_M_start, __x._M_start);
>         -:  106:	  std::swap(_M_finish, __x._M_finish);
>         -:  107:	  std::swap(_M_end_of_storage, __x._M_end_of_storage);
>         -:  108:	}
>         -:  109:      };
>         -:  110:
>         -:  111:    public:
>         -:  112:      typedef _Alloc allocator_type;
>         -:  113:
>         -:  114:      _Tp_alloc_type&
>     #####:  115:      _M_get_Tp_allocator() _GLIBCXX_NOEXCEPT
>     #####:  116:      { return *static_cast<_Tp_alloc_type*>(&this->_M_impl); }
>         -:  117:
>         -:  118:      const _Tp_alloc_type&
>     #####:  119:      _M_get_Tp_allocator() const _GLIBCXX_NOEXCEPT
>     #####:  120:      { return *static_cast<const _Tp_alloc_type*>(&this->_M_impl); }
>         -:  121:
>         -:  122:      allocator_type
>         -:  123:      get_allocator() const _GLIBCXX_NOEXCEPT
>         -:  124:      { return allocator_type(_M_get_Tp_allocator()); }
>         -:  125:
>     #####:  126:      _Vector_base()
>     #####:  127:      : _M_impl() { }
172,177c131,136
<         -:  129:	    struct _Grow
<         -:  130:	    {
<         -:  131:	      _Grow(_Vector_impl&, size_type) { }
<         -:  132:	      void _M_grew(size_type) { }
<         -:  133:	    };
<         -:  134:	  };
---
>         -:  129:      _Vector_base(const allocator_type& __a) _GLIBCXX_NOEXCEPT
>         -:  130:      : _M_impl(__a) { }
>         -:  131:
>         -:  132:      _Vector_base(size_t __n)
>         -:  133:      : _M_impl()
>         -:  134:      { _M_create_storage(__n); }
179,933c138,488
<         -:  136:	// Enable ASan annotations for memory obtained from std::allocator.
<         -:  137:	template<typename _Up>
<         -:  138:	  struct _Asan<allocator<_Up> >
<         -:  139:	  {
<         -:  140:	    typedef typename __gnu_cxx::__alloc_traits<_Tp_alloc_type>
<         -:  141:	      ::size_type size_type;
<         -:  142:
<         -:  143:	    // Adjust ASan annotation for [_M_start, _M_end_of_storage) to
<         -:  144:	    // mark end of valid region as __curr instead of __prev.
<         -:  145:	    static void
<         -:  146:	    _S_adjust(_Vector_impl& __impl, pointer __prev, pointer __curr)
<         -:  147:	    {
<         -:  148:	      __sanitizer_annotate_contiguous_container(__impl._M_start,
<         -:  149:		  __impl._M_end_of_storage, __prev, __curr);
<         -:  150:	    }
<         -:  151:
<         -:  152:	    static void
<         -:  153:	    _S_grow(_Vector_impl& __impl, size_type __n)
<         -:  154:	    { _S_adjust(__impl, __impl._M_finish, __impl._M_finish + __n); }
<         -:  155:
<         -:  156:	    static void
<         -:  157:	    _S_shrink(_Vector_impl& __impl, size_type __n)
<         -:  158:	    { _S_adjust(__impl, __impl._M_finish + __n, __impl._M_finish); }
<         -:  159:
<         -:  160:	    static void
<         -:  161:	    _S_on_dealloc(_Vector_impl& __impl)
<         -:  162:	    {
<         -:  163:	      if (__impl._M_start)
<         -:  164:		_S_adjust(__impl, __impl._M_finish, __impl._M_end_of_storage);
<         -:  165:	    }
<         -:  166:
<         -:  167:	    // Used on reallocation to tell ASan unused capacity is invalid.
<         -:  168:	    struct _Reinit
<         -:  169:	    {
<         -:  170:	      explicit _Reinit(_Vector_impl& __impl) : _M_impl(__impl)
<         -:  171:	      {
<         -:  172:		// Mark unused capacity as valid again before deallocating it.
<         -:  173:		_S_on_dealloc(_M_impl);
<         -:  174:	      }
<         -:  175:
<         -:  176:	      ~_Reinit()
<         -:  177:	      {
<         -:  178:		// Mark unused capacity as invalid after reallocation.
<         -:  179:		if (_M_impl._M_start)
<         -:  180:		  _S_adjust(_M_impl, _M_impl._M_end_of_storage,
<         -:  181:			    _M_impl._M_finish);
<         -:  182:	      }
<         -:  183:
<         -:  184:	      _Vector_impl& _M_impl;
<         -:  185:
<         -:  186:#if __cplusplus >= 201103L
<         -:  187:	      _Reinit(const _Reinit&) = delete;
<         -:  188:	      _Reinit& operator=(const _Reinit&) = delete;
<         -:  189:#endif
<         -:  190:	    };
<         -:  191:
<         -:  192:	    // Tell ASan when unused capacity is initialized to be valid.
<         -:  193:	    struct _Grow
<         -:  194:	    {
<         -:  195:	      _Grow(_Vector_impl& __impl, size_type __n)
<         -:  196:	      : _M_impl(__impl), _M_n(__n)
<         -:  197:	      { _S_grow(_M_impl, __n); }
<         -:  198:
<         -:  199:	      ~_Grow() { if (_M_n) _S_shrink(_M_impl, _M_n); }
<         -:  200:
<         -:  201:	      void _M_grew(size_type __n) { _M_n -= __n; }
<         -:  202:
<         -:  203:#if __cplusplus >= 201103L
<         -:  204:	      _Grow(const _Grow&) = delete;
<         -:  205:	      _Grow& operator=(const _Grow&) = delete;
<         -:  206:#endif
<         -:  207:	    private:
<         -:  208:	      _Vector_impl& _M_impl;
<         -:  209:	      size_type _M_n;
<         -:  210:	    };
<         -:  211:	  };
<         -:  212:
<         -:  213:#define _GLIBCXX_ASAN_ANNOTATE_REINIT \
<         -:  214:  typename _Base::_Vector_impl::template _Asan<>::_Reinit const \
<         -:  215:	__attribute__((__unused__)) __reinit_guard(this->_M_impl)
<         -:  216:#define _GLIBCXX_ASAN_ANNOTATE_GROW(n) \
<         -:  217:  typename _Base::_Vector_impl::template _Asan<>::_Grow \
<         -:  218:	__attribute__((__unused__)) __grow_guard(this->_M_impl, (n))
<         -:  219:#define _GLIBCXX_ASAN_ANNOTATE_GREW(n) __grow_guard._M_grew(n)
<         -:  220:#define _GLIBCXX_ASAN_ANNOTATE_SHRINK(n) \
<         -:  221:  _Base::_Vector_impl::template _Asan<>::_S_shrink(this->_M_impl, n)
<         -:  222:#define _GLIBCXX_ASAN_ANNOTATE_BEFORE_DEALLOC \
<         -:  223:  _Base::_Vector_impl::template _Asan<>::_S_on_dealloc(this->_M_impl)
<         -:  224:#else // ! (_GLIBCXX_SANITIZE_STD_ALLOCATOR && _GLIBCXX_SANITIZE_VECTOR)
<         -:  225:#define _GLIBCXX_ASAN_ANNOTATE_REINIT
<         -:  226:#define _GLIBCXX_ASAN_ANNOTATE_GROW(n)
<         -:  227:#define _GLIBCXX_ASAN_ANNOTATE_GREW(n)
<         -:  228:#define _GLIBCXX_ASAN_ANNOTATE_SHRINK(n)
<         -:  229:#define _GLIBCXX_ASAN_ANNOTATE_BEFORE_DEALLOC
<         -:  230:#endif // _GLIBCXX_SANITIZE_STD_ALLOCATOR && _GLIBCXX_SANITIZE_VECTOR
<         -:  231:      };
<         -:  232:
<         -:  233:    public:
<         -:  234:      typedef _Alloc allocator_type;
<         -:  235:
<         -:  236:      _Tp_alloc_type&
<      959*:  237:      _M_get_Tp_allocator() _GLIBCXX_NOEXCEPT
<      959*:  238:      { return *static_cast<_Tp_alloc_type*>(&this->_M_impl); }
< ------------------
< _ZNSt12_Vector_baseISt4pairIPN7OpenDDS4DCPS21TransportQueueElementENS2_21TransportSendStrategy8SendModeEESaIS7_EE19_M_get_Tp_allocatorEv:
<     #####:  237:      _M_get_Tp_allocator() _GLIBCXX_NOEXCEPT
<     #####:  238:      { return *static_cast<_Tp_alloc_type*>(&this->_M_impl); }
< ------------------
< _ZNSt12_Vector_baseISt4pairIN7OpenDDS4DCPS12WeakRcHandleINS2_15TransportClientEEENS2_6GUID_tEESaIS7_EE19_M_get_Tp_allocatorEv:
<        12:  237:      _M_get_Tp_allocator() _GLIBCXX_NOEXCEPT
<        12:  238:      { return *static_cast<_Tp_alloc_type*>(&this->_M_impl); }
< ------------------
< _ZNSt12_Vector_baseI13ACE_INET_AddrSaIS0_EE19_M_get_Tp_allocatorEv:
<     #####:  237:      _M_get_Tp_allocator() _GLIBCXX_NOEXCEPT
<     #####:  238:      { return *static_cast<_Tp_alloc_type*>(&this->_M_impl); }
< ------------------
< _ZNSt12_Vector_baseIN7OpenDDS4DCPS12HostnameInfoESaIS2_EE19_M_get_Tp_allocatorEv:
<        21:  237:      _M_get_Tp_allocator() _GLIBCXX_NOEXCEPT
<        21:  238:      { return *static_cast<_Tp_alloc_type*>(&this->_M_impl); }
< ------------------
< _ZNSt12_Vector_baseIN7OpenDDS4DCPS12WeakRcHandleINS1_24TransportReceiveListenerEEESaIS4_EE19_M_get_Tp_allocatorEv:
<       168:  237:      _M_get_Tp_allocator() _GLIBCXX_NOEXCEPT
<       168:  238:      { return *static_cast<_Tp_alloc_type*>(&this->_M_impl); }
< ------------------
< _ZNSt12_Vector_baseIPN7OpenDDS4DCPS13TransportImplESaIS3_EE19_M_get_Tp_allocatorEv:
<       119:  237:      _M_get_Tp_allocator() _GLIBCXX_NOEXCEPT
<       119:  238:      { return *static_cast<_Tp_alloc_type*>(&this->_M_impl); }
< ------------------
< _ZNSt12_Vector_baseIN7OpenDDS4DCPS8RcHandleINS1_13TransportInstEEESaIS4_EE19_M_get_Tp_allocatorEv:
<     #####:  237:      _M_get_Tp_allocator() _GLIBCXX_NOEXCEPT
<     #####:  238:      { return *static_cast<_Tp_alloc_type*>(&this->_M_impl); }
< ------------------
< _ZNSt12_Vector_baseIN7OpenDDS4DCPS8RcHandleINS1_13TransportInstEEESaIS4_EE19_M_get_Tp_allocatorEv:
<       475:  237:      _M_get_Tp_allocator() _GLIBCXX_NOEXCEPT
<       475:  238:      { return *static_cast<_Tp_alloc_type*>(&this->_M_impl); }
< ------------------
< _ZNSt12_Vector_baseINSt7__cxx1112basic_stringIcSt11char_traitsIcESaIcEEESaIS5_EE19_M_get_Tp_allocatorEv:
<     #####:  237:      _M_get_Tp_allocator() _GLIBCXX_NOEXCEPT
<     #####:  238:      { return *static_cast<_Tp_alloc_type*>(&this->_M_impl); }
< ------------------
< _ZNSt12_Vector_baseISt4pairIN7OpenDDS4DCPS8RcHandleINS2_15TransportConfigEEESt6vectorINSt7__cxx1112basic_stringIcSt11char_traitsIcESaIcEEESaISC_EEESaISF_EE19_M_get_Tp_allocatorEv:
<     #####:  237:      _M_get_Tp_allocator() _GLIBCXX_NOEXCEPT
<     #####:  238:      { return *static_cast<_Tp_alloc_type*>(&this->_M_impl); }
< ------------------
< _ZNSt12_Vector_baseISt4pairIN7OpenDDS4DCPS14SequenceNumberES3_ESaIS4_EE19_M_get_Tp_allocatorEv:
<     #####:  237:      _M_get_Tp_allocator() _GLIBCXX_NOEXCEPT
<     #####:  238:      { return *static_cast<_Tp_alloc_type*>(&this->_M_impl); }
< ------------------
< _ZNSt12_Vector_baseISt4pairIPN7OpenDDS4DCPS21TransportQueueElementENS2_21TransportSendStrategy8SendModeEESaIS7_EE19_M_get_Tp_allocatorEv:
<       164:  237:      _M_get_Tp_allocator() _GLIBCXX_NOEXCEPT
<       164:  238:      { return *static_cast<_Tp_alloc_type*>(&this->_M_impl); }
< ------------------
<         -:  239:
<         -:  240:      const _Tp_alloc_type&
<      347*:  241:      _M_get_Tp_allocator() const _GLIBCXX_NOEXCEPT
<      347*:  242:      { return *static_cast<const _Tp_alloc_type*>(&this->_M_impl); }
< ------------------
< _ZNKSt12_Vector_baseISt4pairIN7OpenDDS4DCPS12WeakRcHandleINS2_15TransportClientEEENS2_6GUID_tEESaIS7_EE19_M_get_Tp_allocatorEv:
<         4:  241:      _M_get_Tp_allocator() const _GLIBCXX_NOEXCEPT
<         4:  242:      { return *static_cast<const _Tp_alloc_type*>(&this->_M_impl); }
< ------------------
< _ZNKSt12_Vector_baseI13ACE_INET_AddrSaIS0_EE19_M_get_Tp_allocatorEv:
<     #####:  241:      _M_get_Tp_allocator() const _GLIBCXX_NOEXCEPT
<     #####:  242:      { return *static_cast<const _Tp_alloc_type*>(&this->_M_impl); }
< ------------------
< _ZNKSt12_Vector_baseIN7OpenDDS4DCPS12HostnameInfoESaIS2_EE19_M_get_Tp_allocatorEv:
<        12:  241:      _M_get_Tp_allocator() const _GLIBCXX_NOEXCEPT
<        12:  242:      { return *static_cast<const _Tp_alloc_type*>(&this->_M_impl); }
< ------------------
< _ZNKSt12_Vector_baseIN7OpenDDS4DCPS12WeakRcHandleINS1_24TransportReceiveListenerEEESaIS4_EE19_M_get_Tp_allocatorEv:
<        84:  241:      _M_get_Tp_allocator() const _GLIBCXX_NOEXCEPT
<        84:  242:      { return *static_cast<const _Tp_alloc_type*>(&this->_M_impl); }
< ------------------
< _ZNKSt12_Vector_baseIPN7OpenDDS4DCPS13TransportImplESaIS3_EE19_M_get_Tp_allocatorEv:
<        55:  241:      _M_get_Tp_allocator() const _GLIBCXX_NOEXCEPT
<        55:  242:      { return *static_cast<const _Tp_alloc_type*>(&this->_M_impl); }
< ------------------
< _ZNKSt12_Vector_baseIN7OpenDDS4DCPS8RcHandleINS1_13TransportInstEEESaIS4_EE19_M_get_Tp_allocatorEv:
<     #####:  241:      _M_get_Tp_allocator() const _GLIBCXX_NOEXCEPT
<     #####:  242:      { return *static_cast<const _Tp_alloc_type*>(&this->_M_impl); }
< ------------------
< _ZNKSt12_Vector_baseIN7OpenDDS4DCPS8RcHandleINS1_13TransportInstEEESaIS4_EE19_M_get_Tp_allocatorEv:
<       178:  241:      _M_get_Tp_allocator() const _GLIBCXX_NOEXCEPT
<       178:  242:      { return *static_cast<const _Tp_alloc_type*>(&this->_M_impl); }
< ------------------
< _ZNKSt12_Vector_baseISt4pairIN7OpenDDS4DCPS8RcHandleINS2_15TransportConfigEEESt6vectorINSt7__cxx1112basic_stringIcSt11char_traitsIcESaIcEEESaISC_EEESaISF_EE19_M_get_Tp_allocatorEv:
<     #####:  241:      _M_get_Tp_allocator() const _GLIBCXX_NOEXCEPT
<     #####:  242:      { return *static_cast<const _Tp_alloc_type*>(&this->_M_impl); }
< ------------------
< _ZNKSt12_Vector_baseINSt7__cxx1112basic_stringIcSt11char_traitsIcESaIcEEESaIS5_EE19_M_get_Tp_allocatorEv:
<     #####:  241:      _M_get_Tp_allocator() const _GLIBCXX_NOEXCEPT
<     #####:  242:      { return *static_cast<const _Tp_alloc_type*>(&this->_M_impl); }
< ------------------
< _ZNKSt12_Vector_baseISt4pairIPN7OpenDDS4DCPS21TransportQueueElementENS2_21TransportSendStrategy8SendModeEESaIS7_EE19_M_get_Tp_allocatorEv:
<        14:  241:      _M_get_Tp_allocator() const _GLIBCXX_NOEXCEPT
<        14:  242:      { return *static_cast<const _Tp_alloc_type*>(&this->_M_impl); }
< ------------------
<         -:  243:
<         -:  244:      allocator_type
<         -:  245:      get_allocator() const _GLIBCXX_NOEXCEPT
<         -:  246:      { return allocator_type(_M_get_Tp_allocator()); }
<         -:  247:
<      390*:  248:      _Vector_base()
<      390*:  249:      : _M_impl() { }
< ------------------
< _ZNSt12_Vector_baseISt4pairIN7OpenDDS4DCPS12WeakRcHandleINS2_15TransportClientEEENS2_6GUID_tEESaIS7_EEC2Ev:
<         6:  248:      _Vector_base()
<         6:  249:      : _M_impl() { }
< ------------------
< _ZNSt12_Vector_baseIN7OpenDDS4DCPS12HostnameInfoESaIS2_EEC2Ev:
<         3:  248:      _Vector_base()
<         3:  249:      : _M_impl() { }
< ------------------
< _ZNSt12_Vector_baseIN7OpenDDS4DCPS12WeakRcHandleINS1_24TransportReceiveListenerEEESaIS4_EEC2Ev:
<        42:  248:      _Vector_base()
<        42:  249:      : _M_impl() { }
< ------------------
< _ZNSt12_Vector_baseIPN7OpenDDS4DCPS13TransportImplESaIS3_EEC2Ev:
<        32:  248:      _Vector_base()
<        32:  249:      : _M_impl() { }
< ------------------
< _ZNSt12_Vector_baseIN7OpenDDS4DCPS8RcHandleINS1_13TransportInstEEESaIS4_EEC2Ev:
<       208:  248:      _Vector_base()
<       208:  249:      : _M_impl() { }
< ------------------
< _ZNSt12_Vector_baseINSt7__cxx1112basic_stringIcSt11char_traitsIcESaIcEEESaIS5_EEC2Ev:
<     #####:  248:      _Vector_base()
<     #####:  249:      : _M_impl() { }
< ------------------
< _ZNSt12_Vector_baseISt4pairIN7OpenDDS4DCPS8RcHandleINS2_15TransportConfigEEESt6vectorINSt7__cxx1112basic_stringIcSt11char_traitsIcESaIcEEESaISC_EEESaISF_EEC2Ev:
<     #####:  248:      _Vector_base()
<     #####:  249:      : _M_impl() { }
< ------------------
< _ZNSt12_Vector_baseISt4pairIPN7OpenDDS4DCPS21TransportQueueElementENS2_21TransportSendStrategy8SendModeEESaIS7_EEC2Ev:
<        99:  248:      _Vector_base()
<        99:  249:      : _M_impl() { }
< ------------------
<         -:  250:
<         -:  251:      _Vector_base(const allocator_type& __a) _GLIBCXX_NOEXCEPT
<         -:  252:      : _M_impl(__a) { }
<         -:  253:
<         -:  254:      _Vector_base(size_t __n)
<         -:  255:      : _M_impl()
<         -:  256:      { _M_create_storage(__n); }
<         -:  257:
<     #####:  258:      _Vector_base(size_t __n, const allocator_type& __a)
<     #####:  259:      : _M_impl(__a)
<     #####:  260:      { _M_create_storage(__n); }
<         -:  261:
<         -:  262:#if __cplusplus >= 201103L
<         -:  263:      _Vector_base(_Tp_alloc_type&& __a) noexcept
<         -:  264:      : _M_impl(std::move(__a)) { }
<         -:  265:
<         -:  266:      _Vector_base(_Vector_base&& __x) noexcept
<         -:  267:      : _M_impl(std::move(__x._M_get_Tp_allocator()))
<         -:  268:      { this->_M_impl._M_swap_data(__x._M_impl); }
<         -:  269:
<         -:  270:      _Vector_base(_Vector_base&& __x, const allocator_type& __a)
<         -:  271:      : _M_impl(__a)
<         -:  272:      {
<         -:  273:	if (__x.get_allocator() == __a)
<         -:  274:	  this->_M_impl._M_swap_data(__x._M_impl);
<         -:  275:	else
<         -:  276:	  {
<         -:  277:	    size_t __n = __x._M_impl._M_finish - __x._M_impl._M_start;
<         -:  278:	    _M_create_storage(__n);
<         -:  279:	  }
<         -:  280:      }
<         -:  281:#endif
<         -:  282:
<      390*:  283:      ~_Vector_base() _GLIBCXX_NOEXCEPT
<         -:  284:      {
<      390*:  285:	_M_deallocate(_M_impl._M_start,
<      390*:  286:		      _M_impl._M_end_of_storage - _M_impl._M_start);
<      390*:  287:      }
< ------------------
< _ZNSt12_Vector_baseISt4pairIN7OpenDDS4DCPS12WeakRcHandleINS2_15TransportClientEEENS2_6GUID_tEESaIS7_EED2Ev:
<         6:  283:      ~_Vector_base() _GLIBCXX_NOEXCEPT
<         -:  284:      {
<         6:  285:	_M_deallocate(_M_impl._M_start,
<         6:  286:		      _M_impl._M_end_of_storage - _M_impl._M_start);
<         6:  287:      }
< ------------------
< _ZNSt12_Vector_baseIN7OpenDDS4DCPS12HostnameInfoESaIS2_EED2Ev:
<         3:  283:      ~_Vector_base() _GLIBCXX_NOEXCEPT
<         -:  284:      {
<         3:  285:	_M_deallocate(_M_impl._M_start,
<         3:  286:		      _M_impl._M_end_of_storage - _M_impl._M_start);
<         3:  287:      }
< ------------------
< _ZNSt12_Vector_baseIN7OpenDDS4DCPS12WeakRcHandleINS1_24TransportReceiveListenerEEESaIS4_EED2Ev:
<        42:  283:      ~_Vector_base() _GLIBCXX_NOEXCEPT
<         -:  284:      {
<        42:  285:	_M_deallocate(_M_impl._M_start,
<        42:  286:		      _M_impl._M_end_of_storage - _M_impl._M_start);
<        42:  287:      }
< ------------------
< _ZNSt12_Vector_baseIPN7OpenDDS4DCPS13TransportImplESaIS3_EED2Ev:
<        32:  283:      ~_Vector_base() _GLIBCXX_NOEXCEPT
<         -:  284:      {
<        32:  285:	_M_deallocate(_M_impl._M_start,
<        32:  286:		      _M_impl._M_end_of_storage - _M_impl._M_start);
<        32:  287:      }
< ------------------
< _ZNSt12_Vector_baseIN7OpenDDS4DCPS8RcHandleINS1_13TransportInstEEESaIS4_EED2Ev:
<       208:  283:      ~_Vector_base() _GLIBCXX_NOEXCEPT
<         -:  284:      {
<       208:  285:	_M_deallocate(_M_impl._M_start,
<       208:  286:		      _M_impl._M_end_of_storage - _M_impl._M_start);
<       208:  287:      }
< ------------------
< _ZNSt12_Vector_baseINSt7__cxx1112basic_stringIcSt11char_traitsIcESaIcEEESaIS5_EED2Ev:
<     #####:  283:      ~_Vector_base() _GLIBCXX_NOEXCEPT
<         -:  284:      {
<     #####:  285:	_M_deallocate(_M_impl._M_start,
<     #####:  286:		      _M_impl._M_end_of_storage - _M_impl._M_start);
<     #####:  287:      }
< ------------------
< _ZNSt12_Vector_baseISt4pairIN7OpenDDS4DCPS8RcHandleINS2_15TransportConfigEEESt6vectorINSt7__cxx1112basic_stringIcSt11char_traitsIcESaIcEEESaISC_EEESaISF_EED2Ev:
<     #####:  283:      ~_Vector_base() _GLIBCXX_NOEXCEPT
<         -:  284:      {
<     #####:  285:	_M_deallocate(_M_impl._M_start,
<     #####:  286:		      _M_impl._M_end_of_storage - _M_impl._M_start);
<     #####:  287:      }
< ------------------
< _ZNSt12_Vector_baseISt4pairIN7OpenDDS4DCPS14SequenceNumberES3_ESaIS4_EED2Ev:
<     #####:  283:      ~_Vector_base() _GLIBCXX_NOEXCEPT
<         -:  284:      {
<     #####:  285:	_M_deallocate(_M_impl._M_start,
<     #####:  286:		      _M_impl._M_end_of_storage - _M_impl._M_start);
<     #####:  287:      }
< ------------------
< _ZNSt12_Vector_baseISt4pairIPN7OpenDDS4DCPS21TransportQueueElementENS2_21TransportSendStrategy8SendModeEESaIS7_EED2Ev:
<        99:  283:      ~_Vector_base() _GLIBCXX_NOEXCEPT
<         -:  284:      {
<        99:  285:	_M_deallocate(_M_impl._M_start,
<        99:  286:		      _M_impl._M_end_of_storage - _M_impl._M_start);
<        99:  287:      }
< ------------------
<         -:  288:
<         -:  289:    public:
<         -:  290:      _Vector_impl _M_impl;
<         -:  291:
<         -:  292:      pointer
<      181*:  293:      _M_allocate(size_t __n)
<         -:  294:      {
<         -:  295:	typedef __gnu_cxx::__alloc_traits<_Tp_alloc_type> _Tr;
<      181*:  296:	return __n != 0 ? _Tr::allocate(_M_impl, __n) : pointer();
<         -:  297:      }
< ------------------
< _ZNSt12_Vector_baseISt4pairIN7OpenDDS4DCPS12WeakRcHandleINS2_15TransportClientEEENS2_6GUID_tEESaIS7_EE11_M_allocateEm:
<         2:  293:      _M_allocate(size_t __n)
<         -:  294:      {
<         -:  295:	typedef __gnu_cxx::__alloc_traits<_Tp_alloc_type> _Tr;
<        2*:  296:	return __n != 0 ? _Tr::allocate(_M_impl, __n) : pointer();
<         -:  297:      }
< ------------------
< _ZNSt12_Vector_baseI13ACE_INET_AddrSaIS0_EE11_M_allocateEm:
<     #####:  293:      _M_allocate(size_t __n)
<         -:  294:      {
<         -:  295:	typedef __gnu_cxx::__alloc_traits<_Tp_alloc_type> _Tr;
<     #####:  296:	return __n != 0 ? _Tr::allocate(_M_impl, __n) : pointer();
<         -:  297:      }
< ------------------
< _ZNSt12_Vector_baseIN7OpenDDS4DCPS12HostnameInfoESaIS2_EE11_M_allocateEm:
<         6:  293:      _M_allocate(size_t __n)
<         -:  294:      {
<         -:  295:	typedef __gnu_cxx::__alloc_traits<_Tp_alloc_type> _Tr;
<        6*:  296:	return __n != 0 ? _Tr::allocate(_M_impl, __n) : pointer();
<         -:  297:      }
< ------------------
< _ZNSt12_Vector_baseIN7OpenDDS4DCPS12WeakRcHandleINS1_24TransportReceiveListenerEEESaIS4_EE11_M_allocateEm:
<        42:  293:      _M_allocate(size_t __n)
<         -:  294:      {
<         -:  295:	typedef __gnu_cxx::__alloc_traits<_Tp_alloc_type> _Tr;
<       42*:  296:	return __n != 0 ? _Tr::allocate(_M_impl, __n) : pointer();
<         -:  297:      }
< ------------------
< _ZNSt12_Vector_baseIPN7OpenDDS4DCPS13TransportImplESaIS3_EE11_M_allocateEm:
<        32:  293:      _M_allocate(size_t __n)
<         -:  294:      {
<         -:  295:	typedef __gnu_cxx::__alloc_traits<_Tp_alloc_type> _Tr;
<       32*:  296:	return __n != 0 ? _Tr::allocate(_M_impl, __n) : pointer();
<         -:  297:      }
< ------------------
< _ZNSt12_Vector_baseIN7OpenDDS4DCPS8RcHandleINS1_13TransportInstEEESaIS4_EE11_M_allocateEm:
<     #####:  293:      _M_allocate(size_t __n)
<         -:  294:      {
<         -:  295:	typedef __gnu_cxx::__alloc_traits<_Tp_alloc_type> _Tr;
<     #####:  296:	return __n != 0 ? _Tr::allocate(_M_impl, __n) : pointer();
<         -:  297:      }
< ------------------
< _ZNSt12_Vector_baseIN7OpenDDS4DCPS8RcHandleINS1_13TransportInstEEESaIS4_EE11_M_allocateEm:
<        89:  293:      _M_allocate(size_t __n)
<         -:  294:      {
<         -:  295:	typedef __gnu_cxx::__alloc_traits<_Tp_alloc_type> _Tr;
<       89*:  296:	return __n != 0 ? _Tr::allocate(_M_impl, __n) : pointer();
<         -:  297:      }
< ------------------
< _ZNSt12_Vector_baseISt4pairIN7OpenDDS4DCPS8RcHandleINS2_15TransportConfigEEESt6vectorINSt7__cxx1112basic_stringIcSt11char_traitsIcESaIcEEESaISC_EEESaISF_EE11_M_allocateEm:
<     #####:  293:      _M_allocate(size_t __n)
<         -:  294:      {
<         -:  295:	typedef __gnu_cxx::__alloc_traits<_Tp_alloc_type> _Tr;
<     #####:  296:	return __n != 0 ? _Tr::allocate(_M_impl, __n) : pointer();
<         -:  297:      }
< ------------------
< _ZNSt12_Vector_baseINSt7__cxx1112basic_stringIcSt11char_traitsIcESaIcEEESaIS5_EE11_M_allocateEm:
<     #####:  293:      _M_allocate(size_t __n)
<         -:  294:      {
<         -:  295:	typedef __gnu_cxx::__alloc_traits<_Tp_alloc_type> _Tr;
<     #####:  296:	return __n != 0 ? _Tr::allocate(_M_impl, __n) : pointer();
<         -:  297:      }
< ------------------
< _ZNSt12_Vector_baseISt4pairIPN7OpenDDS4DCPS21TransportQueueElementENS2_21TransportSendStrategy8SendModeEESaIS7_EE11_M_allocateEm:
<        10:  293:      _M_allocate(size_t __n)
<         -:  294:      {
<         -:  295:	typedef __gnu_cxx::__alloc_traits<_Tp_alloc_type> _Tr;
<       10*:  296:	return __n != 0 ? _Tr::allocate(_M_impl, __n) : pointer();
<         -:  297:      }
< ------------------
<         -:  298:
<         -:  299:      void
<      571*:  300:      _M_deallocate(pointer __p, size_t __n)
<         -:  301:      {
<         -:  302:	typedef __gnu_cxx::__alloc_traits<_Tp_alloc_type> _Tr;
<      571*:  303:	if (__p)
<      270*:  304:	  _Tr::deallocate(_M_impl, __p, __n);
<      571*:  305:      }
< ------------------
< _ZNSt12_Vector_baseISt4pairIN7OpenDDS4DCPS12WeakRcHandleINS2_15TransportClientEEENS2_6GUID_tEESaIS7_EE13_M_deallocateEPS7_m:
<         8:  300:      _M_deallocate(pointer __p, size_t __n)
<         -:  301:      {
<         -:  302:	typedef __gnu_cxx::__alloc_traits<_Tp_alloc_type> _Tr;
<         8:  303:	if (__p)
<         2:  304:	  _Tr::deallocate(_M_impl, __p, __n);
<         8:  305:      }
< ------------------
< _ZNSt12_Vector_baseI13ACE_INET_AddrSaIS0_EE13_M_deallocateEPS0_m:
<     #####:  300:      _M_deallocate(pointer __p, size_t __n)
<         -:  301:      {
<         -:  302:	typedef __gnu_cxx::__alloc_traits<_Tp_alloc_type> _Tr;
<     #####:  303:	if (__p)
<     #####:  304:	  _Tr::deallocate(_M_impl, __p, __n);
<     #####:  305:      }
< ------------------
< _ZNSt12_Vector_baseIN7OpenDDS4DCPS12HostnameInfoESaIS2_EE13_M_deallocateEPS2_m:
<         9:  300:      _M_deallocate(pointer __p, size_t __n)
<         -:  301:      {
<         -:  302:	typedef __gnu_cxx::__alloc_traits<_Tp_alloc_type> _Tr;
<         9:  303:	if (__p)
<         6:  304:	  _Tr::deallocate(_M_impl, __p, __n);
<         9:  305:      }
< ------------------
< _ZNSt12_Vector_baseIN7OpenDDS4DCPS12WeakRcHandleINS1_24TransportReceiveListenerEEESaIS4_EE13_M_deallocateEPS4_m:
<        84:  300:      _M_deallocate(pointer __p, size_t __n)
<         -:  301:      {
<         -:  302:	typedef __gnu_cxx::__alloc_traits<_Tp_alloc_type> _Tr;
<        84:  303:	if (__p)
<        42:  304:	  _Tr::deallocate(_M_impl, __p, __n);
<        84:  305:      }
< ------------------
< _ZNSt12_Vector_baseIPN7OpenDDS4DCPS13TransportImplESaIS3_EE13_M_deallocateEPS3_m:
<        64:  300:      _M_deallocate(pointer __p, size_t __n)
<         -:  301:      {
<         -:  302:	typedef __gnu_cxx::__alloc_traits<_Tp_alloc_type> _Tr;
<        64:  303:	if (__p)
<        32:  304:	  _Tr::deallocate(_M_impl, __p, __n);
<        64:  305:      }
< ------------------
< _ZNSt12_Vector_baseIN7OpenDDS4DCPS8RcHandleINS1_13TransportInstEEESaIS4_EE13_M_deallocateEPS4_m:
<     #####:  300:      _M_deallocate(pointer __p, size_t __n)
<         -:  301:      {
<         -:  302:	typedef __gnu_cxx::__alloc_traits<_Tp_alloc_type> _Tr;
<     #####:  303:	if (__p)
<     #####:  304:	  _Tr::deallocate(_M_impl, __p, __n);
<     #####:  305:      }
< ------------------
< _ZNSt12_Vector_baseIN7OpenDDS4DCPS8RcHandleINS1_13TransportInstEEESaIS4_EE13_M_deallocateEPS4_m:
<       297:  300:      _M_deallocate(pointer __p, size_t __n)
<         -:  301:      {
<         -:  302:	typedef __gnu_cxx::__alloc_traits<_Tp_alloc_type> _Tr;
<       297:  303:	if (__p)
<       178:  304:	  _Tr::deallocate(_M_impl, __p, __n);
<       297:  305:      }
< ------------------
< _ZNSt12_Vector_baseINSt7__cxx1112basic_stringIcSt11char_traitsIcESaIcEEESaIS5_EE13_M_deallocateEPS5_m:
<     #####:  300:      _M_deallocate(pointer __p, size_t __n)
<         -:  301:      {
<         -:  302:	typedef __gnu_cxx::__alloc_traits<_Tp_alloc_type> _Tr;
<     #####:  303:	if (__p)
<     #####:  304:	  _Tr::deallocate(_M_impl, __p, __n);
<     #####:  305:      }
< ------------------
< _ZNSt12_Vector_baseISt4pairIN7OpenDDS4DCPS8RcHandleINS2_15TransportConfigEEESt6vectorINSt7__cxx1112basic_stringIcSt11char_traitsIcESaIcEEESaISC_EEESaISF_EE13_M_deallocateEPSF_m:
<     #####:  300:      _M_deallocate(pointer __p, size_t __n)
<         -:  301:      {
<         -:  302:	typedef __gnu_cxx::__alloc_traits<_Tp_alloc_type> _Tr;
<     #####:  303:	if (__p)
<     #####:  304:	  _Tr::deallocate(_M_impl, __p, __n);
<     #####:  305:      }
< ------------------
< _ZNSt12_Vector_baseISt4pairIN7OpenDDS4DCPS14SequenceNumberES3_ESaIS4_EE13_M_deallocateEPS4_m:
<     #####:  300:      _M_deallocate(pointer __p, size_t __n)
<         -:  301:      {
<         -:  302:	typedef __gnu_cxx::__alloc_traits<_Tp_alloc_type> _Tr;
<     #####:  303:	if (__p)
<     #####:  304:	  _Tr::deallocate(_M_impl, __p, __n);
<     #####:  305:      }
< ------------------
< _ZNSt12_Vector_baseISt4pairIPN7OpenDDS4DCPS21TransportQueueElementENS2_21TransportSendStrategy8SendModeEESaIS7_EE13_M_deallocateEPS7_m:
<       109:  300:      _M_deallocate(pointer __p, size_t __n)
<         -:  301:      {
<         -:  302:	typedef __gnu_cxx::__alloc_traits<_Tp_alloc_type> _Tr;
<       109:  303:	if (__p)
<        10:  304:	  _Tr::deallocate(_M_impl, __p, __n);
<       109:  305:      }
< ------------------
<         -:  306:
<         -:  307:    private:
<         -:  308:      void
<     #####:  309:      _M_create_storage(size_t __n)
<         -:  310:      {
<     #####:  311:	this->_M_impl._M_start = this->_M_allocate(__n);
<     #####:  312:	this->_M_impl._M_finish = this->_M_impl._M_start;
<     #####:  313:	this->_M_impl._M_end_of_storage = this->_M_impl._M_start + __n;
<     #####:  314:      }
<         -:  315:    };
<         -:  316:
<         -:  317:  /**
<         -:  318:   *  @brief A standard container which offers fixed time access to
<         -:  319:   *  individual elements in any order.
<         -:  320:   *
<         -:  321:   *  @ingroup sequences
<         -:  322:   *
<         -:  323:   *  @tparam _Tp  Type of element.
<         -:  324:   *  @tparam _Alloc  Allocator type, defaults to allocator<_Tp>.
<         -:  325:   *
<         -:  326:   *  Meets the requirements of a <a href="tables.html#65">container</a>, a
<         -:  327:   *  <a href="tables.html#66">reversible container</a>, and a
<         -:  328:   *  <a href="tables.html#67">sequence</a>, including the
<         -:  329:   *  <a href="tables.html#68">optional sequence requirements</a> with the
<         -:  330:   *  %exception of @c push_front and @c pop_front.
<         -:  331:   *
<         -:  332:   *  In some terminology a %vector can be described as a dynamic
<         -:  333:   *  C-style array, it offers fast and efficient access to individual
<         -:  334:   *  elements in any order and saves the user from worrying about
<         -:  335:   *  memory and size allocation.  Subscripting ( @c [] ) access is
<         -:  336:   *  also provided as with C-style arrays.
<         -:  337:  */
<         -:  338:  template<typename _Tp, typename _Alloc = std::allocator<_Tp> >
<         -:  339:    class vector : protected _Vector_base<_Tp, _Alloc>
<         -:  340:    {
<         -:  341:#ifdef _GLIBCXX_CONCEPT_CHECKS
<         -:  342:      // Concept requirements.
<         -:  343:      typedef typename _Alloc::value_type		_Alloc_value_type;
<         -:  344:# if __cplusplus < 201103L
<         -:  345:      __glibcxx_class_requires(_Tp, _SGIAssignableConcept)
<         -:  346:# endif
<         -:  347:      __glibcxx_class_requires2(_Tp, _Alloc_value_type, _SameTypeConcept)
<         -:  348:#endif
<         -:  349:
<         -:  350:#if __cplusplus >= 201103L
<         -:  351:      static_assert(is_same<typename remove_cv<_Tp>::type, _Tp>::value,
<         -:  352:	  "std::vector must have a non-const, non-volatile value_type");
<         -:  353:# ifdef __STRICT_ANSI__
<         -:  354:      static_assert(is_same<typename _Alloc::value_type, _Tp>::value,
<         -:  355:	  "std::vector must have the same value_type as its allocator");
<         -:  356:# endif
<         -:  357:#endif
<         -:  358:
<         -:  359:      typedef _Vector_base<_Tp, _Alloc>			_Base;
<         -:  360:      typedef typename _Base::_Tp_alloc_type		_Tp_alloc_type;
<         -:  361:      typedef __gnu_cxx::__alloc_traits<_Tp_alloc_type>	_Alloc_traits;
<         -:  362:
<         -:  363:    public:
<         -:  364:      typedef _Tp					value_type;
<         -:  365:      typedef typename _Base::pointer			pointer;
<         -:  366:      typedef typename _Alloc_traits::const_pointer	const_pointer;
<         -:  367:      typedef typename _Alloc_traits::reference		reference;
<         -:  368:      typedef typename _Alloc_traits::const_reference	const_reference;
<         -:  369:      typedef __gnu_cxx::__normal_iterator<pointer, vector> iterator;
<         -:  370:      typedef __gnu_cxx::__normal_iterator<const_pointer, vector>
<         -:  371:      const_iterator;
<         -:  372:      typedef std::reverse_iterator<const_iterator>	const_reverse_iterator;
<         -:  373:      typedef std::reverse_iterator<iterator>		reverse_iterator;
<         -:  374:      typedef size_t					size_type;
<         -:  375:      typedef ptrdiff_t					difference_type;
<         -:  376:      typedef _Alloc					allocator_type;
<         -:  377:
<         -:  378:    protected:
<         -:  379:      using _Base::_M_allocate;
<         -:  380:      using _Base::_M_deallocate;
<         -:  381:      using _Base::_M_impl;
<         -:  382:      using _Base::_M_get_Tp_allocator;
<         -:  383:
<         -:  384:    public:
<         -:  385:      // [23.2.4.1] construct/copy/destroy
<         -:  386:      // (assign() and get_allocator() are also listed in this section)
<         -:  387:
<         -:  388:      /**
<         -:  389:       *  @brief  Creates a %vector with no elements.
<         -:  390:       */
<      390*:  391:      vector()
<         -:  392:#if __cplusplus >= 201103L
<         -:  393:      noexcept(is_nothrow_default_constructible<_Alloc>::value)
<         -:  394:#endif
<      390*:  395:      : _Base() { }
< ------------------
< _ZNSt6vectorISt4pairIN7OpenDDS4DCPS12WeakRcHandleINS2_15TransportClientEEENS2_6GUID_tEESaIS7_EEC2Ev:
<         6:  391:      vector()
<         -:  392:#if __cplusplus >= 201103L
<         -:  393:      noexcept(is_nothrow_default_constructible<_Alloc>::value)
<         -:  394:#endif
<         6:  395:      : _Base() { }
< ------------------
< _ZNSt6vectorIN7OpenDDS4DCPS12HostnameInfoESaIS2_EEC2Ev:
<         3:  391:      vector()
<         -:  392:#if __cplusplus >= 201103L
<         -:  393:      noexcept(is_nothrow_default_constructible<_Alloc>::value)
<         -:  394:#endif
<         3:  395:      : _Base() { }
< ------------------
< _ZNSt6vectorIN7OpenDDS4DCPS12WeakRcHandleINS1_24TransportReceiveListenerEEESaIS4_EEC2Ev:
<        42:  391:      vector()
<         -:  392:#if __cplusplus >= 201103L
<         -:  393:      noexcept(is_nothrow_default_constructible<_Alloc>::value)
<         -:  394:#endif
<        42:  395:      : _Base() { }
< ------------------
< _ZNSt6vectorIPN7OpenDDS4DCPS13TransportImplESaIS3_EEC2Ev:
<        32:  391:      vector()
<         -:  392:#if __cplusplus >= 201103L
<         -:  393:      noexcept(is_nothrow_default_constructible<_Alloc>::value)
<         -:  394:#endif
<        32:  395:      : _Base() { }
< ------------------
< _ZNSt6vectorIN7OpenDDS4DCPS8RcHandleINS1_13TransportInstEEESaIS4_EEC2Ev:
<       208:  391:      vector()
<         -:  392:#if __cplusplus >= 201103L
<         -:  393:      noexcept(is_nothrow_default_constructible<_Alloc>::value)
<         -:  394:#endif
<       208:  395:      : _Base() { }
< ------------------
< _ZNSt6vectorINSt7__cxx1112basic_stringIcSt11char_traitsIcESaIcEEESaIS5_EEC2Ev:
<     #####:  391:      vector()
<         -:  392:#if __cplusplus >= 201103L
<         -:  393:      noexcept(is_nothrow_default_constructible<_Alloc>::value)
<         -:  394:#endif
<     #####:  395:      : _Base() { }
< ------------------
< _ZNSt6vectorISt4pairIN7OpenDDS4DCPS8RcHandleINS2_15TransportConfigEEES_INSt7__cxx1112basic_stringIcSt11char_traitsIcESaIcEEESaISB_EEESaISE_EEC2Ev:
<     #####:  391:      vector()
<         -:  392:#if __cplusplus >= 201103L
<         -:  393:      noexcept(is_nothrow_default_constructible<_Alloc>::value)
<         -:  394:#endif
<     #####:  395:      : _Base() { }
< ------------------
< _ZNSt6vectorISt4pairIPN7OpenDDS4DCPS21TransportQueueElementENS2_21TransportSendStrategy8SendModeEESaIS7_EEC2Ev:
<        99:  391:      vector()
<         -:  392:#if __cplusplus >= 201103L
<         -:  393:      noexcept(is_nothrow_default_constructible<_Alloc>::value)
<         -:  394:#endif
<        99:  395:      : _Base() { }
< ------------------
<         -:  396:
<         -:  397:      /**
<         -:  398:       *  @brief  Creates a %vector with no elements.
<         -:  399:       *  @param  __a  An allocator object.
<         -:  400:       */
<         -:  401:      explicit
<         -:  402:      vector(const allocator_type& __a) _GLIBCXX_NOEXCEPT
<         -:  403:      : _Base(__a) { }
<         -:  404:
<         -:  405:#if __cplusplus >= 201103L
<         -:  406:      /**
<         -:  407:       *  @brief  Creates a %vector with default constructed elements.
<         -:  408:       *  @param  __n  The number of elements to initially create.
<         -:  409:       *  @param  __a  An allocator.
<         -:  410:       *
<         -:  411:       *  This constructor fills the %vector with @a __n default
<         -:  412:       *  constructed elements.
<         -:  413:       */
<         -:  414:      explicit
<         -:  415:      vector(size_type __n, const allocator_type& __a = allocator_type())
<         -:  416:      : _Base(__n, __a)
<         -:  417:      { _M_default_initialize(__n); }
<         -:  418:
<         -:  419:      /**
<         -:  420:       *  @brief  Creates a %vector with copies of an exemplar element.
<         -:  421:       *  @param  __n  The number of elements to initially create.
<         -:  422:       *  @param  __value  An element to copy.
<         -:  423:       *  @param  __a  An allocator.
<         -:  424:       *
<         -:  425:       *  This constructor fills the %vector with @a __n copies of @a __value.
<         -:  426:       */
<         -:  427:      vector(size_type __n, const value_type& __value,
<         -:  428:	     const allocator_type& __a = allocator_type())
<         -:  429:      : _Base(__n, __a)
<         -:  430:      { _M_fill_initialize(__n, __value); }
<         -:  431:#else
<         -:  432:      /**
<         -:  433:       *  @brief  Creates a %vector with copies of an exemplar element.
<         -:  434:       *  @param  __n  The number of elements to initially create.
<         -:  435:       *  @param  __value  An element to copy.
<         -:  436:       *  @param  __a  An allocator.
<         -:  437:       *
<         -:  438:       *  This constructor fills the %vector with @a __n copies of @a __value.
<         -:  439:       */
<         -:  440:      explicit
<         -:  441:      vector(size_type __n, const value_type& __value = value_type(),
<         -:  442:	     const allocator_type& __a = allocator_type())
<         -:  443:      : _Base(__n, __a)
<         -:  444:      { _M_fill_initialize(__n, __value); }
<         -:  445:#endif
<         -:  446:
<         -:  447:      /**
<         -:  448:       *  @brief  %Vector copy constructor.
<         -:  449:       *  @param  __x  A %vector of identical element and allocator types.
<         -:  450:       *
<         -:  451:       *  All the elements of @a __x are copied, but any unused capacity in
<         -:  452:       *  @a __x  will not be copied
<         -:  453:       *  (i.e. capacity() == size() in the new %vector).
<         -:  454:       *
<         -:  455:       *  The newly-created %vector uses a copy of the allocator object used
<         -:  456:       *  by @a __x (unless the allocator traits dictate a different object).
<         -:  457:       */
<     #####:  458:      vector(const vector& __x)
<         -:  459:      : _Base(__x.size(),
<     #####:  460:	_Alloc_traits::_S_select_on_copy(__x._M_get_Tp_allocator()))
<         -:  461:      {
<     #####:  462:	this->_M_impl._M_finish =
<     #####:  463:	  std::__uninitialized_copy_a(__x.begin(), __x.end(),
<         -:  464:				      this->_M_impl._M_start,
<     #####:  465:				      _M_get_Tp_allocator());
<     #####:  466:      }
<         -:  467:
<         -:  468:#if __cplusplus >= 201103L
<         -:  469:      /**
<         -:  470:       *  @brief  %Vector move constructor.
<         -:  471:       *  @param  __x  A %vector of identical element and allocator types.
<         -:  472:       *
<         -:  473:       *  The newly-created %vector contains the exact contents of @a __x.
<         -:  474:       *  The contents of @a __x are a valid, but unspecified %vector.
<         -:  475:       */
<         -:  476:      vector(vector&& __x) noexcept
<         -:  477:      : _Base(std::move(__x)) { }
<         -:  478:
<         -:  479:      /// Copy constructor with alternative allocator
<         -:  480:      vector(const vector& __x, const allocator_type& __a)
<         -:  481:      : _Base(__x.size(), __a)
<         -:  482:      {
<         -:  483:	this->_M_impl._M_finish =
<         -:  484:	  std::__uninitialized_copy_a(__x.begin(), __x.end(),
<         -:  485:				      this->_M_impl._M_start,
<         -:  486:				      _M_get_Tp_allocator());
---
>     #####:  136:      _Vector_base(size_t __n, const allocator_type& __a)
>     #####:  137:      : _M_impl(__a)
>     #####:  138:      { _M_create_storage(__n); }
>         -:  139:
>         -:  140:#if __cplusplus >= 201103L
>         -:  141:      _Vector_base(_Tp_alloc_type&& __a) noexcept
>         -:  142:      : _M_impl(std::move(__a)) { }
>         -:  143:
>         -:  144:      _Vector_base(_Vector_base&& __x) noexcept
>         -:  145:      : _M_impl(std::move(__x._M_get_Tp_allocator()))
>         -:  146:      { this->_M_impl._M_swap_data(__x._M_impl); }
>         -:  147:
>         -:  148:      _Vector_base(_Vector_base&& __x, const allocator_type& __a)
>         -:  149:      : _M_impl(__a)
>         -:  150:      {
>         -:  151:	if (__x.get_allocator() == __a)
>         -:  152:	  this->_M_impl._M_swap_data(__x._M_impl);
>         -:  153:	else
>         -:  154:	  {
>         -:  155:	    size_t __n = __x._M_impl._M_finish - __x._M_impl._M_start;
>         -:  156:	    _M_create_storage(__n);
>         -:  157:	  }
>         -:  158:      }
>         -:  159:#endif
>         -:  160:
>     #####:  161:      ~_Vector_base() _GLIBCXX_NOEXCEPT
>     #####:  162:      { _M_deallocate(this->_M_impl._M_start, this->_M_impl._M_end_of_storage
>     #####:  163:		      - this->_M_impl._M_start); }
>         -:  164:
>         -:  165:    public:
>         -:  166:      _Vector_impl _M_impl;
>         -:  167:
>         -:  168:      pointer
>     #####:  169:      _M_allocate(size_t __n)
>         -:  170:      {
>         -:  171:	typedef __gnu_cxx::__alloc_traits<_Tp_alloc_type> _Tr;
>     #####:  172:	return __n != 0 ? _Tr::allocate(_M_impl, __n) : pointer();
>         -:  173:      }
>         -:  174:
>         -:  175:      void
>     #####:  176:      _M_deallocate(pointer __p, size_t __n)
>         -:  177:      {
>         -:  178:	typedef __gnu_cxx::__alloc_traits<_Tp_alloc_type> _Tr;
>     #####:  179:	if (__p)
>     #####:  180:	  _Tr::deallocate(_M_impl, __p, __n);
>     #####:  181:      }
>         -:  182:
>         -:  183:    private:
>         -:  184:      void
>     #####:  185:      _M_create_storage(size_t __n)
>         -:  186:      {
>     #####:  187:	this->_M_impl._M_start = this->_M_allocate(__n);
>     #####:  188:	this->_M_impl._M_finish = this->_M_impl._M_start;
>     #####:  189:	this->_M_impl._M_end_of_storage = this->_M_impl._M_start + __n;
>     #####:  190:      }
>         -:  191:    };
>         -:  192:
>         -:  193:
>         -:  194:  /**
>         -:  195:   *  @brief A standard container which offers fixed time access to
>         -:  196:   *  individual elements in any order.
>         -:  197:   *
>         -:  198:   *  @ingroup sequences
>         -:  199:   *
>         -:  200:   *  @tparam _Tp  Type of element.
>         -:  201:   *  @tparam _Alloc  Allocator type, defaults to allocator<_Tp>.
>         -:  202:   *
>         -:  203:   *  Meets the requirements of a <a href="tables.html#65">container</a>, a
>         -:  204:   *  <a href="tables.html#66">reversible container</a>, and a
>         -:  205:   *  <a href="tables.html#67">sequence</a>, including the
>         -:  206:   *  <a href="tables.html#68">optional sequence requirements</a> with the
>         -:  207:   *  %exception of @c push_front and @c pop_front.
>         -:  208:   *
>         -:  209:   *  In some terminology a %vector can be described as a dynamic
>         -:  210:   *  C-style array, it offers fast and efficient access to individual
>         -:  211:   *  elements in any order and saves the user from worrying about
>         -:  212:   *  memory and size allocation.  Subscripting ( @c [] ) access is
>         -:  213:   *  also provided as with C-style arrays.
>         -:  214:  */
>         -:  215:  template<typename _Tp, typename _Alloc = std::allocator<_Tp> >
>         -:  216:    class vector : protected _Vector_base<_Tp, _Alloc>
>         -:  217:    {
>         -:  218:#ifdef _GLIBCXX_CONCEPT_CHECKS
>         -:  219:      // Concept requirements.
>         -:  220:      typedef typename _Alloc::value_type		_Alloc_value_type;
>         -:  221:# if __cplusplus < 201103L
>         -:  222:      __glibcxx_class_requires(_Tp, _SGIAssignableConcept)
>         -:  223:# endif
>         -:  224:      __glibcxx_class_requires2(_Tp, _Alloc_value_type, _SameTypeConcept)
>         -:  225:#endif
>         -:  226:
>         -:  227:      typedef _Vector_base<_Tp, _Alloc>			_Base;
>         -:  228:      typedef typename _Base::_Tp_alloc_type		_Tp_alloc_type;
>         -:  229:      typedef __gnu_cxx::__alloc_traits<_Tp_alloc_type>	_Alloc_traits;
>         -:  230:
>         -:  231:    public:
>         -:  232:      typedef _Tp					value_type;
>         -:  233:      typedef typename _Base::pointer			pointer;
>         -:  234:      typedef typename _Alloc_traits::const_pointer	const_pointer;
>         -:  235:      typedef typename _Alloc_traits::reference		reference;
>         -:  236:      typedef typename _Alloc_traits::const_reference	const_reference;
>         -:  237:      typedef __gnu_cxx::__normal_iterator<pointer, vector> iterator;
>         -:  238:      typedef __gnu_cxx::__normal_iterator<const_pointer, vector>
>         -:  239:      const_iterator;
>         -:  240:      typedef std::reverse_iterator<const_iterator>	const_reverse_iterator;
>         -:  241:      typedef std::reverse_iterator<iterator>		reverse_iterator;
>         -:  242:      typedef size_t					size_type;
>         -:  243:      typedef ptrdiff_t					difference_type;
>         -:  244:      typedef _Alloc					allocator_type;
>         -:  245:
>         -:  246:    protected:
>         -:  247:      using _Base::_M_allocate;
>         -:  248:      using _Base::_M_deallocate;
>         -:  249:      using _Base::_M_impl;
>         -:  250:      using _Base::_M_get_Tp_allocator;
>         -:  251:
>         -:  252:    public:
>         -:  253:      // [23.2.4.1] construct/copy/destroy
>         -:  254:      // (assign() and get_allocator() are also listed in this section)
>         -:  255:
>         -:  256:      /**
>         -:  257:       *  @brief  Creates a %vector with no elements.
>         -:  258:       */
>     #####:  259:      vector()
>         -:  260:#if __cplusplus >= 201103L
>         -:  261:      noexcept(is_nothrow_default_constructible<_Alloc>::value)
>         -:  262:#endif
>     #####:  263:      : _Base() { }
>         -:  264:
>         -:  265:      /**
>         -:  266:       *  @brief  Creates a %vector with no elements.
>         -:  267:       *  @param  __a  An allocator object.
>         -:  268:       */
>         -:  269:      explicit
>         -:  270:      vector(const allocator_type& __a) _GLIBCXX_NOEXCEPT
>         -:  271:      : _Base(__a) { }
>         -:  272:
>         -:  273:#if __cplusplus >= 201103L
>         -:  274:      /**
>         -:  275:       *  @brief  Creates a %vector with default constructed elements.
>         -:  276:       *  @param  __n  The number of elements to initially create.
>         -:  277:       *  @param  __a  An allocator.
>         -:  278:       *
>         -:  279:       *  This constructor fills the %vector with @a __n default
>         -:  280:       *  constructed elements.
>         -:  281:       */
>         -:  282:      explicit
>         -:  283:      vector(size_type __n, const allocator_type& __a = allocator_type())
>         -:  284:      : _Base(__n, __a)
>         -:  285:      { _M_default_initialize(__n); }
>         -:  286:
>         -:  287:      /**
>         -:  288:       *  @brief  Creates a %vector with copies of an exemplar element.
>         -:  289:       *  @param  __n  The number of elements to initially create.
>         -:  290:       *  @param  __value  An element to copy.
>         -:  291:       *  @param  __a  An allocator.
>         -:  292:       *
>         -:  293:       *  This constructor fills the %vector with @a __n copies of @a __value.
>         -:  294:       */
>         -:  295:      vector(size_type __n, const value_type& __value,
>         -:  296:	     const allocator_type& __a = allocator_type())
>         -:  297:      : _Base(__n, __a)
>         -:  298:      { _M_fill_initialize(__n, __value); }
>         -:  299:#else
>         -:  300:      /**
>         -:  301:       *  @brief  Creates a %vector with copies of an exemplar element.
>         -:  302:       *  @param  __n  The number of elements to initially create.
>         -:  303:       *  @param  __value  An element to copy.
>         -:  304:       *  @param  __a  An allocator.
>         -:  305:       *
>         -:  306:       *  This constructor fills the %vector with @a __n copies of @a __value.
>         -:  307:       */
>         -:  308:      explicit
>         -:  309:      vector(size_type __n, const value_type& __value = value_type(),
>         -:  310:	     const allocator_type& __a = allocator_type())
>         -:  311:      : _Base(__n, __a)
>         -:  312:      { _M_fill_initialize(__n, __value); }
>         -:  313:#endif
>         -:  314:
>         -:  315:      /**
>         -:  316:       *  @brief  %Vector copy constructor.
>         -:  317:       *  @param  __x  A %vector of identical element and allocator types.
>         -:  318:       *
>         -:  319:       *  All the elements of @a __x are copied, but any unused capacity in
>         -:  320:       *  @a __x  will not be copied
>         -:  321:       *  (i.e. capacity() == size() in the new %vector).
>         -:  322:       *
>         -:  323:       *  The newly-created %vector uses a copy of the allocator object used
>         -:  324:       *  by @a __x (unless the allocator traits dictate a different object).
>         -:  325:       */
>     #####:  326:      vector(const vector& __x)
>         -:  327:      : _Base(__x.size(),
>     #####:  328:	_Alloc_traits::_S_select_on_copy(__x._M_get_Tp_allocator()))
>         -:  329:      {
>     #####:  330:	this->_M_impl._M_finish =
>     #####:  331:	  std::__uninitialized_copy_a(__x.begin(), __x.end(),
>         -:  332:				      this->_M_impl._M_start,
>     #####:  333:				      _M_get_Tp_allocator());
>     #####:  334:      }
>         -:  335:
>         -:  336:#if __cplusplus >= 201103L
>         -:  337:      /**
>         -:  338:       *  @brief  %Vector move constructor.
>         -:  339:       *  @param  __x  A %vector of identical element and allocator types.
>         -:  340:       *
>         -:  341:       *  The newly-created %vector contains the exact contents of @a __x.
>         -:  342:       *  The contents of @a __x are a valid, but unspecified %vector.
>         -:  343:       */
>         -:  344:      vector(vector&& __x) noexcept
>         -:  345:      : _Base(std::move(__x)) { }
>         -:  346:
>         -:  347:      /// Copy constructor with alternative allocator
>         -:  348:      vector(const vector& __x, const allocator_type& __a)
>         -:  349:      : _Base(__x.size(), __a)
>         -:  350:      {
>         -:  351:	this->_M_impl._M_finish =
>         -:  352:	  std::__uninitialized_copy_a(__x.begin(), __x.end(),
>         -:  353:				      this->_M_impl._M_start,
>         -:  354:				      _M_get_Tp_allocator());
>         -:  355:      }
>         -:  356:
>         -:  357:      /// Move constructor with alternative allocator
>         -:  358:      vector(vector&& __rv, const allocator_type& __m)
>         -:  359:      noexcept(_Alloc_traits::_S_always_equal())
>         -:  360:      : _Base(std::move(__rv), __m)
>         -:  361:      {
>         -:  362:	if (__rv.get_allocator() != __m)
>         -:  363:	  {
>         -:  364:	    this->_M_impl._M_finish =
>         -:  365:	      std::__uninitialized_move_a(__rv.begin(), __rv.end(),
>         -:  366:					  this->_M_impl._M_start,
>         -:  367:					  _M_get_Tp_allocator());
>         -:  368:	    __rv.clear();
>         -:  369:	  }
>         -:  370:      }
>         -:  371:
>         -:  372:      /**
>         -:  373:       *  @brief  Builds a %vector from an initializer list.
>         -:  374:       *  @param  __l  An initializer_list.
>         -:  375:       *  @param  __a  An allocator.
>         -:  376:       *
>         -:  377:       *  Create a %vector consisting of copies of the elements in the
>         -:  378:       *  initializer_list @a __l.
>         -:  379:       *
>         -:  380:       *  This will call the element type's copy constructor N times
>         -:  381:       *  (where N is @a __l.size()) and do no memory reallocation.
>         -:  382:       */
>         -:  383:      vector(initializer_list<value_type> __l,
>         -:  384:	     const allocator_type& __a = allocator_type())
>         -:  385:      : _Base(__a)
>         -:  386:      {
>         -:  387:	_M_range_initialize(__l.begin(), __l.end(),
>         -:  388:			    random_access_iterator_tag());
>         -:  389:      }
>         -:  390:#endif
>         -:  391:
>         -:  392:      /**
>         -:  393:       *  @brief  Builds a %vector from a range.
>         -:  394:       *  @param  __first  An input iterator.
>         -:  395:       *  @param  __last  An input iterator.
>         -:  396:       *  @param  __a  An allocator.
>         -:  397:       *
>         -:  398:       *  Create a %vector consisting of copies of the elements from
>         -:  399:       *  [first,last).
>         -:  400:       *
>         -:  401:       *  If the iterators are forward, bidirectional, or
>         -:  402:       *  random-access, then this will call the elements' copy
>         -:  403:       *  constructor N times (where N is distance(first,last)) and do
>         -:  404:       *  no memory reallocation.  But if only input iterators are
>         -:  405:       *  used, then this will do at most 2N calls to the copy
>         -:  406:       *  constructor, and logN memory reallocations.
>         -:  407:       */
>         -:  408:#if __cplusplus >= 201103L
>         -:  409:      template<typename _InputIterator,
>         -:  410:	       typename = std::_RequireInputIter<_InputIterator>>
>         -:  411:	vector(_InputIterator __first, _InputIterator __last,
>         -:  412:	       const allocator_type& __a = allocator_type())
>         -:  413:	: _Base(__a)
>         -:  414:	{ _M_initialize_dispatch(__first, __last, __false_type()); }
>         -:  415:#else
>         -:  416:      template<typename _InputIterator>
>         -:  417:	vector(_InputIterator __first, _InputIterator __last,
>         -:  418:	       const allocator_type& __a = allocator_type())
>         -:  419:	: _Base(__a)
>         -:  420:	{
>         -:  421:	  // Check whether it's an integral type.  If so, it's not an iterator.
>         -:  422:	  typedef typename std::__is_integer<_InputIterator>::__type _Integral;
>         -:  423:	  _M_initialize_dispatch(__first, __last, _Integral());
>         -:  424:	}
>         -:  425:#endif
>         -:  426:
>         -:  427:      /**
>         -:  428:       *  The dtor only erases the elements, and note that if the
>         -:  429:       *  elements themselves are pointers, the pointed-to memory is
>         -:  430:       *  not touched in any way.  Managing the pointer is the user's
>         -:  431:       *  responsibility.
>         -:  432:       */
>     #####:  433:      ~vector() _GLIBCXX_NOEXCEPT
>     #####:  434:      { std::_Destroy(this->_M_impl._M_start, this->_M_impl._M_finish,
>     #####:  435:		      _M_get_Tp_allocator()); }
>         -:  436:
>         -:  437:      /**
>         -:  438:       *  @brief  %Vector assignment operator.
>         -:  439:       *  @param  __x  A %vector of identical element and allocator types.
>         -:  440:       *
>         -:  441:       *  All the elements of @a __x are copied, but any unused capacity in
>         -:  442:       *  @a __x will not be copied.
>         -:  443:       *
>         -:  444:       *  Whether the allocator is copied depends on the allocator traits.
>         -:  445:       */
>         -:  446:      vector&
>         -:  447:      operator=(const vector& __x);
>         -:  448:
>         -:  449:#if __cplusplus >= 201103L
>         -:  450:      /**
>         -:  451:       *  @brief  %Vector move assignment operator.
>         -:  452:       *  @param  __x  A %vector of identical element and allocator types.
>         -:  453:       *
>         -:  454:       *  The contents of @a __x are moved into this %vector (without copying,
>         -:  455:       *  if the allocators permit it).
>         -:  456:       *  Afterwards @a __x is a valid, but unspecified %vector.
>         -:  457:       *
>         -:  458:       *  Whether the allocator is moved depends on the allocator traits.
>         -:  459:       */
>         -:  460:      vector&
>         -:  461:      operator=(vector&& __x) noexcept(_Alloc_traits::_S_nothrow_move())
>         -:  462:      {
>         -:  463:	constexpr bool __move_storage =
>         -:  464:	  _Alloc_traits::_S_propagate_on_move_assign()
>         -:  465:	  || _Alloc_traits::_S_always_equal();
>         -:  466:	_M_move_assign(std::move(__x), __bool_constant<__move_storage>());
>         -:  467:	return *this;
>         -:  468:      }
>         -:  469:
>         -:  470:      /**
>         -:  471:       *  @brief  %Vector list assignment operator.
>         -:  472:       *  @param  __l  An initializer_list.
>         -:  473:       *
>         -:  474:       *  This function fills a %vector with copies of the elements in the
>         -:  475:       *  initializer list @a __l.
>         -:  476:       *
>         -:  477:       *  Note that the assignment completely changes the %vector and
>         -:  478:       *  that the resulting %vector's size is the same as the number
>         -:  479:       *  of elements assigned.
>         -:  480:       */
>         -:  481:      vector&
>         -:  482:      operator=(initializer_list<value_type> __l)
>         -:  483:      {
>         -:  484:	this->_M_assign_aux(__l.begin(), __l.end(),
>         -:  485:			    random_access_iterator_tag());
>         -:  486:	return *this;
935,949c490,504
<         -:  488:
<         -:  489:      /// Move constructor with alternative allocator
<         -:  490:      vector(vector&& __rv, const allocator_type& __m)
<         -:  491:      noexcept(_Alloc_traits::_S_always_equal())
<         -:  492:      : _Base(std::move(__rv), __m)
<         -:  493:      {
<         -:  494:	if (__rv.get_allocator() != __m)
<         -:  495:	  {
<         -:  496:	    this->_M_impl._M_finish =
<         -:  497:	      std::__uninitialized_move_a(__rv.begin(), __rv.end(),
<         -:  498:					  this->_M_impl._M_start,
<         -:  499:					  _M_get_Tp_allocator());
<         -:  500:	    __rv.clear();
<         -:  501:	  }
<         -:  502:      }
---
>         -:  488:#endif
>         -:  489:
>         -:  490:      /**
>         -:  491:       *  @brief  Assigns a given value to a %vector.
>         -:  492:       *  @param  __n  Number of elements to be assigned.
>         -:  493:       *  @param  __val  Value to be assigned.
>         -:  494:       *
>         -:  495:       *  This function fills a %vector with @a __n copies of the given
>         -:  496:       *  value.  Note that the assignment completely changes the
>         -:  497:       *  %vector and that the resulting %vector's size is the same as
>         -:  498:       *  the number of elements assigned.
>         -:  499:       */
>         -:  500:      void
>         -:  501:      assign(size_type __n, const value_type& __val)
>         -:  502:      { _M_fill_assign(__n, __val); }
952,954c507,509
<         -:  505:       *  @brief  Builds a %vector from an initializer list.
<         -:  506:       *  @param  __l  An initializer_list.
<         -:  507:       *  @param  __a  An allocator.
---
>         -:  505:       *  @brief  Assigns a range to a %vector.
>         -:  506:       *  @param  __first  An input iterator.
>         -:  507:       *  @param  __last   An input iterator.
956,957c511,512
<         -:  509:       *  Create a %vector consisting of copies of the elements in the
<         -:  510:       *  initializer_list @a __l.
---
>         -:  509:       *  This function fills a %vector with copies of the elements in the
>         -:  510:       *  range [__first,__last).
959,1102c514,584
<         -:  512:       *  This will call the element type's copy constructor N times
<         -:  513:       *  (where N is @a __l.size()) and do no memory reallocation.
<         -:  514:       */
<         -:  515:      vector(initializer_list<value_type> __l,
<         -:  516:	     const allocator_type& __a = allocator_type())
<         -:  517:      : _Base(__a)
<         -:  518:      {
<         -:  519:	_M_range_initialize(__l.begin(), __l.end(),
<         -:  520:			    random_access_iterator_tag());
<         -:  521:      }
<         -:  522:#endif
<         -:  523:
<         -:  524:      /**
<         -:  525:       *  @brief  Builds a %vector from a range.
<         -:  526:       *  @param  __first  An input iterator.
<         -:  527:       *  @param  __last  An input iterator.
<         -:  528:       *  @param  __a  An allocator.
<         -:  529:       *
<         -:  530:       *  Create a %vector consisting of copies of the elements from
<         -:  531:       *  [first,last).
<         -:  532:       *
<         -:  533:       *  If the iterators are forward, bidirectional, or
<         -:  534:       *  random-access, then this will call the elements' copy
<         -:  535:       *  constructor N times (where N is distance(first,last)) and do
<         -:  536:       *  no memory reallocation.  But if only input iterators are
<         -:  537:       *  used, then this will do at most 2N calls to the copy
<         -:  538:       *  constructor, and logN memory reallocations.
<         -:  539:       */
<         -:  540:#if __cplusplus >= 201103L
<         -:  541:      template<typename _InputIterator,
<         -:  542:	       typename = std::_RequireInputIter<_InputIterator>>
<         -:  543:	vector(_InputIterator __first, _InputIterator __last,
<         -:  544:	       const allocator_type& __a = allocator_type())
<         -:  545:	: _Base(__a)
<         -:  546:	{ _M_initialize_dispatch(__first, __last, __false_type()); }
<         -:  547:#else
<         -:  548:      template<typename _InputIterator>
<         -:  549:	vector(_InputIterator __first, _InputIterator __last,
<         -:  550:	       const allocator_type& __a = allocator_type())
<         -:  551:	: _Base(__a)
<         -:  552:	{
<         -:  553:	  // Check whether it's an integral type.  If so, it's not an iterator.
<         -:  554:	  typedef typename std::__is_integer<_InputIterator>::__type _Integral;
<         -:  555:	  _M_initialize_dispatch(__first, __last, _Integral());
<         -:  556:	}
<         -:  557:#endif
<         -:  558:
<         -:  559:      /**
<         -:  560:       *  The dtor only erases the elements, and note that if the
<         -:  561:       *  elements themselves are pointers, the pointed-to memory is
<         -:  562:       *  not touched in any way.  Managing the pointer is the user's
<         -:  563:       *  responsibility.
<         -:  564:       */
<      390*:  565:      ~vector() _GLIBCXX_NOEXCEPT
<         -:  566:      {
<      390*:  567:	std::_Destroy(this->_M_impl._M_start, this->_M_impl._M_finish,
<      390*:  568:		      _M_get_Tp_allocator());
<         -:  569:	_GLIBCXX_ASAN_ANNOTATE_BEFORE_DEALLOC;
<      390*:  570:      }
< ------------------
< _ZNSt6vectorISt4pairIN7OpenDDS4DCPS12WeakRcHandleINS2_15TransportClientEEENS2_6GUID_tEESaIS7_EED2Ev:
<         6:  565:      ~vector() _GLIBCXX_NOEXCEPT
<         -:  566:      {
<         6:  567:	std::_Destroy(this->_M_impl._M_start, this->_M_impl._M_finish,
<         6:  568:		      _M_get_Tp_allocator());
<         -:  569:	_GLIBCXX_ASAN_ANNOTATE_BEFORE_DEALLOC;
<         6:  570:      }
< ------------------
< _ZNSt6vectorIN7OpenDDS4DCPS12HostnameInfoESaIS2_EED2Ev:
<         3:  565:      ~vector() _GLIBCXX_NOEXCEPT
<         -:  566:      {
<         3:  567:	std::_Destroy(this->_M_impl._M_start, this->_M_impl._M_finish,
<         3:  568:		      _M_get_Tp_allocator());
<         -:  569:	_GLIBCXX_ASAN_ANNOTATE_BEFORE_DEALLOC;
<         3:  570:      }
< ------------------
< _ZNSt6vectorIN7OpenDDS4DCPS12WeakRcHandleINS1_24TransportReceiveListenerEEESaIS4_EED2Ev:
<        42:  565:      ~vector() _GLIBCXX_NOEXCEPT
<         -:  566:      {
<        42:  567:	std::_Destroy(this->_M_impl._M_start, this->_M_impl._M_finish,
<        42:  568:		      _M_get_Tp_allocator());
<         -:  569:	_GLIBCXX_ASAN_ANNOTATE_BEFORE_DEALLOC;
<        42:  570:      }
< ------------------
< _ZNSt6vectorIPN7OpenDDS4DCPS13TransportImplESaIS3_EED2Ev:
<        32:  565:      ~vector() _GLIBCXX_NOEXCEPT
<         -:  566:      {
<        32:  567:	std::_Destroy(this->_M_impl._M_start, this->_M_impl._M_finish,
<        32:  568:		      _M_get_Tp_allocator());
<         -:  569:	_GLIBCXX_ASAN_ANNOTATE_BEFORE_DEALLOC;
<        32:  570:      }
< ------------------
< _ZNSt6vectorIN7OpenDDS4DCPS8RcHandleINS1_13TransportInstEEESaIS4_EED2Ev:
<       208:  565:      ~vector() _GLIBCXX_NOEXCEPT
<         -:  566:      {
<       208:  567:	std::_Destroy(this->_M_impl._M_start, this->_M_impl._M_finish,
<       208:  568:		      _M_get_Tp_allocator());
<         -:  569:	_GLIBCXX_ASAN_ANNOTATE_BEFORE_DEALLOC;
<       208:  570:      }
< ------------------
< _ZNSt6vectorINSt7__cxx1112basic_stringIcSt11char_traitsIcESaIcEEESaIS5_EED2Ev:
<     #####:  565:      ~vector() _GLIBCXX_NOEXCEPT
<         -:  566:      {
<     #####:  567:	std::_Destroy(this->_M_impl._M_start, this->_M_impl._M_finish,
<     #####:  568:		      _M_get_Tp_allocator());
<         -:  569:	_GLIBCXX_ASAN_ANNOTATE_BEFORE_DEALLOC;
<     #####:  570:      }
< ------------------
< _ZNSt6vectorISt4pairIN7OpenDDS4DCPS8RcHandleINS2_15TransportConfigEEES_INSt7__cxx1112basic_stringIcSt11char_traitsIcESaIcEEESaISB_EEESaISE_EED2Ev:
<     #####:  565:      ~vector() _GLIBCXX_NOEXCEPT
<         -:  566:      {
<     #####:  567:	std::_Destroy(this->_M_impl._M_start, this->_M_impl._M_finish,
<     #####:  568:		      _M_get_Tp_allocator());
<         -:  569:	_GLIBCXX_ASAN_ANNOTATE_BEFORE_DEALLOC;
<     #####:  570:      }
< ------------------
< _ZNSt6vectorISt4pairIN7OpenDDS4DCPS14SequenceNumberES3_ESaIS4_EED2Ev:
<     #####:  565:      ~vector() _GLIBCXX_NOEXCEPT
<         -:  566:      {
<     #####:  567:	std::_Destroy(this->_M_impl._M_start, this->_M_impl._M_finish,
<     #####:  568:		      _M_get_Tp_allocator());
<         -:  569:	_GLIBCXX_ASAN_ANNOTATE_BEFORE_DEALLOC;
<     #####:  570:      }
< ------------------
< _ZNSt6vectorISt4pairIPN7OpenDDS4DCPS21TransportQueueElementENS2_21TransportSendStrategy8SendModeEESaIS7_EED2Ev:
<        99:  565:      ~vector() _GLIBCXX_NOEXCEPT
<         -:  566:      {
<        99:  567:	std::_Destroy(this->_M_impl._M_start, this->_M_impl._M_finish,
<        99:  568:		      _M_get_Tp_allocator());
<         -:  569:	_GLIBCXX_ASAN_ANNOTATE_BEFORE_DEALLOC;
<        99:  570:      }
< ------------------
<         -:  571:
<         -:  572:      /**
<         -:  573:       *  @brief  %Vector assignment operator.
<         -:  574:       *  @param  __x  A %vector of identical element and allocator types.
<         -:  575:       *
<         -:  576:       *  All the elements of @a __x are copied, but any unused capacity in
<         -:  577:       *  @a __x will not be copied.
<         -:  578:       *
<         -:  579:       *  Whether the allocator is copied depends on the allocator traits.
<         -:  580:       */
<         -:  581:      vector&
<         -:  582:      operator=(const vector& __x);
---
>         -:  512:       *  Note that the assignment completely changes the %vector and
>         -:  513:       *  that the resulting %vector's size is the same as the number
>         -:  514:       *  of elements assigned.
>         -:  515:       */
>         -:  516:#if __cplusplus >= 201103L
>         -:  517:      template<typename _InputIterator,
>         -:  518:	       typename = std::_RequireInputIter<_InputIterator>>
>         -:  519:	void
>         -:  520:	assign(_InputIterator __first, _InputIterator __last)
>         -:  521:	{ _M_assign_dispatch(__first, __last, __false_type()); }
>         -:  522:#else
>         -:  523:      template<typename _InputIterator>
>         -:  524:	void
>         -:  525:	assign(_InputIterator __first, _InputIterator __last)
>         -:  526:	{
>         -:  527:	  // Check whether it's an integral type.  If so, it's not an iterator.
>         -:  528:	  typedef typename std::__is_integer<_InputIterator>::__type _Integral;
>         -:  529:	  _M_assign_dispatch(__first, __last, _Integral());
>         -:  530:	}
>         -:  531:#endif
>         -:  532:
>         -:  533:#if __cplusplus >= 201103L
>         -:  534:      /**
>         -:  535:       *  @brief  Assigns an initializer list to a %vector.
>         -:  536:       *  @param  __l  An initializer_list.
>         -:  537:       *
>         -:  538:       *  This function fills a %vector with copies of the elements in the
>         -:  539:       *  initializer list @a __l.
>         -:  540:       *
>         -:  541:       *  Note that the assignment completely changes the %vector and
>         -:  542:       *  that the resulting %vector's size is the same as the number
>         -:  543:       *  of elements assigned.
>         -:  544:       */
>         -:  545:      void
>         -:  546:      assign(initializer_list<value_type> __l)
>         -:  547:      {
>         -:  548:	this->_M_assign_aux(__l.begin(), __l.end(),
>         -:  549:			    random_access_iterator_tag());
>         -:  550:      }
>         -:  551:#endif
>         -:  552:
>         -:  553:      /// Get a copy of the memory allocation object.
>         -:  554:      using _Base::get_allocator;
>         -:  555:
>         -:  556:      // iterators
>         -:  557:      /**
>         -:  558:       *  Returns a read/write iterator that points to the first
>         -:  559:       *  element in the %vector.  Iteration is done in ordinary
>         -:  560:       *  element order.
>         -:  561:       */
>         -:  562:      iterator
>     #####:  563:      begin() _GLIBCXX_NOEXCEPT
>     #####:  564:      { return iterator(this->_M_impl._M_start); }
>         -:  565:
>         -:  566:      /**
>         -:  567:       *  Returns a read-only (constant) iterator that points to the
>         -:  568:       *  first element in the %vector.  Iteration is done in ordinary
>         -:  569:       *  element order.
>         -:  570:       */
>         -:  571:      const_iterator
>     #####:  572:      begin() const _GLIBCXX_NOEXCEPT
>     #####:  573:      { return const_iterator(this->_M_impl._M_start); }
>         -:  574:
>         -:  575:      /**
[...]
<         -: 1622:
<         -: 1623:      // Either move-construct at the end, or forward to _M_insert_aux.
<         -: 1624:      iterator
<         -: 1625:      _M_insert_rval(const_iterator __position, value_type&& __v);
<         -: 1626:
<         -: 1627:      // Try to emplace at the end, otherwise forward to _M_insert_aux.
<         -: 1628:      template<typename... _Args>
<         -: 1629:	iterator
<         -: 1630:	_M_emplace_aux(const_iterator __position, _Args&&... __args);
<         -: 1631:
<         -: 1632:      // Emplacing an rvalue of the correct type can use _M_insert_rval.
<         -: 1633:      iterator
<         -: 1634:      _M_emplace_aux(const_iterator __position, value_type&& __v)
<         -: 1635:      { return _M_insert_rval(__position, std::move(__v)); }
<         -: 1636:#endif
<         -: 1637:
<         -: 1638:      // Called by _M_fill_insert, _M_insert_aux etc.
<         -: 1639:      size_type
<      166*: 1640:      _M_check_len(size_type __n, const char* __s) const
<         -: 1641:      {
<      166*: 1642:	if (max_size() - size() < __n)
<     #####: 1643:	  __throw_length_error(__N(__s));
<         -: 1644:
<      166*: 1645:	const size_type __len = size() + std::max(size(), __n);
<      166*: 1646:	return (__len < size() || __len > max_size()) ? max_size() : __len;
<         -: 1647:      }
< ------------------
< _ZNKSt6vectorISt4pairIN7OpenDDS4DCPS12WeakRcHandleINS2_15TransportClientEEENS2_6GUID_tEESaIS7_EE12_M_check_lenEmPKc:
<         2: 1640:      _M_check_len(size_type __n, const char* __s) const
<         -: 1641:      {
<         2: 1642:	if (max_size() - size() < __n)
<     #####: 1643:	  __throw_length_error(__N(__s));
<         -: 1644:
<         2: 1645:	const size_type __len = size() + std::max(size(), __n);
<        2*: 1646:	return (__len < size() || __len > max_size()) ? max_size() : __len;
<         -: 1647:      }
< ------------------
< _ZNKSt6vectorI13ACE_INET_AddrSaIS0_EE12_M_check_lenEmPKc:
<     #####: 1640:      _M_check_len(size_type __n, const char* __s) const
<         -: 1641:      {
<     #####: 1642:	if (max_size() - size() < __n)
<     #####: 1643:	  __throw_length_error(__N(__s));
<         -: 1644:
<     #####: 1645:	const size_type __len = size() + std::max(size(), __n);
<     #####: 1646:	return (__len < size() || __len > max_size()) ? max_size() : __len;
<         -: 1647:      }
< ------------------
< _ZNKSt6vectorIN7OpenDDS4DCPS12HostnameInfoESaIS2_EE12_M_check_lenEmPKc:
<         6: 1640:      _M_check_len(size_type __n, const char* __s) const
<         -: 1641:      {
<         6: 1642:	if (max_size() - size() < __n)
<     #####: 1643:	  __throw_length_error(__N(__s));
<         -: 1644:
<         6: 1645:	const size_type __len = size() + std::max(size(), __n);
<        6*: 1646:	return (__len < size() || __len > max_size()) ? max_size() : __len;
<         -: 1647:      }
< ------------------
< _ZNKSt6vectorIN7OpenDDS4DCPS12WeakRcHandleINS1_24TransportReceiveListenerEEESaIS4_EE12_M_check_lenEmPKc:
<        42: 1640:      _M_check_len(size_type __n, const char* __s) const
<         -: 1641:      {
<        42: 1642:	if (max_size() - size() < __n)
<     #####: 1643:	  __throw_length_error(__N(__s));
<         -: 1644:
<        42: 1645:	const size_type __len = size() + std::max(size(), __n);
<       42*: 1646:	return (__len < size() || __len > max_size()) ? max_size() : __len;
<         -: 1647:      }
< ------------------
< _ZNKSt6vectorIPN7OpenDDS4DCPS13TransportImplESaIS3_EE12_M_check_lenEmPKc:
<        23: 1640:      _M_check_len(size_type __n, const char* __s) const
<         -: 1641:      {
<        23: 1642:	if (max_size() - size() < __n)
<     #####: 1643:	  __throw_length_error(__N(__s));
<         -: 1644:
<        23: 1645:	const size_type __len = size() + std::max(size(), __n);
<       23*: 1646:	return (__len < size() || __len > max_size()) ? max_size() : __len;
<         -: 1647:      }
< ------------------
< _ZNKSt6vectorIN7OpenDDS4DCPS8RcHandleINS1_13TransportInstEEESaIS4_EE12_M_check_lenEmPKc:
<     #####: 1640:      _M_check_len(size_type __n, const char* __s) const
<         -: 1641:      {
<     #####: 1642:	if (max_size() - size() < __n)
<     #####: 1643:	  __throw_length_error(__N(__s));
<         -: 1644:
<     #####: 1645:	const size_type __len = size() + std::max(size(), __n);
<     #####: 1646:	return (__len < size() || __len > max_size()) ? max_size() : __len;
<         -: 1647:      }
< ------------------
< _ZNKSt6vectorIN7OpenDDS4DCPS8RcHandleINS1_13TransportInstEEESaIS4_EE12_M_check_lenEmPKc:
<        89: 1640:      _M_check_len(size_type __n, const char* __s) const
<         -: 1641:      {
<        89: 1642:	if (max_size() - size() < __n)
<     #####: 1643:	  __throw_length_error(__N(__s));
<         -: 1644:
<        89: 1645:	const size_type __len = size() + std::max(size(), __n);
<       89*: 1646:	return (__len < size() || __len > max_size()) ? max_size() : __len;
<         -: 1647:      }
< ------------------
< _ZNKSt6vectorISt4pairIN7OpenDDS4DCPS8RcHandleINS2_15TransportConfigEEES_INSt7__cxx1112basic_stringIcSt11char_traitsIcESaIcEEESaISB_EEESaISE_EE12_M_check_lenEmPKc:
<     #####: 1640:      _M_check_len(size_type __n, const char* __s) const
<         -: 1641:      {
<     #####: 1642:	if (max_size() - size() < __n)
<     #####: 1643:	  __throw_length_error(__N(__s));
<         -: 1644:
<     #####: 1645:	const size_type __len = size() + std::max(size(), __n);
<     #####: 1646:	return (__len < size() || __len > max_size()) ? max_size() : __len;
<         -: 1647:      }
< ------------------
< _ZNKSt6vectorINSt7__cxx1112basic_stringIcSt11char_traitsIcESaIcEEESaIS5_EE12_M_check_lenEmPKc:
<     #####: 1640:      _M_check_len(size_type __n, const char* __s) const
<         -: 1641:      {
<     #####: 1642:	if (max_size() - size() < __n)
<     #####: 1643:	  __throw_length_error(__N(__s));
<         -: 1644:
<     #####: 1645:	const size_type __len = size() + std::max(size(), __n);
<     #####: 1646:	return (__len < size() || __len > max_size()) ? max_size() : __len;
<         -: 1647:      }
< ------------------
< _ZNKSt6vectorISt4pairIPN7OpenDDS4DCPS21TransportQueueElementENS2_21TransportSendStrategy8SendModeEESaIS7_EE12_M_check_lenEmPKc:
<         4: 1640:      _M_check_len(size_type __n, const char* __s) const
<         -: 1641:      {
<         4: 1642:	if (max_size() - size() < __n)
<     #####: 1643:	  __throw_length_error(__N(__s));
<         -: 1644:
<         4: 1645:	const size_type __len = size() + std::max(size(), __n);
<        4*: 1646:	return (__len < size() || __len > max_size()) ? max_size() : __len;
<         -: 1647:      }
< ------------------
<         -: 1648:
<         -: 1649:      // Internal erase functions follow.
<         -: 1650:
<         -: 1651:      // Called by erase(q1,q2), clear(), resize(), _M_fill_assign,
<         -: 1652:      // _M_assign_aux.
<         -: 1653:      void
<       65*: 1654:      _M_erase_at_end(pointer __pos) _GLIBCXX_NOEXCEPT
<         -: 1655:      {
<       65*: 1656:	if (size_type __n = this->_M_impl._M_finish - __pos)
<         -: 1657:	  {
<       41*: 1658:	    std::_Destroy(__pos, this->_M_impl._M_finish,
<       41*: 1659:			  _M_get_Tp_allocator());
<       41*: 1660:	    this->_M_impl._M_finish = __pos;
<         -: 1661:	    _GLIBCXX_ASAN_ANNOTATE_SHRINK(__n);
<         -: 1662:	  }
<       65*: 1663:      }
< ------------------
< _ZNSt6vectorISt4pairIN7OpenDDS4DCPS12WeakRcHandleINS2_15TransportClientEEENS2_6GUID_tEESaIS7_EE15_M_erase_at_endEPS7_:
<     #####: 1654:      _M_erase_at_end(pointer __pos) _GLIBCXX_NOEXCEPT
<         -: 1655:      {
<     #####: 1656:	if (size_type __n = this->_M_impl._M_finish - __pos)
<         -: 1657:	  {
<     #####: 1658:	    std::_Destroy(__pos, this->_M_impl._M_finish,
<     #####: 1659:			  _M_get_Tp_allocator());
<     #####: 1660:	    this->_M_impl._M_finish = __pos;
<         -: 1661:	    _GLIBCXX_ASAN_ANNOTATE_SHRINK(__n);
<         -: 1662:	  }
<     #####: 1663:      }
< ------------------
< _ZNSt6vectorISt4pairIPN7OpenDDS4DCPS21TransportQueueElementENS2_21TransportSendStrategy8SendModeEESaIS7_EE15_M_erase_at_endEPS7_:
<     #####: 1654:      _M_erase_at_end(pointer __pos) _GLIBCXX_NOEXCEPT
<         -: 1655:      {
<     #####: 1656:	if (size_type __n = this->_M_impl._M_finish - __pos)
<         -: 1657:	  {
<     #####: 1658:	    std::_Destroy(__pos, this->_M_impl._M_finish,
<     #####: 1659:			  _M_get_Tp_allocator());
<     #####: 1660:	    this->_M_impl._M_finish = __pos;
<         -: 1661:	    _GLIBCXX_ASAN_ANNOTATE_SHRINK(__n);
<         -: 1662:	  }
<     #####: 1663:      }
< ------------------
< _ZNSt6vectorIPN7OpenDDS4DCPS13TransportImplESaIS3_EE15_M_erase_at_endEPS3_:
<        18: 1654:      _M_erase_at_end(pointer __pos) _GLIBCXX_NOEXCEPT
<         -: 1655:      {
<        18: 1656:	if (size_type __n = this->_M_impl._M_finish - __pos)
<         -: 1657:	  {
<     #####: 1658:	    std::_Destroy(__pos, this->_M_impl._M_finish,
<     #####: 1659:			  _M_get_Tp_allocator());
<     #####: 1660:	    this->_M_impl._M_finish = __pos;
<         -: 1661:	    _GLIBCXX_ASAN_ANNOTATE_SHRINK(__n);
<         -: 1662:	  }
<        18: 1663:      }
< ------------------
< _ZNSt6vectorISt4pairIPN7OpenDDS4DCPS21TransportQueueElementENS2_21TransportSendStrategy8SendModeEESaIS7_EE15_M_erase_at_endEPS7_:
<        47: 1654:      _M_erase_at_end(pointer __pos) _GLIBCXX_NOEXCEPT
<         -: 1655:      {
<        47: 1656:	if (size_type __n = this->_M_impl._M_finish - __pos)
<         -: 1657:	  {
<        41: 1658:	    std::_Destroy(__pos, this->_M_impl._M_finish,
<        41: 1659:			  _M_get_Tp_allocator());
<        41: 1660:	    this->_M_impl._M_finish = __pos;
<         -: 1661:	    _GLIBCXX_ASAN_ANNOTATE_SHRINK(__n);
<         -: 1662:	  }
<        47: 1663:      }
< ------------------
<         -: 1664:
<         -: 1665:      iterator
<         -: 1666:      _M_erase(iterator __position);
<         -: 1667:
<         -: 1668:      iterator
<         -: 1669:      _M_erase(iterator __first, iterator __last);
<         -: 1670:
<         -: 1671:#if __cplusplus >= 201103L
<         -: 1672:    private:
<         -: 1673:      // Constant-time move assignment when source object's memory can be
<         -: 1674:      // moved, either because the source's allocator will move too
<         -: 1675:      // or because the allocators are equal.
<         -: 1676:      void
<         -: 1677:      _M_move_assign(vector&& __x, std::true_type) noexcept
<         -: 1678:      {
<         -: 1679:	vector __tmp(get_allocator());
<         -: 1680:	this->_M_impl._M_swap_data(__tmp._M_impl);
<         -: 1681:	this->_M_impl._M_swap_data(__x._M_impl);
<         -: 1682:	std::__alloc_on_move(_M_get_Tp_allocator(), __x._M_get_Tp_allocator());
<         -: 1683:      }
<         -: 1684:
<         -: 1685:      // Do move assignment when it might not be possible to move source
<         -: 1686:      // object's memory, resulting in a linear-time operation.
<         -: 1687:      void
<         -: 1688:      _M_move_assign(vector&& __x, std::false_type)
<         -: 1689:      {
<         -: 1690:	if (__x._M_get_Tp_allocator() == this->_M_get_Tp_allocator())
<         -: 1691:	  _M_move_assign(std::move(__x), std::true_type());
<         -: 1692:	else
<         -: 1693:	  {
<         -: 1694:	    // The rvalue's allocator cannot be moved and is not equal,
<         -: 1695:	    // so we need to individually move each element.
<         -: 1696:	    this->assign(std::__make_move_if_noexcept_iterator(__x.begin()),
<         -: 1697:			 std::__make_move_if_noexcept_iterator(__x.end()));
<         -: 1698:	    __x.clear();
<         -: 1699:	  }
<         -: 1700:      }
<         -: 1701:#endif
<         -: 1702:
<         -: 1703:      template<typename _Up>
<         -: 1704:	_Up*
<         -: 1705:	_M_data_ptr(_Up* __ptr) const _GLIBCXX_NOEXCEPT
<         -: 1706:	{ return __ptr; }
<         -: 1707:
<         -: 1708:#if __cplusplus >= 201103L
<         -: 1709:      template<typename _Ptr>
<         -: 1710:	typename std::pointer_traits<_Ptr>::element_type*
<         -: 1711:	_M_data_ptr(_Ptr __ptr) const
<         -: 1712:	{ return empty() ? nullptr : std::__to_address(__ptr); }
<         -: 1713:#else
<         -: 1714:      template<typename _Up>
<         -: 1715:	_Up*
<         -: 1716:	_M_data_ptr(_Up* __ptr) _GLIBCXX_NOEXCEPT
<         -: 1717:	{ return __ptr; }
<         -: 1718:
<         -: 1719:      template<typename _Ptr>
<         -: 1720:	value_type*
<         -: 1721:	_M_data_ptr(_Ptr __ptr)
<         -: 1722:	{ return empty() ? (value_type*)0 : __ptr.operator->(); }
<         -: 1723:
<         -: 1724:      template<typename _Ptr>
<         -: 1725:	const value_type*
<         -: 1726:	_M_data_ptr(_Ptr __ptr) const
<         -: 1727:	{ return empty() ? (const value_type*)0 : __ptr.operator->(); }
<         -: 1728:#endif
<         -: 1729:    };
<         -: 1730:
<         -: 1731:#if __cpp_deduction_guides >= 201606
<         -: 1732:  template<typename _InputIterator, typename _ValT
<         -: 1733:	     = typename iterator_traits<_InputIterator>::value_type,
<         -: 1734:	   typename _Allocator = allocator<_ValT>,
<         -: 1735:	   typename = _RequireInputIter<_InputIterator>,
<         -: 1736:	   typename = _RequireAllocator<_Allocator>>
<         -: 1737:    vector(_InputIterator, _InputIterator, _Allocator = _Allocator())
<         -: 1738:      -> vector<_ValT, _Allocator>;
<         -: 1739:#endif
<         -: 1740:
<         -: 1741:  /**
<         -: 1742:   *  @brief  Vector equality comparison.
<         -: 1743:   *  @param  __x  A %vector.
<         -: 1744:   *  @param  __y  A %vector of the same type as @a __x.
<         -: 1745:   *  @return  True iff the size and elements of the vectors are equal.
<         -: 1746:   *
<         -: 1747:   *  This is an equivalence relation.  It is linear in the size of the
<         -: 1748:   *  vectors.  Vectors are considered equivalent if their sizes are equal,
<         -: 1749:   *  and if corresponding elements compare equal.
<         -: 1750:  */
<         -: 1751:  template<typename _Tp, typename _Alloc>
<         -: 1752:    inline bool
<         -: 1753:    operator==(const vector<_Tp, _Alloc>& __x, const vector<_Tp, _Alloc>& __y)
<         -: 1754:    { return (__x.size() == __y.size()
<         -: 1755:	      && std::equal(__x.begin(), __x.end(), __y.begin())); }
<         -: 1756:
<         -: 1757:  /**
<         -: 1758:   *  @brief  Vector ordering relation.
<         -: 1759:   *  @param  __x  A %vector.
<         -: 1760:   *  @param  __y  A %vector of the same type as @a __x.
<         -: 1761:   *  @return  True iff @a __x is lexicographically less than @a __y.
<         -: 1762:   *
<         -: 1763:   *  This is a total ordering relation.  It is linear in the size of the
<         -: 1764:   *  vectors.  The elements must be comparable with @c <.
<         -: 1765:   *
<         -: 1766:   *  See std::lexicographical_compare() for how the determination is made.
<         -: 1767:  */
<         -: 1768:  template<typename _Tp, typename _Alloc>
<         -: 1769:    inline bool
<         -: 1770:    operator<(const vector<_Tp, _Alloc>& __x, const vector<_Tp, _Alloc>& __y)
<         -: 1771:    { return std::lexicographical_compare(__x.begin(), __x.end(),
<         -: 1772:					  __y.begin(), __y.end()); }
<         -: 1773:
<         -: 1774:  /// Based on operator==
<         -: 1775:  template<typename _Tp, typename _Alloc>
<         -: 1776:    inline bool
<         -: 1777:    operator!=(const vector<_Tp, _Alloc>& __x, const vector<_Tp, _Alloc>& __y)
<         -: 1778:    { return !(__x == __y); }
<         -: 1779:
<         -: 1780:  /// Based on operator<
<         -: 1781:  template<typename _Tp, typename _Alloc>
<         -: 1782:    inline bool
<         -: 1783:    operator>(const vector<_Tp, _Alloc>& __x, const vector<_Tp, _Alloc>& __y)
<         -: 1784:    { return __y < __x; }
<         -: 1785:
<         -: 1786:  /// Based on operator<
<         -: 1787:  template<typename _Tp, typename _Alloc>
<         -: 1788:    inline bool
<         -: 1789:    operator<=(const vector<_Tp, _Alloc>& __x, const vector<_Tp, _Alloc>& __y)
<         -: 1790:    { return !(__y < __x); }
<         -: 1791:
<         -: 1792:  /// Based on operator<
<         -: 1793:  template<typename _Tp, typename _Alloc>
<         -: 1794:    inline bool
<         -: 1795:    operator>=(const vector<_Tp, _Alloc>& __x, const vector<_Tp, _Alloc>& __y)
<         -: 1796:    { return !(__x < __y); }
<         -: 1797:
<         -: 1798:  /// See std::vector::swap().
<         -: 1799:  template<typename _Tp, typename _Alloc>
<         -: 1800:    inline void
<         -: 1801:    swap(vector<_Tp, _Alloc>& __x, vector<_Tp, _Alloc>& __y)
<         -: 1802:    _GLIBCXX_NOEXCEPT_IF(noexcept(__x.swap(__y)))
<         -: 1803:    { __x.swap(__y); }
<         -: 1804:
<         -: 1805:_GLIBCXX_END_NAMESPACE_CONTAINER
<         -: 1806:_GLIBCXX_END_NAMESPACE_VERSION
<         -: 1807:} // namespace std
<         -: 1808:
<         -: 1809:#endif /* _STL_VECTOR_H */
---
>         -: 1605:  /**
>         -: 1606:   *  @brief  Vector ordering relation.
>         -: 1607:   *  @param  __x  A %vector.
>         -: 1608:   *  @param  __y  A %vector of the same type as @a __x.
>         -: 1609:   *  @return  True iff @a __x is lexicographically less than @a __y.
>         -: 1610:   *
>         -: 1611:   *  This is a total ordering relation.  It is linear in the size of the
>         -: 1612:   *  vectors.  The elements must be comparable with @c <.
>         -: 1613:   *
>         -: 1614:   *  See std::lexicographical_compare() for how the determination is made.
>         -: 1615:  */
>         -: 1616:  template<typename _Tp, typename _Alloc>
>         -: 1617:    inline bool
>         -: 1618:    operator<(const vector<_Tp, _Alloc>& __x, const vector<_Tp, _Alloc>& __y)
>         -: 1619:    { return std::lexicographical_compare(__x.begin(), __x.end(),
>         -: 1620:					  __y.begin(), __y.end()); }
>         -: 1621:
>         -: 1622:  /// Based on operator==
>         -: 1623:  template<typename _Tp, typename _Alloc>
>         -: 1624:    inline bool
>         -: 1625:    operator!=(const vector<_Tp, _Alloc>& __x, const vector<_Tp, _Alloc>& __y)
>         -: 1626:    { return !(__x == __y); }
>         -: 1627:
>         -: 1628:  /// Based on operator<
>         -: 1629:  template<typename _Tp, typename _Alloc>
>         -: 1630:    inline bool
>         -: 1631:    operator>(const vector<_Tp, _Alloc>& __x, const vector<_Tp, _Alloc>& __y)
>         -: 1632:    { return __y < __x; }
>         -: 1633:
>         -: 1634:  /// Based on operator<
>         -: 1635:  template<typename _Tp, typename _Alloc>
>         -: 1636:    inline bool
>         -: 1637:    operator<=(const vector<_Tp, _Alloc>& __x, const vector<_Tp, _Alloc>& __y)
>         -: 1638:    { return !(__y < __x); }
>         -: 1639:
>         -: 1640:  /// Based on operator<
>         -: 1641:  template<typename _Tp, typename _Alloc>
>         -: 1642:    inline bool
>         -: 1643:    operator>=(const vector<_Tp, _Alloc>& __x, const vector<_Tp, _Alloc>& __y)
>         -: 1644:    { return !(__x < __y); }
>         -: 1645:
>         -: 1646:  /// See std::vector::swap().
>         -: 1647:  template<typename _Tp, typename _Alloc>
>         -: 1648:    inline void
>         -: 1649:    swap(vector<_Tp, _Alloc>& __x, vector<_Tp, _Alloc>& __y)
>         -: 1650:    _GLIBCXX_NOEXCEPT_IF(noexcept(__x.swap(__y)))
>         -: 1651:    { __x.swap(__y); }
>         -: 1652:
>         -: 1653:_GLIBCXX_END_NAMESPACE_CONTAINER
>         -: 1654:} // namespace std
>         -: 1655:
>         -: 1656:#endif /* _STL_VECTOR_H */
