        -:    0:Source:../dds/DCPS/DataWriterImpl_T.h
        -:    0:Programs:24
        -:    1:/*EOF*/
        -:    2:/*EOF*/
        -:    3:/*EOF*/
        -:    4:/*EOF*/
        -:    5:/*EOF*/
        -:    6:/*EOF*/
        -:    7:/*EOF*/
        -:    8:/*EOF*/
        -:    9:/*EOF*/
        -:   10:/*EOF*/
        -:   11:/*EOF*/
        -:   12:/*EOF*/
        -:   13:/*EOF*/
        -:   14:/*EOF*/
        -:   15:/*EOF*/
        -:   16:/*EOF*/
        -:   17:/*EOF*/
        -:   18:/*EOF*/
        -:   19:/*EOF*/
        -:   20:/*EOF*/
        -:   21:/*EOF*/
        -:   22:/*EOF*/
        -:   23:/*EOF*/
        -:   24:/*EOF*/
        -:   25:/*EOF*/
        -:   26:/*EOF*/
        -:   27:/*EOF*/
        -:   28:/*EOF*/
        -:   29:/*EOF*/
        -:   30:/*EOF*/
        -:   31:/*EOF*/
        -:   32:/*EOF*/
        -:   33:/*EOF*/
        -:   34:/*EOF*/
        -:   35:/*EOF*/
        -:   36:/*EOF*/
        -:   37:/*EOF*/
        -:   38:/*EOF*/
        -:   39:/*EOF*/
        -:   40:/*EOF*/
        -:   41:/*EOF*/
        4:   42:/*EOF*/
        -:   43:/*EOF*/
        4:   44:/*EOF*/
        -:   45:/*EOF*/
        8:   46:/*EOF*/
        4:   47:/*EOF*/
    #####:   48:/*EOF*/
        -:   49:/*EOF*/
        -:   50:/*EOF*/
        4:   51:/*EOF*/
        -:   52:/*EOF*/
        4:   53:/*EOF*/
        4:   54:/*EOF*/
        4:   55:/*EOF*/
        -:   56:/*EOF*/
        -:   57:/*EOF*/
    #####:   58:/*EOF*/
        -:   59:/*EOF*/
        4:   60:/*EOF*/
        -:   61:/*EOF*/
        8:   62:/*EOF*/
        -:   63:/*EOF*/
        8:   64:/*EOF*/
        -:   65:/*EOF*/
        6:   66:/*EOF*/
        -:   67:/*EOF*/
        -:   68:/*EOF*/
        6:   69:/*EOF*/
       12:   70:/*EOF*/
        6:   71:/*EOF*/
        -:   72:/*EOF*/
        -:   73:/*EOF*/
        6:   74:/*EOF*/
        -:   75:/*EOF*/
        -:   76:/*EOF*/
        -:   77:/*EOF*/
        6:   78:/*EOF*/
        -:   79:/*EOF*/
        6:   80:/*EOF*/
        -:   81:/*EOF*/
        -:   82:/*EOF*/
        -:   83:/*EOF*/
        6:   84:/*EOF*/
        -:   85:/*EOF*/
    #####:   86:/*EOF*/
        -:   87:/*EOF*/
        -:   88:/*EOF*/
        -:   89:/*EOF*/
        -:   90:/*EOF*/
        -:   91:/*EOF*/
        -:   92:/*EOF*/
        -:   93:/*EOF*/
        -:   94:/*EOF*/
        6:   95:/*EOF*/
        -:   96:/*EOF*/
        -:   97:/*EOF*/
    #####:   98:/*EOF*/
        -:   99:/*EOF*/
        -:  100:/*EOF*/
        -:  101:/*EOF*/
    #####:  102:/*EOF*/
    #####:  103:/*EOF*/
        -:  104:/*EOF*/
    #####:  105:/*EOF*/
        -:  106:/*EOF*/
    #####:  107:/*EOF*/
        -:  108:/*EOF*/
        -:  109:/*EOF*/
    #####:  110:/*EOF*/
        -:  111:/*EOF*/
        -:  112:/*EOF*/
        -:  113:/*EOF*/
        -:  114:/*EOF*/
    #####:  115:/*EOF*/
        -:  116:/*EOF*/
    #####:  117:/*EOF*/
    #####:  118:/*EOF*/
        -:  119:/*EOF*/
    #####:  120:/*EOF*/
        -:  121:/*EOF*/
        -:  122:/*EOF*/
        -:  123:/*EOF*/
        -:  124:/*EOF*/
        -:  125:/*EOF*/
        -:  126:/*EOF*/
        -:  127:/*EOF*/
        -:  128:/*EOF*/
        -:  129:/*EOF*/
        -:  130:/*EOF*/
        -:  131:/*EOF*/
        -:  132:/*EOF*/
    #####:  133:/*EOF*/
        -:  134:/*EOF*/
        -:  135:/*EOF*/
        -:  136:/*EOF*/
        -:  137:/*EOF*/
        -:  138:/*EOF*/
        6:  139:/*EOF*/
        -:  140:/*EOF*/
        -:  141:/*EOF*/
        -:  142:/*EOF*/
        6:  143:/*EOF*/
       12:  144:/*EOF*/
        6:  145:/*EOF*/
        -:  146:/*EOF*/
        6:  147:/*EOF*/
        -:  148:/*EOF*/
        -:  149:/*EOF*/
        -:  150:/*EOF*/
        -:  151:/*EOF*/
        -:  152:/*EOF*/
        -:  153:/*EOF*/
        6:  154:/*EOF*/
        -:  155:/*EOF*/
        -:  156:/*EOF*/
        -:  157:/*EOF*/
        -:  158:/*EOF*/
        -:  159:/*EOF*/
        -:  160:/*EOF*/
        -:  161:/*EOF*/
        6:  162:/*EOF*/
    #####:  163:/*EOF*/
    #####:  164:/*EOF*/
        -:  165:/*EOF*/
        -:  166:/*EOF*/
        -:  167:/*EOF*/
    #####:  168:/*EOF*/
    #####:  169:/*EOF*/
        -:  170:/*EOF*/
        -:  171:/*EOF*/
        -:  172:/*EOF*/
        -:  173:/*EOF*/
        -:  174:/*EOF*/
        -:  175:/*EOF*/
        -:  176:/*EOF*/
        -:  177:/*EOF*/
    #####:  178:/*EOF*/
        -:  179:/*EOF*/
        -:  180:/*EOF*/
        -:  181:/*EOF*/
       12:  182:/*EOF*/
        -:  183:/*EOF*/
        6:  184:/*EOF*/
       12:  185:/*EOF*/
       14:  186:/*EOF*/
        6:  187:/*EOF*/
        8:  188:/*EOF*/
        8:  189:/*EOF*/
    #####:  190:/*EOF*/
    #####:  191:/*EOF*/
        -:  192:/*EOF*/
    #####:  193:/*EOF*/
    #####:  194:/*EOF*/
        -:  195:/*EOF*/
        -:  196:/*EOF*/
        -:  197:/*EOF*/
        -:  198:/*EOF*/
        -:  199:/*EOF*/
        -:  200:/*EOF*/
       12:  201:/*EOF*/
        -:  202:/*EOF*/
        -:  203:/*EOF*/
       12:  204:/*EOF*/
        -:  205:/*EOF*/
        6:  206:/*EOF*/
        -:  207:/*EOF*/
        -:  208:/*EOF*/
        4:  209:/*EOF*/
        -:  210:/*EOF*/
        -:  211:/*EOF*/
        -:  212:/*EOF*/
        4:  213:/*EOF*/
        8:  214:/*EOF*/
        4:  215:/*EOF*/
        -:  216:/*EOF*/
        4:  217:/*EOF*/
        -:  218:/*EOF*/
        -:  219:/*EOF*/
        4:  220:/*EOF*/
        -:  221:/*EOF*/
        -:  222:/*EOF*/
        -:  223:/*EOF*/
        -:  224:/*EOF*/
        4:  225:/*EOF*/
        -:  226:/*EOF*/
    #####:  227:/*EOF*/
    #####:  228:/*EOF*/
        -:  229:/*EOF*/
    #####:  230:/*EOF*/
        -:  231:/*EOF*/
        -:  232:/*EOF*/
        -:  233:/*EOF*/
        -:  234:/*EOF*/
        -:  235:/*EOF*/
        -:  236:/*EOF*/
        -:  237:/*EOF*/
        -:  238:/*EOF*/
        4:  239:/*EOF*/
        4:  240:/*EOF*/
        -:  241:/*EOF*/
        -:  242:/*EOF*/
        4:  243:/*EOF*/
        -:  244:/*EOF*/
        -:  245:/*EOF*/
        -:  246:/*EOF*/
        8:  247:/*EOF*/
        -:  248:/*EOF*/
        -:  249:/*EOF*/
        -:  250:/*EOF*/
        -:  251:/*EOF*/
        4:  252:/*EOF*/
        6:  253:/*EOF*/
        6:  254:/*EOF*/
        -:  255:/*EOF*/
        -:  256:/*EOF*/
        6:  257:/*EOF*/
        -:  258:/*EOF*/
        4:  259:/*EOF*/
        4:  260:/*EOF*/
        -:  261:/*EOF*/
        -:  262:/*EOF*/
        -:  263:/*EOF*/
    #####:  264:/*EOF*/
        -:  265:/*EOF*/
        -:  266:/*EOF*/
    #####:  267:/*EOF*/
        -:  268:/*EOF*/
        -:  269:/*EOF*/
    #####:  270:/*EOF*/
        -:  271:/*EOF*/
        -:  272:/*EOF*/
        -:  273:/*EOF*/
        -:  274:/*EOF*/
    #####:  275:/*EOF*/
        -:  276:/*EOF*/
    #####:  277:/*EOF*/
        -:  278:/*EOF*/
    #####:  279:/*EOF*/
        -:  280:/*EOF*/
        -:  281:/*EOF*/
        -:  282:/*EOF*/
    #####:  283:/*EOF*/
        -:  284:/*EOF*/
        -:  285:/*EOF*/
        -:  286:/*EOF*/
        -:  287:/*EOF*/
        -:  288:/*EOF*/
        -:  289:/*EOF*/
        -:  290:/*EOF*/
        -:  291:/*EOF*/
        4:  292:/*EOF*/
        -:  293:/*EOF*/
        4:  294:/*EOF*/
        -:  295:/*EOF*/
    #####:  296:/*EOF*/
    #####:  297:/*EOF*/
    #####:  298:/*EOF*/
        -:  299:/*EOF*/
        -:  300:/*EOF*/
        -:  301:/*EOF*/
        -:  302:/*EOF*/
        -:  303:/*EOF*/
        -:  304:/*EOF*/
        -:  305:/*EOF*/
        -:  306:/*EOF*/
        -:  307:/*EOF*/
        -:  308:/*EOF*/
        4:  309:/*EOF*/
    #####:  310:/*EOF*/
        -:  311:/*EOF*/
        -:  312:/*EOF*/
        -:  313:/*EOF*/
        -:  314:/*EOF*/
        8:  315:/*EOF*/
        8:  316:/*EOF*/
        4:  317:/*EOF*/
        4:  318:/*EOF*/
        -:  319:/*EOF*/
        4:  320:/*EOF*/
        -:  321:/*EOF*/
    #####:  322:/*EOF*/
        -:  323:/*EOF*/
        -:  324:/*EOF*/
        -:  325:/*EOF*/
        -:  326:/*EOF*/
        -:  327:/*EOF*/
        -:  328:/*EOF*/
        -:  329:/*EOF*/
    #####:  330:/*EOF*/
        -:  331:/*EOF*/
        -:  332:/*EOF*/
        -:  333:/*EOF*/
        -:  334:/*EOF*/
        -:  335:/*EOF*/
        -:  336:/*EOF*/
        -:  337:/*EOF*/
        -:  338:/*EOF*/
        -:  339:/*EOF*/
        4:  340:/*EOF*/
        -:  341:/*EOF*/
        -:  342:/*EOF*/
        -:  343:/*EOF*/
        -:  344:/*EOF*/
        -:  345:/*EOF*/
        -:  346:/*EOF*/
        -:  347:/*EOF*/
        -:  348:/*EOF*/
        -:  349:/*EOF*/
        -:  350:/*EOF*/
        -:  351:/*EOF*/
        -:  352:/*EOF*/
        -:  353:/*EOF*/
        -:  354:/*EOF*/
        -:  355:/*EOF*/
        -:  356:/*EOF*/
        -:  357:/*EOF*/
        -:  358:/*EOF*/
        -:  359:/*EOF*/
        -:  360:/*EOF*/
       12:  361:/*EOF*/
        -:  362:/*EOF*/
        -:  363:/*EOF*/
        -:  364:/*EOF*/
       12:  365:/*EOF*/
        -:  366:/*EOF*/
       24:  367:/*EOF*/
        -:  368:/*EOF*/
        -:  369:/*EOF*/
       12:  370:/*EOF*/
        -:  371:/*EOF*/
        -:  372:/*EOF*/
        -:  373:/*EOF*/
        6:  374:/*EOF*/
        6:  375:/*EOF*/
        6:  376:/*EOF*/
        6:  377:/*EOF*/
        -:  378:/*EOF*/
    #####:  379:/*EOF*/
    #####:  380:/*EOF*/
        -:  381:/*EOF*/
    #####:  382:/*EOF*/
    #####:  383:/*EOF*/
    #####:  384:/*EOF*/
        -:  385:/*EOF*/
        -:  386:/*EOF*/
        6:  387:/*EOF*/
    #####:  388:/*EOF*/
        -:  389:/*EOF*/
        -:  390:/*EOF*/
        6:  391:/*EOF*/
        -:  392:/*EOF*/
        -:  393:/*EOF*/
        -:  394:/*EOF*/
        -:  395:/*EOF*/
        -:  396:/*EOF*/
        6:  397:/*EOF*/
       12:  398:/*EOF*/
        -:  399:/*EOF*/
        -:  400:/*EOF*/
        6:  401:/*EOF*/
    #####:  402:/*EOF*/
    #####:  403:/*EOF*/
    #####:  404:/*EOF*/
        -:  405:/*EOF*/
        -:  406:/*EOF*/
        -:  407:/*EOF*/
        6:  408:/*EOF*/
        -:  409:/*EOF*/
    #####:  410:/*EOF*/
        -:  411:/*EOF*/
        6:  412:/*EOF*/
        -:  413:/*EOF*/
        6:  414:/*EOF*/
        6:  415:/*EOF*/
    #####:  416:/*EOF*/
        -:  417:/*EOF*/
        6:  418:/*EOF*/
    #####:  419:/*EOF*/
        -:  420:/*EOF*/
        6:  421:/*EOF*/
        6:  422:/*EOF*/
    #####:  423:/*EOF*/
        -:  424:/*EOF*/
        -:  425:/*EOF*/
        6:  426:/*EOF*/
    #####:  427:/*EOF*/
        -:  428:/*EOF*/
        -:  429:/*EOF*/
        -:  430:/*EOF*/
        6:  431:/*EOF*/
        -:  432:/*EOF*/
        -:  433:/*EOF*/
        -:  434:/*EOF*/
        -:  435:/*EOF*/
        -:  436:/*EOF*/
        -:  437:/*EOF*/
        -:  438:/*EOF*/
        -:  439:/*EOF*/
        -:  440:/*EOF*/
        -:  441:/*EOF*/
        -:  442:/*EOF*/
        -:  443:/*EOF*/
        -:  444:/*EOF*/
        -:  445:/*EOF*/
        -:  446:/*EOF*/
        -:  447:/*EOF*/
        6:  448:/*EOF*/
       12:  449:/*EOF*/
        -:  450:/*EOF*/
        -:  451:/*EOF*/
        6:  452:/*EOF*/
    #####:  453:/*EOF*/
    #####:  454:/*EOF*/
    #####:  455:/*EOF*/
        -:  456:/*EOF*/
        -:  457:/*EOF*/
        -:  458:/*EOF*/
        6:  459:/*EOF*/
        -:  460:/*EOF*/
    #####:  461:/*EOF*/
        -:  462:/*EOF*/
        -:  463:/*EOF*/
        6:  464:/*EOF*/
    #####:  465:/*EOF*/
        -:  466:/*EOF*/
        -:  467:/*EOF*/
        -:  468:/*EOF*/
        -:  469:/*EOF*/
        -:  470:/*EOF*/
        -:  471:/*EOF*/
       12:  472:/*EOF*/
        -:  473:/*EOF*/
        -:  474:/*EOF*/
        -:  475:/*EOF*/
        -:  476:/*EOF*/
        -:  477:/*EOF*/
        -:  478:/*EOF*/
        -:  479:/*EOF*/
        6:  480:/*EOF*/
        -:  481:/*EOF*/
        -:  482:/*EOF*/
        -:  483:/*EOF*/
        -:  484:/*EOF*/
       12:  485:/*EOF*/
        -:  486:/*EOF*/
        -:  487:/*EOF*/
        -:  488:/*EOF*/
        -:  489:/*EOF*/
        6:  490:/*EOF*/
        6:  491:/*EOF*/
        -:  492:/*EOF*/
        6:  493:/*EOF*/
        6:  494:/*EOF*/
        -:  495:/*EOF*/
        6:  496:/*EOF*/
        -:  497:/*EOF*/
    #####:  498:/*EOF*/
        -:  499:/*EOF*/
    #####:  500:/*EOF*/
    #####:  501:/*EOF*/
        -:  502:/*EOF*/
    #####:  503:/*EOF*/
        -:  504:/*EOF*/
    #####:  505:/*EOF*/
        -:  506:/*EOF*/
        -:  507:/*EOF*/
        -:  508:/*EOF*/
        -:  509:/*EOF*/
        6:  510:/*EOF*/
        -:  511:/*EOF*/
        -:  512:/*EOF*/
       12:  513:/*EOF*/
        -:  514:/*EOF*/
        -:  515:/*EOF*/
        -:  516:/*EOF*/
        -:  517:/*EOF*/
        6:  518:/*EOF*/
        -:  519:/*EOF*/
        -:  520:/*EOF*/
        -:  521:/*EOF*/
        6:  522:/*EOF*/
        -:  523:/*EOF*/
    #####:  524:/*EOF*/
    #####:  525:/*EOF*/
        -:  526:/*EOF*/
        -:  527:/*EOF*/
        6:  528:/*EOF*/
        -:  529:/*EOF*/
        6:  530:/*EOF*/
        -:  531:/*EOF*/
        -:  532:/*EOF*/
        6:  533:/*EOF*/
        -:  534:/*EOF*/
    #####:  535:/*EOF*/
    #####:  536:/*EOF*/
        -:  537:/*EOF*/
        -:  538:/*EOF*/
        -:  539:/*EOF*/
        -:  540:/*EOF*/
        -:  541:/*EOF*/
        -:  542:/*EOF*/
        -:  543:/*EOF*/
        -:  544:/*EOF*/
        -:  545:/*EOF*/
        6:  546:/*EOF*/
        -:  547:/*EOF*/
        -:  548:/*EOF*/
        -:  549:/*EOF*/
        6:  550:/*EOF*/
