        -:    0:Source:DdsDcpsInfoUtilsC.cpp
        -:    0:Programs:72
        -:    1:// -*- C++ -*-
        -:    2:// $Id$
        -:    3:
        -:    4:/**
        -:    5: * Code generated by the The ACE ORB (TAO) IDL Compiler v2.2a_p15
        -:    6: * TAO and the TAO IDL Compiler have been developed by:
        -:    7: *       Center for Distributed Object Computing
        -:    8: *       Washington University
        -:    9: *       St. Louis, MO
        -:   10: *       USA
        -:   11: *       http://www.cs.wustl.edu/~schmidt/doc-center.html
        -:   12: * and
        -:   13: *       Distributed Object Computing Laboratory
        -:   14: *       University of California at Irvine
        -:   15: *       Irvine, CA
        -:   16: *       USA
        -:   17: * and
        -:   18: *       Institute for Software Integrated Systems
        -:   19: *       Vanderbilt University
        -:   20: *       Nashville, TN
        -:   21: *       USA
        -:   22: *       http://www.isis.vanderbilt.edu/
        -:   23: *
        -:   24: * Information about TAO is available at:
        -:   25: *     http://www.cs.wustl.edu/~schmidt/TAO.html
        -:   26: **/
        -:   27:
        -:   28:// TAO_IDL - Generated from
        -:   29:// be/be_codegen.cpp:376
        -:   30:
        -:   31:#include "DCPS/DdsDcps_pch.h"
        -:   32:#include "DdsDcpsInfoUtilsC.h"
        -:   33:#include "tao/CDR.h"
        -:   34:
        -:   35:#if !defined (__ACE_INLINE__)
        -:   36:#include "DdsDcpsInfoUtilsC.inl"
        -:   37:#endif /* !defined INLINE */
        -:   38:
        -:   39:OPENDDS_BEGIN_VERSIONED_NAMESPACE_DECL
        -:   40:
        -:   41:
        -:   42:
        -:   43:// TAO_IDL - Generated from
        -:   44:// be/be_visitor_sequence/sequence_cs.cpp:73
        -:   45:
        -:   46:#if !defined (_OPENDDS_DCPS_TRANSPORTLOCATORSEQ_CS_)
        -:   47:#define _OPENDDS_DCPS_TRANSPORTLOCATORSEQ_CS_
        -:   48:
      288:   49:OpenDDS::DCPS::TransportLocatorSeq::TransportLocatorSeq (void)
      288:   50:{}
        -:   51:
    #####:   52:OpenDDS::DCPS::TransportLocatorSeq::TransportLocatorSeq (
    #####:   53:    ::CORBA::ULong max)
        -:   54:  : ::TAO::unbounded_value_sequence<
        -:   55:        TransportLocator
    #####:   56:      > (max)
    #####:   57:{}
        -:   58:
    #####:   59:OpenDDS::DCPS::TransportLocatorSeq::TransportLocatorSeq (
        -:   60:    ::CORBA::ULong max,
        -:   61:    ::CORBA::ULong length,
        -:   62:    OpenDDS::DCPS::TransportLocator * buffer,
        -:   63:    ::CORBA::Boolean release
    #####:   64:  )
        -:   65:  : ::TAO::unbounded_value_sequence<
        -:   66:        TransportLocator
        -:   67:      >
    #####:   68:    (max, length, buffer, release)
    #####:   69:{}
        -:   70:
      204:   71:OpenDDS::DCPS::TransportLocatorSeq::TransportLocatorSeq (
      204:   72:    const TransportLocatorSeq &seq)
        -:   73:  : ::TAO::unbounded_value_sequence<
        -:   74:        TransportLocator
      204:   75:      > (seq)
      204:   76:{}
        -:   77:
      495:   78:OpenDDS::DCPS::TransportLocatorSeq::~TransportLocatorSeq (void)
      495:   79:{}
        -:   80:
        -:   81:#endif /* end #if !defined */
        -:   82:
        -:   83:// TAO_IDL - Generated from
        -:   84:// be/be_visitor_sequence/sequence_cs.cpp:73
        -:   85:
        -:   86:#if !defined (_OPENDDS_DCPS_WRITERIDSEQ_CS_)
        -:   87:#define _OPENDDS_DCPS_WRITERIDSEQ_CS_
        -:   88:
       12:   89:OpenDDS::DCPS::WriterIdSeq::WriterIdSeq (void)
       12:   90:{}
        -:   91:
       18:   92:OpenDDS::DCPS::WriterIdSeq::WriterIdSeq (
       18:   93:    ::CORBA::ULong max)
        -:   94:  : ::TAO::unbounded_value_sequence<
        -:   95:        RepoId
       18:   96:      > (max)
       18:   97:{}
        -:   98:
    #####:   99:OpenDDS::DCPS::WriterIdSeq::WriterIdSeq (
        -:  100:    ::CORBA::ULong max,
        -:  101:    ::CORBA::ULong length,
        -:  102:    OpenDDS::DCPS::RepoId * buffer,
        -:  103:    ::CORBA::Boolean release
    #####:  104:  )
        -:  105:  : ::TAO::unbounded_value_sequence<
        -:  106:        RepoId
        -:  107:      >
    #####:  108:    (max, length, buffer, release)
    #####:  109:{}
        -:  110:
    #####:  111:OpenDDS::DCPS::WriterIdSeq::WriterIdSeq (
    #####:  112:    const WriterIdSeq &seq)
        -:  113:  : ::TAO::unbounded_value_sequence<
        -:  114:        RepoId
    #####:  115:      > (seq)
    #####:  116:{}
        -:  117:
       30:  118:OpenDDS::DCPS::WriterIdSeq::~WriterIdSeq (void)
       30:  119:{}
        -:  120:
        -:  121:#endif /* end #if !defined */
        -:  122:
        -:  123:// TAO_IDL - Generated from
        -:  124:// be/be_visitor_sequence/sequence_cs.cpp:73
        -:  125:
        -:  126:#if !defined (_OPENDDS_DCPS_READERIDSEQ_CS_)
        -:  127:#define _OPENDDS_DCPS_READERIDSEQ_CS_
        -:  128:
       51:  129:OpenDDS::DCPS::ReaderIdSeq::ReaderIdSeq (void)
       51:  130:{}
        -:  131:
       12:  132:OpenDDS::DCPS::ReaderIdSeq::ReaderIdSeq (
       12:  133:    ::CORBA::ULong max)
        -:  134:  : ::TAO::unbounded_value_sequence<
        -:  135:        RepoId
       12:  136:      > (max)
       12:  137:{}
        -:  138:
    #####:  139:OpenDDS::DCPS::ReaderIdSeq::ReaderIdSeq (
        -:  140:    ::CORBA::ULong max,
        -:  141:    ::CORBA::ULong length,
        -:  142:    OpenDDS::DCPS::RepoId * buffer,
        -:  143:    ::CORBA::Boolean release
    #####:  144:  )
        -:  145:  : ::TAO::unbounded_value_sequence<
        -:  146:        RepoId
        -:  147:      >
    #####:  148:    (max, length, buffer, release)
    #####:  149:{}
        -:  150:
    #####:  151:OpenDDS::DCPS::ReaderIdSeq::ReaderIdSeq (
    #####:  152:    const ReaderIdSeq &seq)
        -:  153:  : ::TAO::unbounded_value_sequence<
        -:  154:        RepoId
    #####:  155:      > (seq)
    #####:  156:{}
        -:  157:
       63:  158:OpenDDS::DCPS::ReaderIdSeq::~ReaderIdSeq (void)
       63:  159:{}
        -:  160:
        -:  161:#endif /* end #if !defined */
        -:  162:
        -:  163:// TAO_IDL - Generated from
        -:  164:// be/be_visitor_array/array_cs.cpp:97
        -:  165:
        -:  166:OpenDDS::DCPS::OctetArray16_slice *
    #####:  167:OpenDDS::DCPS::OctetArray16_dup (const OpenDDS::DCPS::OctetArray16_slice *_tao_src_array)
        -:  168:{
        -:  169:  OpenDDS::DCPS::OctetArray16_slice *_tao_dup_array =
    #####:  170:    OpenDDS::DCPS::OctetArray16_alloc ();
        -:  171:  
    #####:  172:  if (!_tao_dup_array)
        -:  173:    {
    #####:  174:      return static_cast <OpenDDS::DCPS::OctetArray16_slice *> (0);
        -:  175:    }
        -:  176:  
    #####:  177:  OpenDDS::DCPS::OctetArray16_copy (_tao_dup_array, _tao_src_array);
    #####:  178:  return _tao_dup_array;
        -:  179:}
        -:  180:
        -:  181:OpenDDS::DCPS::OctetArray16_slice *
    #####:  182:OpenDDS::DCPS::OctetArray16_alloc (void)
        -:  183:{
    #####:  184:  OpenDDS::DCPS::OctetArray16_slice *retval = 0;
    #####:  185:  ACE_NEW_RETURN (retval, ::CORBA::Octet[16], 0);
    #####:  186:  return retval;
        -:  187:}
        -:  188:
        -:  189:void
    #####:  190:OpenDDS::DCPS::OctetArray16_free (
        -:  191:    OpenDDS::DCPS::OctetArray16_slice *_tao_slice)
        -:  192:{
    #####:  193:  delete [] _tao_slice;
    #####:  194:}
        -:  195:
        -:  196:void
    #####:  197:OpenDDS::DCPS::OctetArray16_copy (
        -:  198:    OpenDDS::DCPS::OctetArray16_slice * _tao_to,
        -:  199:    const OpenDDS::DCPS::OctetArray16_slice *_tao_from)
        -:  200:{
        -:  201:  // Copy each individual element.
    #####:  202:  for ( ::CORBA::ULong i0 = 0; i0 < 16; ++i0)
        -:  203:    {
    #####:  204:      _tao_to[i0] = _tao_from[i0];
        -:  205:    }
    #####:  206:}
        -:  207:
        -:  208:// TAO_IDL - Generated from
        -:  209:// be/be_visitor_sequence/sequence_cs.cpp:73
        -:  210:
        -:  211:#if !defined (_OPENDDS_DCPS_LOCATORSEQ_CS_)
        -:  212:#define _OPENDDS_DCPS_LOCATORSEQ_CS_
        -:  213:
    #####:  214:OpenDDS::DCPS::LocatorSeq::LocatorSeq (void)
    #####:  215:{}
        -:  216:
    #####:  217:OpenDDS::DCPS::LocatorSeq::LocatorSeq (
    #####:  218:    ::CORBA::ULong max)
        -:  219:  : ::TAO::unbounded_value_sequence<
        -:  220:        Locator_t
    #####:  221:      > (max)
    #####:  222:{}
        -:  223:
    #####:  224:OpenDDS::DCPS::LocatorSeq::LocatorSeq (
        -:  225:    ::CORBA::ULong max,
        -:  226:    ::CORBA::ULong length,
        -:  227:    OpenDDS::DCPS::Locator_t * buffer,
        -:  228:    ::CORBA::Boolean release
    #####:  229:  )
        -:  230:  : ::TAO::unbounded_value_sequence<
        -:  231:        Locator_t
        -:  232:      >
    #####:  233:    (max, length, buffer, release)
    #####:  234:{}
        -:  235:
    #####:  236:OpenDDS::DCPS::LocatorSeq::LocatorSeq (
    #####:  237:    const LocatorSeq &seq)
        -:  238:  : ::TAO::unbounded_value_sequence<
        -:  239:        Locator_t
    #####:  240:      > (seq)
    #####:  241:{}
        -:  242:
    #####:  243:OpenDDS::DCPS::LocatorSeq::~LocatorSeq (void)
    #####:  244:{}
        -:  245:
        -:  246:#endif /* end #if !defined */
        -:  247:
        -:  248:// TAO_IDL - Generated from
        -:  249:// be/be_visitor_structure/cdr_op_cs.cpp:52
        -:  250:
        -:  251:
        -:  252:OPENDDS_END_VERSIONED_NAMESPACE_DECL
        -:  253:
        -:  254:
        -:  255:TAO_BEGIN_VERSIONED_NAMESPACE_DECL
        -:  256:
       66:  257:::CORBA::Boolean operator<< (
        -:  258:    TAO_OutputCDR &strm,
        -:  259:    const OpenDDS::DCPS::TransportLocator &_tao_aggregate)
        -:  260:{
        -:  261:  return
      132:  262:    (strm << _tao_aggregate.transport_type.in ()) &&
      132:  263:    (strm << _tao_aggregate.data);
        -:  264:}
        -:  265:
       60:  266:::CORBA::Boolean operator>> (
        -:  267:    TAO_InputCDR &strm,
        -:  268:    OpenDDS::DCPS::TransportLocator &_tao_aggregate)
        -:  269:{
        -:  270:  return
      120:  271:    (strm >> _tao_aggregate.transport_type.out ()) &&
      120:  272:    (strm >> _tao_aggregate.data);
        -:  273:}
        -:  274:
        -:  275:TAO_END_VERSIONED_NAMESPACE_DECL
        -:  276:
        -:  277:
        -:  278:OPENDDS_BEGIN_VERSIONED_NAMESPACE_DECL
        -:  279:
        -:  280:
        -:  281:
        -:  282:
        -:  283:// TAO_IDL - Generated from
        -:  284:// be/be_visitor_sequence/cdr_op_cs.cpp:96
        -:  285:#if !defined _TAO_CDR_OP_OpenDDS_DCPS_TransportLocatorSeq_CPP_
        -:  286:#define _TAO_CDR_OP_OpenDDS_DCPS_TransportLocatorSeq_CPP_
        -:  287:
        -:  288:
        -:  289:OPENDDS_END_VERSIONED_NAMESPACE_DECL
        -:  290:
        -:  291:
        -:  292:TAO_BEGIN_VERSIONED_NAMESPACE_DECL
        -:  293:
       66:  294:::CORBA::Boolean operator<< (
        -:  295:    TAO_OutputCDR &strm,
        -:  296:    const OpenDDS::DCPS::TransportLocatorSeq &_tao_sequence)
        -:  297:{
       66:  298:  return TAO::marshal_sequence(strm, _tao_sequence);
        -:  299:}
        -:  300:
       60:  301:::CORBA::Boolean operator>> (
        -:  302:    TAO_InputCDR &strm,
        -:  303:    OpenDDS::DCPS::TransportLocatorSeq &_tao_sequence)
        -:  304:{
       60:  305:  return TAO::demarshal_sequence(strm, _tao_sequence);
        -:  306:}
        -:  307:
        -:  308:
        -:  309:TAO_END_VERSIONED_NAMESPACE_DECL
        -:  310:
        -:  311:
        -:  312:OPENDDS_BEGIN_VERSIONED_NAMESPACE_DECL
        -:  313:
        -:  314:
        -:  315:#endif /* _TAO_CDR_OP_OpenDDS_DCPS_TransportLocatorSeq_CPP_ */
        -:  316:
        -:  317:// TAO_IDL - Generated from
        -:  318:// be/be_visitor_structure/cdr_op_cs.cpp:52
        -:  319:
        -:  320:
        -:  321:OPENDDS_END_VERSIONED_NAMESPACE_DECL
        -:  322:
        -:  323:
        -:  324:TAO_BEGIN_VERSIONED_NAMESPACE_DECL
        -:  325:
    #####:  326:::CORBA::Boolean operator<< (
        -:  327:    TAO_OutputCDR &strm,
        -:  328:    const OpenDDS::DCPS::IncompatibleQosStatus &_tao_aggregate)
        -:  329:{
        -:  330:  return
    #####:  331:    (strm << _tao_aggregate.total_count) &&
    #####:  332:    (strm << _tao_aggregate.count_since_last_send) &&
    #####:  333:    (strm << _tao_aggregate.last_policy_id) &&
    #####:  334:    (strm << _tao_aggregate.policies);
        -:  335:}
        -:  336:
    #####:  337:::CORBA::Boolean operator>> (
        -:  338:    TAO_InputCDR &strm,
        -:  339:    OpenDDS::DCPS::IncompatibleQosStatus &_tao_aggregate)
        -:  340:{
        -:  341:  return
    #####:  342:    (strm >> _tao_aggregate.total_count) &&
    #####:  343:    (strm >> _tao_aggregate.count_since_last_send) &&
    #####:  344:    (strm >> _tao_aggregate.last_policy_id) &&
    #####:  345:    (strm >> _tao_aggregate.policies);
        -:  346:}
        -:  347:
        -:  348:TAO_END_VERSIONED_NAMESPACE_DECL
        -:  349:
        -:  350:
        -:  351:OPENDDS_BEGIN_VERSIONED_NAMESPACE_DECL
        -:  352:
        -:  353:
        -:  354:
        -:  355:
        -:  356:// TAO_IDL - Generated from
        -:  357:// be/be_visitor_structure/cdr_op_cs.cpp:52
        -:  358:
        -:  359:
        -:  360:OPENDDS_END_VERSIONED_NAMESPACE_DECL
        -:  361:
        -:  362:
        -:  363:TAO_BEGIN_VERSIONED_NAMESPACE_DECL
        -:  364:
       18:  365:::CORBA::Boolean operator<< (
        -:  366:    TAO_OutputCDR &strm,
        -:  367:    const OpenDDS::DCPS::AddDomainStatus &_tao_aggregate)
        -:  368:{
        -:  369:  return
       36:  370:    (strm << _tao_aggregate.id) &&
       36:  371:    (strm << ::ACE_OutputCDR::from_boolean (_tao_aggregate.federated));
        -:  372:}
        -:  373:
        9:  374:::CORBA::Boolean operator>> (
        -:  375:    TAO_InputCDR &strm,
        -:  376:    OpenDDS::DCPS::AddDomainStatus &_tao_aggregate)
        -:  377:{
        -:  378:  return
       18:  379:    (strm >> _tao_aggregate.id) &&
       18:  380:    (strm >> ::ACE_InputCDR::to_boolean (_tao_aggregate.federated));
        -:  381:}
        -:  382:
        -:  383:TAO_END_VERSIONED_NAMESPACE_DECL
        -:  384:
        -:  385:
        -:  386:OPENDDS_BEGIN_VERSIONED_NAMESPACE_DECL
        -:  387:
        -:  388:
        -:  389:
        -:  390:
        -:  391:// TAO_IDL - Generated from
        -:  392:// be/be_visitor_enum/cdr_op_cs.cpp:37
        -:  393:
        -:  394:
        -:  395:
        -:  396:OPENDDS_END_VERSIONED_NAMESPACE_DECL
        -:  397:
        -:  398:
        -:  399:TAO_BEGIN_VERSIONED_NAMESPACE_DECL
        -:  400:
       51:  401:::CORBA::Boolean operator<< (TAO_OutputCDR &strm, OpenDDS::DCPS::TopicStatus _tao_enumerator)
        -:  402:{
       51:  403:  return strm << static_cast< ::CORBA::ULong> (_tao_enumerator);
        -:  404:}
        -:  405:
       18:  406:::CORBA::Boolean operator>> (TAO_InputCDR &strm, OpenDDS::DCPS::TopicStatus & _tao_enumerator)
        -:  407:{
       18:  408:  ::CORBA::ULong _tao_temp = 0;
       18:  409:  ::CORBA::Boolean const _tao_success = strm >> _tao_temp;
        -:  410:  
       18:  411:  if (_tao_success)
        -:  412:    {
       18:  413:      _tao_enumerator = static_cast<OpenDDS::DCPS::TopicStatus> (_tao_temp);
        -:  414:    }
        -:  415:  
       18:  416:  return _tao_success;
        -:  417:}
        -:  418:
        -:  419:TAO_END_VERSIONED_NAMESPACE_DECL
        -:  420:
        -:  421:
        -:  422:OPENDDS_BEGIN_VERSIONED_NAMESPACE_DECL
        -:  423:
        -:  424:
        -:  425:
        -:  426:
        -:  427:// TAO_IDL - Generated from
        -:  428:// be/be_visitor_structure/cdr_op_cs.cpp:52
        -:  429:
        -:  430:
        -:  431:OPENDDS_END_VERSIONED_NAMESPACE_DECL
        -:  432:
        -:  433:
        -:  434:TAO_BEGIN_VERSIONED_NAMESPACE_DECL
        -:  435:
       36:  436:::CORBA::Boolean operator<< (
        -:  437:    TAO_OutputCDR &strm,
        -:  438:    const OpenDDS::DCPS::WriterAssociation &_tao_aggregate)
        -:  439:{
        -:  440:  return
       72:  441:    (strm << _tao_aggregate.writerTransInfo) &&
       72:  442:    (strm << _tao_aggregate.writerId) &&
      108:  443:    (strm << _tao_aggregate.pubQos) &&
       72:  444:    (strm << _tao_aggregate.writerQos);
        -:  445:}
        -:  446:
        6:  447:::CORBA::Boolean operator>> (
        -:  448:    TAO_InputCDR &strm,
        -:  449:    OpenDDS::DCPS::WriterAssociation &_tao_aggregate)
        -:  450:{
        -:  451:  return
       12:  452:    (strm >> _tao_aggregate.writerTransInfo) &&
       12:  453:    (strm >> _tao_aggregate.writerId) &&
       18:  454:    (strm >> _tao_aggregate.pubQos) &&
       12:  455:    (strm >> _tao_aggregate.writerQos);
        -:  456:}
        -:  457:
        -:  458:TAO_END_VERSIONED_NAMESPACE_DECL
        -:  459:
        -:  460:
        -:  461:OPENDDS_BEGIN_VERSIONED_NAMESPACE_DECL
        -:  462:
        -:  463:
        -:  464:
        -:  465:
        -:  466:// TAO_IDL - Generated from
        -:  467:// be/be_visitor_structure/cdr_op_cs.cpp:52
        -:  468:
        -:  469:
        -:  470:OPENDDS_END_VERSIONED_NAMESPACE_DECL
        -:  471:
        -:  472:
        -:  473:TAO_BEGIN_VERSIONED_NAMESPACE_DECL
        -:  474:
       12:  475:::CORBA::Boolean operator<< (
        -:  476:    TAO_OutputCDR &strm,
        -:  477:    const OpenDDS::DCPS::ReaderAssociation &_tao_aggregate)
        -:  478:{
        -:  479:  return
       24:  480:    (strm << _tao_aggregate.readerTransInfo) &&
       24:  481:    (strm << _tao_aggregate.readerId) &&
       24:  482:    (strm << _tao_aggregate.subQos) &&
       24:  483:    (strm << _tao_aggregate.readerQos) &&
       24:  484:    (strm << _tao_aggregate.filterClassName.in ()) &&
       36:  485:    (strm << _tao_aggregate.filterExpression.in ()) &&
       24:  486:    (strm << _tao_aggregate.exprParams);
        -:  487:}
        -:  488:
        6:  489:::CORBA::Boolean operator>> (
        -:  490:    TAO_InputCDR &strm,
        -:  491:    OpenDDS::DCPS::ReaderAssociation &_tao_aggregate)
        -:  492:{
        -:  493:  return
       12:  494:    (strm >> _tao_aggregate.readerTransInfo) &&
       12:  495:    (strm >> _tao_aggregate.readerId) &&
       12:  496:    (strm >> _tao_aggregate.subQos) &&
       12:  497:    (strm >> _tao_aggregate.readerQos) &&
       12:  498:    (strm >> _tao_aggregate.filterClassName.out ()) &&
       18:  499:    (strm >> _tao_aggregate.filterExpression.out ()) &&
       12:  500:    (strm >> _tao_aggregate.exprParams);
        -:  501:}
        -:  502:
        -:  503:TAO_END_VERSIONED_NAMESPACE_DECL
        -:  504:
        -:  505:
        -:  506:OPENDDS_BEGIN_VERSIONED_NAMESPACE_DECL
        -:  507:
        -:  508:
        -:  509:
        -:  510:
        -:  511:// TAO_IDL - Generated from
        -:  512:// be/be_visitor_sequence/cdr_op_cs.cpp:96
        -:  513:#if !defined _TAO_CDR_OP_OpenDDS_DCPS_WriterIdSeq_CPP_
        -:  514:#define _TAO_CDR_OP_OpenDDS_DCPS_WriterIdSeq_CPP_
        -:  515:
        -:  516:
        -:  517:OPENDDS_END_VERSIONED_NAMESPACE_DECL
        -:  518:
        -:  519:
        -:  520:TAO_BEGIN_VERSIONED_NAMESPACE_DECL
        -:  521:
       12:  522:::CORBA::Boolean operator<< (
        -:  523:    TAO_OutputCDR &strm,
        -:  524:    const OpenDDS::DCPS::WriterIdSeq &_tao_sequence)
        -:  525:{
       12:  526:  return TAO::marshal_sequence(strm, _tao_sequence);
        -:  527:}
        -:  528:
    #####:  529:::CORBA::Boolean operator>> (
        -:  530:    TAO_InputCDR &strm,
        -:  531:    OpenDDS::DCPS::WriterIdSeq &_tao_sequence)
        -:  532:{
    #####:  533:  return TAO::demarshal_sequence(strm, _tao_sequence);
        -:  534:}
        -:  535:
        -:  536:
        -:  537:TAO_END_VERSIONED_NAMESPACE_DECL
        -:  538:
        -:  539:
        -:  540:OPENDDS_BEGIN_VERSIONED_NAMESPACE_DECL
        -:  541:
        -:  542:
        -:  543:#endif /* _TAO_CDR_OP_OpenDDS_DCPS_WriterIdSeq_CPP_ */
        -:  544:
        -:  545:// TAO_IDL - Generated from
        -:  546:// be/be_visitor_sequence/cdr_op_cs.cpp:96
        -:  547:#if !defined _TAO_CDR_OP_OpenDDS_DCPS_ReaderIdSeq_CPP_
        -:  548:#define _TAO_CDR_OP_OpenDDS_DCPS_ReaderIdSeq_CPP_
        -:  549:
        -:  550:
        -:  551:OPENDDS_END_VERSIONED_NAMESPACE_DECL
        -:  552:
        -:  553:
        -:  554:TAO_BEGIN_VERSIONED_NAMESPACE_DECL
        -:  555:
        6:  556:::CORBA::Boolean operator<< (
        -:  557:    TAO_OutputCDR &strm,
        -:  558:    const OpenDDS::DCPS::ReaderIdSeq &_tao_sequence)
        -:  559:{
        6:  560:  return TAO::marshal_sequence(strm, _tao_sequence);
        -:  561:}
        -:  562:
        6:  563:::CORBA::Boolean operator>> (
        -:  564:    TAO_InputCDR &strm,
        -:  565:    OpenDDS::DCPS::ReaderIdSeq &_tao_sequence)
        -:  566:{
        6:  567:  return TAO::demarshal_sequence(strm, _tao_sequence);
        -:  568:}
        -:  569:
        -:  570:
        -:  571:TAO_END_VERSIONED_NAMESPACE_DECL
        -:  572:
        -:  573:
        -:  574:OPENDDS_BEGIN_VERSIONED_NAMESPACE_DECL
        -:  575:
        -:  576:
        -:  577:#endif /* _TAO_CDR_OP_OpenDDS_DCPS_ReaderIdSeq_CPP_ */
        -:  578:
        -:  579:// TAO_IDL - Generated from
        -:  580:// be/be_visitor_array/cdr_op_cs.cpp:166
        -:  581:
        -:  582:
        -:  583:
        -:  584:OPENDDS_END_VERSIONED_NAMESPACE_DECL
        -:  585:
        -:  586:
        -:  587:TAO_BEGIN_VERSIONED_NAMESPACE_DECL
        -:  588:
    #####:  589:::CORBA::Boolean operator<< (
        -:  590:    TAO_OutputCDR &strm,
        -:  591:    const OpenDDS::DCPS::OctetArray16_forany &_tao_array)
        -:  592:{
        -:  593:  return
    #####:  594:    strm.write_octet_array (
        -:  595:        reinterpret_cast <const ACE_CDR::Octet *> (_tao_array.in ()),
    #####:  596:        16);
        -:  597:}
        -:  598:
    #####:  599:::CORBA::Boolean operator>> (
        -:  600:    TAO_InputCDR &strm,
        -:  601:    OpenDDS::DCPS::OctetArray16_forany &_tao_array)
        -:  602:{
        -:  603:  return
    #####:  604:    strm.read_octet_array (
    #####:  605:        reinterpret_cast <ACE_CDR::Octet *> (_tao_array.out ()),
    #####:  606:        16);
        -:  607:}
        -:  608:
        -:  609:TAO_END_VERSIONED_NAMESPACE_DECL
        -:  610:
        -:  611:
        -:  612:OPENDDS_BEGIN_VERSIONED_NAMESPACE_DECL
        -:  613:
        -:  614:
        -:  615:
        -:  616:
        -:  617:// TAO_IDL - Generated from
        -:  618:// be/be_visitor_structure/cdr_op_cs.cpp:52
        -:  619:
        -:  620:
        -:  621:OPENDDS_END_VERSIONED_NAMESPACE_DECL
        -:  622:
        -:  623:
        -:  624:TAO_BEGIN_VERSIONED_NAMESPACE_DECL
        -:  625:
    #####:  626:::CORBA::Boolean operator<< (
        -:  627:    TAO_OutputCDR &strm,
        -:  628:    const OpenDDS::DCPS::Locator_t &_tao_aggregate)
        -:  629:{
        -:  630:  OpenDDS::DCPS::OctetArray16_forany _tao_aggregate_address
        -:  631:      #if defined __IBMCPP__ && __IBMCPP__ <= 800
        -:  632:      ((OpenDDS::DCPS::OctetArray16_slice*) (
        -:  633:      #else
        -:  634:      (const_cast<
        -:  635:          OpenDDS::DCPS::OctetArray16_slice*> (
        -:  636:      #endif
        -:  637:          _tao_aggregate.address
        -:  638:        )
    #####:  639:    );
        -:  640:  return
    #####:  641:    (strm << _tao_aggregate.kind) &&
    #####:  642:    (strm << _tao_aggregate.port) &&
    #####:  643:    (strm << _tao_aggregate_address);
        -:  644:}
        -:  645:
    #####:  646:::CORBA::Boolean operator>> (
        -:  647:    TAO_InputCDR &strm,
        -:  648:    OpenDDS::DCPS::Locator_t &_tao_aggregate)
        -:  649:{
        -:  650:  OpenDDS::DCPS::OctetArray16_forany _tao_aggregate_address
        -:  651:      #if defined __IBMCPP__ && __IBMCPP__ <= 800
        -:  652:      ((OpenDDS::DCPS::OctetArray16_slice*) (
        -:  653:      #else
        -:  654:      (const_cast<
        -:  655:          OpenDDS::DCPS::OctetArray16_slice*> (
        -:  656:      #endif
        -:  657:          _tao_aggregate.address
        -:  658:        )
    #####:  659:    );
        -:  660:  return
    #####:  661:    (strm >> _tao_aggregate.kind) &&
    #####:  662:    (strm >> _tao_aggregate.port) &&
    #####:  663:    (strm >> _tao_aggregate_address);
        -:  664:}
        -:  665:
        -:  666:TAO_END_VERSIONED_NAMESPACE_DECL
        -:  667:
        -:  668:
        -:  669:OPENDDS_BEGIN_VERSIONED_NAMESPACE_DECL
        -:  670:
        -:  671:
        -:  672:
        -:  673:
        -:  674:// TAO_IDL - Generated from
        -:  675:// be/be_visitor_sequence/cdr_op_cs.cpp:96
        -:  676:#if !defined _TAO_CDR_OP_OpenDDS_DCPS_LocatorSeq_CPP_
        -:  677:#define _TAO_CDR_OP_OpenDDS_DCPS_LocatorSeq_CPP_
        -:  678:
        -:  679:
        -:  680:OPENDDS_END_VERSIONED_NAMESPACE_DECL
        -:  681:
        -:  682:
        -:  683:TAO_BEGIN_VERSIONED_NAMESPACE_DECL
        -:  684:
    #####:  685:::CORBA::Boolean operator<< (
        -:  686:    TAO_OutputCDR &strm,
        -:  687:    const OpenDDS::DCPS::LocatorSeq &_tao_sequence)
        -:  688:{
    #####:  689:  return TAO::marshal_sequence(strm, _tao_sequence);
        -:  690:}
        -:  691:
    #####:  692:::CORBA::Boolean operator>> (
        -:  693:    TAO_InputCDR &strm,
        -:  694:    OpenDDS::DCPS::LocatorSeq &_tao_sequence)
        -:  695:{
    #####:  696:  return TAO::demarshal_sequence(strm, _tao_sequence);
        -:  697:}
        -:  698:
        -:  699:
        -:  700:TAO_END_VERSIONED_NAMESPACE_DECL
        -:  701:
        -:  702:
        -:  703:OPENDDS_BEGIN_VERSIONED_NAMESPACE_DECL
        -:  704:
        -:  705:
        -:  706:#endif /* _TAO_CDR_OP_OpenDDS_DCPS_LocatorSeq_CPP_ */
        -:  707:
        -:  708:// TAO_IDL - Generated from
        -:  709:// be/be_visitor_structure/cdr_op_cs.cpp:52
        -:  710:
        -:  711:
        -:  712:OPENDDS_END_VERSIONED_NAMESPACE_DECL
        -:  713:
        -:  714:
        -:  715:TAO_BEGIN_VERSIONED_NAMESPACE_DECL
        -:  716:
    #####:  717:::CORBA::Boolean operator<< (
        -:  718:    TAO_OutputCDR &strm,
        -:  719:    const OpenDDS::DCPS::ContentFilterProperty_t &_tao_aggregate)
        -:  720:{
        -:  721:  return
    #####:  722:    (strm << ACE_OutputCDR::from_string (_tao_aggregate.contentFilteredTopicName.in (), 256)) &&
    #####:  723:    (strm << ACE_OutputCDR::from_string (_tao_aggregate.relatedTopicName.in (), 256)) &&
    #####:  724:    (strm << ACE_OutputCDR::from_string (_tao_aggregate.filterClassName.in (), 256)) &&
    #####:  725:    (strm << _tao_aggregate.filterExpression.in ()) &&
    #####:  726:    (strm << _tao_aggregate.expressionParameters);
        -:  727:}
        -:  728:
    #####:  729:::CORBA::Boolean operator>> (
        -:  730:    TAO_InputCDR &strm,
        -:  731:    OpenDDS::DCPS::ContentFilterProperty_t &_tao_aggregate)
        -:  732:{
        -:  733:  return
    #####:  734:    (strm >> ACE_InputCDR::to_string (_tao_aggregate.contentFilteredTopicName.out (), 256)) &&
    #####:  735:    (strm >> ACE_InputCDR::to_string (_tao_aggregate.relatedTopicName.out (), 256)) &&
    #####:  736:    (strm >> ACE_InputCDR::to_string (_tao_aggregate.filterClassName.out (), 256)) &&
    #####:  737:    (strm >> _tao_aggregate.filterExpression.out ()) &&
    #####:  738:    (strm >> _tao_aggregate.expressionParameters);
        -:  739:}
        -:  740:
        -:  741:TAO_END_VERSIONED_NAMESPACE_DECL
        -:  742:
        -:  743:
        -:  744:OPENDDS_BEGIN_VERSIONED_NAMESPACE_DECL
        -:  745:
        -:  746:
        -:  747:
        -:  748:
        -:  749:// TAO_IDL - Generated from
        -:  750:// be/be_visitor_structure/cdr_op_cs.cpp:52
        -:  751:
        -:  752:
        -:  753:OPENDDS_END_VERSIONED_NAMESPACE_DECL
        -:  754:
        -:  755:
        -:  756:TAO_BEGIN_VERSIONED_NAMESPACE_DECL
        -:  757:
    #####:  758:::CORBA::Boolean operator<< (
        -:  759:    TAO_OutputCDR &strm,
        -:  760:    const OpenDDS::DCPS::ReaderProxy_t &_tao_aggregate)
        -:  761:{
        -:  762:  return
    #####:  763:    (strm << _tao_aggregate.remoteReaderGuid) &&
    #####:  764:    (strm << ::ACE_OutputCDR::from_boolean (_tao_aggregate.expectsInlineQos)) &&
    #####:  765:    (strm << _tao_aggregate.unicastLocatorList) &&
    #####:  766:    (strm << _tao_aggregate.multicastLocatorList) &&
    #####:  767:    (strm << _tao_aggregate.allLocators) &&
    #####:  768:    (strm << _tao_aggregate.associatedWriters);
        -:  769:}
        -:  770:
    #####:  771:::CORBA::Boolean operator>> (
        -:  772:    TAO_InputCDR &strm,
        -:  773:    OpenDDS::DCPS::ReaderProxy_t &_tao_aggregate)
        -:  774:{
        -:  775:  return
    #####:  776:    (strm >> _tao_aggregate.remoteReaderGuid) &&
    #####:  777:    (strm >> ::ACE_InputCDR::to_boolean (_tao_aggregate.expectsInlineQos)) &&
    #####:  778:    (strm >> _tao_aggregate.unicastLocatorList) &&
    #####:  779:    (strm >> _tao_aggregate.multicastLocatorList) &&
    #####:  780:    (strm >> _tao_aggregate.allLocators) &&
    #####:  781:    (strm >> _tao_aggregate.associatedWriters);
        -:  782:}
        -:  783:
        -:  784:TAO_END_VERSIONED_NAMESPACE_DECL
        -:  785:
        -:  786:
        -:  787:OPENDDS_BEGIN_VERSIONED_NAMESPACE_DECL
        -:  788:
        -:  789:
        -:  790:
        -:  791:
        -:  792:// TAO_IDL - Generated from
        -:  793:// be/be_visitor_structure/cdr_op_cs.cpp:52
        -:  794:
        -:  795:
        -:  796:OPENDDS_END_VERSIONED_NAMESPACE_DECL
        -:  797:
        -:  798:
        -:  799:TAO_BEGIN_VERSIONED_NAMESPACE_DECL
        -:  800:
    #####:  801:::CORBA::Boolean operator<< (
        -:  802:    TAO_OutputCDR &strm,
        -:  803:    const OpenDDS::DCPS::DiscoveredReaderData &_tao_aggregate)
        -:  804:{
        -:  805:  return
    #####:  806:    (strm << _tao_aggregate.ddsSubscriptionData) &&
    #####:  807:    (strm << _tao_aggregate.readerProxy) &&
    #####:  808:    (strm << _tao_aggregate.contentFilterProperty);
        -:  809:}
        -:  810:
    #####:  811:::CORBA::Boolean operator>> (
        -:  812:    TAO_InputCDR &strm,
        -:  813:    OpenDDS::DCPS::DiscoveredReaderData &_tao_aggregate)
        -:  814:{
        -:  815:  return
    #####:  816:    (strm >> _tao_aggregate.ddsSubscriptionData) &&
    #####:  817:    (strm >> _tao_aggregate.readerProxy) &&
    #####:  818:    (strm >> _tao_aggregate.contentFilterProperty);
        -:  819:}
        -:  820:
        -:  821:TAO_END_VERSIONED_NAMESPACE_DECL
        -:  822:
        -:  823:
        -:  824:OPENDDS_BEGIN_VERSIONED_NAMESPACE_DECL
        -:  825:
        -:  826:
        -:  827:
        -:  828:
        -:  829:// TAO_IDL - Generated from
        -:  830:// be/be_visitor_structure/cdr_op_cs.cpp:52
        -:  831:
        -:  832:
        -:  833:OPENDDS_END_VERSIONED_NAMESPACE_DECL
        -:  834:
        -:  835:
        -:  836:TAO_BEGIN_VERSIONED_NAMESPACE_DECL
        -:  837:
    #####:  838:::CORBA::Boolean operator<< (
        -:  839:    TAO_OutputCDR &strm,
        -:  840:    const OpenDDS::DCPS::WriterProxy_t &_tao_aggregate)
        -:  841:{
        -:  842:  return
    #####:  843:    (strm << _tao_aggregate.remoteWriterGuid) &&
    #####:  844:    (strm << _tao_aggregate.unicastLocatorList) &&
    #####:  845:    (strm << _tao_aggregate.multicastLocatorList) &&
    #####:  846:    (strm << _tao_aggregate.allLocators);
        -:  847:}
        -:  848:
    #####:  849:::CORBA::Boolean operator>> (
        -:  850:    TAO_InputCDR &strm,
        -:  851:    OpenDDS::DCPS::WriterProxy_t &_tao_aggregate)
        -:  852:{
        -:  853:  return
    #####:  854:    (strm >> _tao_aggregate.remoteWriterGuid) &&
    #####:  855:    (strm >> _tao_aggregate.unicastLocatorList) &&
    #####:  856:    (strm >> _tao_aggregate.multicastLocatorList) &&
    #####:  857:    (strm >> _tao_aggregate.allLocators);
        -:  858:}
        -:  859:
        -:  860:TAO_END_VERSIONED_NAMESPACE_DECL
        -:  861:
        -:  862:
        -:  863:OPENDDS_BEGIN_VERSIONED_NAMESPACE_DECL
        -:  864:
        -:  865:
        -:  866:
        -:  867:
        -:  868:// TAO_IDL - Generated from
        -:  869:// be/be_visitor_structure/cdr_op_cs.cpp:52
        -:  870:
        -:  871:
        -:  872:OPENDDS_END_VERSIONED_NAMESPACE_DECL
        -:  873:
        -:  874:
        -:  875:TAO_BEGIN_VERSIONED_NAMESPACE_DECL
        -:  876:
    #####:  877:::CORBA::Boolean operator<< (
        -:  878:    TAO_OutputCDR &strm,
        -:  879:    const OpenDDS::DCPS::DiscoveredWriterData &_tao_aggregate)
        -:  880:{
        -:  881:  return
    #####:  882:    (strm << _tao_aggregate.ddsPublicationData) &&
    #####:  883:    (strm << _tao_aggregate.writerProxy);
        -:  884:}
        -:  885:
    #####:  886:::CORBA::Boolean operator>> (
        -:  887:    TAO_InputCDR &strm,
        -:  888:    OpenDDS::DCPS::DiscoveredWriterData &_tao_aggregate)
        -:  889:{
        -:  890:  return
    #####:  891:    (strm >> _tao_aggregate.ddsPublicationData) &&
    #####:  892:    (strm >> _tao_aggregate.writerProxy);
        -:  893:}
        -:  894:
        -:  895:TAO_END_VERSIONED_NAMESPACE_DECL
        -:  896:
        -:  897:
        -:  898:OPENDDS_BEGIN_VERSIONED_NAMESPACE_DECL
        -:  899:
        -:  900:
        -:  901:
        -:  902:
        -:  903:
        -:  904:OPENDDS_END_VERSIONED_NAMESPACE_DECL
        -:  905:
        -:  906:
