        -:    0:Source:DdsDcpsCoreTypeSupportImpl.cpp
        -:    0:Programs:72
        -:    1:/* Generated by /home/ryan/git/OpenDDS-debloat/bin/opendds_idl version 3.13 (ACE version 6.2a_p15) running on input file DdsDcpsCore.idl */
        -:    2:#include "DCPS/DdsDcps_pch.h"
        -:    3:#include "DdsDcpsCoreTypeSupportImpl.h"
        -:    4:
        -:    5:#include <cstring>
        -:    6:#include <stdexcept>
        -:    7:#include "dds/CorbaSeq/LongSeqTypeSupportImpl.h"
        -:    8:#include "dds/CorbaSeq/OctetSeqTypeSupportImpl.h"
        -:    9:#include "dds/DCPS/BuiltInTopicUtils.h"
        -:   10:#include "dds/DCPS/ContentFilteredTopicImpl.h"
        -:   11:#include "dds/DCPS/DataReaderImpl_T.h"
        -:   12:#include "dds/DCPS/DataWriterImpl_T.h"
        -:   13:#include "dds/DCPS/FilterEvaluator.h"
        -:   14:#include "dds/DCPS/MultiTopicDataReader_T.h"
        -:   15:#include "dds/DCPS/PoolAllocator.h"
        -:   16:#include "dds/DCPS/PublicationInstance.h"
        -:   17:#include "dds/DCPS/PublisherImpl.h"
        -:   18:#include "dds/DCPS/Qos_Helper.h"
        -:   19:#include "dds/DCPS/RakeData.h"
        -:   20:#include "dds/DCPS/RakeResults_T.h"
        -:   21:#include "dds/DCPS/ReceivedDataElementList.h"
        -:   22:#include "dds/DCPS/Registered_Data_Types.h"
        -:   23:#include "dds/DCPS/Service_Participant.h"
        -:   24:#include "dds/DCPS/SubscriberImpl.h"
        -:   25:#include "dds/DCPS/Util.h"
        -:   26:#include "dds/DCPS/debug.h"
        -:   27:#include "dds/DdsDcpsDomainC.h"
        -:   28:
        -:   29:
        -:   30:/* Begin MODULE: CORBA */
        -:   31:
        -:   32:
        -:   33:/* End MODULE: CORBA */
        -:   34:
        -:   35:
        -:   36:/* Begin MODULE: CORBA */
        -:   37:
        -:   38:
        -:   39:
        -:   40:/* Begin TYPEDEF: StringSeq */
        -:   41:
        -:   42:
        -:   43:/* End TYPEDEF: StringSeq */
        -:   44:
        -:   45:/* End MODULE: CORBA */
        -:   46:
        -:   47:
        -:   48:/* Begin MODULE: CORBA */
        -:   49:
        -:   50:
        -:   51:
        -:   52:/* Begin TYPEDEF: LongSeq */
        -:   53:
        -:   54:
        -:   55:/* End TYPEDEF: LongSeq */
        -:   56:
        -:   57:/* End MODULE: CORBA */
        -:   58:
        -:   59:
        -:   60:/* Begin MODULE: DDS */
        -:   61:
        -:   62:
        -:   63:
        -:   64:/* Begin TYPEDEF: StringSeq */
        -:   65:
        -:   66:OPENDDS_BEGIN_VERSIONED_NAMESPACE_DECL
        -:   67:namespace OpenDDS { namespace DCPS {
        -:   68:
        6:   69:void gen_find_size(const DDS::StringSeq& seq, size_t& size, size_t& padding)
        -:   70:{
        -:   71:  ACE_UNUSED_ARG(seq);
        -:   72:  ACE_UNUSED_ARG(size);
        -:   73:  ACE_UNUSED_ARG(padding);
        6:   74:  find_size_ulong(size, padding);
        6:   75:  if (seq.length() == 0) {
        6:   76:    return;
        -:   77:  }
    #####:   78:  for (CORBA::ULong i = 0; i < seq.length(); ++i) {
    #####:   79:    find_size_ulong(size, padding);
    #####:   80:    if (seq[i]) {
    #####:   81:      size += ACE_OS::strlen(seq[i]) + 1;
        -:   82:    }
        -:   83:  }
        -:   84:}
        -:   85:
        6:   86:bool operator<<(Serializer& strm, const DDS::StringSeq& seq)
        -:   87:{
        -:   88:  ACE_UNUSED_ARG(strm);
        -:   89:  ACE_UNUSED_ARG(seq);
        6:   90:  const CORBA::ULong length = seq.length();
        6:   91:  if (!(strm << length)) {
    #####:   92:    return false;
        -:   93:  }
        6:   94:  if (length == 0) {
        6:   95:    return true;
        -:   96:  }
    #####:   97:  for (CORBA::ULong i = 0; i < length; ++i) {
    #####:   98:    if (!(strm << seq[i])) {
    #####:   99:      return false;
        -:  100:    }
        -:  101:  }
    #####:  102:  return true;
        -:  103:}
        -:  104:
    #####:  105:bool operator>>(Serializer& strm, DDS::StringSeq& seq)
        -:  106:{
        -:  107:  ACE_UNUSED_ARG(strm);
        -:  108:  ACE_UNUSED_ARG(seq);
        -:  109:  CORBA::ULong length;
    #####:  110:  if (!(strm >> length)) {
    #####:  111:    return false;
        -:  112:  }
    #####:  113:  seq.length(length);
    #####:  114:  for (CORBA::ULong i = 0; i < length; ++i) {
    #####:  115:    if (!(strm >> seq.get_buffer()[i])) {
    #####:  116:      return false;
        -:  117:    }
        -:  118:  }
    #####:  119:  return true;
        -:  120:}
        -:  121:
        -:  122:}  }
        -:  123:OPENDDS_END_VERSIONED_NAMESPACE_DECL
        -:  124:
        -:  125:#ifndef OPENDDS_NO_CONTENT_SUBSCRIPTION_PROFILE
        -:  126:OPENDDS_BEGIN_VERSIONED_NAMESPACE_DECL
        -:  127:namespace OpenDDS { namespace DCPS {
        -:  128:
    #####:  129:bool gen_skip_over(Serializer& ser, DDS::StringSeq*)
        -:  130:{
        -:  131:  ACE_UNUSED_ARG(ser);
        -:  132:  ACE_CDR::ULong length;
    #####:  133:  if (!(ser >> length)) return false;
    #####:  134:  for (ACE_CDR::ULong i = 0; i < length; ++i) {
        -:  135:    ACE_CDR::ULong strlength;
    #####:  136:    if (!(ser >> strlength)) return false;
    #####:  137:    if (!ser.skip(static_cast<ACE_UINT16>(strlength))) return false;
        -:  138:  }
    #####:  139:  return true;
        -:  140:}
        -:  141:
        -:  142:}  }
        -:  143:OPENDDS_END_VERSIONED_NAMESPACE_DECL
        -:  144:
        -:  145:#endif
        -:  146:
        -:  147:/* End TYPEDEF: StringSeq */
        -:  148:
        -:  149:
        -:  150:/* Begin TYPEDEF: InstanceHandle_t */
        -:  151:
        -:  152:
        -:  153:/* End TYPEDEF: InstanceHandle_t */
        -:  154:
        -:  155:
        -:  156:/* Begin TYPEDEF: BuiltinTopicKeyValue */
        -:  157:
        -:  158:OPENDDS_BEGIN_VERSIONED_NAMESPACE_DECL
        -:  159:namespace OpenDDS { namespace DCPS {
        -:  160:
       24:  161:void gen_find_size(const DDS::BuiltinTopicKeyValue_forany& arr, size_t& size, size_t& padding)
        -:  162:{
        -:  163:  ACE_UNUSED_ARG(arr);
        -:  164:  ACE_UNUSED_ARG(size);
        -:  165:  ACE_UNUSED_ARG(padding);
       24:  166:  if ((size + padding) % 4) {
    #####:  167:    padding += 4 - ((size + padding) % 4);
        -:  168:  }
       24:  169:  size += 3 * gen_max_marshaled_size(CORBA::Long());
       24:  170:}
        -:  171:
       24:  172:bool operator<<(Serializer& strm, const DDS::BuiltinTopicKeyValue_forany& arr)
        -:  173:{
        -:  174:  ACE_UNUSED_ARG(strm);
        -:  175:  ACE_UNUSED_ARG(arr);
       24:  176:  return strm.write_long_array(arr.in(), 3);
        -:  177:}
        -:  178:
    #####:  179:bool operator>>(Serializer& strm, DDS::BuiltinTopicKeyValue_forany& arr)
        -:  180:{
        -:  181:  ACE_UNUSED_ARG(strm);
        -:  182:  ACE_UNUSED_ARG(arr);
    #####:  183:  return strm.read_long_array(arr.out(), 3);
        -:  184:}
        -:  185:
        -:  186:}  }
        -:  187:OPENDDS_END_VERSIONED_NAMESPACE_DECL
        -:  188:
        -:  189:#ifndef OPENDDS_NO_CONTENT_SUBSCRIPTION_PROFILE
        -:  190:OPENDDS_BEGIN_VERSIONED_NAMESPACE_DECL
        -:  191:namespace OpenDDS { namespace DCPS {
        -:  192:
    #####:  193:bool gen_skip_over(Serializer& ser, DDS::BuiltinTopicKeyValue_forany*)
        -:  194:{
        -:  195:  ACE_UNUSED_ARG(ser);
    #####:  196:  return ser.skip(static_cast<ACE_UINT16>(3), 4);
        -:  197:}
        -:  198:
        -:  199:}  }
        -:  200:OPENDDS_END_VERSIONED_NAMESPACE_DECL
        -:  201:
        -:  202:#endif
        -:  203:
        -:  204:/* End TYPEDEF: BuiltinTopicKeyValue */
        -:  205:
        -:  206:
        -:  207:/* Begin TYPEDEF: InstanceHandleSeq */
        -:  208:
        -:  209:OPENDDS_BEGIN_VERSIONED_NAMESPACE_DECL
        -:  210:namespace OpenDDS { namespace DCPS {
        -:  211:
    #####:  212:void gen_find_size(const DDS::InstanceHandleSeq& seq, size_t& size, size_t& padding)
        -:  213:{
        -:  214:  ACE_UNUSED_ARG(seq);
        -:  215:  ACE_UNUSED_ARG(size);
        -:  216:  ACE_UNUSED_ARG(padding);
    #####:  217:  find_size_ulong(size, padding);
    #####:  218:  if (seq.length() == 0) {
    #####:  219:    return;
        -:  220:  }
    #####:  221:  size += seq.length() * gen_max_marshaled_size(CORBA::Long());
        -:  222:}
        -:  223:
    #####:  224:bool operator<<(Serializer& strm, const DDS::InstanceHandleSeq& seq)
        -:  225:{
        -:  226:  ACE_UNUSED_ARG(strm);
        -:  227:  ACE_UNUSED_ARG(seq);
    #####:  228:  const CORBA::ULong length = seq.length();
    #####:  229:  if (!(strm << length)) {
    #####:  230:    return false;
        -:  231:  }
    #####:  232:  if (length == 0) {
    #####:  233:    return true;
        -:  234:  }
    #####:  235:  return strm.write_long_array(seq.get_buffer(), length);
        -:  236:}
        -:  237:
    #####:  238:bool operator>>(Serializer& strm, DDS::InstanceHandleSeq& seq)
        -:  239:{
        -:  240:  ACE_UNUSED_ARG(strm);
        -:  241:  ACE_UNUSED_ARG(seq);
        -:  242:  CORBA::ULong length;
    #####:  243:  if (!(strm >> length)) {
    #####:  244:    return false;
        -:  245:  }
    #####:  246:  seq.length(length);
    #####:  247:  if (length == 0) {
    #####:  248:    return true;
        -:  249:  }
    #####:  250:  return strm.read_long_array(seq.get_buffer(), length);
        -:  251:}
        -:  252:
        -:  253:}  }
        -:  254:OPENDDS_END_VERSIONED_NAMESPACE_DECL
        -:  255:
        -:  256:#ifndef OPENDDS_NO_CONTENT_SUBSCRIPTION_PROFILE
        -:  257:OPENDDS_BEGIN_VERSIONED_NAMESPACE_DECL
        -:  258:namespace OpenDDS { namespace DCPS {
        -:  259:
    #####:  260:bool gen_skip_over(Serializer& ser, DDS::InstanceHandleSeq*)
        -:  261:{
        -:  262:  ACE_UNUSED_ARG(ser);
        -:  263:  ACE_CDR::ULong length;
    #####:  264:  if (!(ser >> length)) return false;
    #####:  265:  return ser.skip(static_cast<ACE_UINT16>(length), 4);
        -:  266:}
        -:  267:
        -:  268:}  }
        -:  269:OPENDDS_END_VERSIONED_NAMESPACE_DECL
        -:  270:
        -:  271:#endif
        -:  272:
        -:  273:/* End TYPEDEF: InstanceHandleSeq */
        -:  274:
        -:  275:
        -:  276:/* Begin TYPEDEF: QosPolicyId_t */
        -:  277:
        -:  278:
        -:  279:/* End TYPEDEF: QosPolicyId_t */
        -:  280:
        -:  281:
        -:  282:/* Begin STRUCT: QosPolicyCount */
        -:  283:
        -:  284:OPENDDS_BEGIN_VERSIONED_NAMESPACE_DECL
        -:  285:namespace OpenDDS { namespace DCPS {
        -:  286:
    #####:  287:void gen_find_size(const DDS::QosPolicyCount& stru, size_t& size, size_t& padding)
        -:  288:{
        -:  289:  ACE_UNUSED_ARG(stru);
        -:  290:  ACE_UNUSED_ARG(size);
        -:  291:  ACE_UNUSED_ARG(padding);
    #####:  292:  if ((size + padding) % 4) {
    #####:  293:    padding += 4 - ((size + padding) % 4);
        -:  294:  }
    #####:  295:  size += gen_max_marshaled_size(stru.policy_id);
    #####:  296:  if ((size + padding) % 4) {
    #####:  297:    padding += 4 - ((size + padding) % 4);
        -:  298:  }
    #####:  299:  size += gen_max_marshaled_size(stru.count);
    #####:  300:}
        -:  301:
    #####:  302:bool operator<<(Serializer& strm, const DDS::QosPolicyCount& stru)
        -:  303:{
        -:  304:  ACE_UNUSED_ARG(strm);
        -:  305:  ACE_UNUSED_ARG(stru);
    #####:  306:  return (strm << stru.policy_id)
    #####:  307:    && (strm << stru.count);
        -:  308:}
        -:  309:
    #####:  310:bool operator>>(Serializer& strm, DDS::QosPolicyCount& stru)
        -:  311:{
        -:  312:  ACE_UNUSED_ARG(strm);
        -:  313:  ACE_UNUSED_ARG(stru);
    #####:  314:  return (strm >> stru.policy_id)
    #####:  315:    && (strm >> stru.count);
        -:  316:}
        -:  317:
        -:  318:}  }
        -:  319:OPENDDS_END_VERSIONED_NAMESPACE_DECL
        -:  320:
        -:  321:#ifndef OPENDDS_NO_CONTENT_SUBSCRIPTION_PROFILE
        -:  322:OPENDDS_BEGIN_VERSIONED_NAMESPACE_DECL
        -:  323:namespace OpenDDS { namespace DCPS {
        -:  324:
        -:  325:template<>
    #####:  326:struct MetaStructImpl<DDS::QosPolicyCount> : MetaStruct {
        -:  327:  typedef DDS::QosPolicyCount T;
        -:  328:
        -:  329:#ifndef OPENDDS_NO_MULTI_TOPIC
    #####:  330:  void* allocate() const { return new T; }
        -:  331:
    #####:  332:  void deallocate(void* stru) const { delete static_cast<T*>(stru); }
        -:  333:
    #####:  334:  size_t numDcpsKeys() const { return 0; }
        -:  335:
        -:  336:#endif /* OPENDDS_NO_MULTI_TOPIC */
        -:  337:
    #####:  338:  bool isDcpsKey(const char* field) const
        -:  339:  {
        -:  340:    ACE_UNUSED_ARG(field);
    #####:  341:    return false;
        -:  342:  }
        -:  343:
    #####:  344:  Value getValue(const void* stru, const char* field) const
        -:  345:  {
    #####:  346:    const DDS::QosPolicyCount& typed = *static_cast<const DDS::QosPolicyCount*>(stru);
    #####:  347:    if (std::strcmp(field, "policy_id") == 0) {
    #####:  348:      return typed.policy_id;
        -:  349:    }
    #####:  350:    if (std::strcmp(field, "count") == 0) {
    #####:  351:      return typed.count;
        -:  352:    }
        -:  353:    ACE_UNUSED_ARG(typed);
    #####:  354:    throw std::runtime_error("Field " + OPENDDS_STRING(field) + " not found or its type is not supported (in struct DDS::QosPolicyCount)");
        -:  355:  }
        -:  356:
    #####:  357:  Value getValue(Serializer& ser, const char* field) const
        -:  358:  {
    #####:  359:    if (std::strcmp(field, "policy_id") == 0) {
        -:  360:      ACE_CDR::Long val;
    #####:  361:      if (!(ser >> val)) {
    #####:  362:        throw std::runtime_error("Field 'policy_id' could not be deserialized");
        -:  363:      }
    #####:  364:      return val;
        -:  365:    } else {
    #####:  366:      if (!ser.skip(1, 4)) {
    #####:  367:        throw std::runtime_error("Field 'policy_id' could not be skipped");
        -:  368:      }
        -:  369:    }
    #####:  370:    if (std::strcmp(field, "count") == 0) {
        -:  371:      ACE_CDR::Long val;
    #####:  372:      if (!(ser >> val)) {
    #####:  373:        throw std::runtime_error("Field 'count' could not be deserialized");
        -:  374:      }
    #####:  375:      return val;
        -:  376:    } else {
    #####:  377:      if (!ser.skip(1, 4)) {
    #####:  378:        throw std::runtime_error("Field 'count' could not be skipped");
        -:  379:      }
        -:  380:    }
    #####:  381:    if (!field[0]) {
    #####:  382:      return 0;
        -:  383:    }
    #####:  384:    throw std::runtime_error("Field " + OPENDDS_STRING(field) + " not valid for struct DDS::QosPolicyCount");
        -:  385:  }
        -:  386:
    #####:  387:  ComparatorBase::Ptr create_qc_comparator(const char* field, ComparatorBase::Ptr next) const
        -:  388:  {
        -:  389:    ACE_UNUSED_ARG(next);
    #####:  390:    if (std::strcmp(field, "policy_id") == 0) {
    #####:  391:      return make_field_cmp(&T::policy_id, next);
        -:  392:    }
    #####:  393:    if (std::strcmp(field, "count") == 0) {
    #####:  394:      return make_field_cmp(&T::count, next);
        -:  395:    }
    #####:  396:    throw std::runtime_error("Field " + OPENDDS_STRING(field) + " not found or its type is not supported (in struct DDS::QosPolicyCount)");
        -:  397:  }
        -:  398:
        -:  399:#ifndef OPENDDS_NO_MULTI_TOPIC
    #####:  400:  const char** getFieldNames() const
        -:  401:  {
        -:  402:    static const char* names[] = {"policy_id", "count", 0};
    #####:  403:    return names;
        -:  404:  }
        -:  405:
    #####:  406:  const void* getRawField(const void* stru, const char* field) const
        -:  407:  {
    #####:  408:    if (std::strcmp(field, "policy_id") == 0) {
    #####:  409:      return &static_cast<const T*>(stru)->policy_id;
        -:  410:    }
    #####:  411:    if (std::strcmp(field, "count") == 0) {
    #####:  412:      return &static_cast<const T*>(stru)->count;
        -:  413:    }
    #####:  414:    throw std::runtime_error("Field " + OPENDDS_STRING(field) + " not found or its type is not supported (in struct DDS::QosPolicyCount)");
        -:  415:  }
        -:  416:
    #####:  417:  void assign(void* lhs, const char* field, const void* rhs,
        -:  418:    const char* rhsFieldSpec, const MetaStruct& rhsMeta) const
        -:  419:  {
        -:  420:    ACE_UNUSED_ARG(lhs);
        -:  421:    ACE_UNUSED_ARG(field);
        -:  422:    ACE_UNUSED_ARG(rhs);
        -:  423:    ACE_UNUSED_ARG(rhsFieldSpec);
        -:  424:    ACE_UNUSED_ARG(rhsMeta);
    #####:  425:    if (std::strcmp(field, "policy_id") == 0) {
    #####:  426:      static_cast<T*>(lhs)->policy_id = *static_cast<const DDS::QosPolicyId_t*>(rhsMeta.getRawField(rhs, rhsFieldSpec));
    #####:  427:      return;
        -:  428:    }
    #####:  429:    if (std::strcmp(field, "count") == 0) {
    #####:  430:      static_cast<T*>(lhs)->count = *static_cast<const CORBA::Long*>(rhsMeta.getRawField(rhs, rhsFieldSpec));
    #####:  431:      return;
        -:  432:    }
    #####:  433:    throw std::runtime_error("Field " + OPENDDS_STRING(field) + " not found or its type is not supported (in struct DDS::QosPolicyCount)");
        -:  434:  }
        -:  435:#endif /* OPENDDS_NO_MULTI_TOPIC */
        -:  436:
    #####:  437:  bool compare(const void* lhs, const void* rhs, const char* field) const
        -:  438:  {
        -:  439:    ACE_UNUSED_ARG(lhs);
        -:  440:    ACE_UNUSED_ARG(field);
        -:  441:    ACE_UNUSED_ARG(rhs);
    #####:  442:    if (std::strcmp(field, "policy_id") == 0) {
    #####:  443:      return static_cast<const T*>(lhs)->policy_id == static_cast<const T*>(rhs)->policy_id;
        -:  444:    }
    #####:  445:    if (std::strcmp(field, "count") == 0) {
    #####:  446:      return static_cast<const T*>(lhs)->count == static_cast<const T*>(rhs)->count;
        -:  447:    }
    #####:  448:    throw std::runtime_error("Field " + OPENDDS_STRING(field) + " not found or its type is not supported (in struct DDS::QosPolicyCount)");
        -:  449:  }
        -:  450:};
        -:  451:
        -:  452:template<>
    #####:  453:const MetaStruct& getMetaStruct<DDS::QosPolicyCount>()
        -:  454:{
    #####:  455:  static MetaStructImpl<DDS::QosPolicyCount> msi;
    #####:  456:  return msi;
        -:  457:}
        -:  458:
    #####:  459:bool gen_skip_over(Serializer& ser, DDS::QosPolicyCount*)
        -:  460:{
        -:  461:  ACE_UNUSED_ARG(ser);
    #####:  462:  MetaStructImpl<DDS::QosPolicyCount>().getValue(ser, "");
    #####:  463:  return true;
        -:  464:}
        -:  465:
        -:  466:}  }
        -:  467:OPENDDS_END_VERSIONED_NAMESPACE_DECL
        -:  468:
        -:  469:#endif
        -:  470:
        -:  471:/* End STRUCT: QosPolicyCount */
        -:  472:
        -:  473:
        -:  474:/* Begin TYPEDEF: QosPolicyCountSeq */
        -:  475:
        -:  476:OPENDDS_BEGIN_VERSIONED_NAMESPACE_DECL
        -:  477:namespace OpenDDS { namespace DCPS {
        -:  478:
    #####:  479:void gen_find_size(const DDS::QosPolicyCountSeq& seq, size_t& size, size_t& padding)
        -:  480:{
        -:  481:  ACE_UNUSED_ARG(seq);
        -:  482:  ACE_UNUSED_ARG(size);
        -:  483:  ACE_UNUSED_ARG(padding);
    #####:  484:  find_size_ulong(size, padding);
    #####:  485:  if (seq.length() == 0) {
    #####:  486:    return;
        -:  487:  }
    #####:  488:  for (CORBA::ULong i = 0; i < seq.length(); ++i) {
    #####:  489:    gen_find_size(seq[i], size, padding);
        -:  490:  }
        -:  491:}
        -:  492:
    #####:  493:bool operator<<(Serializer& strm, const DDS::QosPolicyCountSeq& seq)
        -:  494:{
        -:  495:  ACE_UNUSED_ARG(strm);
        -:  496:  ACE_UNUSED_ARG(seq);
    #####:  497:  const CORBA::ULong length = seq.length();
    #####:  498:  if (!(strm << length)) {
    #####:  499:    return false;
        -:  500:  }
    #####:  501:  if (length == 0) {
    #####:  502:    return true;
        -:  503:  }
    #####:  504:  for (CORBA::ULong i = 0; i < length; ++i) {
    #####:  505:    if (!(strm << seq[i])) {
    #####:  506:      return false;
        -:  507:    }
        -:  508:  }
    #####:  509:  return true;
        -:  510:}
        -:  511:
    #####:  512:bool operator>>(Serializer& strm, DDS::QosPolicyCountSeq& seq)
        -:  513:{
        -:  514:  ACE_UNUSED_ARG(strm);
        -:  515:  ACE_UNUSED_ARG(seq);
        -:  516:  CORBA::ULong length;
    #####:  517:  if (!(strm >> length)) {
    #####:  518:    return false;
        -:  519:  }
    #####:  520:  seq.length(length);
    #####:  521:  for (CORBA::ULong i = 0; i < length; ++i) {
    #####:  522:    if (!(strm >> seq[i])) {
    #####:  523:      return false;
        -:  524:    }
        -:  525:  }
    #####:  526:  return true;
        -:  527:}
        -:  528:
        -:  529:}  }
        -:  530:OPENDDS_END_VERSIONED_NAMESPACE_DECL
        -:  531:
        -:  532:#ifndef OPENDDS_NO_CONTENT_SUBSCRIPTION_PROFILE
        -:  533:OPENDDS_BEGIN_VERSIONED_NAMESPACE_DECL
        -:  534:namespace OpenDDS { namespace DCPS {
        -:  535:
    #####:  536:bool gen_skip_over(Serializer& ser, DDS::QosPolicyCountSeq*)
        -:  537:{
        -:  538:  ACE_UNUSED_ARG(ser);
        -:  539:  ACE_CDR::ULong length;
    #####:  540:  if (!(ser >> length)) return false;
    #####:  541:  for (ACE_CDR::ULong i = 0; i < length; ++i) {
    #####:  542:    if (!gen_skip_over(ser, static_cast<DDS::QosPolicyCount*>(0))) return false;
        -:  543:  }
    #####:  544:  return true;
        -:  545:}
        -:  546:
        -:  547:}  }
        -:  548:OPENDDS_END_VERSIONED_NAMESPACE_DECL
        -:  549:
        -:  550:#endif
        -:  551:
        -:  552:/* End TYPEDEF: QosPolicyCountSeq */
        -:  553:
        -:  554:
        -:  555:/* Begin TYPEDEF: OctetSeq */
        -:  556:
        -:  557:OPENDDS_BEGIN_VERSIONED_NAMESPACE_DECL
        -:  558:namespace OpenDDS { namespace DCPS {
        -:  559:
       30:  560:void gen_find_size(const DDS::OctetSeq& seq, size_t& size, size_t& padding)
        -:  561:{
        -:  562:  ACE_UNUSED_ARG(seq);
        -:  563:  ACE_UNUSED_ARG(size);
        -:  564:  ACE_UNUSED_ARG(padding);
       30:  565:  find_size_ulong(size, padding);
       30:  566:  if (seq.length() == 0) {
       30:  567:    return;
        -:  568:  }
    #####:  569:  size += seq.length() * max_marshaled_size_octet();
        -:  570:}
        -:  571:
       30:  572:bool operator<<(Serializer& strm, const DDS::OctetSeq& seq)
        -:  573:{
        -:  574:  ACE_UNUSED_ARG(strm);
        -:  575:  ACE_UNUSED_ARG(seq);
       30:  576:  const CORBA::ULong length = seq.length();
       30:  577:  if (!(strm << length)) {
    #####:  578:    return false;
        -:  579:  }
       30:  580:  if (length == 0) {
       30:  581:    return true;
        -:  582:  }
    #####:  583:  return strm.write_octet_array(seq.get_buffer(), length);
        -:  584:}
        -:  585:
    #####:  586:bool operator>>(Serializer& strm, DDS::OctetSeq& seq)
        -:  587:{
        -:  588:  ACE_UNUSED_ARG(strm);
        -:  589:  ACE_UNUSED_ARG(seq);
        -:  590:  CORBA::ULong length;
    #####:  591:  if (!(strm >> length)) {
    #####:  592:    return false;
        -:  593:  }
    #####:  594:  seq.length(length);
    #####:  595:  if (length == 0) {
    #####:  596:    return true;
        -:  597:  }
    #####:  598:  return strm.read_octet_array(seq.get_buffer(), length);
        -:  599:}
        -:  600:
        -:  601:}  }
        -:  602:OPENDDS_END_VERSIONED_NAMESPACE_DECL
        -:  603:
        -:  604:#ifndef OPENDDS_NO_CONTENT_SUBSCRIPTION_PROFILE
        -:  605:OPENDDS_BEGIN_VERSIONED_NAMESPACE_DECL
        -:  606:namespace OpenDDS { namespace DCPS {
        -:  607:
    #####:  608:bool gen_skip_over(Serializer& ser, DDS::OctetSeq*)
        -:  609:{
        -:  610:  ACE_UNUSED_ARG(ser);
        -:  611:  ACE_CDR::ULong length;
    #####:  612:  if (!(ser >> length)) return false;
    #####:  613:  return ser.skip(static_cast<ACE_UINT16>(length), 1);
        -:  614:}
        -:  615:
        -:  616:}  }
        -:  617:OPENDDS_END_VERSIONED_NAMESPACE_DECL
        -:  618:
        -:  619:#endif
        -:  620:
        -:  621:/* End TYPEDEF: OctetSeq */
        -:  622:
        -:  623:
        -:  624:/* Begin STRUCT: Duration_t */
        -:  625:
        -:  626:OPENDDS_BEGIN_VERSIONED_NAMESPACE_DECL
        -:  627:namespace OpenDDS { namespace DCPS {
        -:  628:
       69:  629:void gen_find_size(const DDS::Duration_t& stru, size_t& size, size_t& padding)
        -:  630:{
        -:  631:  ACE_UNUSED_ARG(stru);
        -:  632:  ACE_UNUSED_ARG(size);
        -:  633:  ACE_UNUSED_ARG(padding);
       69:  634:  if ((size + padding) % 4) {
    #####:  635:    padding += 4 - ((size + padding) % 4);
        -:  636:  }
       69:  637:  size += gen_max_marshaled_size(stru.sec);
       69:  638:  if ((size + padding) % 4) {
    #####:  639:    padding += 4 - ((size + padding) % 4);
        -:  640:  }
       69:  641:  size += gen_max_marshaled_size(stru.nanosec);
       69:  642:}
        -:  643:
       69:  644:bool operator<<(Serializer& strm, const DDS::Duration_t& stru)
        -:  645:{
        -:  646:  ACE_UNUSED_ARG(strm);
        -:  647:  ACE_UNUSED_ARG(stru);
       69:  648:  return (strm << stru.sec)
       69:  649:    && (strm << stru.nanosec);
        -:  650:}
        -:  651:
    #####:  652:bool operator>>(Serializer& strm, DDS::Duration_t& stru)
        -:  653:{
        -:  654:  ACE_UNUSED_ARG(strm);
        -:  655:  ACE_UNUSED_ARG(stru);
    #####:  656:  return (strm >> stru.sec)
    #####:  657:    && (strm >> stru.nanosec);
        -:  658:}
        -:  659:
        -:  660:}  }
        -:  661:OPENDDS_END_VERSIONED_NAMESPACE_DECL
        -:  662:
        -:  663:#ifndef OPENDDS_NO_CONTENT_SUBSCRIPTION_PROFILE
        -:  664:OPENDDS_BEGIN_VERSIONED_NAMESPACE_DECL
        -:  665:namespace OpenDDS { namespace DCPS {
        -:  666:
        -:  667:template<>
    #####:  668:struct MetaStructImpl<DDS::Duration_t> : MetaStruct {
        -:  669:  typedef DDS::Duration_t T;
        -:  670:
        -:  671:#ifndef OPENDDS_NO_MULTI_TOPIC
    #####:  672:  void* allocate() const { return new T; }
        -:  673:
    #####:  674:  void deallocate(void* stru) const { delete static_cast<T*>(stru); }
        -:  675:
    #####:  676:  size_t numDcpsKeys() const { return 0; }
        -:  677:
        -:  678:#endif /* OPENDDS_NO_MULTI_TOPIC */
        -:  679:
    #####:  680:  bool isDcpsKey(const char* field) const
        -:  681:  {
        -:  682:    ACE_UNUSED_ARG(field);
    #####:  683:    return false;
        -:  684:  }
        -:  685:
    #####:  686:  Value getValue(const void* stru, const char* field) const
        -:  687:  {
    #####:  688:    const DDS::Duration_t& typed = *static_cast<const DDS::Duration_t*>(stru);
    #####:  689:    if (std::strcmp(field, "sec") == 0) {
    #####:  690:      return typed.sec;
        -:  691:    }
    #####:  692:    if (std::strcmp(field, "nanosec") == 0) {
    #####:  693:      return typed.nanosec;
        -:  694:    }
        -:  695:    ACE_UNUSED_ARG(typed);
    #####:  696:    throw std::runtime_error("Field " + OPENDDS_STRING(field) + " not found or its type is not supported (in struct DDS::Duration_t)");
        -:  697:  }
        -:  698:
    #####:  699:  Value getValue(Serializer& ser, const char* field) const
        -:  700:  {
    #####:  701:    if (std::strcmp(field, "sec") == 0) {
        -:  702:      ACE_CDR::Long val;
    #####:  703:      if (!(ser >> val)) {
    #####:  704:        throw std::runtime_error("Field 'sec' could not be deserialized");
        -:  705:      }
    #####:  706:      return val;
        -:  707:    } else {
    #####:  708:      if (!ser.skip(1, 4)) {
    #####:  709:        throw std::runtime_error("Field 'sec' could not be skipped");
        -:  710:      }
        -:  711:    }
    #####:  712:    if (std::strcmp(field, "nanosec") == 0) {
        -:  713:      ACE_CDR::ULong val;
    #####:  714:      if (!(ser >> val)) {
    #####:  715:        throw std::runtime_error("Field 'nanosec' could not be deserialized");
        -:  716:      }
    #####:  717:      return val;
        -:  718:    } else {
    #####:  719:      if (!ser.skip(1, 4)) {
    #####:  720:        throw std::runtime_error("Field 'nanosec' could not be skipped");
        -:  721:      }
        -:  722:    }
    #####:  723:    if (!field[0]) {
    #####:  724:      return 0;
        -:  725:    }
    #####:  726:    throw std::runtime_error("Field " + OPENDDS_STRING(field) + " not valid for struct DDS::Duration_t");
        -:  727:  }
        -:  728:
    #####:  729:  ComparatorBase::Ptr create_qc_comparator(const char* field, ComparatorBase::Ptr next) const
        -:  730:  {
        -:  731:    ACE_UNUSED_ARG(next);
    #####:  732:    if (std::strcmp(field, "sec") == 0) {
    #####:  733:      return make_field_cmp(&T::sec, next);
        -:  734:    }
    #####:  735:    if (std::strcmp(field, "nanosec") == 0) {
    #####:  736:      return make_field_cmp(&T::nanosec, next);
        -:  737:    }
    #####:  738:    throw std::runtime_error("Field " + OPENDDS_STRING(field) + " not found or its type is not supported (in struct DDS::Duration_t)");
        -:  739:  }
        -:  740:
        -:  741:#ifndef OPENDDS_NO_MULTI_TOPIC
    #####:  742:  const char** getFieldNames() const
        -:  743:  {
        -:  744:    static const char* names[] = {"sec", "nanosec", 0};
    #####:  745:    return names;
        -:  746:  }
        -:  747:
    #####:  748:  const void* getRawField(const void* stru, const char* field) const
        -:  749:  {
    #####:  750:    if (std::strcmp(field, "sec") == 0) {
    #####:  751:      return &static_cast<const T*>(stru)->sec;
        -:  752:    }
    #####:  753:    if (std::strcmp(field, "nanosec") == 0) {
    #####:  754:      return &static_cast<const T*>(stru)->nanosec;
        -:  755:    }
    #####:  756:    throw std::runtime_error("Field " + OPENDDS_STRING(field) + " not found or its type is not supported (in struct DDS::Duration_t)");
        -:  757:  }
        -:  758:
    #####:  759:  void assign(void* lhs, const char* field, const void* rhs,
        -:  760:    const char* rhsFieldSpec, const MetaStruct& rhsMeta) const
        -:  761:  {
        -:  762:    ACE_UNUSED_ARG(lhs);
        -:  763:    ACE_UNUSED_ARG(field);
        -:  764:    ACE_UNUSED_ARG(rhs);
        -:  765:    ACE_UNUSED_ARG(rhsFieldSpec);
        -:  766:    ACE_UNUSED_ARG(rhsMeta);
    #####:  767:    if (std::strcmp(field, "sec") == 0) {
    #####:  768:      static_cast<T*>(lhs)->sec = *static_cast<const CORBA::Long*>(rhsMeta.getRawField(rhs, rhsFieldSpec));
    #####:  769:      return;
        -:  770:    }
    #####:  771:    if (std::strcmp(field, "nanosec") == 0) {
    #####:  772:      static_cast<T*>(lhs)->nanosec = *static_cast<const CORBA::ULong*>(rhsMeta.getRawField(rhs, rhsFieldSpec));
    #####:  773:      return;
        -:  774:    }
    #####:  775:    throw std::runtime_error("Field " + OPENDDS_STRING(field) + " not found or its type is not supported (in struct DDS::Duration_t)");
        -:  776:  }
        -:  777:#endif /* OPENDDS_NO_MULTI_TOPIC */
        -:  778:
    #####:  779:  bool compare(const void* lhs, const void* rhs, const char* field) const
        -:  780:  {
        -:  781:    ACE_UNUSED_ARG(lhs);
        -:  782:    ACE_UNUSED_ARG(field);
        -:  783:    ACE_UNUSED_ARG(rhs);
    #####:  784:    if (std::strcmp(field, "sec") == 0) {
    #####:  785:      return static_cast<const T*>(lhs)->sec == static_cast<const T*>(rhs)->sec;
        -:  786:    }
    #####:  787:    if (std::strcmp(field, "nanosec") == 0) {
    #####:  788:      return static_cast<const T*>(lhs)->nanosec == static_cast<const T*>(rhs)->nanosec;
        -:  789:    }
    #####:  790:    throw std::runtime_error("Field " + OPENDDS_STRING(field) + " not found or its type is not supported (in struct DDS::Duration_t)");
        -:  791:  }
        -:  792:};
        -:  793:
        -:  794:template<>
    #####:  795:const MetaStruct& getMetaStruct<DDS::Duration_t>()
        -:  796:{
    #####:  797:  static MetaStructImpl<DDS::Duration_t> msi;
    #####:  798:  return msi;
        -:  799:}
        -:  800:
    #####:  801:bool gen_skip_over(Serializer& ser, DDS::Duration_t*)
        -:  802:{
        -:  803:  ACE_UNUSED_ARG(ser);
    #####:  804:  MetaStructImpl<DDS::Duration_t>().getValue(ser, "");
    #####:  805:  return true;
        -:  806:}
        -:  807:
        -:  808:}  }
        -:  809:OPENDDS_END_VERSIONED_NAMESPACE_DECL
        -:  810:
        -:  811:#endif
        -:  812:
        -:  813:/* End STRUCT: Duration_t */
        -:  814:
        -:  815:
        -:  816:/* Begin CONST: DURATION_INFINITE_SEC */
        -:  817:
        -:  818:
        -:  819:/* End CONST: DURATION_INFINITE_SEC */
        -:  820:
        -:  821:
        -:  822:/* Begin CONST: DURATION_INFINITE_NSEC */
        -:  823:
        -:  824:
        -:  825:/* End CONST: DURATION_INFINITE_NSEC */
        -:  826:
        -:  827:
        -:  828:/* Begin CONST: DURATION_ZERO_SEC */
        -:  829:
        -:  830:
        -:  831:/* End CONST: DURATION_ZERO_SEC */
        -:  832:
        -:  833:
        -:  834:/* Begin CONST: DURATION_ZERO_NSEC */
        -:  835:
        -:  836:
        -:  837:/* End CONST: DURATION_ZERO_NSEC */
        -:  838:
        -:  839:
        -:  840:/* Begin STRUCT: Property_t */
        -:  841:
        -:  842:OPENDDS_BEGIN_VERSIONED_NAMESPACE_DECL
        -:  843:namespace OpenDDS { namespace DCPS {
        -:  844:
    #####:  845:void gen_find_size(const DDS::Property_t& stru, size_t& size, size_t& padding)
        -:  846:{
        -:  847:  ACE_UNUSED_ARG(stru);
        -:  848:  ACE_UNUSED_ARG(size);
        -:  849:  ACE_UNUSED_ARG(padding);
    #####:  850:  if (stru.propagate) {
    #####:  851:    find_size_ulong(size, padding);
    #####:  852:    size += ACE_OS::strlen(stru.name.in()) + 1;
    #####:  853:    find_size_ulong(size, padding);
    #####:  854:    size += ACE_OS::strlen(stru.value.in()) + 1;
        -:  855:  }
    #####:  856:}
        -:  857:
    #####:  858:bool operator<<(Serializer& strm, const DDS::Property_t& stru)
        -:  859:{
        -:  860:  ACE_UNUSED_ARG(strm);
        -:  861:  ACE_UNUSED_ARG(stru);
    #####:  862:  if (stru.propagate) {
    #####:  863:    return (strm << stru.name.in()) && (strm << stru.value.in());
        -:  864:  }
    #####:  865:  return true;
        -:  866:}
        -:  867:
    #####:  868:bool operator>>(Serializer& strm, DDS::Property_t& stru)
        -:  869:{
        -:  870:  ACE_UNUSED_ARG(strm);
        -:  871:  ACE_UNUSED_ARG(stru);
    #####:  872:  stru.propagate = true;
    #####:  873:  return (strm >> stru.name.out()) && (strm >> stru.value.out());
        -:  874:}
        -:  875:
        -:  876:}  }
        -:  877:OPENDDS_END_VERSIONED_NAMESPACE_DECL
        -:  878:
        -:  879:#ifndef OPENDDS_NO_CONTENT_SUBSCRIPTION_PROFILE
        -:  880:OPENDDS_BEGIN_VERSIONED_NAMESPACE_DECL
        -:  881:namespace OpenDDS { namespace DCPS {
        -:  882:
        -:  883:template<>
    #####:  884:struct MetaStructImpl<DDS::Property_t> : MetaStruct {
        -:  885:  typedef DDS::Property_t T;
        -:  886:
        -:  887:#ifndef OPENDDS_NO_MULTI_TOPIC
    #####:  888:  void* allocate() const { return new T; }
        -:  889:
    #####:  890:  void deallocate(void* stru) const { delete static_cast<T*>(stru); }
        -:  891:
    #####:  892:  size_t numDcpsKeys() const { return 0; }
        -:  893:
        -:  894:#endif /* OPENDDS_NO_MULTI_TOPIC */
        -:  895:
    #####:  896:  bool isDcpsKey(const char* field) const
        -:  897:  {
        -:  898:    ACE_UNUSED_ARG(field);
    #####:  899:    return false;
        -:  900:  }
        -:  901:
    #####:  902:  Value getValue(const void* stru, const char* field) const
        -:  903:  {
    #####:  904:    const DDS::Property_t& typed = *static_cast<const DDS::Property_t*>(stru);
    #####:  905:    if (std::strcmp(field, "name") == 0) {
    #####:  906:      return typed.name.in();
        -:  907:    }
    #####:  908:    if (std::strcmp(field, "value") == 0) {
    #####:  909:      return typed.value.in();
        -:  910:    }
    #####:  911:    if (std::strcmp(field, "propagate") == 0) {
    #####:  912:      return typed.propagate;
        -:  913:    }
        -:  914:    ACE_UNUSED_ARG(typed);
    #####:  915:    throw std::runtime_error("Field " + OPENDDS_STRING(field) + " not found or its type is not supported (in struct DDS::Property_t)");
        -:  916:  }
        -:  917:
    #####:  918:  Value getValue(Serializer& ser, const char* field) const
        -:  919:  {
    #####:  920:    if (std::strcmp(field, "name") == 0) {
    #####:  921:      TAO::String_Manager val;
    #####:  922:      if (!(ser >> val.out())) {
    #####:  923:        throw std::runtime_error("Field 'name' could not be deserialized");
        -:  924:      }
    #####:  925:      return val;
        -:  926:    } else {
        -:  927:      ACE_CDR::ULong len;
    #####:  928:      if (!(ser >> len)) {
    #####:  929:        throw std::runtime_error("String 'name' length could not be deserialized");
        -:  930:      }
    #####:  931:      if (!ser.skip(static_cast<ACE_UINT16>(len))) {
    #####:  932:        throw std::runtime_error("String 'name' contents could not be skipped");
        -:  933:      }
        -:  934:    }
    #####:  935:    if (std::strcmp(field, "value") == 0) {
    #####:  936:      TAO::String_Manager val;
    #####:  937:      if (!(ser >> val.out())) {
    #####:  938:        throw std::runtime_error("Field 'value' could not be deserialized");
        -:  939:      }
    #####:  940:      return val;
        -:  941:    } else {
        -:  942:      ACE_CDR::ULong len;
    #####:  943:      if (!(ser >> len)) {
    #####:  944:        throw std::runtime_error("String 'value' length could not be deserialized");
        -:  945:      }
    #####:  946:      if (!ser.skip(static_cast<ACE_UINT16>(len))) {
    #####:  947:        throw std::runtime_error("String 'value' contents could not be skipped");
        -:  948:      }
        -:  949:    }
    #####:  950:    if (std::strcmp(field, "propagate") == 0) {
        -:  951:      ACE_CDR::Boolean val;
    #####:  952:      if (!(ser >> ACE_InputCDR::to_boolean(val))) {
    #####:  953:        throw std::runtime_error("Field 'propagate' could not be deserialized");
        -:  954:      }
    #####:  955:      return val;
        -:  956:    } else {
    #####:  957:      if (!ser.skip(1, 1)) {
    #####:  958:        throw std::runtime_error("Field 'propagate' could not be skipped");
        -:  959:      }
        -:  960:    }
    #####:  961:    if (!field[0]) {
    #####:  962:      return 0;
        -:  963:    }
    #####:  964:    throw std::runtime_error("Field " + OPENDDS_STRING(field) + " not valid for struct DDS::Property_t");
        -:  965:  }
        -:  966:
    #####:  967:  ComparatorBase::Ptr create_qc_comparator(const char* field, ComparatorBase::Ptr next) const
        -:  968:  {
        -:  969:    ACE_UNUSED_ARG(next);
    #####:  970:    if (std::strcmp(field, "name") == 0) {
    #####:  971:      return make_field_cmp(&T::name, next);
        -:  972:    }
    #####:  973:    if (std::strcmp(field, "value") == 0) {
    #####:  974:      return make_field_cmp(&T::value, next);
        -:  975:    }
    #####:  976:    if (std::strcmp(field, "propagate") == 0) {
    #####:  977:      return make_field_cmp(&T::propagate, next);
        -:  978:    }
    #####:  979:    throw std::runtime_error("Field " + OPENDDS_STRING(field) + " not found or its type is not supported (in struct DDS::Property_t)");
        -:  980:  }
        -:  981:
        -:  982:#ifndef OPENDDS_NO_MULTI_TOPIC
    #####:  983:  const char** getFieldNames() const
        -:  984:  {
        -:  985:    static const char* names[] = {"name", "value", "propagate", 0};
    #####:  986:    return names;
        -:  987:  }
        -:  988:
    #####:  989:  const void* getRawField(const void* stru, const char* field) const
        -:  990:  {
    #####:  991:    if (std::strcmp(field, "name") == 0) {
    #####:  992:      return &static_cast<const T*>(stru)->name;
        -:  993:    }
    #####:  994:    if (std::strcmp(field, "value") == 0) {
    #####:  995:      return &static_cast<const T*>(stru)->value;
        -:  996:    }
    #####:  997:    if (std::strcmp(field, "propagate") == 0) {
    #####:  998:      return &static_cast<const T*>(stru)->propagate;
        -:  999:    }
    #####: 1000:    throw std::runtime_error("Field " + OPENDDS_STRING(field) + " not found or its type is not supported (in struct DDS::Property_t)");
        -: 1001:  }
        -: 1002:
    #####: 1003:  void assign(void* lhs, const char* field, const void* rhs,
        -: 1004:    const char* rhsFieldSpec, const MetaStruct& rhsMeta) const
        -: 1005:  {
        -: 1006:    ACE_UNUSED_ARG(lhs);
        -: 1007:    ACE_UNUSED_ARG(field);
        -: 1008:    ACE_UNUSED_ARG(rhs);
        -: 1009:    ACE_UNUSED_ARG(rhsFieldSpec);
        -: 1010:    ACE_UNUSED_ARG(rhsMeta);
    #####: 1011:    if (std::strcmp(field, "name") == 0) {
    #####: 1012:      static_cast<T*>(lhs)->name = *static_cast<const TAO::String_Manager*>(rhsMeta.getRawField(rhs, rhsFieldSpec));
    #####: 1013:      return;
        -: 1014:    }
    #####: 1015:    if (std::strcmp(field, "value") == 0) {
    #####: 1016:      static_cast<T*>(lhs)->value = *static_cast<const TAO::String_Manager*>(rhsMeta.getRawField(rhs, rhsFieldSpec));
    #####: 1017:      return;
        -: 1018:    }
    #####: 1019:    if (std::strcmp(field, "propagate") == 0) {
    #####: 1020:      static_cast<T*>(lhs)->propagate = *static_cast<const CORBA::Boolean*>(rhsMeta.getRawField(rhs, rhsFieldSpec));
    #####: 1021:      return;
        -: 1022:    }
    #####: 1023:    throw std::runtime_error("Field " + OPENDDS_STRING(field) + " not found or its type is not supported (in struct DDS::Property_t)");
        -: 1024:  }
        -: 1025:#endif /* OPENDDS_NO_MULTI_TOPIC */
        -: 1026:
    #####: 1027:  bool compare(const void* lhs, const void* rhs, const char* field) const
        -: 1028:  {
        -: 1029:    ACE_UNUSED_ARG(lhs);
        -: 1030:    ACE_UNUSED_ARG(field);
        -: 1031:    ACE_UNUSED_ARG(rhs);
    #####: 1032:    if (std::strcmp(field, "name") == 0) {
    #####: 1033:      return 0 == ACE_OS::strcmp(static_cast<const T*>(lhs)->name.in(), static_cast<const T*>(rhs)->name.in());
        -: 1034:    }
    #####: 1035:    if (std::strcmp(field, "value") == 0) {
    #####: 1036:      return 0 == ACE_OS::strcmp(static_cast<const T*>(lhs)->value.in(), static_cast<const T*>(rhs)->value.in());
        -: 1037:    }
    #####: 1038:    if (std::strcmp(field, "propagate") == 0) {
    #####: 1039:      return static_cast<const T*>(lhs)->propagate == static_cast<const T*>(rhs)->propagate;
        -: 1040:    }
    #####: 1041:    throw std::runtime_error("Field " + OPENDDS_STRING(field) + " not found or its type is not supported (in struct DDS::Property_t)");
        -: 1042:  }
        -: 1043:};
        -: 1044:
        -: 1045:template<>
    #####: 1046:const MetaStruct& getMetaStruct<DDS::Property_t>()
        -: 1047:{
    #####: 1048:  static MetaStructImpl<DDS::Property_t> msi;
    #####: 1049:  return msi;
        -: 1050:}
        -: 1051:
    #####: 1052:bool gen_skip_over(Serializer& ser, DDS::Property_t*)
        -: 1053:{
        -: 1054:  ACE_UNUSED_ARG(ser);
    #####: 1055:  MetaStructImpl<DDS::Property_t>().getValue(ser, "");
    #####: 1056:  return true;
        -: 1057:}
        -: 1058:
        -: 1059:}  }
        -: 1060:OPENDDS_END_VERSIONED_NAMESPACE_DECL
        -: 1061:
        -: 1062:#endif
        -: 1063:
        -: 1064:/* End STRUCT: Property_t */
        -: 1065:
        -: 1066:
        -: 1067:/* Begin TYPEDEF: PropertySeq */
        -: 1068:
        -: 1069:OPENDDS_BEGIN_VERSIONED_NAMESPACE_DECL
        -: 1070:namespace OpenDDS { namespace DCPS {
        -: 1071:
    #####: 1072:void gen_find_size(const DDS::PropertySeq& seq, size_t& size, size_t& padding)
        -: 1073:{
        -: 1074:  ACE_UNUSED_ARG(seq);
        -: 1075:  ACE_UNUSED_ARG(size);
        -: 1076:  ACE_UNUSED_ARG(padding);
    #####: 1077:  find_size_ulong(size, padding);
    #####: 1078:  for (CORBA::ULong i = 0; i < seq.length(); ++i) {
    #####: 1079:    gen_find_size(seq[i], size, padding);
        -: 1080:  }
    #####: 1081:}
        -: 1082:
    #####: 1083:bool operator<<(Serializer& strm, const DDS::PropertySeq& seq)
        -: 1084:{
        -: 1085:  ACE_UNUSED_ARG(strm);
        -: 1086:  ACE_UNUSED_ARG(seq);
    #####: 1087:  CORBA::ULong serlen = 0;
    #####: 1088:  for (CORBA::ULong i = 0; i < seq.length(); ++i) {
    #####: 1089:    if (seq[i].propagate) {
    #####: 1090:      ++serlen;
        -: 1091:    }
        -: 1092:  }
    #####: 1093:  if (!(strm << serlen)) {
    #####: 1094:    return false;
        -: 1095:  }
    #####: 1096:  for (CORBA::ULong i = 0; i < seq.length(); ++i) {
    #####: 1097:    if (!(strm << seq[i])) {
    #####: 1098:      return false;
        -: 1099:    }
        -: 1100:  }
    #####: 1101:  return true;
        -: 1102:}
        -: 1103:
    #####: 1104:bool operator>>(Serializer& strm, DDS::PropertySeq& seq)
        -: 1105:{
        -: 1106:  ACE_UNUSED_ARG(strm);
        -: 1107:  ACE_UNUSED_ARG(seq);
        -: 1108:  CORBA::ULong length;
    #####: 1109:  if (!(strm >> length)) {
    #####: 1110:    return false;
        -: 1111:  }
    #####: 1112:  seq.length(length);
    #####: 1113:  for (CORBA::ULong i = 0; i < length; ++i) {
    #####: 1114:    if (!(strm >> seq[i])) {
    #####: 1115:      return false;
        -: 1116:    }
        -: 1117:  }
    #####: 1118:  return true;
        -: 1119:}
        -: 1120:
        -: 1121:}  }
        -: 1122:OPENDDS_END_VERSIONED_NAMESPACE_DECL
        -: 1123:
        -: 1124:#ifndef OPENDDS_NO_CONTENT_SUBSCRIPTION_PROFILE
        -: 1125:OPENDDS_BEGIN_VERSIONED_NAMESPACE_DECL
        -: 1126:namespace OpenDDS { namespace DCPS {
        -: 1127:
    #####: 1128:bool gen_skip_over(Serializer& ser, DDS::PropertySeq*)
        -: 1129:{
        -: 1130:  ACE_UNUSED_ARG(ser);
        -: 1131:  ACE_CDR::ULong length;
    #####: 1132:  if (!(ser >> length)) return false;
    #####: 1133:  for (ACE_CDR::ULong i = 0; i < length; ++i) {
    #####: 1134:    if (!gen_skip_over(ser, static_cast<DDS::Property_t*>(0))) return false;
        -: 1135:  }
    #####: 1136:  return true;
        -: 1137:}
        -: 1138:
        -: 1139:}  }
        -: 1140:OPENDDS_END_VERSIONED_NAMESPACE_DECL
        -: 1141:
        -: 1142:#endif
        -: 1143:
        -: 1144:/* End TYPEDEF: PropertySeq */
        -: 1145:
        -: 1146:
        -: 1147:/* Begin STRUCT: BinaryProperty_t */
        -: 1148:
        -: 1149:OPENDDS_BEGIN_VERSIONED_NAMESPACE_DECL
        -: 1150:namespace OpenDDS { namespace DCPS {
        -: 1151:
    #####: 1152:void gen_find_size(const DDS::BinaryProperty_t& stru, size_t& size, size_t& padding)
        -: 1153:{
        -: 1154:  ACE_UNUSED_ARG(stru);
        -: 1155:  ACE_UNUSED_ARG(size);
        -: 1156:  ACE_UNUSED_ARG(padding);
    #####: 1157:  if (stru.propagate) {
    #####: 1158:    find_size_ulong(size, padding);
    #####: 1159:    size += ACE_OS::strlen(stru.name.in()) + 1;
    #####: 1160:    gen_find_size(stru.value, size, padding);
        -: 1161:  }
    #####: 1162:}
        -: 1163:
    #####: 1164:bool operator<<(Serializer& strm, const DDS::BinaryProperty_t& stru)
        -: 1165:{
        -: 1166:  ACE_UNUSED_ARG(strm);
        -: 1167:  ACE_UNUSED_ARG(stru);
    #####: 1168:  if (stru.propagate) {
    #####: 1169:    return (strm << stru.name.in()) && (strm << stru.value);
        -: 1170:  }
    #####: 1171:  return true;
        -: 1172:}
        -: 1173:
    #####: 1174:bool operator>>(Serializer& strm, DDS::BinaryProperty_t& stru)
        -: 1175:{
        -: 1176:  ACE_UNUSED_ARG(strm);
        -: 1177:  ACE_UNUSED_ARG(stru);
    #####: 1178:  stru.propagate = true;
    #####: 1179:  return (strm >> stru.name.out()) && (strm >> stru.value);
        -: 1180:}
        -: 1181:
        -: 1182:}  }
        -: 1183:OPENDDS_END_VERSIONED_NAMESPACE_DECL
        -: 1184:
        -: 1185:#ifndef OPENDDS_NO_CONTENT_SUBSCRIPTION_PROFILE
        -: 1186:OPENDDS_BEGIN_VERSIONED_NAMESPACE_DECL
        -: 1187:namespace OpenDDS { namespace DCPS {
        -: 1188:
        -: 1189:template<>
    #####: 1190:struct MetaStructImpl<DDS::BinaryProperty_t> : MetaStruct {
        -: 1191:  typedef DDS::BinaryProperty_t T;
        -: 1192:
        -: 1193:#ifndef OPENDDS_NO_MULTI_TOPIC
    #####: 1194:  void* allocate() const { return new T; }
        -: 1195:
    #####: 1196:  void deallocate(void* stru) const { delete static_cast<T*>(stru); }
        -: 1197:
    #####: 1198:  size_t numDcpsKeys() const { return 0; }
        -: 1199:
        -: 1200:#endif /* OPENDDS_NO_MULTI_TOPIC */
        -: 1201:
    #####: 1202:  bool isDcpsKey(const char* field) const
        -: 1203:  {
        -: 1204:    ACE_UNUSED_ARG(field);
    #####: 1205:    return false;
        -: 1206:  }
        -: 1207:
    #####: 1208:  Value getValue(const void* stru, const char* field) const
        -: 1209:  {
    #####: 1210:    const DDS::BinaryProperty_t& typed = *static_cast<const DDS::BinaryProperty_t*>(stru);
    #####: 1211:    if (std::strcmp(field, "name") == 0) {
    #####: 1212:      return typed.name.in();
        -: 1213:    }
    #####: 1214:    if (std::strcmp(field, "propagate") == 0) {
    #####: 1215:      return typed.propagate;
        -: 1216:    }
        -: 1217:    ACE_UNUSED_ARG(typed);
    #####: 1218:    throw std::runtime_error("Field " + OPENDDS_STRING(field) + " not found or its type is not supported (in struct DDS::BinaryProperty_t)");
        -: 1219:  }
        -: 1220:
    #####: 1221:  Value getValue(Serializer& ser, const char* field) const
        -: 1222:  {
    #####: 1223:    if (std::strcmp(field, "name") == 0) {
    #####: 1224:      TAO::String_Manager val;
    #####: 1225:      if (!(ser >> val.out())) {
    #####: 1226:        throw std::runtime_error("Field 'name' could not be deserialized");
        -: 1227:      }
    #####: 1228:      return val;
        -: 1229:    } else {
        -: 1230:      ACE_CDR::ULong len;
    #####: 1231:      if (!(ser >> len)) {
    #####: 1232:        throw std::runtime_error("String 'name' length could not be deserialized");
        -: 1233:      }
    #####: 1234:      if (!ser.skip(static_cast<ACE_UINT16>(len))) {
    #####: 1235:        throw std::runtime_error("String 'name' contents could not be skipped");
        -: 1236:      }
        -: 1237:    }
    #####: 1238:    if (!gen_skip_over(ser, static_cast<DDS::OctetSeq*>(0))) {
    #####: 1239:      throw std::runtime_error("Field " + OPENDDS_STRING(field) + " could not be skipped");
        -: 1240:    }
    #####: 1241:    if (std::strcmp(field, "propagate") == 0) {
        -: 1242:      ACE_CDR::Boolean val;
    #####: 1243:      if (!(ser >> ACE_InputCDR::to_boolean(val))) {
    #####: 1244:        throw std::runtime_error("Field 'propagate' could not be deserialized");
        -: 1245:      }
    #####: 1246:      return val;
        -: 1247:    } else {
    #####: 1248:      if (!ser.skip(1, 1)) {
    #####: 1249:        throw std::runtime_error("Field 'propagate' could not be skipped");
        -: 1250:      }
        -: 1251:    }
    #####: 1252:    if (!field[0]) {
    #####: 1253:      return 0;
        -: 1254:    }
    #####: 1255:    throw std::runtime_error("Field " + OPENDDS_STRING(field) + " not valid for struct DDS::BinaryProperty_t");
        -: 1256:  }
        -: 1257:
    #####: 1258:  ComparatorBase::Ptr create_qc_comparator(const char* field, ComparatorBase::Ptr next) const
        -: 1259:  {
        -: 1260:    ACE_UNUSED_ARG(next);
    #####: 1261:    if (std::strcmp(field, "name") == 0) {
    #####: 1262:      return make_field_cmp(&T::name, next);
        -: 1263:    }
    #####: 1264:    if (std::strcmp(field, "propagate") == 0) {
    #####: 1265:      return make_field_cmp(&T::propagate, next);
        -: 1266:    }
    #####: 1267:    throw std::runtime_error("Field " + OPENDDS_STRING(field) + " not found or its type is not supported (in struct DDS::BinaryProperty_t)");
        -: 1268:  }
        -: 1269:
        -: 1270:#ifndef OPENDDS_NO_MULTI_TOPIC
    #####: 1271:  const char** getFieldNames() const
        -: 1272:  {
        -: 1273:    static const char* names[] = {"name", "value", "propagate", 0};
    #####: 1274:    return names;
        -: 1275:  }
        -: 1276:
    #####: 1277:  const void* getRawField(const void* stru, const char* field) const
        -: 1278:  {
    #####: 1279:    if (std::strcmp(field, "name") == 0) {
    #####: 1280:      return &static_cast<const T*>(stru)->name;
        -: 1281:    }
    #####: 1282:    if (std::strcmp(field, "value") == 0) {
    #####: 1283:      return &static_cast<const T*>(stru)->value;
        -: 1284:    }
    #####: 1285:    if (std::strcmp(field, "propagate") == 0) {
    #####: 1286:      return &static_cast<const T*>(stru)->propagate;
        -: 1287:    }
    #####: 1288:    throw std::runtime_error("Field " + OPENDDS_STRING(field) + " not found or its type is not supported (in struct DDS::BinaryProperty_t)");
        -: 1289:  }
        -: 1290:
    #####: 1291:  void assign(void* lhs, const char* field, const void* rhs,
        -: 1292:    const char* rhsFieldSpec, const MetaStruct& rhsMeta) const
        -: 1293:  {
        -: 1294:    ACE_UNUSED_ARG(lhs);
        -: 1295:    ACE_UNUSED_ARG(field);
        -: 1296:    ACE_UNUSED_ARG(rhs);
        -: 1297:    ACE_UNUSED_ARG(rhsFieldSpec);
        -: 1298:    ACE_UNUSED_ARG(rhsMeta);
    #####: 1299:    if (std::strcmp(field, "name") == 0) {
    #####: 1300:      static_cast<T*>(lhs)->name = *static_cast<const TAO::String_Manager*>(rhsMeta.getRawField(rhs, rhsFieldSpec));
    #####: 1301:      return;
        -: 1302:    }
    #####: 1303:    if (std::strcmp(field, "value") == 0) {
    #####: 1304:      static_cast<T*>(lhs)->value = *static_cast<const DDS::OctetSeq*>(rhsMeta.getRawField(rhs, rhsFieldSpec));
    #####: 1305:      return;
        -: 1306:    }
    #####: 1307:    if (std::strcmp(field, "propagate") == 0) {
    #####: 1308:      static_cast<T*>(lhs)->propagate = *static_cast<const CORBA::Boolean*>(rhsMeta.getRawField(rhs, rhsFieldSpec));
    #####: 1309:      return;
        -: 1310:    }
    #####: 1311:    throw std::runtime_error("Field " + OPENDDS_STRING(field) + " not found or its type is not supported (in struct DDS::BinaryProperty_t)");
        -: 1312:  }
        -: 1313:#endif /* OPENDDS_NO_MULTI_TOPIC */
        -: 1314:
    #####: 1315:  bool compare(const void* lhs, const void* rhs, const char* field) const
        -: 1316:  {
        -: 1317:    ACE_UNUSED_ARG(lhs);
        -: 1318:    ACE_UNUSED_ARG(field);
        -: 1319:    ACE_UNUSED_ARG(rhs);
    #####: 1320:    if (std::strcmp(field, "name") == 0) {
    #####: 1321:      return 0 == ACE_OS::strcmp(static_cast<const T*>(lhs)->name.in(), static_cast<const T*>(rhs)->name.in());
        -: 1322:    }
    #####: 1323:    if (std::strcmp(field, "propagate") == 0) {
    #####: 1324:      return static_cast<const T*>(lhs)->propagate == static_cast<const T*>(rhs)->propagate;
        -: 1325:    }
    #####: 1326:    throw std::runtime_error("Field " + OPENDDS_STRING(field) + " not found or its type is not supported (in struct DDS::BinaryProperty_t)");
        -: 1327:  }
        -: 1328:};
        -: 1329:
        -: 1330:template<>
    #####: 1331:const MetaStruct& getMetaStruct<DDS::BinaryProperty_t>()
        -: 1332:{
    #####: 1333:  static MetaStructImpl<DDS::BinaryProperty_t> msi;
    #####: 1334:  return msi;
        -: 1335:}
        -: 1336:
    #####: 1337:bool gen_skip_over(Serializer& ser, DDS::BinaryProperty_t*)
        -: 1338:{
        -: 1339:  ACE_UNUSED_ARG(ser);
    #####: 1340:  MetaStructImpl<DDS::BinaryProperty_t>().getValue(ser, "");
    #####: 1341:  return true;
        -: 1342:}
        -: 1343:
        -: 1344:}  }
        -: 1345:OPENDDS_END_VERSIONED_NAMESPACE_DECL
        -: 1346:
        -: 1347:#endif
        -: 1348:
        -: 1349:/* End STRUCT: BinaryProperty_t */
        -: 1350:
        -: 1351:
        -: 1352:/* Begin TYPEDEF: BinaryPropertySeq */
        -: 1353:
        -: 1354:OPENDDS_BEGIN_VERSIONED_NAMESPACE_DECL
        -: 1355:namespace OpenDDS { namespace DCPS {
        -: 1356:
    #####: 1357:void gen_find_size(const DDS::BinaryPropertySeq& seq, size_t& size, size_t& padding)
        -: 1358:{
        -: 1359:  ACE_UNUSED_ARG(seq);
        -: 1360:  ACE_UNUSED_ARG(size);
        -: 1361:  ACE_UNUSED_ARG(padding);
    #####: 1362:  find_size_ulong(size, padding);
    #####: 1363:  for (CORBA::ULong i = 0; i < seq.length(); ++i) {
    #####: 1364:    gen_find_size(seq[i], size, padding);
        -: 1365:  }
    #####: 1366:}
        -: 1367:
    #####: 1368:bool operator<<(Serializer& strm, const DDS::BinaryPropertySeq& seq)
        -: 1369:{
        -: 1370:  ACE_UNUSED_ARG(strm);
        -: 1371:  ACE_UNUSED_ARG(seq);
    #####: 1372:  CORBA::ULong serlen = 0;
    #####: 1373:  for (CORBA::ULong i = 0; i < seq.length(); ++i) {
    #####: 1374:    if (seq[i].propagate) {
    #####: 1375:      ++serlen;
        -: 1376:    }
        -: 1377:  }
    #####: 1378:  if (!(strm << serlen)) {
    #####: 1379:    return false;
        -: 1380:  }
    #####: 1381:  for (CORBA::ULong i = 0; i < seq.length(); ++i) {
    #####: 1382:    if (!(strm << seq[i])) {
    #####: 1383:      return false;
        -: 1384:    }
        -: 1385:  }
    #####: 1386:  return true;
        -: 1387:}
        -: 1388:
    #####: 1389:bool operator>>(Serializer& strm, DDS::BinaryPropertySeq& seq)
        -: 1390:{
        -: 1391:  ACE_UNUSED_ARG(strm);
        -: 1392:  ACE_UNUSED_ARG(seq);
        -: 1393:  CORBA::ULong length;
    #####: 1394:  if (!(strm >> length)) {
    #####: 1395:    return false;
        -: 1396:  }
    #####: 1397:  seq.length(length);
    #####: 1398:  for (CORBA::ULong i = 0; i < length; ++i) {
    #####: 1399:    if (!(strm >> seq[i])) {
    #####: 1400:      return false;
        -: 1401:    }
        -: 1402:  }
    #####: 1403:  return true;
        -: 1404:}
        -: 1405:
        -: 1406:}  }
        -: 1407:OPENDDS_END_VERSIONED_NAMESPACE_DECL
        -: 1408:
        -: 1409:#ifndef OPENDDS_NO_CONTENT_SUBSCRIPTION_PROFILE
        -: 1410:OPENDDS_BEGIN_VERSIONED_NAMESPACE_DECL
        -: 1411:namespace OpenDDS { namespace DCPS {
        -: 1412:
    #####: 1413:bool gen_skip_over(Serializer& ser, DDS::BinaryPropertySeq*)
        -: 1414:{
        -: 1415:  ACE_UNUSED_ARG(ser);
        -: 1416:  ACE_CDR::ULong length;
    #####: 1417:  if (!(ser >> length)) return false;
    #####: 1418:  for (ACE_CDR::ULong i = 0; i < length; ++i) {
    #####: 1419:    if (!gen_skip_over(ser, static_cast<DDS::BinaryProperty_t*>(0))) return false;
        -: 1420:  }
    #####: 1421:  return true;
        -: 1422:}
        -: 1423:
        -: 1424:}  }
        -: 1425:OPENDDS_END_VERSIONED_NAMESPACE_DECL
        -: 1426:
        -: 1427:#endif
        -: 1428:
        -: 1429:/* End TYPEDEF: BinaryPropertySeq */
        -: 1430:
        -: 1431:
        -: 1432:/* Begin STRUCT: PropertyQosPolicy */
        -: 1433:
        -: 1434:OPENDDS_BEGIN_VERSIONED_NAMESPACE_DECL
        -: 1435:namespace OpenDDS { namespace DCPS {
        -: 1436:
    #####: 1437:void gen_find_size(const DDS::PropertyQosPolicy& stru, size_t& size, size_t& padding)
        -: 1438:{
        -: 1439:  ACE_UNUSED_ARG(stru);
        -: 1440:  ACE_UNUSED_ARG(size);
        -: 1441:  ACE_UNUSED_ARG(padding);
    #####: 1442:  gen_find_size(stru.value, size, padding);
    #####: 1443:  gen_find_size(stru.binary_value, size, padding);
    #####: 1444:}
        -: 1445:
    #####: 1446:bool operator<<(Serializer& strm, const DDS::PropertyQosPolicy& stru)
        -: 1447:{
        -: 1448:  ACE_UNUSED_ARG(strm);
        -: 1449:  ACE_UNUSED_ARG(stru);
    #####: 1450:  return (strm << stru.value)
    #####: 1451:    && (strm << stru.binary_value);
        -: 1452:}
        -: 1453:
    #####: 1454:bool operator>>(Serializer& strm, DDS::PropertyQosPolicy& stru)
        -: 1455:{
        -: 1456:  ACE_UNUSED_ARG(strm);
        -: 1457:  ACE_UNUSED_ARG(stru);
    #####: 1458:  if (!(strm >> stru.value)) {
    #####: 1459:    return false;
        -: 1460:  }
    #####: 1461:  if (!strm.length() || !strm.skip(0, 4) || !strm.length()) {
    #####: 1462:    return true; // optional member missing
        -: 1463:  }
    #####: 1464:  return strm >> stru.binary_value;
        -: 1465:}
        -: 1466:
        -: 1467:}  }
        -: 1468:OPENDDS_END_VERSIONED_NAMESPACE_DECL
        -: 1469:
        -: 1470:#ifndef OPENDDS_NO_CONTENT_SUBSCRIPTION_PROFILE
        -: 1471:OPENDDS_BEGIN_VERSIONED_NAMESPACE_DECL
        -: 1472:namespace OpenDDS { namespace DCPS {
        -: 1473:
        -: 1474:template<>
    #####: 1475:struct MetaStructImpl<DDS::PropertyQosPolicy> : MetaStruct {
        -: 1476:  typedef DDS::PropertyQosPolicy T;
        -: 1477:
        -: 1478:#ifndef OPENDDS_NO_MULTI_TOPIC
    #####: 1479:  void* allocate() const { return new T; }
        -: 1480:
    #####: 1481:  void deallocate(void* stru) const { delete static_cast<T*>(stru); }
        -: 1482:
    #####: 1483:  size_t numDcpsKeys() const { return 0; }
        -: 1484:
        -: 1485:#endif /* OPENDDS_NO_MULTI_TOPIC */
        -: 1486:
    #####: 1487:  bool isDcpsKey(const char* field) const
        -: 1488:  {
        -: 1489:    ACE_UNUSED_ARG(field);
    #####: 1490:    return false;
        -: 1491:  }
        -: 1492:
    #####: 1493:  Value getValue(const void* stru, const char* field) const
        -: 1494:  {
    #####: 1495:    const DDS::PropertyQosPolicy& typed = *static_cast<const DDS::PropertyQosPolicy*>(stru);
        -: 1496:    ACE_UNUSED_ARG(typed);
    #####: 1497:    throw std::runtime_error("Field " + OPENDDS_STRING(field) + " not found or its type is not supported (in struct DDS::PropertyQosPolicy)");
        -: 1498:  }
        -: 1499:
    #####: 1500:  Value getValue(Serializer& ser, const char* field) const
        -: 1501:  {
    #####: 1502:    if (!gen_skip_over(ser, static_cast<DDS::PropertySeq*>(0))) {
    #####: 1503:      throw std::runtime_error("Field " + OPENDDS_STRING(field) + " could not be skipped");
        -: 1504:    }
    #####: 1505:    if (!gen_skip_over(ser, static_cast<DDS::BinaryPropertySeq*>(0))) {
    #####: 1506:      throw std::runtime_error("Field " + OPENDDS_STRING(field) + " could not be skipped");
        -: 1507:    }
    #####: 1508:    if (!field[0]) {
    #####: 1509:      return 0;
        -: 1510:    }
    #####: 1511:    throw std::runtime_error("Field " + OPENDDS_STRING(field) + " not valid for struct DDS::PropertyQosPolicy");
        -: 1512:  }
        -: 1513:
    #####: 1514:  ComparatorBase::Ptr create_qc_comparator(const char* field, ComparatorBase::Ptr next) const
        -: 1515:  {
        -: 1516:    ACE_UNUSED_ARG(next);
    #####: 1517:    throw std::runtime_error("Field " + OPENDDS_STRING(field) + " not found or its type is not supported (in struct DDS::PropertyQosPolicy)");
        -: 1518:  }
        -: 1519:
        -: 1520:#ifndef OPENDDS_NO_MULTI_TOPIC
    #####: 1521:  const char** getFieldNames() const
        -: 1522:  {
        -: 1523:    static const char* names[] = {"value", "binary_value", 0};
    #####: 1524:    return names;
        -: 1525:  }
        -: 1526:
    #####: 1527:  const void* getRawField(const void* stru, const char* field) const
        -: 1528:  {
    #####: 1529:    if (std::strcmp(field, "value") == 0) {
    #####: 1530:      return &static_cast<const T*>(stru)->value;
        -: 1531:    }
    #####: 1532:    if (std::strcmp(field, "binary_value") == 0) {
    #####: 1533:      return &static_cast<const T*>(stru)->binary_value;
        -: 1534:    }
    #####: 1535:    throw std::runtime_error("Field " + OPENDDS_STRING(field) + " not found or its type is not supported (in struct DDS::PropertyQosPolicy)");
        -: 1536:  }
        -: 1537:
    #####: 1538:  void assign(void* lhs, const char* field, const void* rhs,
        -: 1539:    const char* rhsFieldSpec, const MetaStruct& rhsMeta) const
        -: 1540:  {
        -: 1541:    ACE_UNUSED_ARG(lhs);
        -: 1542:    ACE_UNUSED_ARG(field);
        -: 1543:    ACE_UNUSED_ARG(rhs);
        -: 1544:    ACE_UNUSED_ARG(rhsFieldSpec);
        -: 1545:    ACE_UNUSED_ARG(rhsMeta);
    #####: 1546:    if (std::strcmp(field, "value") == 0) {
    #####: 1547:      static_cast<T*>(lhs)->value = *static_cast<const DDS::PropertySeq*>(rhsMeta.getRawField(rhs, rhsFieldSpec));
    #####: 1548:      return;
        -: 1549:    }
    #####: 1550:    if (std::strcmp(field, "binary_value") == 0) {
    #####: 1551:      static_cast<T*>(lhs)->binary_value = *static_cast<const DDS::BinaryPropertySeq*>(rhsMeta.getRawField(rhs, rhsFieldSpec));
    #####: 1552:      return;
        -: 1553:    }
    #####: 1554:    throw std::runtime_error("Field " + OPENDDS_STRING(field) + " not found or its type is not supported (in struct DDS::PropertyQosPolicy)");
        -: 1555:  }
        -: 1556:#endif /* OPENDDS_NO_MULTI_TOPIC */
        -: 1557:
    #####: 1558:  bool compare(const void* lhs, const void* rhs, const char* field) const
        -: 1559:  {
        -: 1560:    ACE_UNUSED_ARG(lhs);
        -: 1561:    ACE_UNUSED_ARG(field);
        -: 1562:    ACE_UNUSED_ARG(rhs);
    #####: 1563:    throw std::runtime_error("Field " + OPENDDS_STRING(field) + " not found or its type is not supported (in struct DDS::PropertyQosPolicy)");
        -: 1564:  }
        -: 1565:};
        -: 1566:
        -: 1567:template<>
    #####: 1568:const MetaStruct& getMetaStruct<DDS::PropertyQosPolicy>()
        -: 1569:{
    #####: 1570:  static MetaStructImpl<DDS::PropertyQosPolicy> msi;
    #####: 1571:  return msi;
        -: 1572:}
        -: 1573:
    #####: 1574:bool gen_skip_over(Serializer& ser, DDS::PropertyQosPolicy*)
        -: 1575:{
        -: 1576:  ACE_UNUSED_ARG(ser);
    #####: 1577:  MetaStructImpl<DDS::PropertyQosPolicy>().getValue(ser, "");
    #####: 1578:  return true;
        -: 1579:}
        -: 1580:
        -: 1581:}  }
        -: 1582:OPENDDS_END_VERSIONED_NAMESPACE_DECL
        -: 1583:
        -: 1584:#endif
        -: 1585:
        -: 1586:/* End STRUCT: PropertyQosPolicy */
        -: 1587:
        -: 1588:
        -: 1589:/* Begin STRUCT: UserDataQosPolicy */
        -: 1590:
        -: 1591:OPENDDS_BEGIN_VERSIONED_NAMESPACE_DECL
        -: 1592:namespace OpenDDS { namespace DCPS {
        -: 1593:
       12: 1594:void gen_find_size(const DDS::UserDataQosPolicy& stru, size_t& size, size_t& padding)
        -: 1595:{
        -: 1596:  ACE_UNUSED_ARG(stru);
        -: 1597:  ACE_UNUSED_ARG(size);
        -: 1598:  ACE_UNUSED_ARG(padding);
       12: 1599:  gen_find_size(stru.value, size, padding);
       12: 1600:}
        -: 1601:
       12: 1602:bool operator<<(Serializer& strm, const DDS::UserDataQosPolicy& stru)
        -: 1603:{
        -: 1604:  ACE_UNUSED_ARG(strm);
        -: 1605:  ACE_UNUSED_ARG(stru);
       12: 1606:  return (strm << stru.value);
        -: 1607:}
        -: 1608:
    #####: 1609:bool operator>>(Serializer& strm, DDS::UserDataQosPolicy& stru)
        -: 1610:{
        -: 1611:  ACE_UNUSED_ARG(strm);
        -: 1612:  ACE_UNUSED_ARG(stru);
    #####: 1613:  return (strm >> stru.value);
        -: 1614:}
        -: 1615:
        -: 1616:}  }
        -: 1617:OPENDDS_END_VERSIONED_NAMESPACE_DECL
        -: 1618:
        -: 1619:#ifndef OPENDDS_NO_CONTENT_SUBSCRIPTION_PROFILE
        -: 1620:OPENDDS_BEGIN_VERSIONED_NAMESPACE_DECL
        -: 1621:namespace OpenDDS { namespace DCPS {
        -: 1622:
        -: 1623:template<>
    #####: 1624:struct MetaStructImpl<DDS::UserDataQosPolicy> : MetaStruct {
        -: 1625:  typedef DDS::UserDataQosPolicy T;
        -: 1626:
        -: 1627:#ifndef OPENDDS_NO_MULTI_TOPIC
    #####: 1628:  void* allocate() const { return new T; }
        -: 1629:
    #####: 1630:  void deallocate(void* stru) const { delete static_cast<T*>(stru); }
        -: 1631:
    #####: 1632:  size_t numDcpsKeys() const { return 0; }
        -: 1633:
        -: 1634:#endif /* OPENDDS_NO_MULTI_TOPIC */
        -: 1635:
    #####: 1636:  bool isDcpsKey(const char* field) const
        -: 1637:  {
        -: 1638:    ACE_UNUSED_ARG(field);
    #####: 1639:    return false;
        -: 1640:  }
        -: 1641:
    #####: 1642:  Value getValue(const void* stru, const char* field) const
        -: 1643:  {
    #####: 1644:    const DDS::UserDataQosPolicy& typed = *static_cast<const DDS::UserDataQosPolicy*>(stru);
        -: 1645:    ACE_UNUSED_ARG(typed);
    #####: 1646:    throw std::runtime_error("Field " + OPENDDS_STRING(field) + " not found or its type is not supported (in struct DDS::UserDataQosPolicy)");
        -: 1647:  }
        -: 1648:
    #####: 1649:  Value getValue(Serializer& ser, const char* field) const
        -: 1650:  {
    #####: 1651:    if (!gen_skip_over(ser, static_cast<DDS::OctetSeq*>(0))) {
    #####: 1652:      throw std::runtime_error("Field " + OPENDDS_STRING(field) + " could not be skipped");
        -: 1653:    }
    #####: 1654:    if (!field[0]) {
    #####: 1655:      return 0;
        -: 1656:    }
    #####: 1657:    throw std::runtime_error("Field " + OPENDDS_STRING(field) + " not valid for struct DDS::UserDataQosPolicy");
        -: 1658:  }
        -: 1659:
    #####: 1660:  ComparatorBase::Ptr create_qc_comparator(const char* field, ComparatorBase::Ptr next) const
        -: 1661:  {
        -: 1662:    ACE_UNUSED_ARG(next);
    #####: 1663:    throw std::runtime_error("Field " + OPENDDS_STRING(field) + " not found or its type is not supported (in struct DDS::UserDataQosPolicy)");
        -: 1664:  }
        -: 1665:
        -: 1666:#ifndef OPENDDS_NO_MULTI_TOPIC
    #####: 1667:  const char** getFieldNames() const
        -: 1668:  {
        -: 1669:    static const char* names[] = {"value", 0};
    #####: 1670:    return names;
        -: 1671:  }
        -: 1672:
    #####: 1673:  const void* getRawField(const void* stru, const char* field) const
        -: 1674:  {
    #####: 1675:    if (std::strcmp(field, "value") == 0) {
    #####: 1676:      return &static_cast<const T*>(stru)->value;
        -: 1677:    }
    #####: 1678:    throw std::runtime_error("Field " + OPENDDS_STRING(field) + " not found or its type is not supported (in struct DDS::UserDataQosPolicy)");
        -: 1679:  }
        -: 1680:
    #####: 1681:  void assign(void* lhs, const char* field, const void* rhs,
        -: 1682:    const char* rhsFieldSpec, const MetaStruct& rhsMeta) const
        -: 1683:  {
        -: 1684:    ACE_UNUSED_ARG(lhs);
        -: 1685:    ACE_UNUSED_ARG(field);
        -: 1686:    ACE_UNUSED_ARG(rhs);
        -: 1687:    ACE_UNUSED_ARG(rhsFieldSpec);
        -: 1688:    ACE_UNUSED_ARG(rhsMeta);
    #####: 1689:    if (std::strcmp(field, "value") == 0) {
    #####: 1690:      static_cast<T*>(lhs)->value = *static_cast<const DDS::OctetSeq*>(rhsMeta.getRawField(rhs, rhsFieldSpec));
    #####: 1691:      return;
        -: 1692:    }
    #####: 1693:    throw std::runtime_error("Field " + OPENDDS_STRING(field) + " not found or its type is not supported (in struct DDS::UserDataQosPolicy)");
        -: 1694:  }
        -: 1695:#endif /* OPENDDS_NO_MULTI_TOPIC */
        -: 1696:
    #####: 1697:  bool compare(const void* lhs, const void* rhs, const char* field) const
        -: 1698:  {
        -: 1699:    ACE_UNUSED_ARG(lhs);
        -: 1700:    ACE_UNUSED_ARG(field);
        -: 1701:    ACE_UNUSED_ARG(rhs);
    #####: 1702:    throw std::runtime_error("Field " + OPENDDS_STRING(field) + " not found or its type is not supported (in struct DDS::UserDataQosPolicy)");
        -: 1703:  }
        -: 1704:};
        -: 1705:
        -: 1706:template<>
    #####: 1707:const MetaStruct& getMetaStruct<DDS::UserDataQosPolicy>()
        -: 1708:{
    #####: 1709:  static MetaStructImpl<DDS::UserDataQosPolicy> msi;
    #####: 1710:  return msi;
        -: 1711:}
        -: 1712:
    #####: 1713:bool gen_skip_over(Serializer& ser, DDS::UserDataQosPolicy*)
        -: 1714:{
        -: 1715:  ACE_UNUSED_ARG(ser);
    #####: 1716:  MetaStructImpl<DDS::UserDataQosPolicy>().getValue(ser, "");
    #####: 1717:  return true;
        -: 1718:}
        -: 1719:
        -: 1720:}  }
        -: 1721:OPENDDS_END_VERSIONED_NAMESPACE_DECL
        -: 1722:
        -: 1723:#endif
        -: 1724:
        -: 1725:/* End STRUCT: UserDataQosPolicy */
        -: 1726:
        -: 1727:
        -: 1728:/* Begin STRUCT: GroupDataQosPolicy */
        -: 1729:
        -: 1730:OPENDDS_BEGIN_VERSIONED_NAMESPACE_DECL
        -: 1731:namespace OpenDDS { namespace DCPS {
        -: 1732:
        6: 1733:void gen_find_size(const DDS::GroupDataQosPolicy& stru, size_t& size, size_t& padding)
        -: 1734:{
        -: 1735:  ACE_UNUSED_ARG(stru);
        -: 1736:  ACE_UNUSED_ARG(size);
        -: 1737:  ACE_UNUSED_ARG(padding);
        6: 1738:  gen_find_size(stru.value, size, padding);
        6: 1739:}
        -: 1740:
        6: 1741:bool operator<<(Serializer& strm, const DDS::GroupDataQosPolicy& stru)
        -: 1742:{
        -: 1743:  ACE_UNUSED_ARG(strm);
        -: 1744:  ACE_UNUSED_ARG(stru);
        6: 1745:  return (strm << stru.value);
        -: 1746:}
        -: 1747:
    #####: 1748:bool operator>>(Serializer& strm, DDS::GroupDataQosPolicy& stru)
        -: 1749:{
        -: 1750:  ACE_UNUSED_ARG(strm);
        -: 1751:  ACE_UNUSED_ARG(stru);
    #####: 1752:  return (strm >> stru.value);
        -: 1753:}
        -: 1754:
        -: 1755:}  }
        -: 1756:OPENDDS_END_VERSIONED_NAMESPACE_DECL
        -: 1757:
        -: 1758:#ifndef OPENDDS_NO_CONTENT_SUBSCRIPTION_PROFILE
        -: 1759:OPENDDS_BEGIN_VERSIONED_NAMESPACE_DECL
        -: 1760:namespace OpenDDS { namespace DCPS {
        -: 1761:
        -: 1762:template<>
    #####: 1763:struct MetaStructImpl<DDS::GroupDataQosPolicy> : MetaStruct {
        -: 1764:  typedef DDS::GroupDataQosPolicy T;
        -: 1765:
        -: 1766:#ifndef OPENDDS_NO_MULTI_TOPIC
    #####: 1767:  void* allocate() const { return new T; }
        -: 1768:
    #####: 1769:  void deallocate(void* stru) const { delete static_cast<T*>(stru); }
        -: 1770:
    #####: 1771:  size_t numDcpsKeys() const { return 0; }
        -: 1772:
        -: 1773:#endif /* OPENDDS_NO_MULTI_TOPIC */
        -: 1774:
    #####: 1775:  bool isDcpsKey(const char* field) const
        -: 1776:  {
        -: 1777:    ACE_UNUSED_ARG(field);
    #####: 1778:    return false;
        -: 1779:  }
        -: 1780:
    #####: 1781:  Value getValue(const void* stru, const char* field) const
        -: 1782:  {
    #####: 1783:    const DDS::GroupDataQosPolicy& typed = *static_cast<const DDS::GroupDataQosPolicy*>(stru);
        -: 1784:    ACE_UNUSED_ARG(typed);
    #####: 1785:    throw std::runtime_error("Field " + OPENDDS_STRING(field) + " not found or its type is not supported (in struct DDS::GroupDataQosPolicy)");
        -: 1786:  }
        -: 1787:
    #####: 1788:  Value getValue(Serializer& ser, const char* field) const
        -: 1789:  {
    #####: 1790:    if (!gen_skip_over(ser, static_cast<DDS::OctetSeq*>(0))) {
    #####: 1791:      throw std::runtime_error("Field " + OPENDDS_STRING(field) + " could not be skipped");
        -: 1792:    }
    #####: 1793:    if (!field[0]) {
    #####: 1794:      return 0;
        -: 1795:    }
    #####: 1796:    throw std::runtime_error("Field " + OPENDDS_STRING(field) + " not valid for struct DDS::GroupDataQosPolicy");
        -: 1797:  }
        -: 1798:
    #####: 1799:  ComparatorBase::Ptr create_qc_comparator(const char* field, ComparatorBase::Ptr next) const
        -: 1800:  {
        -: 1801:    ACE_UNUSED_ARG(next);
    #####: 1802:    throw std::runtime_error("Field " + OPENDDS_STRING(field) + " not found or its type is not supported (in struct DDS::GroupDataQosPolicy)");
        -: 1803:  }
        -: 1804:
        -: 1805:#ifndef OPENDDS_NO_MULTI_TOPIC
    #####: 1806:  const char** getFieldNames() const
        -: 1807:  {
        -: 1808:    static const char* names[] = {"value", 0};
    #####: 1809:    return names;
        -: 1810:  }
        -: 1811:
    #####: 1812:  const void* getRawField(const void* stru, const char* field) const
        -: 1813:  {
    #####: 1814:    if (std::strcmp(field, "value") == 0) {
    #####: 1815:      return &static_cast<const T*>(stru)->value;
        -: 1816:    }
    #####: 1817:    throw std::runtime_error("Field " + OPENDDS_STRING(field) + " not found or its type is not supported (in struct DDS::GroupDataQosPolicy)");
        -: 1818:  }
        -: 1819:
    #####: 1820:  void assign(void* lhs, const char* field, const void* rhs,
        -: 1821:    const char* rhsFieldSpec, const MetaStruct& rhsMeta) const
        -: 1822:  {
        -: 1823:    ACE_UNUSED_ARG(lhs);
        -: 1824:    ACE_UNUSED_ARG(field);
        -: 1825:    ACE_UNUSED_ARG(rhs);
        -: 1826:    ACE_UNUSED_ARG(rhsFieldSpec);
        -: 1827:    ACE_UNUSED_ARG(rhsMeta);
    #####: 1828:    if (std::strcmp(field, "value") == 0) {
    #####: 1829:      static_cast<T*>(lhs)->value = *static_cast<const DDS::OctetSeq*>(rhsMeta.getRawField(rhs, rhsFieldSpec));
    #####: 1830:      return;
        -: 1831:    }
    #####: 1832:    throw std::runtime_error("Field " + OPENDDS_STRING(field) + " not found or its type is not supported (in struct DDS::GroupDataQosPolicy)");
        -: 1833:  }
        -: 1834:#endif /* OPENDDS_NO_MULTI_TOPIC */
        -: 1835:
    #####: 1836:  bool compare(const void* lhs, const void* rhs, const char* field) const
        -: 1837:  {
        -: 1838:    ACE_UNUSED_ARG(lhs);
        -: 1839:    ACE_UNUSED_ARG(field);
        -: 1840:    ACE_UNUSED_ARG(rhs);
    #####: 1841:    throw std::runtime_error("Field " + OPENDDS_STRING(field) + " not found or its type is not supported (in struct DDS::GroupDataQosPolicy)");
        -: 1842:  }
        -: 1843:};
        -: 1844:
        -: 1845:template<>
    #####: 1846:const MetaStruct& getMetaStruct<DDS::GroupDataQosPolicy>()
        -: 1847:{
    #####: 1848:  static MetaStructImpl<DDS::GroupDataQosPolicy> msi;
    #####: 1849:  return msi;
        -: 1850:}
        -: 1851:
    #####: 1852:bool gen_skip_over(Serializer& ser, DDS::GroupDataQosPolicy*)
        -: 1853:{
        -: 1854:  ACE_UNUSED_ARG(ser);
    #####: 1855:  MetaStructImpl<DDS::GroupDataQosPolicy>().getValue(ser, "");
[...]
        -:10673:      }
    #####:10674:      return val;
        -:10675:    } else {
    #####:10676:      if (!ser.skip(1, 4)) {
    #####:10677:        throw std::runtime_error("Field 'no_writers_generation_count' could not be skipped");
        -:10678:      }
        -:10679:    }
    #####:10680:    if (std::strcmp(field, "sample_rank") == 0) {
        -:10681:      ACE_CDR::Long val;
    #####:10682:      if (!(ser >> val)) {
    #####:10683:        throw std::runtime_error("Field 'sample_rank' could not be deserialized");
        -:10684:      }
    #####:10685:      return val;
        -:10686:    } else {
    #####:10687:      if (!ser.skip(1, 4)) {
    #####:10688:        throw std::runtime_error("Field 'sample_rank' could not be skipped");
        -:10689:      }
        -:10690:    }
    #####:10691:    if (std::strcmp(field, "generation_rank") == 0) {
        -:10692:      ACE_CDR::Long val;
    #####:10693:      if (!(ser >> val)) {
    #####:10694:        throw std::runtime_error("Field 'generation_rank' could not be deserialized");
        -:10695:      }
    #####:10696:      return val;
        -:10697:    } else {
    #####:10698:      if (!ser.skip(1, 4)) {
    #####:10699:        throw std::runtime_error("Field 'generation_rank' could not be skipped");
        -:10700:      }
        -:10701:    }
    #####:10702:    if (std::strcmp(field, "absolute_generation_rank") == 0) {
        -:10703:      ACE_CDR::Long val;
    #####:10704:      if (!(ser >> val)) {
    #####:10705:        throw std::runtime_error("Field 'absolute_generation_rank' could not be deserialized");
        -:10706:      }
    #####:10707:      return val;
        -:10708:    } else {
    #####:10709:      if (!ser.skip(1, 4)) {
    #####:10710:        throw std::runtime_error("Field 'absolute_generation_rank' could not be skipped");
        -:10711:      }
        -:10712:    }
    #####:10713:    if (std::strcmp(field, "valid_data") == 0) {
        -:10714:      ACE_CDR::Boolean val;
    #####:10715:      if (!(ser >> ACE_InputCDR::to_boolean(val))) {
    #####:10716:        throw std::runtime_error("Field 'valid_data' could not be deserialized");
        -:10717:      }
    #####:10718:      return val;
        -:10719:    } else {
    #####:10720:      if (!ser.skip(1, 1)) {
    #####:10721:        throw std::runtime_error("Field 'valid_data' could not be skipped");
        -:10722:      }
        -:10723:    }
    #####:10724:    if (std::strcmp(field, "opendds_reserved_publication_seq") == 0) {
        -:10725:      ACE_CDR::LongLong val;
    #####:10726:      if (!(ser >> val)) {
    #####:10727:        throw std::runtime_error("Field 'opendds_reserved_publication_seq' could not be deserialized");
        -:10728:      }
    #####:10729:      return val;
        -:10730:    } else {
    #####:10731:      if (!ser.skip(1, 8)) {
    #####:10732:        throw std::runtime_error("Field 'opendds_reserved_publication_seq' could not be skipped");
        -:10733:      }
        -:10734:    }
    #####:10735:    if (!field[0]) {
    #####:10736:      return 0;
        -:10737:    }
    #####:10738:    throw std::runtime_error("Field " + OPENDDS_STRING(field) + " not valid for struct DDS::SampleInfo");
        -:10739:  }
        -:10740:
    #####:10741:  ComparatorBase::Ptr create_qc_comparator(const char* field, ComparatorBase::Ptr next) const
        -:10742:  {
        -:10743:    ACE_UNUSED_ARG(next);
    #####:10744:    if (std::strcmp(field, "sample_state") == 0) {
    #####:10745:      return make_field_cmp(&T::sample_state, next);
        -:10746:    }
    #####:10747:    if (std::strcmp(field, "view_state") == 0) {
    #####:10748:      return make_field_cmp(&T::view_state, next);
        -:10749:    }
    #####:10750:    if (std::strcmp(field, "instance_state") == 0) {
    #####:10751:      return make_field_cmp(&T::instance_state, next);
        -:10752:    }
    #####:10753:    if (std::strncmp(field, "source_timestamp.", 17) == 0) {
    #####:10754:      return make_struct_cmp(&T::source_timestamp, getMetaStruct<DDS::Time_t>().create_qc_comparator(field + 17), next);
        -:10755:    }
    #####:10756:    if (std::strcmp(field, "instance_handle") == 0) {
    #####:10757:      return make_field_cmp(&T::instance_handle, next);
        -:10758:    }
    #####:10759:    if (std::strcmp(field, "publication_handle") == 0) {
    #####:10760:      return make_field_cmp(&T::publication_handle, next);
        -:10761:    }
    #####:10762:    if (std::strcmp(field, "disposed_generation_count") == 0) {
    #####:10763:      return make_field_cmp(&T::disposed_generation_count, next);
        -:10764:    }
    #####:10765:    if (std::strcmp(field, "no_writers_generation_count") == 0) {
    #####:10766:      return make_field_cmp(&T::no_writers_generation_count, next);
        -:10767:    }
    #####:10768:    if (std::strcmp(field, "sample_rank") == 0) {
    #####:10769:      return make_field_cmp(&T::sample_rank, next);
        -:10770:    }
    #####:10771:    if (std::strcmp(field, "generation_rank") == 0) {
    #####:10772:      return make_field_cmp(&T::generation_rank, next);
        -:10773:    }
    #####:10774:    if (std::strcmp(field, "absolute_generation_rank") == 0) {
    #####:10775:      return make_field_cmp(&T::absolute_generation_rank, next);
        -:10776:    }
    #####:10777:    if (std::strcmp(field, "valid_data") == 0) {
    #####:10778:      return make_field_cmp(&T::valid_data, next);
        -:10779:    }
    #####:10780:    if (std::strcmp(field, "opendds_reserved_publication_seq") == 0) {
    #####:10781:      return make_field_cmp(&T::opendds_reserved_publication_seq, next);
        -:10782:    }
    #####:10783:    throw std::runtime_error("Field " + OPENDDS_STRING(field) + " not found or its type is not supported (in struct DDS::SampleInfo)");
        -:10784:  }
        -:10785:
        -:10786:#ifndef OPENDDS_NO_MULTI_TOPIC
    #####:10787:  const char** getFieldNames() const
        -:10788:  {
        -:10789:    static const char* names[] = {"sample_state", "view_state", "instance_state", "source_timestamp", "instance_handle", "publication_handle", "disposed_generation_count", "no_writers_generation_count", "sample_rank", "generation_rank", "absolute_generation_rank", "valid_data", "opendds_reserved_publication_seq", 0};
    #####:10790:    return names;
        -:10791:  }
        -:10792:
    #####:10793:  const void* getRawField(const void* stru, const char* field) const
        -:10794:  {
    #####:10795:    if (std::strcmp(field, "sample_state") == 0) {
    #####:10796:      return &static_cast<const T*>(stru)->sample_state;
        -:10797:    }
    #####:10798:    if (std::strcmp(field, "view_state") == 0) {
    #####:10799:      return &static_cast<const T*>(stru)->view_state;
        -:10800:    }
    #####:10801:    if (std::strcmp(field, "instance_state") == 0) {
    #####:10802:      return &static_cast<const T*>(stru)->instance_state;
        -:10803:    }
    #####:10804:    if (std::strcmp(field, "source_timestamp") == 0) {
    #####:10805:      return &static_cast<const T*>(stru)->source_timestamp;
        -:10806:    }
    #####:10807:    if (std::strcmp(field, "instance_handle") == 0) {
    #####:10808:      return &static_cast<const T*>(stru)->instance_handle;
        -:10809:    }
    #####:10810:    if (std::strcmp(field, "publication_handle") == 0) {
    #####:10811:      return &static_cast<const T*>(stru)->publication_handle;
        -:10812:    }
    #####:10813:    if (std::strcmp(field, "disposed_generation_count") == 0) {
    #####:10814:      return &static_cast<const T*>(stru)->disposed_generation_count;
        -:10815:    }
    #####:10816:    if (std::strcmp(field, "no_writers_generation_count") == 0) {
    #####:10817:      return &static_cast<const T*>(stru)->no_writers_generation_count;
        -:10818:    }
    #####:10819:    if (std::strcmp(field, "sample_rank") == 0) {
    #####:10820:      return &static_cast<const T*>(stru)->sample_rank;
        -:10821:    }
    #####:10822:    if (std::strcmp(field, "generation_rank") == 0) {
    #####:10823:      return &static_cast<const T*>(stru)->generation_rank;
        -:10824:    }
    #####:10825:    if (std::strcmp(field, "absolute_generation_rank") == 0) {
    #####:10826:      return &static_cast<const T*>(stru)->absolute_generation_rank;
        -:10827:    }
    #####:10828:    if (std::strcmp(field, "valid_data") == 0) {
    #####:10829:      return &static_cast<const T*>(stru)->valid_data;
        -:10830:    }
    #####:10831:    if (std::strcmp(field, "opendds_reserved_publication_seq") == 0) {
    #####:10832:      return &static_cast<const T*>(stru)->opendds_reserved_publication_seq;
        -:10833:    }
    #####:10834:    throw std::runtime_error("Field " + OPENDDS_STRING(field) + " not found or its type is not supported (in struct DDS::SampleInfo)");
        -:10835:  }
        -:10836:
    #####:10837:  void assign(void* lhs, const char* field, const void* rhs,
        -:10838:    const char* rhsFieldSpec, const MetaStruct& rhsMeta) const
        -:10839:  {
        -:10840:    ACE_UNUSED_ARG(lhs);
        -:10841:    ACE_UNUSED_ARG(field);
        -:10842:    ACE_UNUSED_ARG(rhs);
        -:10843:    ACE_UNUSED_ARG(rhsFieldSpec);
        -:10844:    ACE_UNUSED_ARG(rhsMeta);
    #####:10845:    if (std::strcmp(field, "sample_state") == 0) {
    #####:10846:      static_cast<T*>(lhs)->sample_state = *static_cast<const DDS::SampleStateKind*>(rhsMeta.getRawField(rhs, rhsFieldSpec));
    #####:10847:      return;
        -:10848:    }
    #####:10849:    if (std::strcmp(field, "view_state") == 0) {
    #####:10850:      static_cast<T*>(lhs)->view_state = *static_cast<const DDS::ViewStateKind*>(rhsMeta.getRawField(rhs, rhsFieldSpec));
    #####:10851:      return;
        -:10852:    }
    #####:10853:    if (std::strcmp(field, "instance_state") == 0) {
    #####:10854:      static_cast<T*>(lhs)->instance_state = *static_cast<const DDS::InstanceStateKind*>(rhsMeta.getRawField(rhs, rhsFieldSpec));
    #####:10855:      return;
        -:10856:    }
    #####:10857:    if (std::strcmp(field, "source_timestamp") == 0) {
    #####:10858:      static_cast<T*>(lhs)->source_timestamp = *static_cast<const DDS::Time_t*>(rhsMeta.getRawField(rhs, rhsFieldSpec));
    #####:10859:      return;
        -:10860:    }
    #####:10861:    if (std::strcmp(field, "instance_handle") == 0) {
    #####:10862:      static_cast<T*>(lhs)->instance_handle = *static_cast<const DDS::InstanceHandle_t*>(rhsMeta.getRawField(rhs, rhsFieldSpec));
    #####:10863:      return;
        -:10864:    }
    #####:10865:    if (std::strcmp(field, "publication_handle") == 0) {
    #####:10866:      static_cast<T*>(lhs)->publication_handle = *static_cast<const DDS::InstanceHandle_t*>(rhsMeta.getRawField(rhs, rhsFieldSpec));
    #####:10867:      return;
        -:10868:    }
    #####:10869:    if (std::strcmp(field, "disposed_generation_count") == 0) {
    #####:10870:      static_cast<T*>(lhs)->disposed_generation_count = *static_cast<const CORBA::Long*>(rhsMeta.getRawField(rhs, rhsFieldSpec));
    #####:10871:      return;
        -:10872:    }
    #####:10873:    if (std::strcmp(field, "no_writers_generation_count") == 0) {
    #####:10874:      static_cast<T*>(lhs)->no_writers_generation_count = *static_cast<const CORBA::Long*>(rhsMeta.getRawField(rhs, rhsFieldSpec));
    #####:10875:      return;
        -:10876:    }
    #####:10877:    if (std::strcmp(field, "sample_rank") == 0) {
    #####:10878:      static_cast<T*>(lhs)->sample_rank = *static_cast<const CORBA::Long*>(rhsMeta.getRawField(rhs, rhsFieldSpec));
    #####:10879:      return;
        -:10880:    }
    #####:10881:    if (std::strcmp(field, "generation_rank") == 0) {
    #####:10882:      static_cast<T*>(lhs)->generation_rank = *static_cast<const CORBA::Long*>(rhsMeta.getRawField(rhs, rhsFieldSpec));
    #####:10883:      return;
        -:10884:    }
    #####:10885:    if (std::strcmp(field, "absolute_generation_rank") == 0) {
    #####:10886:      static_cast<T*>(lhs)->absolute_generation_rank = *static_cast<const CORBA::Long*>(rhsMeta.getRawField(rhs, rhsFieldSpec));
    #####:10887:      return;
        -:10888:    }
    #####:10889:    if (std::strcmp(field, "valid_data") == 0) {
    #####:10890:      static_cast<T*>(lhs)->valid_data = *static_cast<const CORBA::Boolean*>(rhsMeta.getRawField(rhs, rhsFieldSpec));
    #####:10891:      return;
        -:10892:    }
    #####:10893:    if (std::strcmp(field, "opendds_reserved_publication_seq") == 0) {
    #####:10894:      static_cast<T*>(lhs)->opendds_reserved_publication_seq = *static_cast<const CORBA::LongLong*>(rhsMeta.getRawField(rhs, rhsFieldSpec));
    #####:10895:      return;
        -:10896:    }
    #####:10897:    throw std::runtime_error("Field " + OPENDDS_STRING(field) + " not found or its type is not supported (in struct DDS::SampleInfo)");
        -:10898:  }
        -:10899:#endif /* OPENDDS_NO_MULTI_TOPIC */
        -:10900:
    #####:10901:  bool compare(const void* lhs, const void* rhs, const char* field) const
        -:10902:  {
        -:10903:    ACE_UNUSED_ARG(lhs);
        -:10904:    ACE_UNUSED_ARG(field);
        -:10905:    ACE_UNUSED_ARG(rhs);
    #####:10906:    if (std::strcmp(field, "sample_state") == 0) {
    #####:10907:      return static_cast<const T*>(lhs)->sample_state == static_cast<const T*>(rhs)->sample_state;
        -:10908:    }
    #####:10909:    if (std::strcmp(field, "view_state") == 0) {
    #####:10910:      return static_cast<const T*>(lhs)->view_state == static_cast<const T*>(rhs)->view_state;
        -:10911:    }
    #####:10912:    if (std::strcmp(field, "instance_state") == 0) {
    #####:10913:      return static_cast<const T*>(lhs)->instance_state == static_cast<const T*>(rhs)->instance_state;
        -:10914:    }
    #####:10915:    if (std::strcmp(field, "instance_handle") == 0) {
    #####:10916:      return static_cast<const T*>(lhs)->instance_handle == static_cast<const T*>(rhs)->instance_handle;
        -:10917:    }
    #####:10918:    if (std::strcmp(field, "publication_handle") == 0) {
    #####:10919:      return static_cast<const T*>(lhs)->publication_handle == static_cast<const T*>(rhs)->publication_handle;
        -:10920:    }
    #####:10921:    if (std::strcmp(field, "disposed_generation_count") == 0) {
    #####:10922:      return static_cast<const T*>(lhs)->disposed_generation_count == static_cast<const T*>(rhs)->disposed_generation_count;
        -:10923:    }
    #####:10924:    if (std::strcmp(field, "no_writers_generation_count") == 0) {
    #####:10925:      return static_cast<const T*>(lhs)->no_writers_generation_count == static_cast<const T*>(rhs)->no_writers_generation_count;
        -:10926:    }
    #####:10927:    if (std::strcmp(field, "sample_rank") == 0) {
    #####:10928:      return static_cast<const T*>(lhs)->sample_rank == static_cast<const T*>(rhs)->sample_rank;
        -:10929:    }
    #####:10930:    if (std::strcmp(field, "generation_rank") == 0) {
    #####:10931:      return static_cast<const T*>(lhs)->generation_rank == static_cast<const T*>(rhs)->generation_rank;
        -:10932:    }
    #####:10933:    if (std::strcmp(field, "absolute_generation_rank") == 0) {
    #####:10934:      return static_cast<const T*>(lhs)->absolute_generation_rank == static_cast<const T*>(rhs)->absolute_generation_rank;
        -:10935:    }
    #####:10936:    if (std::strcmp(field, "valid_data") == 0) {
    #####:10937:      return static_cast<const T*>(lhs)->valid_data == static_cast<const T*>(rhs)->valid_data;
        -:10938:    }
    #####:10939:    if (std::strcmp(field, "opendds_reserved_publication_seq") == 0) {
    #####:10940:      return static_cast<const T*>(lhs)->opendds_reserved_publication_seq == static_cast<const T*>(rhs)->opendds_reserved_publication_seq;
        -:10941:    }
    #####:10942:    throw std::runtime_error("Field " + OPENDDS_STRING(field) + " not found or its type is not supported (in struct DDS::SampleInfo)");
        -:10943:  }
        -:10944:};
        -:10945:
        -:10946:template<>
    #####:10947:const MetaStruct& getMetaStruct<DDS::SampleInfo>()
        -:10948:{
    #####:10949:  static MetaStructImpl<DDS::SampleInfo> msi;
    #####:10950:  return msi;
        -:10951:}
        -:10952:
    #####:10953:bool gen_skip_over(Serializer& ser, DDS::SampleInfo*)
        -:10954:{
        -:10955:  ACE_UNUSED_ARG(ser);
    #####:10956:  MetaStructImpl<DDS::SampleInfo>().getValue(ser, "");
    #####:10957:  return true;
        -:10958:}
        -:10959:
        -:10960:}  }
        -:10961:OPENDDS_END_VERSIONED_NAMESPACE_DECL
        -:10962:
        -:10963:#endif
        -:10964:
        -:10965:/* End STRUCT: SampleInfo */
        -:10966:
        -:10967:
        -:10968:/* Begin TYPEDEF: SampleInfoSeq */
        -:10969:
        -:10970:OPENDDS_BEGIN_VERSIONED_NAMESPACE_DECL
        -:10971:namespace OpenDDS { namespace DCPS {
        -:10972:
    #####:10973:void gen_find_size(const DDS::SampleInfoSeq& seq, size_t& size, size_t& padding)
        -:10974:{
        -:10975:  ACE_UNUSED_ARG(seq);
        -:10976:  ACE_UNUSED_ARG(size);
        -:10977:  ACE_UNUSED_ARG(padding);
    #####:10978:  find_size_ulong(size, padding);
    #####:10979:  if (seq.length() == 0) {
    #####:10980:    return;
        -:10981:  }
    #####:10982:  for (CORBA::ULong i = 0; i < seq.length(); ++i) {
    #####:10983:    gen_find_size(seq[i], size, padding);
        -:10984:  }
        -:10985:}
        -:10986:
    #####:10987:bool operator<<(Serializer& strm, const DDS::SampleInfoSeq& seq)
        -:10988:{
        -:10989:  ACE_UNUSED_ARG(strm);
        -:10990:  ACE_UNUSED_ARG(seq);
    #####:10991:  const CORBA::ULong length = seq.length();
    #####:10992:  if (!(strm << length)) {
    #####:10993:    return false;
        -:10994:  }
    #####:10995:  if (length == 0) {
    #####:10996:    return true;
        -:10997:  }
    #####:10998:  for (CORBA::ULong i = 0; i < length; ++i) {
    #####:10999:    if (!(strm << seq[i])) {
    #####:11000:      return false;
        -:11001:    }
        -:11002:  }
    #####:11003:  return true;
        -:11004:}
        -:11005:
    #####:11006:bool operator>>(Serializer& strm, DDS::SampleInfoSeq& seq)
        -:11007:{
        -:11008:  ACE_UNUSED_ARG(strm);
        -:11009:  ACE_UNUSED_ARG(seq);
        -:11010:  CORBA::ULong length;
    #####:11011:  if (!(strm >> length)) {
    #####:11012:    return false;
        -:11013:  }
    #####:11014:  seq.length(length);
    #####:11015:  for (CORBA::ULong i = 0; i < length; ++i) {
    #####:11016:    if (!(strm >> seq[i])) {
    #####:11017:      return false;
        -:11018:    }
        -:11019:  }
    #####:11020:  return true;
        -:11021:}
        -:11022:
        -:11023:}  }
        -:11024:OPENDDS_END_VERSIONED_NAMESPACE_DECL
        -:11025:
        -:11026:#ifndef OPENDDS_NO_CONTENT_SUBSCRIPTION_PROFILE
        -:11027:OPENDDS_BEGIN_VERSIONED_NAMESPACE_DECL
        -:11028:namespace OpenDDS { namespace DCPS {
        -:11029:
    #####:11030:bool gen_skip_over(Serializer& ser, DDS::SampleInfoSeq*)
        -:11031:{
        -:11032:  ACE_UNUSED_ARG(ser);
        -:11033:  ACE_CDR::ULong length;
    #####:11034:  if (!(ser >> length)) return false;
    #####:11035:  for (ACE_CDR::ULong i = 0; i < length; ++i) {
    #####:11036:    if (!gen_skip_over(ser, static_cast<DDS::SampleInfo*>(0))) return false;
        -:11037:  }
    #####:11038:  return true;
        -:11039:}
        -:11040:
      120:11041:}  }
        -:11042:OPENDDS_END_VERSIONED_NAMESPACE_DECL
        -:11043:
        -:11044:#endif
        -:11045:
        -:11046:/* End TYPEDEF: SampleInfoSeq */
        -:11047:
        -:11048:/* End MODULE: DDS */
