        -:    0:Source:/home/ryan/git/TARGETS/OpenDDS-debloat/ACE_wrappers/TAO/tao/Intrusive_Ref_Count_Base_T.inl
        -:    0:Programs:51
        -:    1:// -*- C++ -*-
        -:    2://
        -:    3:// $Id$
        -:    4:
        -:    5:TAO_BEGIN_VERSIONED_NAMESPACE_DECL
        -:    6:
        -:    7:template <typename T>
        -:    8:ACE_INLINE
        -:    9:TAO_Intrusive_Ref_Count_Base<T>::TAO_Intrusive_Ref_Count_Base (void)
        -:   10:  : ref_count_(1)
        -:   11:{}
        -:   12:
        -:   13:
        -:   14:template <typename T>
        -:   15:ACE_INLINE
        -:   16:void
        -:   17:TAO_Intrusive_Ref_Count_Base<T>::_add_ref (void)
        -:   18:{
        -:   19:  ++this->ref_count_;
        -:   20:}
        -:   21:
        -:   22:
        -:   23:template <typename T>
        -:   24:ACE_INLINE
        -:   25:void
    #####:   26:TAO_Intrusive_Ref_Count_Base<T>::_remove_ref (void)
        -:   27:{
    #####:   28:  long const new_count = --this->ref_count_;
        -:   29:
    #####:   30:  if (new_count != 0)
        -:   31:    {
    #####:   32:      return;
        -:   33:    }
        -:   34:
    #####:   35:  delete this;
        -:   36:}
        -:   37:
        -:   38:TAO_END_VERSIONED_NAMESPACE_DECL
