        -:    0:Source:/home/ryan/git/TARGETS/OpenDDS-debloat/ACE_wrappers/TAO/tao/Objref_VarOut_T.inl
        -:    0:Programs:70
        -:    1:// -*- C++ -*-
        -:    2://
        -:    3:// $Id$
        -:    4:
        -:    5:TAO_BEGIN_VERSIONED_NAMESPACE_DECL
        -:    6:
        -:    7:template <typename T>
        -:    8:ACE_INLINE
      70*:    9:TAO_Objref_Var_T<T>::TAO_Objref_Var_T (void)
      70*:   10:  : ptr_ (TAO::Objref_Traits<T>::nil ())
        -:   11:{
      70*:   12:}
------------------
_ZN16TAO_Objref_Var_TIN3DDS10SubscriberEEC2Ev:
    #####:    9:TAO_Objref_Var_T<T>::TAO_Objref_Var_T (void)
    #####:   10:  : ptr_ (TAO::Objref_Traits<T>::nil ())
        -:   11:{
    #####:   12:}
------------------
_ZN16TAO_Objref_Var_TIN3DDS18SubscriberListenerEEC2Ev:
        3:    9:TAO_Objref_Var_T<T>::TAO_Objref_Var_T (void)
        3:   10:  : ptr_ (TAO::Objref_Traits<T>::nil ())
        -:   11:{
        3:   12:}
------------------
_ZN16TAO_Objref_Var_TIN3DDS5TopicEEC2Ev:
    #####:    9:TAO_Objref_Var_T<T>::TAO_Objref_Var_T (void)
    #####:   10:  : ptr_ (TAO::Objref_Traits<T>::nil ())
        -:   11:{
    #####:   12:}
------------------
_ZN16TAO_Objref_Var_TIN3DDS10DataReaderEEC2Ev:
    #####:    9:TAO_Objref_Var_T<T>::TAO_Objref_Var_T (void)
    #####:   10:  : ptr_ (TAO::Objref_Traits<T>::nil ())
        -:   11:{
    #####:   12:}
------------------
_ZN16TAO_Objref_Var_TIN3DDS10SubscriberEEC2Ev:
        9:    9:TAO_Objref_Var_T<T>::TAO_Objref_Var_T (void)
        9:   10:  : ptr_ (TAO::Objref_Traits<T>::nil ())
        -:   11:{
        9:   12:}
------------------
_ZN16TAO_Objref_Var_TIN3DDS5TopicEEC2Ev:
       14:    9:TAO_Objref_Var_T<T>::TAO_Objref_Var_T (void)
       14:   10:  : ptr_ (TAO::Objref_Traits<T>::nil ())
        -:   11:{
       14:   12:}
------------------
_ZN16TAO_Objref_Var_TIN7OpenDDS4DCPS11TypeSupportEEC2Ev:
    #####:    9:TAO_Objref_Var_T<T>::TAO_Objref_Var_T (void)
    #####:   10:  : ptr_ (TAO::Objref_Traits<T>::nil ())
        -:   11:{
    #####:   12:}
------------------
_ZN16TAO_Objref_Var_TIN3DDS10DataReaderEEC2Ev:
    #####:    9:TAO_Objref_Var_T<T>::TAO_Objref_Var_T (void)
    #####:   10:  : ptr_ (TAO::Objref_Traits<T>::nil ())
        -:   11:{
    #####:   12:}
------------------
_ZN16TAO_Objref_Var_TIN3DDS25DomainParticipantListenerEEC2Ev:
        3:    9:TAO_Objref_Var_T<T>::TAO_Objref_Var_T (void)
        3:   10:  : ptr_ (TAO::Objref_Traits<T>::nil ())
        -:   11:{
        3:   12:}
------------------
_ZN16TAO_Objref_Var_TIN3DDS18DataReaderListenerEEC2Ev:
        4:    9:TAO_Objref_Var_T<T>::TAO_Objref_Var_T (void)
        4:   10:  : ptr_ (TAO::Objref_Traits<T>::nil ())
        -:   11:{
        4:   12:}
------------------
_ZN16TAO_Objref_Var_TIN7OpenDDS4DCPS11TypeSupportEEC2Ev:
       28:    9:TAO_Objref_Var_T<T>::TAO_Objref_Var_T (void)
       28:   10:  : ptr_ (TAO::Objref_Traits<T>::nil ())
        -:   11:{
       28:   12:}
------------------
_ZN16TAO_Objref_Var_TIN3DDS20ContentFilteredTopicEEC2Ev:
    #####:    9:TAO_Objref_Var_T<T>::TAO_Objref_Var_T (void)
    #####:   10:  : ptr_ (TAO::Objref_Traits<T>::nil ())
        -:   11:{
    #####:   12:}
------------------
_ZN16TAO_Objref_Var_TIN3DDS10MultiTopicEEC2Ev:
    #####:    9:TAO_Objref_Var_T<T>::TAO_Objref_Var_T (void)
    #####:   10:  : ptr_ (TAO::Objref_Traits<T>::nil ())
        -:   11:{
    #####:   12:}
------------------
_ZN16TAO_Objref_Var_TIN3DDS5TopicEEC2Ev:
    #####:    9:TAO_Objref_Var_T<T>::TAO_Objref_Var_T (void)
    #####:   10:  : ptr_ (TAO::Objref_Traits<T>::nil ())
        -:   11:{
    #####:   12:}
------------------
_ZN16TAO_Objref_Var_TIN3DDS9PublisherEEC2Ev:
        4:    9:TAO_Objref_Var_T<T>::TAO_Objref_Var_T (void)
        4:   10:  : ptr_ (TAO::Objref_Traits<T>::nil ())
        -:   11:{
        4:   12:}
------------------
_ZN16TAO_Objref_Var_TIN3DDS16TopicDescriptionEEC2Ev:
    #####:    9:TAO_Objref_Var_T<T>::TAO_Objref_Var_T (void)
    #####:   10:  : ptr_ (TAO::Objref_Traits<T>::nil ())
        -:   11:{
    #####:   12:}
------------------
_ZN16TAO_Objref_Var_TIN3DDS18DataWriterListenerEEC2Ev:
        5:    9:TAO_Objref_Var_T<T>::TAO_Objref_Var_T (void)
        5:   10:  : ptr_ (TAO::Objref_Traits<T>::nil ())
        -:   11:{
        5:   12:}
------------------
        -:   13:
        -:   14:template <typename T>
        -:   15:ACE_INLINE
     263*:   16:TAO_Objref_Var_T<T>::~TAO_Objref_Var_T (void)
        -:   17:{
     263*:   18:  TAO::Objref_Traits<T>::release (this->ptr_);
     263*:   19:}
------------------
_ZN16TAO_Objref_Var_TIN3DDS18DataWriterListenerEED2Ev:
        7:   16:TAO_Objref_Var_T<T>::~TAO_Objref_Var_T (void)
        -:   17:{
        7:   18:  TAO::Objref_Traits<T>::release (this->ptr_);
        7:   19:}
------------------
_ZN16TAO_Objref_Var_TIN3DDS5TopicEED2Ev:
    #####:   16:TAO_Objref_Var_T<T>::~TAO_Objref_Var_T (void)
        -:   17:{
    #####:   18:  TAO::Objref_Traits<T>::release (this->ptr_);
    #####:   19:}
------------------
_ZN16TAO_Objref_Var_TIN7OpenDDS4DCPS11TypeSupportEED2Ev:
    #####:   16:TAO_Objref_Var_T<T>::~TAO_Objref_Var_T (void)
        -:   17:{
    #####:   18:  TAO::Objref_Traits<T>::release (this->ptr_);
    #####:   19:}
------------------
_ZN16TAO_Objref_Var_TIN3DDS16TopicDescriptionEED2Ev:
    #####:   16:TAO_Objref_Var_T<T>::~TAO_Objref_Var_T (void)
        -:   17:{
    #####:   18:  TAO::Objref_Traits<T>::release (this->ptr_);
    #####:   19:}
------------------
_ZN16TAO_Objref_Var_TIN3DDS10SubscriberEED2Ev:
    #####:   16:TAO_Objref_Var_T<T>::~TAO_Objref_Var_T (void)
        -:   17:{
    #####:   18:  TAO::Objref_Traits<T>::release (this->ptr_);
    #####:   19:}
------------------
_ZN16TAO_Objref_Var_TIN3DDS10DataReaderEED2Ev:
    #####:   16:TAO_Objref_Var_T<T>::~TAO_Objref_Var_T (void)
        -:   17:{
    #####:   18:  TAO::Objref_Traits<T>::release (this->ptr_);
    #####:   19:}
------------------
_ZN16TAO_Objref_Var_TIN3DDS37PublicationBuiltinTopicDataDataReaderEED2Ev:
    #####:   16:TAO_Objref_Var_T<T>::~TAO_Objref_Var_T (void)
        -:   17:{
    #####:   18:  TAO::Objref_Traits<T>::release (this->ptr_);
    #####:   19:}
------------------
_ZN16TAO_Objref_Var_TIN3DDS17PublisherListenerEED2Ev:
        2:   16:TAO_Objref_Var_T<T>::~TAO_Objref_Var_T (void)
        -:   17:{
        2:   18:  TAO::Objref_Traits<T>::release (this->ptr_);
        2:   19:}
------------------
_ZN16TAO_Objref_Var_TIN3DDS10DataWriterEED2Ev:
        5:   16:TAO_Objref_Var_T<T>::~TAO_Objref_Var_T (void)
        -:   17:{
        5:   18:  TAO::Objref_Traits<T>::release (this->ptr_);
        5:   19:}
------------------
_ZN16TAO_Objref_Var_TIN3DDS9PublisherEED2Ev:
    #####:   16:TAO_Objref_Var_T<T>::~TAO_Objref_Var_T (void)
        -:   17:{
    #####:   18:  TAO::Objref_Traits<T>::release (this->ptr_);
    #####:   19:}
------------------
_ZN16TAO_Objref_Var_TIN3DDS18DataReaderListenerEED2Ev:
    #####:   16:TAO_Objref_Var_T<T>::~TAO_Objref_Var_T (void)
        -:   17:{
    #####:   18:  TAO::Objref_Traits<T>::release (this->ptr_);
    #####:   19:}
------------------
_ZN16TAO_Objref_Var_TIN7OpenDDS4DCPS11TypeSupportEED2Ev:
    #####:   16:TAO_Objref_Var_T<T>::~TAO_Objref_Var_T (void)
        -:   17:{
    #####:   18:  TAO::Objref_Traits<T>::release (this->ptr_);
    #####:   19:}
------------------
_ZN16TAO_Objref_Var_TIN3DDS5TopicEED2Ev:
    #####:   16:TAO_Objref_Var_T<T>::~TAO_Objref_Var_T (void)
        -:   17:{
    #####:   18:  TAO::Objref_Traits<T>::release (this->ptr_);
    #####:   19:}
------------------
_ZN16TAO_Objref_Var_TIN3DDS10DataReaderEED2Ev:
    #####:   16:TAO_Objref_Var_T<T>::~TAO_Objref_Var_T (void)
        -:   17:{
    #####:   18:  TAO::Objref_Traits<T>::release (this->ptr_);
    #####:   19:}
------------------
_ZN16TAO_Objref_Var_TIN3DDS17DomainParticipantEED2Ev:
    #####:   16:TAO_Objref_Var_T<T>::~TAO_Objref_Var_T (void)
        -:   17:{
    #####:   18:  TAO::Objref_Traits<T>::release (this->ptr_);
    #####:   19:}
------------------
_ZN16TAO_Objref_Var_TIN3DDS16TopicDescriptionEED2Ev:
    #####:   16:TAO_Objref_Var_T<T>::~TAO_Objref_Var_T (void)
        -:   17:{
    #####:   18:  TAO::Objref_Traits<T>::release (this->ptr_);
    #####:   19:}
------------------
_ZN16TAO_Objref_Var_TIN3DDS10SubscriberEED2Ev:
    #####:   16:TAO_Objref_Var_T<T>::~TAO_Objref_Var_T (void)
        -:   17:{
    #####:   18:  TAO::Objref_Traits<T>::release (this->ptr_);
    #####:   19:}
------------------
_ZN16TAO_Objref_Var_TIN3DDS10DataReaderEED2Ev:
    #####:   16:TAO_Objref_Var_T<T>::~TAO_Objref_Var_T (void)
        -:   17:{
    #####:   18:  TAO::Objref_Traits<T>::release (this->ptr_);
    #####:   19:}
------------------
_ZN16TAO_Objref_Var_TIN3DDS15StatusConditionEED2Ev:
       36:   16:TAO_Objref_Var_T<T>::~TAO_Objref_Var_T (void)
        -:   17:{
       36:   18:  TAO::Objref_Traits<T>::release (this->ptr_);
       36:   19:}
------------------
_ZN16TAO_Objref_Var_TIN3DDS18DataReaderListenerEED2Ev:
    #####:   16:TAO_Objref_Var_T<T>::~TAO_Objref_Var_T (void)
        -:   17:{
    #####:   18:  TAO::Objref_Traits<T>::release (this->ptr_);
    #####:   19:}
------------------
_ZN16TAO_Objref_Var_TIN3DDS9ConditionEED2Ev:
       15:   16:TAO_Objref_Var_T<T>::~TAO_Objref_Var_T (void)
        -:   17:{
       15:   18:  TAO::Objref_Traits<T>::release (this->ptr_);
       15:   19:}
------------------
_ZN16TAO_Objref_Var_TIN3DDS13TopicListenerEED2Ev:
       14:   16:TAO_Objref_Var_T<T>::~TAO_Objref_Var_T (void)
        -:   17:{
       14:   18:  TAO::Objref_Traits<T>::release (this->ptr_);
       14:   19:}
------------------
_ZN16TAO_Objref_Var_TIN7OpenDDS4DCPS11TypeSupportEED2Ev:
    #####:   16:TAO_Objref_Var_T<T>::~TAO_Objref_Var_T (void)
        -:   17:{
    #####:   18:  TAO::Objref_Traits<T>::release (this->ptr_);
    #####:   19:}
------------------
_ZN16TAO_Objref_Var_TIN3DDS5TopicEED2Ev:
    #####:   16:TAO_Objref_Var_T<T>::~TAO_Objref_Var_T (void)
        -:   17:{
    #####:   18:  TAO::Objref_Traits<T>::release (this->ptr_);
    #####:   19:}
------------------
_ZN16TAO_Objref_Var_TIN3DDS18SubscriberListenerEED2Ev:
    #####:   16:TAO_Objref_Var_T<T>::~TAO_Objref_Var_T (void)
        -:   17:{
    #####:   18:  TAO::Objref_Traits<T>::release (this->ptr_);
    #####:   19:}
------------------
_ZN16TAO_Objref_Var_TIN3DDS10DataReaderEED2Ev:
    #####:   16:TAO_Objref_Var_T<T>::~TAO_Objref_Var_T (void)
        -:   17:{
    #####:   18:  TAO::Objref_Traits<T>::release (this->ptr_);
    #####:   19:}
------------------
_ZN16TAO_Objref_Var_TIN3DDS10SubscriberEED2Ev:
    #####:   16:TAO_Objref_Var_T<T>::~TAO_Objref_Var_T (void)
        -:   17:{
    #####:   18:  TAO::Objref_Traits<T>::release (this->ptr_);
    #####:   19:}
------------------
_ZN16TAO_Objref_Var_TIN3DDS16TopicDescriptionEED2Ev:
    #####:   16:TAO_Objref_Var_T<T>::~TAO_Objref_Var_T (void)
        -:   17:{
    #####:   18:  TAO::Objref_Traits<T>::release (this->ptr_);
    #####:   19:}
------------------
_ZN16TAO_Objref_Var_TIN3DDS5TopicEED2Ev:
    #####:   16:TAO_Objref_Var_T<T>::~TAO_Objref_Var_T (void)
        -:   17:{
    #####:   18:  TAO::Objref_Traits<T>::release (this->ptr_);
    #####:   19:}
------------------
_ZN16TAO_Objref_Var_TIN3DDS10SubscriberEED2Ev:
    #####:   16:TAO_Objref_Var_T<T>::~TAO_Objref_Var_T (void)
        -:   17:{
    #####:   18:  TAO::Objref_Traits<T>::release (this->ptr_);
    #####:   19:}
------------------
_ZN16TAO_Objref_Var_TIN3DDS10DataReaderEED2Ev:
    #####:   16:TAO_Objref_Var_T<T>::~TAO_Objref_Var_T (void)
        -:   17:{
    #####:   18:  TAO::Objref_Traits<T>::release (this->ptr_);
    #####:   19:}
------------------
_ZN16TAO_Objref_Var_TIN3DDS9PublisherEED2Ev:
       11:   16:TAO_Objref_Var_T<T>::~TAO_Objref_Var_T (void)
        -:   17:{
       11:   18:  TAO::Objref_Traits<T>::release (this->ptr_);
       11:   19:}
------------------
_ZN16TAO_Objref_Var_TIN3DDS17DomainParticipantEED2Ev:
       14:   16:TAO_Objref_Var_T<T>::~TAO_Objref_Var_T (void)
        -:   17:{
       14:   18:  TAO::Objref_Traits<T>::release (this->ptr_);
       14:   19:}
------------------
_ZN16TAO_Objref_Var_TIN3DDS16TopicDescriptionEED2Ev:
    #####:   16:TAO_Objref_Var_T<T>::~TAO_Objref_Var_T (void)
        -:   17:{
    #####:   18:  TAO::Objref_Traits<T>::release (this->ptr_);
    #####:   19:}
------------------
_ZN16TAO_Objref_Var_TIN3DDS18DataReaderListenerEED2Ev:
    #####:   16:TAO_Objref_Var_T<T>::~TAO_Objref_Var_T (void)
        -:   17:{
    #####:   18:  TAO::Objref_Traits<T>::release (this->ptr_);
    #####:   19:}
------------------
_ZN16TAO_Objref_Var_TIN3DDS18SubscriberListenerEED2Ev:
    #####:   16:TAO_Objref_Var_T<T>::~TAO_Objref_Var_T (void)
        -:   17:{
    #####:   18:  TAO::Objref_Traits<T>::release (this->ptr_);
    #####:   19:}
------------------
_ZN16TAO_Objref_Var_TIN7OpenDDS4DCPS11TypeSupportEED2Ev:
       94:   16:TAO_Objref_Var_T<T>::~TAO_Objref_Var_T (void)
        -:   17:{
       94:   18:  TAO::Objref_Traits<T>::release (this->ptr_);
       94:   19:}
------------------
_ZN16TAO_Objref_Var_TIN3DDS18DataReaderListenerEED2Ev:
    #####:   16:TAO_Objref_Var_T<T>::~TAO_Objref_Var_T (void)
        -:   17:{
    #####:   18:  TAO::Objref_Traits<T>::release (this->ptr_);
    #####:   19:}
------------------
_ZN16TAO_Objref_Var_TIN3DDS32TopicBuiltinTopicDataTypeSupportEED2Ev:
        2:   16:TAO_Objref_Var_T<T>::~TAO_Objref_Var_T (void)
        -:   17:{
        2:   18:  TAO::Objref_Traits<T>::release (this->ptr_);
        2:   19:}
------------------
_ZN16TAO_Objref_Var_TIN3DDS39SubscriptionBuiltinTopicDataTypeSupportEED2Ev:
        2:   16:TAO_Objref_Var_T<T>::~TAO_Objref_Var_T (void)
        -:   17:{
        2:   18:  TAO::Objref_Traits<T>::release (this->ptr_);
        2:   19:}
------------------
_ZN16TAO_Objref_Var_TIN3DDS38PublicationBuiltinTopicDataTypeSupportEED2Ev:
        2:   16:TAO_Objref_Var_T<T>::~TAO_Objref_Var_T (void)
        -:   17:{
        2:   18:  TAO::Objref_Traits<T>::release (this->ptr_);
        2:   19:}
------------------
_ZN16TAO_Objref_Var_TIN3DDS18DataWriterListenerEED2Ev:
    #####:   16:TAO_Objref_Var_T<T>::~TAO_Objref_Var_T (void)
        -:   17:{
    #####:   18:  TAO::Objref_Traits<T>::release (this->ptr_);
    #####:   19:}
------------------
_ZN16TAO_Objref_Var_TIN7OpenDDS4DCPS18DataWriterListenerEED2Ev:
    #####:   16:TAO_Objref_Var_T<T>::~TAO_Objref_Var_T (void)
        -:   17:{
    #####:   18:  TAO::Objref_Traits<T>::release (this->ptr_);
    #####:   19:}
------------------
_ZN16TAO_Objref_Var_TIN3DDS10SubscriberEED2Ev:
    #####:   16:TAO_Objref_Var_T<T>::~TAO_Objref_Var_T (void)
        -:   17:{
    #####:   18:  TAO::Objref_Traits<T>::release (this->ptr_);
    #####:   19:}
------------------
_ZN16TAO_Objref_Var_TIN3DDS10DataReaderEED2Ev:
    #####:   16:TAO_Objref_Var_T<T>::~TAO_Objref_Var_T (void)
        -:   17:{
    #####:   18:  TAO::Objref_Traits<T>::release (this->ptr_);
    #####:   19:}
------------------
_ZN16TAO_Objref_Var_TIN3DDS38SubscriptionBuiltinTopicDataDataReaderEED2Ev:
    #####:   16:TAO_Objref_Var_T<T>::~TAO_Objref_Var_T (void)
        -:   17:{
    #####:   18:  TAO::Objref_Traits<T>::release (this->ptr_);
    #####:   19:}
------------------
_ZN16TAO_Objref_Var_TIN3DDS16TopicDescriptionEED2Ev:
    #####:   16:TAO_Objref_Var_T<T>::~TAO_Objref_Var_T (void)
        -:   17:{
    #####:   18:  TAO::Objref_Traits<T>::release (this->ptr_);
    #####:   19:}
------------------
_ZN16TAO_Objref_Var_TIN3DDS38ParticipantBuiltinTopicDataTypeSupportEED2Ev:
        2:   16:TAO_Objref_Var_T<T>::~TAO_Objref_Var_T (void)
        -:   17:{
        2:   18:  TAO::Objref_Traits<T>::release (this->ptr_);
        2:   19:}
------------------
_ZN16TAO_Objref_Var_TIN3DDS13ReadConditionEED2Ev:
    #####:   16:TAO_Objref_Var_T<T>::~TAO_Objref_Var_T (void)
        -:   17:{
    #####:   18:  TAO::Objref_Traits<T>::release (this->ptr_);
    #####:   19:}
------------------
_ZN16TAO_Objref_Var_TIN3DDS14QueryConditionEED2Ev:
    #####:   16:TAO_Objref_Var_T<T>::~TAO_Objref_Var_T (void)
        -:   17:{
    #####:   18:  TAO::Objref_Traits<T>::release (this->ptr_);
    #####:   19:}
------------------
_ZN16TAO_Objref_Var_TIN7OpenDDS4DCPS18DataReaderListenerEED2Ev:
        1:   16:TAO_Objref_Var_T<T>::~TAO_Objref_Var_T (void)
        -:   17:{
        1:   18:  TAO::Objref_Traits<T>::release (this->ptr_);
        1:   19:}
------------------
_ZN16TAO_Objref_Var_TIN3DDS18SubscriberListenerEED2Ev:
    #####:   16:TAO_Objref_Var_T<T>::~TAO_Objref_Var_T (void)
        -:   17:{
    #####:   18:  TAO::Objref_Traits<T>::release (this->ptr_);
    #####:   19:}
------------------
_ZN16TAO_Objref_Var_TIN3DDS10SubscriberEED2Ev:
        9:   16:TAO_Objref_Var_T<T>::~TAO_Objref_Var_T (void)
        -:   17:{
        9:   18:  TAO::Objref_Traits<T>::release (this->ptr_);
        9:   19:}
------------------
_ZN16TAO_Objref_Var_TIN3DDS10DataReaderEED2Ev:
    #####:   16:TAO_Objref_Var_T<T>::~TAO_Objref_Var_T (void)
        -:   17:{
    #####:   18:  TAO::Objref_Traits<T>::release (this->ptr_);
    #####:   19:}
------------------
_ZN16TAO_Objref_Var_TIN3DDS37PublicationBuiltinTopicDataDataReaderEED2Ev:
    #####:   16:TAO_Objref_Var_T<T>::~TAO_Objref_Var_T (void)
        -:   17:{
    #####:   18:  TAO::Objref_Traits<T>::release (this->ptr_);
    #####:   19:}
------------------
_ZN16TAO_Objref_Var_TIN3DDS5TopicEED2Ev:
       44:   16:TAO_Objref_Var_T<T>::~TAO_Objref_Var_T (void)
        -:   17:{
       44:   18:  TAO::Objref_Traits<T>::release (this->ptr_);
       44:   19:}
------------------
_ZN16TAO_Objref_Var_TIN3DDS37ParticipantBuiltinTopicDataDataReaderEED2Ev:
    #####:   16:TAO_Objref_Var_T<T>::~TAO_Objref_Var_T (void)
        -:   17:{
    #####:   18:  TAO::Objref_Traits<T>::release (this->ptr_);
    #####:   19:}
------------------
_ZN16TAO_Objref_Var_TIN3DDS25DomainParticipantListenerEED2Ev:
        3:   16:TAO_Objref_Var_T<T>::~TAO_Objref_Var_T (void)
        -:   17:{
        3:   18:  TAO::Objref_Traits<T>::release (this->ptr_);
        3:   19:}
------------------
_ZN16TAO_Objref_Var_TIN3DDS10SubscriberEED2Ev:
    #####:   16:TAO_Objref_Var_T<T>::~TAO_Objref_Var_T (void)
        -:   17:{
    #####:   18:  TAO::Objref_Traits<T>::release (this->ptr_);
    #####:   19:}
------------------
_ZN16TAO_Objref_Var_TIN7OpenDDS4DCPS11TypeSupportEED2Ev:
    #####:   16:TAO_Objref_Var_T<T>::~TAO_Objref_Var_T (void)
        -:   17:{
    #####:   18:  TAO::Objref_Traits<T>::release (this->ptr_);
    #####:   19:}
------------------
_ZN16TAO_Objref_Var_TIN3DDS17DomainParticipantEED2Ev:
    #####:   16:TAO_Objref_Var_T<T>::~TAO_Objref_Var_T (void)
        -:   17:{
    #####:   18:  TAO::Objref_Traits<T>::release (this->ptr_);
    #####:   19:}
------------------
_ZN16TAO_Objref_Var_TIN3DDS20ContentFilteredTopicEED2Ev:
    #####:   16:TAO_Objref_Var_T<T>::~TAO_Objref_Var_T (void)
        -:   17:{
    #####:   18:  TAO::Objref_Traits<T>::release (this->ptr_);
    #####:   19:}
------------------
_ZN16TAO_Objref_Var_TIN3DDS16TopicDescriptionEED2Ev:
    #####:   16:TAO_Objref_Var_T<T>::~TAO_Objref_Var_T (void)
        -:   17:{
    #####:   18:  TAO::Objref_Traits<T>::release (this->ptr_);
    #####:   19:}
------------------
_ZN16TAO_Objref_Var_TIN3DDS10MultiTopicEED2Ev:
    #####:   16:TAO_Objref_Var_T<T>::~TAO_Objref_Var_T (void)
        -:   17:{
    #####:   18:  TAO::Objref_Traits<T>::release (this->ptr_);
    #####:   19:}
------------------
_ZN16TAO_Objref_Var_TIN3DDS10DataReaderEED2Ev:
    #####:   16:TAO_Objref_Var_T<T>::~TAO_Objref_Var_T (void)
        -:   17:{
    #####:   18:  TAO::Objref_Traits<T>::release (this->ptr_);
    #####:   19:}
------------------
_ZN16TAO_Objref_Var_TIN3DDS37PublicationBuiltinTopicDataDataReaderEED2Ev:
    #####:   16:TAO_Objref_Var_T<T>::~TAO_Objref_Var_T (void)
        -:   17:{
    #####:   18:  TAO::Objref_Traits<T>::release (this->ptr_);
    #####:   19:}
------------------
_ZN16TAO_Objref_Var_TIN3DDS31TopicBuiltinTopicDataDataReaderEED2Ev:
    #####:   16:TAO_Objref_Var_T<T>::~TAO_Objref_Var_T (void)
        -:   17:{
    #####:   18:  TAO::Objref_Traits<T>::release (this->ptr_);
    #####:   19:}
------------------
_ZN16TAO_Objref_Var_TIN3DDS37PublicationBuiltinTopicDataDataReaderEED2Ev:
    #####:   16:TAO_Objref_Var_T<T>::~TAO_Objref_Var_T (void)
        -:   17:{
    #####:   18:  TAO::Objref_Traits<T>::release (this->ptr_);
    #####:   19:}
------------------
_ZN16TAO_Objref_Var_TIN3DDS18DataReaderListenerEED2Ev:
    #####:   16:TAO_Objref_Var_T<T>::~TAO_Objref_Var_T (void)
        -:   17:{
    #####:   18:  TAO::Objref_Traits<T>::release (this->ptr_);
    #####:   19:}
------------------
_ZN16TAO_Objref_Var_TIN7OpenDDS4DCPS8RecorderEED2Ev:
    #####:   16:TAO_Objref_Var_T<T>::~TAO_Objref_Var_T (void)
        -:   17:{
    #####:   18:  TAO::Objref_Traits<T>::release (this->ptr_);
    #####:   19:}
------------------
_ZN16TAO_Objref_Var_TIN7OpenDDS4DCPS8ReplayerEED2Ev:
    #####:   16:TAO_Objref_Var_T<T>::~TAO_Objref_Var_T (void)
        -:   17:{
    #####:   18:  TAO::Objref_Traits<T>::release (this->ptr_);
    #####:   19:}
------------------
_ZN16TAO_Objref_Var_TIN3DDS9PublisherEED2Ev:
    #####:   16:TAO_Objref_Var_T<T>::~TAO_Objref_Var_T (void)
        -:   17:{
    #####:   18:  TAO::Objref_Traits<T>::release (this->ptr_);
    #####:   19:}
------------------
_ZN16TAO_Objref_Var_TIN3DDS5TopicEED2Ev:
    #####:   16:TAO_Objref_Var_T<T>::~TAO_Objref_Var_T (void)
        -:   17:{
    #####:   18:  TAO::Objref_Traits<T>::release (this->ptr_);
    #####:   19:}
------------------
_ZN16TAO_Objref_Var_TIN7OpenDDS4DCPS11TypeSupportEED2Ev:
    #####:   16:TAO_Objref_Var_T<T>::~TAO_Objref_Var_T (void)
        -:   17:{
    #####:   18:  TAO::Objref_Traits<T>::release (this->ptr_);
    #####:   19:}
------------------
        -:   20:
        -:   21:template <typename T>
        -:   22:ACE_INLINE
        -:   23:T *
      35*:   24:TAO_Objref_Var_T<T>::operator-> (void) const
        -:   25:{
      35*:   26:  return this->ptr_;
        -:   27:}
------------------
_ZNK16TAO_Objref_Var_TIN3DDS18SubscriberListenerEEptEv:
    #####:   24:TAO_Objref_Var_T<T>::operator-> (void) const
        -:   25:{
    #####:   26:  return this->ptr_;
        -:   27:}
------------------
_ZNK16TAO_Objref_Var_TIN7OpenDDS4DCPS11TypeSupportEEptEv:
    #####:   24:TAO_Objref_Var_T<T>::operator-> (void) const
        -:   25:{
    #####:   26:  return this->ptr_;
        -:   27:}
------------------
_ZNK16TAO_Objref_Var_TIN3DDS10SubscriberEEptEv:
    #####:   24:TAO_Objref_Var_T<T>::operator-> (void) const
        -:   25:{
    #####:   26:  return this->ptr_;
        -:   27:}
------------------
_ZNK16TAO_Objref_Var_TIN7OpenDDS4DCPS12DataReaderExEEptEv:
    #####:   24:TAO_Objref_Var_T<T>::operator-> (void) const
        -:   25:{
    #####:   26:  return this->ptr_;
        -:   27:}
------------------
_ZNK16TAO_Objref_Var_TIN3DDS16TopicDescriptionEEptEv:
    #####:   24:TAO_Objref_Var_T<T>::operator-> (void) const
        -:   25:{
    #####:   26:  return this->ptr_;
        -:   27:}
------------------
_ZNK16TAO_Objref_Var_TIN3DDS17DomainParticipantEEptEv:
    #####:   24:TAO_Objref_Var_T<T>::operator-> (void) const
        -:   25:{
    #####:   26:  return this->ptr_;
        -:   27:}
------------------
_ZNK16TAO_Objref_Var_TIN3DDS18DataWriterListenerEEptEv:
    #####:   24:TAO_Objref_Var_T<T>::operator-> (void) const
        -:   25:{
    #####:   26:  return this->ptr_;
        -:   27:}
------------------
_ZNK16TAO_Objref_Var_TIN3DDS37PublicationBuiltinTopicDataDataReaderEEptEv:
    #####:   24:TAO_Objref_Var_T<T>::operator-> (void) const
        -:   25:{
    #####:   26:  return this->ptr_;
        -:   27:}
------------------
_ZNK16TAO_Objref_Var_TIN3DDS10SubscriberEEptEv:
    #####:   24:TAO_Objref_Var_T<T>::operator-> (void) const
        -:   25:{
    #####:   26:  return this->ptr_;
        -:   27:}
------------------
_ZNK16TAO_Objref_Var_TIN7OpenDDS4DCPS11TypeSupportEEptEv:
    #####:   24:TAO_Objref_Var_T<T>::operator-> (void) const
        -:   25:{
    #####:   26:  return this->ptr_;
        -:   27:}
------------------
_ZNK16TAO_Objref_Var_TIN3DDS18DataReaderListenerEEptEv:
    #####:   24:TAO_Objref_Var_T<T>::operator-> (void) const
        -:   25:{
    #####:   26:  return this->ptr_;
        -:   27:}
------------------
_ZNK16TAO_Objref_Var_TIN7OpenDDS4DCPS11TypeSupportEEptEv:
       14:   24:TAO_Objref_Var_T<T>::operator-> (void) const
        -:   25:{
       14:   26:  return this->ptr_;
        -:   27:}
------------------
_ZNK16TAO_Objref_Var_TIN3DDS20ContentFilteredTopicEEptEv:
    #####:   24:TAO_Objref_Var_T<T>::operator-> (void) const
        -:   25:{
    #####:   26:  return this->ptr_;
        -:   27:}
------------------
_ZNK16TAO_Objref_Var_TIN3DDS18DataReaderListenerEEptEv:
    #####:   24:TAO_Objref_Var_T<T>::operator-> (void) const
        -:   25:{
    #####:   26:  return this->ptr_;
        -:   27:}
------------------
_ZNK16TAO_Objref_Var_TIN3DDS17DomainParticipantEEptEv:
    #####:   24:TAO_Objref_Var_T<T>::operator-> (void) const
        -:   25:{
    #####:   26:  return this->ptr_;
        -:   27:}
------------------
_ZNK16TAO_Objref_Var_TIN3DDS9PublisherEEptEv:
    #####:   24:TAO_Objref_Var_T<T>::operator-> (void) const
        -:   25:{
    #####:   26:  return this->ptr_;
        -:   27:}
------------------
_ZNK16TAO_Objref_Var_TIN3DDS10SubscriberEEptEv:
    #####:   24:TAO_Objref_Var_T<T>::operator-> (void) const
        -:   25:{
    #####:   26:  return this->ptr_;
        -:   27:}
------------------
_ZNK16TAO_Objref_Var_TIN3DDS18DataReaderListenerEEptEv:
    #####:   24:TAO_Objref_Var_T<T>::operator-> (void) const
        -:   25:{
    #####:   26:  return this->ptr_;
        -:   27:}
------------------
_ZNK16TAO_Objref_Var_TIN3DDS16TopicDescriptionEEptEv:
    #####:   24:TAO_Objref_Var_T<T>::operator-> (void) const
        -:   25:{
    #####:   26:  return this->ptr_;
        -:   27:}
------------------
_ZNK16TAO_Objref_Var_TIN3DDS10DataReaderEEptEv:
    #####:   24:TAO_Objref_Var_T<T>::operator-> (void) const
        -:   25:{
    #####:   26:  return this->ptr_;
        -:   27:}
------------------
_ZNK16TAO_Objref_Var_TIN3DDS13TopicListenerEEptEv:
    #####:   24:TAO_Objref_Var_T<T>::operator-> (void) const
        -:   25:{
    #####:   26:  return this->ptr_;
        -:   27:}
------------------
_ZNK16TAO_Objref_Var_TIN7OpenDDS4DCPS11TypeSupportEEptEv:
    #####:   24:TAO_Objref_Var_T<T>::operator-> (void) const
        -:   25:{
    #####:   26:  return this->ptr_;
        -:   27:}
------------------
_ZNK16TAO_Objref_Var_TIN3DDS9ConditionEEptEv:
        5:   24:TAO_Objref_Var_T<T>::operator-> (void) const
        -:   25:{
        5:   26:  return this->ptr_;
        -:   27:}
------------------
_ZNK16TAO_Objref_Var_TIN3DDS5TopicEEptEv:
        8:   24:TAO_Objref_Var_T<T>::operator-> (void) const
        -:   25:{
        8:   26:  return this->ptr_;
        -:   27:}
------------------
_ZNK16TAO_Objref_Var_TIN3DDS37PublicationBuiltinTopicDataDataReaderEEptEv:
    #####:   24:TAO_Objref_Var_T<T>::operator-> (void) const
        -:   25:{
    #####:   26:  return this->ptr_;
        -:   27:}
------------------
_ZNK16TAO_Objref_Var_TIN3DDS10SubscriberEEptEv:
    #####:   24:TAO_Objref_Var_T<T>::operator-> (void) const
        -:   25:{
    #####:   26:  return this->ptr_;
        -:   27:}
------------------
_ZNK16TAO_Objref_Var_TIN3DDS18SubscriberListenerEEptEv:
    #####:   24:TAO_Objref_Var_T<T>::operator-> (void) const
        -:   25:{
    #####:   26:  return this->ptr_;
        -:   27:}
------------------
_ZNK16TAO_Objref_Var_TIN7OpenDDS4DCPS18DataReaderListenerEEptEv:
    #####:   24:TAO_Objref_Var_T<T>::operator-> (void) const
        -:   25:{
    #####:   26:  return this->ptr_;
        -:   27:}
------------------
_ZNK16TAO_Objref_Var_TIN3DDS14QueryConditionEEptEv:
    #####:   24:TAO_Objref_Var_T<T>::operator-> (void) const
        -:   25:{
    #####:   26:  return this->ptr_;
        -:   27:}
------------------
_ZNK16TAO_Objref_Var_TIN3DDS18DataReaderListenerEEptEv:
    #####:   24:TAO_Objref_Var_T<T>::operator-> (void) const
        -:   25:{
    #####:   26:  return this->ptr_;
        -:   27:}
------------------
_ZNK16TAO_Objref_Var_TIN3DDS38SubscriptionBuiltinTopicDataDataReaderEEptEv:
    #####:   24:TAO_Objref_Var_T<T>::operator-> (void) const
        -:   25:{
    #####:   26:  return this->ptr_;
        -:   27:}
------------------
_ZNK16TAO_Objref_Var_TIN3DDS10SubscriberEEptEv:
    #####:   24:TAO_Objref_Var_T<T>::operator-> (void) const
        -:   25:{
    #####:   26:  return this->ptr_;
        -:   27:}
------------------
_ZNK16TAO_Objref_Var_TIN7OpenDDS4DCPS18DataWriterListenerEEptEv:
    #####:   24:TAO_Objref_Var_T<T>::operator-> (void) const
        -:   25:{
    #####:   26:  return this->ptr_;
        -:   27:}
------------------
_ZNK16TAO_Objref_Var_TIN3DDS18DataWriterListenerEEptEv:
    #####:   24:TAO_Objref_Var_T<T>::operator-> (void) const
        -:   25:{
    #####:   26:  return this->ptr_;
        -:   27:}
------------------
_ZNK16TAO_Objref_Var_TIN3DDS37PublicationBuiltinTopicDataDataReaderEEptEv:
    #####:   24:TAO_Objref_Var_T<T>::operator-> (void) const
        -:   25:{
    #####:   26:  return this->ptr_;
        -:   27:}
------------------
_ZNK16TAO_Objref_Var_TIN3DDS38PublicationBuiltinTopicDataTypeSupportEEptEv:
        2:   24:TAO_Objref_Var_T<T>::operator-> (void) const
        -:   25:{
        2:   26:  return this->ptr_;
        -:   27:}
------------------
_ZNK16TAO_Objref_Var_TIN3DDS39SubscriptionBuiltinTopicDataTypeSupportEEptEv:
        2:   24:TAO_Objref_Var_T<T>::operator-> (void) const
        -:   25:{
        2:   26:  return this->ptr_;
        -:   27:}
------------------
_ZNK16TAO_Objref_Var_TIN3DDS32TopicBuiltinTopicDataTypeSupportEEptEv:
        2:   24:TAO_Objref_Var_T<T>::operator-> (void) const
        -:   25:{
        2:   26:  return this->ptr_;
        -:   27:}
------------------
_ZNK16TAO_Objref_Var_TIN3DDS38ParticipantBuiltinTopicDataTypeSupportEEptEv:
        2:   24:TAO_Objref_Var_T<T>::operator-> (void) const
        -:   25:{
        2:   26:  return this->ptr_;
        -:   27:}
------------------
_ZNK16TAO_Objref_Var_TIN3DDS18DataReaderListenerEEptEv:
    #####:   24:TAO_Objref_Var_T<T>::operator-> (void) const
        -:   25:{
    #####:   26:  return this->ptr_;
        -:   27:}
------------------
_ZNK16TAO_Objref_Var_TIN3DDS37PublicationBuiltinTopicDataDataReaderEEptEv:
    #####:   24:TAO_Objref_Var_T<T>::operator-> (void) const
        -:   25:{
    #####:   26:  return this->ptr_;
        -:   27:}
------------------
_ZNK16TAO_Objref_Var_TIN3DDS31TopicBuiltinTopicDataDataReaderEEptEv:
    #####:   24:TAO_Objref_Var_T<T>::operator-> (void) const
        -:   25:{
    #####:   26:  return this->ptr_;
        -:   27:}
------------------
_ZNK16TAO_Objref_Var_TIN3DDS37ParticipantBuiltinTopicDataDataReaderEEptEv:
    #####:   24:TAO_Objref_Var_T<T>::operator-> (void) const
        -:   25:{
    #####:   26:  return this->ptr_;
        -:   27:}
------------------
_ZNK16TAO_Objref_Var_TIN3DDS10SubscriberEEptEv:
    #####:   24:TAO_Objref_Var_T<T>::operator-> (void) const
        -:   25:{
    #####:   26:  return this->ptr_;
        -:   27:}
------------------
_ZNK16TAO_Objref_Var_TIN3DDS10MultiTopicEEptEv:
    #####:   24:TAO_Objref_Var_T<T>::operator-> (void) const
        -:   25:{
    #####:   26:  return this->ptr_;
        -:   27:}
------------------
        -:   28:
        -:   29:template <typename T>
        -:   30:ACE_INLINE
        -:   31:TAO_Objref_Var_T<T>::operator T * const & () const
        -:   32:{
        -:   33:  return this->ptr_;
        -:   34:}
        -:   35:
        -:   36:template <typename T>
        -:   37:ACE_INLINE
      56*:   38:TAO_Objref_Var_T<T>::operator T *& ()
        -:   39:{
      56*:   40:  return this->ptr_;
        -:   41:}
------------------
_ZN16TAO_Objref_Var_TIN3DDS15StatusConditionEEcvRPS1_Ev:
        2:   38:TAO_Objref_Var_T<T>::operator T *& ()
        -:   39:{
        2:   40:  return this->ptr_;
        -:   41:}
------------------
_ZN16TAO_Objref_Var_TIN3DDS13TopicListenerEEcvRPS1_Ev:
    #####:   38:TAO_Objref_Var_T<T>::operator T *& ()
        -:   39:{
    #####:   40:  return this->ptr_;
        -:   41:}
------------------
_ZN16TAO_Objref_Var_TIN7OpenDDS4DCPS11TypeSupportEEcvRPS2_Ev:
    #####:   38:TAO_Objref_Var_T<T>::operator T *& ()
        -:   39:{
    #####:   40:  return this->ptr_;
        -:   41:}
------------------
_ZN16TAO_Objref_Var_TIN3DDS10DataReaderEEcvRPS1_Ev:
    #####:   38:TAO_Objref_Var_T<T>::operator T *& ()
        -:   39:{
    #####:   40:  return this->ptr_;
        -:   41:}
------------------
_ZN16TAO_Objref_Var_TIN3DDS18DataReaderListenerEEcvRPS1_Ev:
    #####:   38:TAO_Objref_Var_T<T>::operator T *& ()
        -:   39:{
    #####:   40:  return this->ptr_;
        -:   41:}
------------------
_ZN16TAO_Objref_Var_TIN3DDS16TopicDescriptionEEcvRPS1_Ev:
    #####:   38:TAO_Objref_Var_T<T>::operator T *& ()
        -:   39:{
    #####:   40:  return this->ptr_;
        -:   41:}
------------------
_ZN16TAO_Objref_Var_TIN3DDS17DomainParticipantEEcvRPS1_Ev:
    #####:   38:TAO_Objref_Var_T<T>::operator T *& ()
        -:   39:{
    #####:   40:  return this->ptr_;
        -:   41:}
------------------
_ZN16TAO_Objref_Var_TIN7OpenDDS4DCPS11TypeSupportEEcvRPS2_Ev:
       50:   38:TAO_Objref_Var_T<T>::operator T *& ()
        -:   39:{
       50:   40:  return this->ptr_;
        -:   41:}
------------------
_ZN16TAO_Objref_Var_TIN3DDS10DataReaderEEcvRPS1_Ev:
    #####:   38:TAO_Objref_Var_T<T>::operator T *& ()
        -:   39:{
    #####:   40:  return this->ptr_;
        -:   41:}
------------------
_ZN16TAO_Objref_Var_TIN7OpenDDS4DCPS12DataReaderExEEcvRPS2_Ev:
    #####:   38:TAO_Objref_Var_T<T>::operator T *& ()
        -:   39:{
    #####:   40:  return this->ptr_;
        -:   41:}
------------------
_ZN16TAO_Objref_Var_TIN3DDS5TopicEEcvRPS1_Ev:
    #####:   38:TAO_Objref_Var_T<T>::operator T *& ()
        -:   39:{
    #####:   40:  return this->ptr_;
        -:   41:}
------------------
_ZN16TAO_Objref_Var_TIN3DDS5TopicEEcvRPS1_Ev:
        4:   38:TAO_Objref_Var_T<T>::operator T *& ()
        -:   39:{
        4:   40:  return this->ptr_;
        -:   41:}
------------------
_ZN16TAO_Objref_Var_TIN7OpenDDS4DCPS11TypeSupportEEcvRPS2_Ev:
    #####:   38:TAO_Objref_Var_T<T>::operator T *& ()
        -:   39:{
    #####:   40:  return this->ptr_;
        -:   41:}
------------------
_ZN16TAO_Objref_Var_TIN3DDS16TopicDescriptionEEcvRPS1_Ev:
    #####:   38:TAO_Objref_Var_T<T>::operator T *& ()
        -:   39:{
    #####:   40:  return this->ptr_;
        -:   41:}
------------------
_ZN16TAO_Objref_Var_TIN3DDS20ContentFilteredTopicEEcvRPS1_Ev:
    #####:   38:TAO_Objref_Var_T<T>::operator T *& ()
        -:   39:{
    #####:   40:  return this->ptr_;
        -:   41:}
------------------
_ZN16TAO_Objref_Var_TIN3DDS10MultiTopicEEcvRPS1_Ev:
    #####:   38:TAO_Objref_Var_T<T>::operator T *& ()
        -:   39:{
    #####:   40:  return this->ptr_;
        -:   41:}
------------------
_ZN16TAO_Objref_Var_TIN3DDS10DataReaderEEcvRPS1_Ev:
    #####:   38:TAO_Objref_Var_T<T>::operator T *& ()
        -:   39:{
    #####:   40:  return this->ptr_;
        -:   41:}
------------------
_ZN16TAO_Objref_Var_TIN3DDS18DataReaderListenerEEcvRPS1_Ev:
    #####:   38:TAO_Objref_Var_T<T>::operator T *& ()
        -:   39:{
    #####:   40:  return this->ptr_;
        -:   41:}
------------------
_ZN16TAO_Objref_Var_TIN7OpenDDS4DCPS11TypeSupportEEcvRPS2_Ev:
    #####:   38:TAO_Objref_Var_T<T>::operator T *& ()
        -:   39:{
    #####:   40:  return this->ptr_;
        -:   41:}
------------------
_ZN16TAO_Objref_Var_TIN3DDS5TopicEEcvRPS1_Ev:
    #####:   38:TAO_Objref_Var_T<T>::operator T *& ()
        -:   39:{
    #####:   40:  return this->ptr_;
        -:   41:}
------------------
_ZN16TAO_Objref_Var_TIN3DDS14QueryConditionEEcvRPS1_Ev:
    #####:   38:TAO_Objref_Var_T<T>::operator T *& ()
        -:   39:{
    #####:   40:  return this->ptr_;
        -:   41:}
------------------
_ZN16TAO_Objref_Var_TIN3DDS18DataReaderListenerEEcvRPS1_Ev:
    #####:   38:TAO_Objref_Var_T<T>::operator T *& ()
        -:   39:{
    #####:   40:  return this->ptr_;
        -:   41:}
------------------
        -:   42:
        -:   43:template <typename T>
        -:   44:ACE_INLINE
        -:   45:T *
     240*:   46:TAO_Objref_Var_T<T>::in (void) const
        -:   47:{
     240*:   48:  return this->ptr_;
        -:   49:}
------------------
_ZNK16TAO_Objref_Var_TIN3DDS18SubscriberListenerEE2inEv:
    #####:   46:TAO_Objref_Var_T<T>::in (void) const
        -:   47:{
    #####:   48:  return this->ptr_;
        -:   49:}
------------------
_ZNK16TAO_Objref_Var_TIN3DDS10DataReaderEE2inEv:
    #####:   46:TAO_Objref_Var_T<T>::in (void) const
        -:   47:{
    #####:   48:  return this->ptr_;
        -:   49:}
------------------
_ZNK16TAO_Objref_Var_TIN3DDS5TopicEE2inEv:
       36:   46:TAO_Objref_Var_T<T>::in (void) const
        -:   47:{
       36:   48:  return this->ptr_;
        -:   49:}
------------------
_ZNK16TAO_Objref_Var_TIN3DDS17DomainParticipantEE2inEv:
    #####:   46:TAO_Objref_Var_T<T>::in (void) const
        -:   47:{
    #####:   48:  return this->ptr_;
        -:   49:}
------------------
_ZNK16TAO_Objref_Var_TIN7OpenDDS4DCPS12DataReaderExEE2inEv:
    #####:   46:TAO_Objref_Var_T<T>::in (void) const
        -:   47:{
    #####:   48:  return this->ptr_;
        -:   49:}
------------------
_ZNK16TAO_Objref_Var_TIN3DDS18DataWriterListenerEE2inEv:
        4:   46:TAO_Objref_Var_T<T>::in (void) const
        -:   47:{
        4:   48:  return this->ptr_;
        -:   49:}
------------------
_ZNK16TAO_Objref_Var_TIN3DDS17PublisherListenerEE2inEv:
        2:   46:TAO_Objref_Var_T<T>::in (void) const
        -:   47:{
        2:   48:  return this->ptr_;
        -:   49:}
------------------
_ZNK16TAO_Objref_Var_TIN3DDS9PublisherEE2inEv:
    #####:   46:TAO_Objref_Var_T<T>::in (void) const
        -:   47:{
    #####:   48:  return this->ptr_;
        -:   49:}
------------------
_ZNK16TAO_Objref_Var_TIN3DDS10DataWriterEE2inEv:
       10:   46:TAO_Objref_Var_T<T>::in (void) const
        -:   47:{
       10:   48:  return this->ptr_;
        -:   49:}
------------------
_ZNK16TAO_Objref_Var_TIN3DDS10DataReaderEE2inEv:
    #####:   46:TAO_Objref_Var_T<T>::in (void) const
        -:   47:{
    #####:   48:  return this->ptr_;
        -:   49:}
------------------
_ZNK16TAO_Objref_Var_TIN3DDS18DataReaderListenerEE2inEv:
    #####:   46:TAO_Objref_Var_T<T>::in (void) const
        -:   47:{
    #####:   48:  return this->ptr_;
        -:   49:}
------------------
_ZNK16TAO_Objref_Var_TIN3DDS17DomainParticipantEE2inEv:
       14:   46:TAO_Objref_Var_T<T>::in (void) const
        -:   47:{
       14:   48:  return this->ptr_;
        -:   49:}
------------------
_ZNK16TAO_Objref_Var_TIN3DDS16TopicDescriptionEE2inEv:
    #####:   46:TAO_Objref_Var_T<T>::in (void) const
        -:   47:{
    #####:   48:  return this->ptr_;
        -:   49:}
------------------
_ZNK16TAO_Objref_Var_TIN3DDS18DataReaderListenerEE2inEv:
    #####:   46:TAO_Objref_Var_T<T>::in (void) const
        -:   47:{
    #####:   48:  return this->ptr_;
        -:   49:}
------------------
_ZNK16TAO_Objref_Var_TIN3DDS16TopicDescriptionEE2inEv:
    #####:   46:TAO_Objref_Var_T<T>::in (void) const
        -:   47:{
    #####:   48:  return this->ptr_;
        -:   49:}
------------------
_ZNK16TAO_Objref_Var_TIN3DDS10DataReaderEE2inEv:
    #####:   46:TAO_Objref_Var_T<T>::in (void) const
        -:   47:{
    #####:   48:  return this->ptr_;
        -:   49:}
------------------
_ZNK16TAO_Objref_Var_TIN3DDS10SubscriberEE2inEv:
       12:   46:TAO_Objref_Var_T<T>::in (void) const
        -:   47:{
       12:   48:  return this->ptr_;
        -:   49:}
------------------
_ZNK16TAO_Objref_Var_TIN3DDS18SubscriberListenerEE2inEv:
    #####:   46:TAO_Objref_Var_T<T>::in (void) const
        -:   47:{
    #####:   48:  return this->ptr_;
        -:   49:}
------------------
_ZNK16TAO_Objref_Var_TIN3DDS10SubscriberEE2inEv:
    #####:   46:TAO_Objref_Var_T<T>::in (void) const
        -:   47:{
    #####:   48:  return this->ptr_;
        -:   49:}
------------------
_ZNK16TAO_Objref_Var_TIN3DDS10DataReaderEE2inEv:
    #####:   46:TAO_Objref_Var_T<T>::in (void) const
        -:   47:{
    #####:   48:  return this->ptr_;
        -:   49:}
------------------
_ZNK16TAO_Objref_Var_TIN3DDS5TopicEE2inEv:
    #####:   46:TAO_Objref_Var_T<T>::in (void) const
        -:   47:{
    #####:   48:  return this->ptr_;
        -:   49:}
------------------
_ZNK16TAO_Objref_Var_TIN3DDS13TopicListenerEE2inEv:
    #####:   46:TAO_Objref_Var_T<T>::in (void) const
        -:   47:{
    #####:   48:  return this->ptr_;
        -:   49:}
------------------
_ZNK16TAO_Objref_Var_TIN3DDS9ConditionEE2inEv:
       20:   46:TAO_Objref_Var_T<T>::in (void) const
        -:   47:{
       20:   48:  return this->ptr_;
        -:   49:}
------------------
_ZNK16TAO_Objref_Var_TIN7OpenDDS4DCPS8RecorderEE2inEv:
    #####:   46:TAO_Objref_Var_T<T>::in (void) const
        -:   47:{
    #####:   48:  return this->ptr_;
        -:   49:}
------------------
_ZNK16TAO_Objref_Var_TIN3DDS10DataReaderEE2inEv:
        8:   46:TAO_Objref_Var_T<T>::in (void) const
        -:   47:{
        8:   48:  return this->ptr_;
        -:   49:}
------------------
_ZNK16TAO_Objref_Var_TIN3DDS18SubscriberListenerEE2inEv:
    #####:   46:TAO_Objref_Var_T<T>::in (void) const
        -:   47:{
    #####:   48:  return this->ptr_;
        -:   49:}
------------------
_ZNK16TAO_Objref_Var_TIN7OpenDDS4DCPS18DataReaderListenerEE2inEv:
        1:   46:TAO_Objref_Var_T<T>::in (void) const
        -:   47:{
        1:   48:  return this->ptr_;
        -:   49:}
------------------
_ZNK16TAO_Objref_Var_TIN3DDS13ReadConditionEE2inEv:
    #####:   46:TAO_Objref_Var_T<T>::in (void) const
        -:   47:{
    #####:   48:  return this->ptr_;
        -:   49:}
------------------
_ZNK16TAO_Objref_Var_TIN3DDS16TopicDescriptionEE2inEv:
    #####:   46:TAO_Objref_Var_T<T>::in (void) const
        -:   47:{
    #####:   48:  return this->ptr_;
        -:   49:}
------------------
_ZNK16TAO_Objref_Var_TIN3DDS18DataReaderListenerEE2inEv:
    #####:   46:TAO_Objref_Var_T<T>::in (void) const
        -:   47:{
    #####:   48:  return this->ptr_;
        -:   49:}
------------------
_ZNK16TAO_Objref_Var_TIN3DDS10DataReaderEE2inEv:
    #####:   46:TAO_Objref_Var_T<T>::in (void) const
        -:   47:{
    #####:   48:  return this->ptr_;
        -:   49:}
------------------
_ZNK16TAO_Objref_Var_TIN7OpenDDS4DCPS18DataWriterListenerEE2inEv:
    #####:   46:TAO_Objref_Var_T<T>::in (void) const
        -:   47:{
    #####:   48:  return this->ptr_;
        -:   49:}
------------------
_ZNK16TAO_Objref_Var_TIN3DDS18DataWriterListenerEE2inEv:
    #####:   46:TAO_Objref_Var_T<T>::in (void) const
        -:   47:{
    #####:   48:  return this->ptr_;
        -:   49:}
------------------
_ZNK16TAO_Objref_Var_TIN7OpenDDS4DCPS8ReplayerEE2inEv:
    #####:   46:TAO_Objref_Var_T<T>::in (void) const
        -:   47:{
    #####:   48:  return this->ptr_;
        -:   49:}
------------------
_ZNK16TAO_Objref_Var_TIN3DDS37PublicationBuiltinTopicDataDataReaderEE2inEv:
    #####:   46:TAO_Objref_Var_T<T>::in (void) const
        -:   47:{
    #####:   48:  return this->ptr_;
        -:   49:}
------------------
_ZNK16TAO_Objref_Var_TIN3DDS9PublisherEE2inEv:
        7:   46:TAO_Objref_Var_T<T>::in (void) const
        -:   47:{
        7:   48:  return this->ptr_;
        -:   49:}
------------------
_ZNK16TAO_Objref_Var_TIN3DDS18DataReaderListenerEE2inEv:
    #####:   46:TAO_Objref_Var_T<T>::in (void) const
        -:   47:{
    #####:   48:  return this->ptr_;
        -:   49:}
------------------
_ZNK16TAO_Objref_Var_TIN3DDS37PublicationBuiltinTopicDataDataReaderEE2inEv:
    #####:   46:TAO_Objref_Var_T<T>::in (void) const
        -:   47:{
    #####:   48:  return this->ptr_;
        -:   49:}
------------------
_ZNK16TAO_Objref_Var_TIN3DDS25DomainParticipantListenerEE2inEv:
       61:   46:TAO_Objref_Var_T<T>::in (void) const
        -:   47:{
       61:   48:  return this->ptr_;
        -:   49:}
------------------
_ZNK16TAO_Objref_Var_TIN3DDS16TopicDescriptionEE2inEv:
    #####:   46:TAO_Objref_Var_T<T>::in (void) const
        -:   47:{
    #####:   48:  return this->ptr_;
        -:   49:}
------------------
_ZNK16TAO_Objref_Var_TIN3DDS17DomainParticipantEE2inEv:
    #####:   46:TAO_Objref_Var_T<T>::in (void) const
        -:   47:{
    #####:   48:  return this->ptr_;
        -:   49:}
------------------
_ZNK16TAO_Objref_Var_TIN3DDS5TopicEE2inEv:
    #####:   46:TAO_Objref_Var_T<T>::in (void) const
        -:   47:{
    #####:   48:  return this->ptr_;
        -:   49:}
------------------
_ZNK16TAO_Objref_Var_TIN3DDS10SubscriberEE2inEv:
    #####:   46:TAO_Objref_Var_T<T>::in (void) const
        -:   47:{
    #####:   48:  return this->ptr_;
        -:   49:}
------------------
_ZNK16TAO_Objref_Var_TIN3DDS15StatusConditionEE2inEv:
       65:   46:TAO_Objref_Var_T<T>::in (void) const
        -:   47:{
       65:   48:  return this->ptr_;
        -:   49:}
------------------
_ZNK16TAO_Objref_Var_TIN3DDS10SubscriberEE2inEv:
    #####:   46:TAO_Objref_Var_T<T>::in (void) const
        -:   47:{
    #####:   48:  return this->ptr_;
        -:   49:}
------------------
        -:   50:
        -:   51:template <typename T>
        -:   52:ACE_INLINE
        -:   53:T *&
        -:   54:TAO_Objref_Var_T<T>::inout (void)
        -:   55:{
        -:   56:  return this->ptr_;
        -:   57:}
        -:   58:
        -:   59:template <typename T>
        -:   60:ACE_INLINE
        -:   61:T *&
        -:   62:TAO_Objref_Var_T<T>::out (void)
        -:   63:{
        -:   64:  TAO::Objref_Traits<T>::release (this->ptr_);
        -:   65:  this->ptr_ = TAO::Objref_Traits<T>::nil ();
        -:   66:  return this->ptr_;
        -:   67:}
        -:   68:
        -:   69:template <typename T>
        -:   70:ACE_INLINE
        -:   71:T *
      17*:   72:TAO_Objref_Var_T<T>::_retn (void)
        -:   73:{
      17*:   74:  T * val = this->ptr_;
      17*:   75:  this->ptr_ = TAO::Objref_Traits<T>::nil ();
      17*:   76:  return val;
        -:   77:}
------------------
_ZN16TAO_Objref_Var_TIN3DDS14QueryConditionEE5_retnEv:
    #####:   72:TAO_Objref_Var_T<T>::_retn (void)
        -:   73:{
    #####:   74:  T * val = this->ptr_;
    #####:   75:  this->ptr_ = TAO::Objref_Traits<T>::nil ();
    #####:   76:  return val;
        -:   77:}
------------------
_ZN16TAO_Objref_Var_TIN3DDS13ReadConditionEE5_retnEv:
    #####:   72:TAO_Objref_Var_T<T>::_retn (void)
        -:   73:{
    #####:   74:  T * val = this->ptr_;
    #####:   75:  this->ptr_ = TAO::Objref_Traits<T>::nil ();
    #####:   76:  return val;
        -:   77:}
------------------
_ZN16TAO_Objref_Var_TIN7OpenDDS4DCPS8ReplayerEE5_retnEv:
    #####:   72:TAO_Objref_Var_T<T>::_retn (void)
        -:   73:{
    #####:   74:  T * val = this->ptr_;
    #####:   75:  this->ptr_ = TAO::Objref_Traits<T>::nil ();
    #####:   76:  return val;
        -:   77:}
------------------
_ZN16TAO_Objref_Var_TIN7OpenDDS4DCPS8RecorderEE5_retnEv:
    #####:   72:TAO_Objref_Var_T<T>::_retn (void)
        -:   73:{
    #####:   74:  T * val = this->ptr_;
    #####:   75:  this->ptr_ = TAO::Objref_Traits<T>::nil ();
    #####:   76:  return val;
        -:   77:}
------------------
_ZN16TAO_Objref_Var_TIN3DDS10MultiTopicEE5_retnEv:
    #####:   72:TAO_Objref_Var_T<T>::_retn (void)
        -:   73:{
    #####:   74:  T * val = this->ptr_;
    #####:   75:  this->ptr_ = TAO::Objref_Traits<T>::nil ();
    #####:   76:  return val;
        -:   77:}
------------------
_ZN16TAO_Objref_Var_TIN3DDS20ContentFilteredTopicEE5_retnEv:
    #####:   72:TAO_Objref_Var_T<T>::_retn (void)
        -:   73:{
    #####:   74:  T * val = this->ptr_;
    #####:   75:  this->ptr_ = TAO::Objref_Traits<T>::nil ();
    #####:   76:  return val;
        -:   77:}
------------------
_ZN16TAO_Objref_Var_TIN3DDS10DataReaderEE5_retnEv:
    #####:   72:TAO_Objref_Var_T<T>::_retn (void)
        -:   73:{
    #####:   74:  T * val = this->ptr_;
    #####:   75:  this->ptr_ = TAO::Objref_Traits<T>::nil ();
    #####:   76:  return val;
        -:   77:}
------------------
_ZN16TAO_Objref_Var_TIN7OpenDDS4DCPS11TypeSupportEE5_retnEv:
       14:   72:TAO_Objref_Var_T<T>::_retn (void)
        -:   73:{
       14:   74:  T * val = this->ptr_;
       14:   75:  this->ptr_ = TAO::Objref_Traits<T>::nil ();
       14:   76:  return val;
        -:   77:}
------------------
_ZN16TAO_Objref_Var_TIN3DDS10SubscriberEE5_retnEv:
    #####:   72:TAO_Objref_Var_T<T>::_retn (void)
        -:   73:{
    #####:   74:  T * val = this->ptr_;
    #####:   75:  this->ptr_ = TAO::Objref_Traits<T>::nil ();
    #####:   76:  return val;
        -:   77:}
------------------
_ZN16TAO_Objref_Var_TIN3DDS10DataReaderEE5_retnEv:
    #####:   72:TAO_Objref_Var_T<T>::_retn (void)
        -:   73:{
    #####:   74:  T * val = this->ptr_;
    #####:   75:  this->ptr_ = TAO::Objref_Traits<T>::nil ();
    #####:   76:  return val;
        -:   77:}
------------------
_ZN16TAO_Objref_Var_TIN3DDS9ConditionEE5_retnEv:
        3:   72:TAO_Objref_Var_T<T>::_retn (void)
        -:   73:{
        3:   74:  T * val = this->ptr_;
        3:   75:  this->ptr_ = TAO::Objref_Traits<T>::nil ();
        3:   76:  return val;
        -:   77:}
------------------
        -:   78:
        -:   79:template <typename T>
        -:   80:ACE_INLINE
        -:   81:T *
     113*:   82:TAO_Objref_Var_T<T>::ptr (void) const
        -:   83:{
     113*:   84:  return this->ptr_;
        -:   85:}
        -:   86:
        -:   87:template <typename T>
        -:   88:ACE_INLINE
        -:   89:void
        -:   90:TAO_Objref_Var_T<T>::free (void)
        -:   91:{
        -:   92:  TAO::Objref_Traits<T>::release (this->ptr_);
        -:   93:}
        -:   94:
        -:   95:template <typename T>
        -:   96:ACE_INLINE
        -:   97:void
        -:   98:TAO_Objref_Var_T<T>::reset (T * p)
        -:   99:{
        -:  100:  TAO::Objref_Traits<T>::release (this->ptr_);
        -:  101:  this->ptr_ = p;
        -:  102:}
        -:  103:
        -:  104:// ******************************************************
        -:  105:
        -:  106:template <typename T>
        -:  107:ACE_INLINE
        -:  108:TAO_Objref_Out_T<T>::TAO_Objref_Out_T (T *& p)
        -:  109:  : ptr_ (p)
        -:  110:{
        -:  111:  this->ptr_ = TAO::Objref_Traits<T>::nil ();
        -:  112:}
        -:  113:
        -:  114:template <typename T>
        -:  115:ACE_INLINE
        -:  116:TAO_Objref_Out_T<T>::TAO_Objref_Out_T (TAO_Objref_Var_T<T> & p)
        -:  117:  : ptr_ (p.out ())
        -:  118:{
        -:  119:  TAO::Objref_Traits<T>::release (this->ptr_);
        -:  120:  this->ptr_ = TAO::Objref_Traits<T>::nil ();
        -:  121:}
        -:  122:
        -:  123:template <typename T>
        -:  124:ACE_INLINE
        -:  125:TAO_Objref_Out_T<T>::TAO_Objref_Out_T (const TAO_Objref_Out_T<T> & p)
        -:  126:  : ptr_ (p.ptr_)
        -:  127:{
        -:  128:}
        -:  129:
        -:  130:template <typename T>
        -:  131:ACE_INLINE
        -:  132:TAO_Objref_Out_T<T> &
        -:  133:TAO_Objref_Out_T<T>::operator= (const TAO_Objref_Out_T<T> & p)
        -:  134:{
        -:  135:  this->ptr_ = p.ptr_;
        -:  136:  return *this;
        -:  137:}
        -:  138:
        -:  139:template <typename T>
        -:  140:ACE_INLINE
        -:  141:TAO_Objref_Out_T<T> &
        -:  142:TAO_Objref_Out_T<T>::operator= (const TAO_Objref_Var_T<T> & p)
        -:  143:{
        -:  144:  this->ptr_ = TAO::Objref_Traits<T>::duplicate (p.ptr ());
        -:  145:  return *this;
        -:  146:}
        -:  147:
        -:  148:template <typename T>
        -:  149:ACE_INLINE
        -:  150:TAO_Objref_Out_T<T> &
        -:  151:TAO_Objref_Out_T<T>::operator= (T * p)
        -:  152:{
        -:  153:  this->ptr_ = p;
        -:  154:  return *this;
        -:  155:}
        -:  156:
        -:  157:template <typename T>
        -:  158:ACE_INLINE
        -:  159:T *&
        -:  160:TAO_Objref_Out_T<T>::ptr (void)
        -:  161:{
        -:  162:  return this->ptr_;
        -:  163:}
        -:  164:
        -:  165:template <typename T>
        -:  166:ACE_INLINE
        -:  167:TAO_Objref_Out_T<T>::operator T *& ()
        -:  168:{
        -:  169:  return this->ptr_;
        -:  170:}
        -:  171:
        -:  172:template <typename T>
        -:  173:ACE_INLINE
        -:  174:T *
        -:  175:TAO_Objref_Out_T<T>::operator-> (void)
        -:  176:{
        -:  177:  return this->ptr_;
        -:  178:}
        -:  179:
        -:  180:TAO_END_VERSIONED_NAMESPACE_DECL
        -:  181:
