        -:    0:Source:DCPS/transport/framework/PerConnectionSynch.inl
        -:    0:Programs:51
        -:    1:/*EOF*/
        -:    2:/*EOF*/
        -:    3:/*EOF*/
        -:    4:/*EOF*/
        -:    5:/*EOF*/
        -:    6:/*EOF*/
        -:    7:/*EOF*/
        -:    8:/*EOF*/
        -:    9:/*EOF*/
        -:   10:/*EOF*/
    #####:   11:/*EOF*/
        -:   12:/*EOF*/
        -:   13:/*EOF*/
    #####:   14:/*EOF*/
        -:   15:/*EOF*/
        -:   16:/*EOF*/
        -:   17:/*EOF*/
        -:   18:/*EOF*/
        -:   19:/*EOF*/
    #####:   20:/*EOF*/
        -:   21:/*EOF*/
        -:   22:/*EOF*/
    #####:   23:/*EOF*/
