        -:    0:Source:../dds/DCPS/RakeData.h
        -:    0:Programs:72
        -:    1:/*
        -:    2: *
        -:    3: *
        -:    4: * Distributed under the OpenDDS License.
        -:    5: * See: http://www.opendds.org/license.html
        -:    6: */
        -:    7:
        -:    8:#ifndef RAKEDATA_H
        -:    9:#define RAKEDATA_H
        -:   10:
        -:   11:#include /**/ "ace/pre.h"
        -:   12:#include "dcps_export.h"
        -:   13:#include "ReceivedDataElementList.h"
        -:   14:#include "SubscriptionInstance.h"
        -:   15:
        -:   16:#if !defined (ACE_LACKS_PRAGMA_ONCE)
        -:   17:# pragma once
        -:   18:#endif /* ACE_LACKS_PRAGMA_ONCE */
        -:   19:
        -:   20:OPENDDS_BEGIN_VERSIONED_NAMESPACE_DECL
        -:   21:
        -:   22:namespace OpenDDS {
        -:   23:namespace DCPS {
        -:   24:
        -:   25:/// Rake is an abbreviation for "read or take".  This struct holds the
        -:   26:/// data used by the data structures in RakeResults<T>.
    #####:   27:struct OpenDDS_Dcps_Export RakeData {
        -:   28:  ReceivedDataElement* rde_;
        -:   29:  SubscriptionInstance_rch si_;
        -:   30:  size_t index_in_instance_;
        -:   31:};
        -:   32:
        -:   33:} // namespace DCPS
        -:   34:} // namespace OpenDDS
        -:   35:
        -:   36:OPENDDS_END_VERSIONED_NAMESPACE_DECL
        -:   37:
        -:   38:#endif
