        -:    0:Source:DCPS/ReceivedDataElementList.inl
        -:    0:Programs:70
        -:    1:/*EOF*/
        -:    2:/*EOF*/
        -:    3:/*EOF*/
        -:    4:/*EOF*/
        -:    5:/*EOF*/
        -:    6:/*EOF*/
        -:    7:/*EOF*/
        -:    8:/*EOF*/
        -:    9:/*EOF*/
        -:   10:/*EOF*/
        -:   11:/*EOF*/
        -:   12:/*EOF*/
       10:   13:/*EOF*/
        -:   14:/*EOF*/
        -:   15:/*EOF*/
        -:   16:/*EOF*/
        -:   17:/*EOF*/
        -:   18:/*EOF*/
        -:   19:/*EOF*/
       10:   20:/*EOF*/
       10:   21:/*EOF*/
        -:   22:/*EOF*/
       10:   23:/*EOF*/
        -:   24:/*EOF*/
       10:   25:/*EOF*/
        -:   26:/*EOF*/
       10:   27:/*EOF*/
        -:   28:/*EOF*/
        -:   29:/*EOF*/
        -:   30:/*EOF*/
    #####:   31:/*EOF*/
    #####:   32:/*EOF*/
    #####:   33:/*EOF*/
        -:   34:/*EOF*/
        -:   35:/*EOF*/
       10:   36:/*EOF*/
       10:   37:/*EOF*/
        -:   38:/*EOF*/
       10:   39:/*EOF*/
