        -:    0:Source:/home/ryan/git/TARGETS/OpenDDS-debloat/ACE_wrappers/ace/Reverse_Lock_T.cpp
        -:    0:Programs:51
        -:    1:// $Id$
        -:    2:
        -:    3:#ifndef ACE_REVERSE_LOCK_T_CPP
        -:    4:#define ACE_REVERSE_LOCK_T_CPP
        -:    5:
        -:    6:#include "ace/Reverse_Lock_T.h"
        -:    7:
        -:    8:#if !defined (ACE_LACKS_PRAGMA_ONCE)
        -:    9:# pragma once
        -:   10:#endif /* ACE_LACKS_PRAGMA_ONCE */
        -:   11:
        -:   12:#if !defined (__ACE_INLINE__)
        -:   13:#include "ace/Reverse_Lock_T.inl"
        -:   14:#endif /* __ACE_INLINE__ */
        -:   15:
        -:   16:ACE_BEGIN_VERSIONED_NAMESPACE_DECL
        -:   17:
        -:   18:template <class ACE_LOCKING_MECHANISM>
    #####:   19:ACE_Reverse_Lock<ACE_LOCKING_MECHANISM>::~ACE_Reverse_Lock (void)
        -:   20:{
    #####:   21:}
------------------
_ZN16ACE_Reverse_LockI16ACE_Thread_MutexED0Ev:
    #####:   19:ACE_Reverse_Lock<ACE_LOCKING_MECHANISM>::~ACE_Reverse_Lock (void)
        -:   20:{
    #####:   21:}
------------------
_ZN16ACE_Reverse_LockI16ACE_Thread_MutexED2Ev:
    #####:   19:ACE_Reverse_Lock<ACE_LOCKING_MECHANISM>::~ACE_Reverse_Lock (void)
        -:   20:{
    #####:   21:}
------------------
_ZN16ACE_Reverse_LockI26ACE_Recursive_Thread_MutexED0Ev:
    #####:   19:ACE_Reverse_Lock<ACE_LOCKING_MECHANISM>::~ACE_Reverse_Lock (void)
        -:   20:{
    #####:   21:}
------------------
_ZN16ACE_Reverse_LockI26ACE_Recursive_Thread_MutexED2Ev:
    #####:   19:ACE_Reverse_Lock<ACE_LOCKING_MECHANISM>::~ACE_Reverse_Lock (void)
        -:   20:{
    #####:   21:}
------------------
        -:   22:
        -:   23:// Explicitly destroy the lock.
        -:   24:template <class ACE_LOCKING_MECHANISM> int
    #####:   25:ACE_Reverse_Lock<ACE_LOCKING_MECHANISM>::remove (void)
        -:   26:{
    #####:   27:  return this->lock_.remove ();
        -:   28:}
------------------
_ZN16ACE_Reverse_LockI16ACE_Thread_MutexE6removeEv:
    #####:   25:ACE_Reverse_Lock<ACE_LOCKING_MECHANISM>::remove (void)
        -:   26:{
    #####:   27:  return this->lock_.remove ();
        -:   28:}
------------------
_ZN16ACE_Reverse_LockI26ACE_Recursive_Thread_MutexE6removeEv:
    #####:   25:ACE_Reverse_Lock<ACE_LOCKING_MECHANISM>::remove (void)
        -:   26:{
    #####:   27:  return this->lock_.remove ();
        -:   28:}
------------------
        -:   29:
        -:   30:// Release the lock.
        -:   31:template <class ACE_LOCKING_MECHANISM> int
    #####:   32:ACE_Reverse_Lock<ACE_LOCKING_MECHANISM>::acquire (void)
        -:   33:{
    #####:   34:  return this->lock_.release ();
        -:   35:}
------------------
_ZN16ACE_Reverse_LockI16ACE_Thread_MutexE7acquireEv:
    #####:   32:ACE_Reverse_Lock<ACE_LOCKING_MECHANISM>::acquire (void)
        -:   33:{
    #####:   34:  return this->lock_.release ();
        -:   35:}
------------------
_ZN16ACE_Reverse_LockI26ACE_Recursive_Thread_MutexE7acquireEv:
    #####:   32:ACE_Reverse_Lock<ACE_LOCKING_MECHANISM>::acquire (void)
        -:   33:{
    #####:   34:  return this->lock_.release ();
        -:   35:}
------------------
        -:   36:
        -:   37:// Release the lock.
        -:   38:template <class ACE_LOCKING_MECHANISM> int
    #####:   39:ACE_Reverse_Lock<ACE_LOCKING_MECHANISM>::tryacquire (void)
        -:   40:{
    #####:   41:  ACE_NOTSUP_RETURN (-1);
        -:   42:}
------------------
_ZN16ACE_Reverse_LockI16ACE_Thread_MutexE10tryacquireEv:
    #####:   39:ACE_Reverse_Lock<ACE_LOCKING_MECHANISM>::tryacquire (void)
        -:   40:{
    #####:   41:  ACE_NOTSUP_RETURN (-1);
        -:   42:}
------------------
_ZN16ACE_Reverse_LockI26ACE_Recursive_Thread_MutexE10tryacquireEv:
    #####:   39:ACE_Reverse_Lock<ACE_LOCKING_MECHANISM>::tryacquire (void)
        -:   40:{
    #####:   41:  ACE_NOTSUP_RETURN (-1);
        -:   42:}
------------------
        -:   43:
        -:   44:// Acquire the lock.
        -:   45:template <class ACE_LOCKING_MECHANISM> int
    #####:   46:ACE_Reverse_Lock<ACE_LOCKING_MECHANISM>::release (void)
        -:   47:{
    #####:   48:  if (this->acquire_method_ == ACE_Acquire_Method::ACE_READ)
    #####:   49:    return this->lock_.acquire_read ();
    #####:   50:  else if (this->acquire_method_ == ACE_Acquire_Method::ACE_WRITE)
    #####:   51:    return this->lock_.acquire_write ();
        -:   52:  else
    #####:   53:    return this->lock_.acquire ();
        -:   54:}
------------------
_ZN16ACE_Reverse_LockI16ACE_Thread_MutexE7releaseEv:
    #####:   46:ACE_Reverse_Lock<ACE_LOCKING_MECHANISM>::release (void)
        -:   47:{
    #####:   48:  if (this->acquire_method_ == ACE_Acquire_Method::ACE_READ)
    #####:   49:    return this->lock_.acquire_read ();
    #####:   50:  else if (this->acquire_method_ == ACE_Acquire_Method::ACE_WRITE)
    #####:   51:    return this->lock_.acquire_write ();
        -:   52:  else
    #####:   53:    return this->lock_.acquire ();
        -:   54:}
------------------
_ZN16ACE_Reverse_LockI26ACE_Recursive_Thread_MutexE7releaseEv:
    #####:   46:ACE_Reverse_Lock<ACE_LOCKING_MECHANISM>::release (void)
        -:   47:{
    #####:   48:  if (this->acquire_method_ == ACE_Acquire_Method::ACE_READ)
    #####:   49:    return this->lock_.acquire_read ();
    #####:   50:  else if (this->acquire_method_ == ACE_Acquire_Method::ACE_WRITE)
    #####:   51:    return this->lock_.acquire_write ();
        -:   52:  else
    #####:   53:    return this->lock_.acquire ();
        -:   54:}
------------------
        -:   55:
        -:   56:// Release the lock.
        -:   57:template <class ACE_LOCKING_MECHANISM> int
    #####:   58:ACE_Reverse_Lock<ACE_LOCKING_MECHANISM>::acquire_read (void)
        -:   59:{
    #####:   60:  ACE_NOTSUP_RETURN (-1);
        -:   61:}
------------------
_ZN16ACE_Reverse_LockI16ACE_Thread_MutexE12acquire_readEv:
    #####:   58:ACE_Reverse_Lock<ACE_LOCKING_MECHANISM>::acquire_read (void)
        -:   59:{
    #####:   60:  ACE_NOTSUP_RETURN (-1);
        -:   61:}
------------------
_ZN16ACE_Reverse_LockI26ACE_Recursive_Thread_MutexE12acquire_readEv:
    #####:   58:ACE_Reverse_Lock<ACE_LOCKING_MECHANISM>::acquire_read (void)
        -:   59:{
    #####:   60:  ACE_NOTSUP_RETURN (-1);
        -:   61:}
------------------
        -:   62:
        -:   63:// Release the lock.
        -:   64:template <class ACE_LOCKING_MECHANISM> int
    #####:   65:ACE_Reverse_Lock<ACE_LOCKING_MECHANISM>::acquire_write (void)
        -:   66:{
    #####:   67:  ACE_NOTSUP_RETURN (-1);
        -:   68:}
------------------
_ZN16ACE_Reverse_LockI16ACE_Thread_MutexE13acquire_writeEv:
    #####:   65:ACE_Reverse_Lock<ACE_LOCKING_MECHANISM>::acquire_write (void)
        -:   66:{
    #####:   67:  ACE_NOTSUP_RETURN (-1);
        -:   68:}
------------------
_ZN16ACE_Reverse_LockI26ACE_Recursive_Thread_MutexE13acquire_writeEv:
    #####:   65:ACE_Reverse_Lock<ACE_LOCKING_MECHANISM>::acquire_write (void)
        -:   66:{
    #####:   67:  ACE_NOTSUP_RETURN (-1);
        -:   68:}
------------------
        -:   69:
        -:   70:// Release the lock.
        -:   71:template <class ACE_LOCKING_MECHANISM> int
    #####:   72:ACE_Reverse_Lock<ACE_LOCKING_MECHANISM>::tryacquire_read (void)
        -:   73:{
    #####:   74:  ACE_NOTSUP_RETURN (-1);
        -:   75:}
------------------
_ZN16ACE_Reverse_LockI16ACE_Thread_MutexE15tryacquire_readEv:
    #####:   72:ACE_Reverse_Lock<ACE_LOCKING_MECHANISM>::tryacquire_read (void)
        -:   73:{
    #####:   74:  ACE_NOTSUP_RETURN (-1);
        -:   75:}
------------------
_ZN16ACE_Reverse_LockI26ACE_Recursive_Thread_MutexE15tryacquire_readEv:
    #####:   72:ACE_Reverse_Lock<ACE_LOCKING_MECHANISM>::tryacquire_read (void)
        -:   73:{
    #####:   74:  ACE_NOTSUP_RETURN (-1);
        -:   75:}
------------------
        -:   76:
        -:   77:// Release the lock.
        -:   78:template <class ACE_LOCKING_MECHANISM> int
    #####:   79:ACE_Reverse_Lock<ACE_LOCKING_MECHANISM>::tryacquire_write (void)
        -:   80:{
    #####:   81:  ACE_NOTSUP_RETURN (-1);
        -:   82:}
------------------
_ZN16ACE_Reverse_LockI16ACE_Thread_MutexE16tryacquire_writeEv:
    #####:   79:ACE_Reverse_Lock<ACE_LOCKING_MECHANISM>::tryacquire_write (void)
        -:   80:{
    #####:   81:  ACE_NOTSUP_RETURN (-1);
        -:   82:}
------------------
_ZN16ACE_Reverse_LockI26ACE_Recursive_Thread_MutexE16tryacquire_writeEv:
    #####:   79:ACE_Reverse_Lock<ACE_LOCKING_MECHANISM>::tryacquire_write (void)
        -:   80:{
    #####:   81:  ACE_NOTSUP_RETURN (-1);
        -:   82:}
------------------
        -:   83:
        -:   84:// Release the lock.
        -:   85:template <class ACE_LOCKING_MECHANISM> int
    #####:   86:ACE_Reverse_Lock<ACE_LOCKING_MECHANISM>::tryacquire_write_upgrade (void)
        -:   87:{
    #####:   88:  ACE_NOTSUP_RETURN (-1);
        -:   89:}
        -:   90:
        -:   91:ACE_END_VERSIONED_NAMESPACE_DECL
        -:   92:
        -:   93:#endif /* ACE_REVERSE_LOCK_T_CPP */
