        -:    0:Source:/home/ryan/git/OpenDDS-debloat/ACE_wrappers/TAO/tao/Unbounded_Value_Allocation_Traits_T.h
        -:    0:Programs:51
        -:    1:#ifndef guard_unbounded_value_allocation_traits_hpp
        -:    2:#define guard_unbounded_value_allocation_traits_hpp
        -:    3:/**
        -:    4: * @file
        -:    5: *
        -:    6: * @brief Details can be found in the documentation for
        -:    7: * TAO::details::generic_sequence
        -:    8: *
        -:    9: * $Id: Unbounded_Value_Allocation_Traits_T.h 1861 2011-08-31 16:18:08Z mesnierp $
        -:   10: *
        -:   11: * @author Carlos O'Ryan
        -:   12: */
        -:   13:
        -:   14:#include "tao/Basic_Types.h"
        -:   15:
        -:   16:TAO_BEGIN_VERSIONED_NAMESPACE_DECL
        -:   17:
        -:   18:namespace TAO
        -:   19:{
        -:   20:namespace details
        -:   21:{
        -:   22:
        -:   23:template<typename T, bool dummy>
        -:   24:struct unbounded_value_allocation_traits
        -:   25:{
        -:   26:  typedef T value_type;
        -:   27:
        -:   28:  inline static CORBA::ULong default_maximum()
        -:   29:  {
        -:   30:    return 0;
        -:   31:  }
        -:   32:
        -:   33:  inline static value_type * default_buffer_allocation()
        -:   34:  {
        -:   35:    return 0;
        -:   36:  }
        -:   37:
    #####:   38:  inline static value_type * allocbuf(CORBA::ULong maximum)
        -:   39:  {
    #####:   40:    return new value_type[maximum];
        -:   41:  }
        -:   42:
    #####:   43:  inline static value_type * allocbuf_noinit(CORBA::ULong maximum)
        -:   44:  {
    #####:   45:    return new value_type[maximum];
        -:   46:  }
        -:   47:
    #####:   48:  inline static void freebuf(value_type * buffer)
        -:   49:  {
    #####:   50:    delete[] buffer;
    #####:   51:  }
        -:   52:};
        -:   53:
        -:   54:} // namespace details
        -:   55:} // namespace TAO
        -:   56:
        -:   57:TAO_END_VERSIONED_NAMESPACE_DECL
        -:   58:
        -:   59:#endif // guard_unbounded_value_allocation_traits_hpp
