        -:    0:Source:/home/ryan/git/TARGETS/OpenDDS-debloat/ACE_wrappers/ace/Unbounded_Queue.inl
        -:    0:Programs:51
        -:    1:// -*- C++ -*-
        -:    2://
        -:    3:// $Id$
        -:    4:
        -:    5:ACE_BEGIN_VERSIONED_NAMESPACE_DECL
        -:    6:
        -:    7:template <class T> ACE_INLINE size_t
        -:    8:ACE_Unbounded_Queue<T>::size (void) const
        -:    9:{
        -:   10:  return this->cur_size_;
        -:   11:}
        -:   12:
        -:   13:template <class T> ACE_INLINE bool
        5:   14:ACE_Unbounded_Queue<T>::is_empty (void) const
        -:   15:{
        -:   16:  //  ACE_TRACE ("ACE_Unbounded_Queue<T>::is_empty");
        5:   17:  return this->head_ == this->head_->next_;
        -:   18:}
        -:   19:
        -:   20:template <class T> ACE_INLINE bool
        -:   21:ACE_Unbounded_Queue<T>::is_full (void) const
        -:   22:{
        -:   23:  //  ACE_TRACE ("ACE_Unbounded_Queue<T>::is_full");
        -:   24:  return false; // We should implement a "node of last resort for this..."
        -:   25:}
        -:   26:
        -:   27:ACE_END_VERSIONED_NAMESPACE_DECL
