        -:    0:Source:/home/ryan/git/TARGETS/OpenDDS-debloat/ACE_wrappers/TAO/tao/varbase.h
        -:    0:Programs:70
        -:    1:// -*- C++ -*-
        -:    2:
        -:    3://=============================================================================
        -:    4:/**
        -:    5: *  @file     varbase.h
        -:    6: *
        -:    7: *  $Id$
        -:    8: *
        -:    9: *   Contains a base class for the object _var classes.
        -:   10: *
        -:   11: *
        -:   12: *  @author  Jeff Parsons.
        -:   13: */
        -:   14://=============================================================================
        -:   15:
        -:   16:#ifndef TAO_VARBASE_H
        -:   17:#define TAO_VARBASE_H
        -:   18:#include /**/ "ace/pre.h"
        -:   19:
        -:   20:#include /**/ "tao/Versioned_Namespace.h"
        -:   21:
        -:   22:TAO_BEGIN_VERSIONED_NAMESPACE_DECL
        -:   23:
        -:   24:/**
        -:   25: * @class TAO_Base_var
        -:   26: *
        -:   27: * @brief TAO_Base_var
        -:   28: *
        -:   29: * Base class for object _var classes. Used to prevent the
        -:   30: * _var class of a CORBA interface from accepting the _var
        -:   31: * of a more derived interface in its copy constructor or
        -:   32: * assignment operator.
        -:   33: */
        -:   34:class TAO_Base_var
        -:   35:{
        -:   36:public:
    #####:   37:  TAO_Base_var (void) {}
------------------
_ZN12TAO_Base_varC2Ev:
    #####:   37:  TAO_Base_var (void) {}
------------------
_ZN12TAO_Base_varC2Ev:
    #####:   37:  TAO_Base_var (void) {}
------------------
_ZN12TAO_Base_varC2Ev:
    #####:   37:  TAO_Base_var (void) {}
------------------
_ZN12TAO_Base_varC2Ev:
    #####:   37:  TAO_Base_var (void) {}
------------------
_ZN12TAO_Base_varC2Ev:
    #####:   37:  TAO_Base_var (void) {}
------------------
_ZN12TAO_Base_varC2Ev:
    #####:   37:  TAO_Base_var (void) {}
------------------
_ZN12TAO_Base_varC2Ev:
    #####:   37:  TAO_Base_var (void) {}
------------------
_ZN12TAO_Base_varC2Ev:
    #####:   37:  TAO_Base_var (void) {}
------------------
_ZN12TAO_Base_varC2Ev:
    #####:   37:  TAO_Base_var (void) {}
------------------
_ZN12TAO_Base_varC2Ev:
    #####:   37:  TAO_Base_var (void) {}
------------------
_ZN12TAO_Base_varC2Ev:
    #####:   37:  TAO_Base_var (void) {}
------------------
_ZN12TAO_Base_varC2Ev:
    #####:   37:  TAO_Base_var (void) {}
------------------
_ZN12TAO_Base_varC2Ev:
    #####:   37:  TAO_Base_var (void) {}
------------------
_ZN12TAO_Base_varC2Ev:
    #####:   37:  TAO_Base_var (void) {}
------------------
_ZN12TAO_Base_varC2Ev:
    #####:   37:  TAO_Base_var (void) {}
------------------
_ZN12TAO_Base_varC2Ev:
    #####:   37:  TAO_Base_var (void) {}
------------------
_ZN12TAO_Base_varC2Ev:
    #####:   37:  TAO_Base_var (void) {}
------------------
_ZN12TAO_Base_varC2Ev:
    #####:   37:  TAO_Base_var (void) {}
------------------
_ZN12TAO_Base_varC2Ev:
    #####:   37:  TAO_Base_var (void) {}
------------------
_ZN12TAO_Base_varC2Ev:
    #####:   37:  TAO_Base_var (void) {}
------------------
_ZN12TAO_Base_varC2Ev:
    #####:   37:  TAO_Base_var (void) {}
------------------
        -:   38:
        -:   39:private:
        -:   40:
        -:   41:  TAO_Base_var (const TAO_Base_var &);
        -:   42:  TAO_Base_var & operator= (const TAO_Base_var &);
        -:   43:
        -:   44:};
        -:   45:
        -:   46:TAO_END_VERSIONED_NAMESPACE_DECL
        -:   47:
        -:   48:#include /**/ "ace/post.h"
        -:   49:#endif /* TAO_VARBASE_H */
