        -:    0:Source:/home/ryan/TARGETS/azure-uamqp-c/src/amqpvalue.c
        -:    0:Programs:101
        -:    1:// Copyright (c) Microsoft. All rights reserved.
        -:    2:// Licensed under the MIT license. See LICENSE file in the project root for full license information.
        -:    3:
        -:    4:#include <stdlib.h>
        -:    5:#include <stdint.h>
        -:    6:#include <string.h>
        -:    7:#include <stdbool.h>
        -:    8:#include "azure_macro_utils/macro_utils.h"
        -:    9:#include "azure_c_shared_utility/gballoc.h"
        -:   10:#include "azure_c_shared_utility/xlogging.h"
        -:   11:#include "azure_uamqp_c/amqp_types.h"
        -:   12:#include "azure_uamqp_c/amqpvalue.h"
        -:   13:#include "azure_c_shared_utility/refcount.h"
        -:   14:
        -:   15:/* Requirements satisfied by the current implementation without any code:
        -:   16:Codes_SRS_AMQPVALUE_01_270: [<encoding code="0x56" category="fixed" width="1" label="boolean with the octet 0x00 being false and octet 0x01 being true"/>]
        -:   17:Codes_SRS_AMQPVALUE_01_099: [Represents an approximate point in time using the Unix time t [IEEE1003] encoding of UTC, but with a precision of milliseconds.]
        -:   18:*/
        -:   19:
        -:   20:typedef struct AMQP_LIST_VALUE_TAG
        -:   21:{
        -:   22:    AMQP_VALUE* items;
        -:   23:    uint32_t count;
        -:   24:} AMQP_LIST_VALUE;
        -:   25:
        -:   26:typedef struct AMQP_ARRAY_VALUE_TAG
        -:   27:{
        -:   28:    AMQP_VALUE* items;
        -:   29:    uint32_t count;
        -:   30:} AMQP_ARRAY_VALUE;
        -:   31:
        -:   32:typedef struct AMQP_MAP_KEY_VALUE_PAIR_TAG
        -:   33:{
        -:   34:    AMQP_VALUE key;
        -:   35:    AMQP_VALUE value;
        -:   36:} AMQP_MAP_KEY_VALUE_PAIR;
        -:   37:
        -:   38:typedef struct AMQP_MAP_VALUE_TAG
        -:   39:{
        -:   40:    AMQP_MAP_KEY_VALUE_PAIR* pairs;
        -:   41:    uint32_t pair_count;
        -:   42:} AMQP_MAP_VALUE;
        -:   43:
        -:   44:typedef struct AMQP_STRING_VALUE_TAG
        -:   45:{
        -:   46:    char* chars;
        -:   47:} AMQP_STRING_VALUE;
        -:   48:
        -:   49:typedef struct AMQP_SYMBOL_VALUE_TAG
        -:   50:{
        -:   51:    char* chars;
        -:   52:} AMQP_SYMBOL_VALUE;
        -:   53:
        -:   54:typedef struct AMQP_BINARY_VALUE_TAG
        -:   55:{
        -:   56:    unsigned char* bytes;
        -:   57:    uint32_t length;
        -:   58:} AMQP_BINARY_VALUE;
        -:   59:
        -:   60:typedef struct DESCRIBED_VALUE_TAG
        -:   61:{
        -:   62:    AMQP_VALUE descriptor;
        -:   63:    AMQP_VALUE value;
        -:   64:} DESCRIBED_VALUE;
        -:   65:
        -:   66:typedef union AMQP_VALUE_UNION_TAG
        -:   67:{
        -:   68:    DESCRIBED_VALUE described_value;
        -:   69:    unsigned char ubyte_value;
        -:   70:    uint16_t ushort_value;
        -:   71:    uint32_t uint_value;
        -:   72:    uint64_t ulong_value;
        -:   73:    char byte_value;
        -:   74:    int16_t short_value;
        -:   75:    int32_t int_value;
        -:   76:    int64_t long_value;
        -:   77:    bool bool_value;
        -:   78:    float float_value;
        -:   79:    double double_value;
        -:   80:    uint32_t char_value;
        -:   81:    int64_t timestamp_value;
        -:   82:    uuid uuid_value;
        -:   83:    AMQP_STRING_VALUE string_value;
        -:   84:    amqp_binary binary_value;
        -:   85:    AMQP_LIST_VALUE list_value;
        -:   86:    AMQP_MAP_VALUE map_value;
        -:   87:    AMQP_ARRAY_VALUE array_value;
        -:   88:    AMQP_SYMBOL_VALUE symbol_value;
        -:   89:} AMQP_VALUE_UNION;
        -:   90:
        -:   91:typedef enum DECODE_LIST_STEP_TAG
        -:   92:{
        -:   93:    DECODE_LIST_STEP_SIZE,
        -:   94:    DECODE_LIST_STEP_COUNT,
        -:   95:    DECODE_LIST_STEP_ITEMS
        -:   96:} DECODE_LIST_STEP;
        -:   97:
        -:   98:typedef enum DECODE_ARRAY_STEP_TAG
        -:   99:{
        -:  100:    DECODE_ARRAY_STEP_SIZE,
        -:  101:    DECODE_ARRAY_STEP_COUNT,
        -:  102:    DECODE_ARRAY_STEP_ITEMS
        -:  103:} DECODE_ARRAY_STEP;
        -:  104:
        -:  105:typedef enum DECODE_DESCRIBED_VALUE_STEP_TAG
        -:  106:{
        -:  107:    DECODE_DESCRIBED_VALUE_STEP_DESCRIPTOR,
        -:  108:    DECODE_DESCRIBED_VALUE_STEP_VALUE
        -:  109:} DECODE_DESCRIBED_VALUE_STEP;
        -:  110:
        -:  111:typedef enum DECODE_MAP_STEP_TAG
        -:  112:{
        -:  113:    DECODE_MAP_STEP_SIZE,
        -:  114:    DECODE_MAP_STEP_COUNT,
        -:  115:    DECODE_MAP_STEP_PAIRS
        -:  116:} DECODE_MAP_STEP;
        -:  117:
        -:  118:typedef struct DECODE_LIST_VALUE_STATE_TAG
        -:  119:{
        -:  120:    DECODE_LIST_STEP list_value_state;
        -:  121:    uint32_t item;
        -:  122:} DECODE_LIST_VALUE_STATE;
        -:  123:
        -:  124:typedef struct DECODE_ARRAY_VALUE_STATE_TAG
        -:  125:{
        -:  126:    DECODE_ARRAY_STEP array_value_state;
        -:  127:    uint32_t item;
        -:  128:    unsigned char constructor_byte;
        -:  129:} DECODE_ARRAY_VALUE_STATE;
        -:  130:
        -:  131:typedef struct DECODE_DESCRIBED_VALUE_STATE_TAG
        -:  132:{
        -:  133:    DECODE_DESCRIBED_VALUE_STEP described_value_state;
        -:  134:} DECODE_DESCRIBED_VALUE_STATE;
        -:  135:
        -:  136:typedef struct DECODE_STRING_VALUE_STATE_TAG
        -:  137:{
        -:  138:    uint32_t length;
        -:  139:} DECODE_STRING_VALUE_STATE;
        -:  140:
        -:  141:typedef struct DECODE_SYMBOL_VALUE_STATE_TAG
        -:  142:{
        -:  143:    uint32_t length;
        -:  144:} DECODE_SYMBOL_VALUE_STATE;
        -:  145:
        -:  146:typedef struct DECODE_MAP_VALUE_STATE_TAG
        -:  147:{
        -:  148:    DECODE_MAP_STEP map_value_state;
        -:  149:    uint32_t item;
        -:  150:} DECODE_MAP_VALUE_STATE;
        -:  151:
        -:  152:typedef union DECODE_VALUE_STATE_UNION_TAG
        -:  153:{
        -:  154:    DECODE_LIST_VALUE_STATE list_value_state;
        -:  155:    DECODE_ARRAY_VALUE_STATE array_value_state;
        -:  156:    DECODE_DESCRIBED_VALUE_STATE described_value_state;
        -:  157:    DECODE_STRING_VALUE_STATE string_value_state;
        -:  158:    DECODE_SYMBOL_VALUE_STATE symbol_value_state;
        -:  159:    DECODE_MAP_VALUE_STATE map_value_state;
        -:  160:} DECODE_VALUE_STATE_UNION;
        -:  161:
        -:  162:typedef struct AMQP_VALUE_DATA_TAG
        -:  163:{
        -:  164:    AMQP_TYPE type;
        -:  165:    AMQP_VALUE_UNION value;
        -:  166:} AMQP_VALUE_DATA;
        -:  167:
     257*:  168:DEFINE_REFCOUNT_TYPE(AMQP_VALUE_DATA);
------------------
REFCOUNT_AMQP_VALUE_DATA_Destroy:
       85:  168:DEFINE_REFCOUNT_TYPE(AMQP_VALUE_DATA);
------------------
REFCOUNT_AMQP_VALUE_DATA_Create:
       86:  168:DEFINE_REFCOUNT_TYPE(AMQP_VALUE_DATA);
------------------
REFCOUNT_AMQP_VALUE_DATA_Create_With_Extra_Size:
      86*:  168:DEFINE_REFCOUNT_TYPE(AMQP_VALUE_DATA);
------------------
        -:  169:
        -:  170:typedef enum DECODER_STATE_TAG
        -:  171:{
        -:  172:    DECODER_STATE_CONSTRUCTOR,
        -:  173:    DECODER_STATE_TYPE_DATA,
        -:  174:    DECODER_STATE_DONE,
        -:  175:    DECODER_STATE_ERROR
        -:  176:} DECODER_STATE;
        -:  177:
        -:  178:typedef struct INTERNAL_DECODER_DATA_TAG* INTERNAL_DECODER_HANDLE;
        -:  179:
        -:  180:typedef struct INTERNAL_DECODER_DATA_TAG
        -:  181:{
        -:  182:    ON_VALUE_DECODED on_value_decoded;
        -:  183:    void* on_value_decoded_context;
        -:  184:    size_t bytes_decoded;
        -:  185:    DECODER_STATE decoder_state;
        -:  186:    uint8_t constructor_byte;
        -:  187:    AMQP_VALUE_DATA* decode_to_value;
        -:  188:    INTERNAL_DECODER_HANDLE inner_decoder;
        -:  189:    DECODE_VALUE_STATE_UNION decode_value_state;
        -:  190:    bool is_internal;
        -:  191:} INTERNAL_DECODER_DATA;
        -:  192:
        -:  193:typedef struct AMQPVALUE_DECODER_HANDLE_DATA_TAG
        -:  194:{
        -:  195:    INTERNAL_DECODER_DATA* internal_decoder;
        -:  196:    AMQP_VALUE_DATA* decode_to_value;
        -:  197:} AMQPVALUE_DECODER_HANDLE_DATA;
        -:  198:
        -:  199:static int amqpvalue_encode_array_item(AMQP_VALUE item, bool first_element, AMQPVALUE_ENCODER_OUTPUT encoder_output, void* context);
        -:  200:static int amqpvalue_get_encoded_array_item_size(AMQP_VALUE item, size_t* encoded_size);
        -:  201:
        -:  202:/* Codes_SRS_AMQPVALUE_01_003: [1.6.1 null Indicates an empty value.] */
    #####:  203:AMQP_VALUE amqpvalue_create_null(void)
        -:  204:{
    #####:  205:    AMQP_VALUE result = REFCOUNT_TYPE_CREATE(AMQP_VALUE_DATA);
    #####:  206:    if (result == NULL)
        -:  207:    {
        -:  208:        /* Codes_SRS_AMQPVALUE_01_002: [If allocating the AMQP_VALUE fails then amqpvalue_create_null shall return NULL.] */
    #####:  209:        LogError("Could not allocate memory for AMQP value");
        -:  210:    }
        -:  211:    else
        -:  212:    {
        -:  213:        /* Codes_SRS_AMQPVALUE_01_001: [amqpvalue_create_null shall return a handle to an AMQP_VALUE that stores a null value.] */
    #####:  214:        result->type = AMQP_TYPE_NULL;
        -:  215:    }
        -:  216:
    #####:  217:    return result;
        -:  218:}
        -:  219:
        -:  220:/* Codes_SRS_AMQPVALUE_01_004: [1.6.2 boolean Represents a true or false value.] */
    #####:  221:AMQP_VALUE amqpvalue_create_boolean(bool value)
        -:  222:{
    #####:  223:    AMQP_VALUE result = REFCOUNT_TYPE_CREATE(AMQP_VALUE_DATA);
    #####:  224:    if (result == NULL)
        -:  225:    {
        -:  226:        /* Codes_SRS_AMQPVALUE_01_007: [If allocating the AMQP_VALUE fails then amqpvalue_create_boolean shall return NULL.] */
    #####:  227:        LogError("Could not allocate memory for AMQP value");
        -:  228:    }
        -:  229:    else
        -:  230:    {
        -:  231:        /* Codes_SRS_AMQPVALUE_01_006: [amqpvalue_create_boolean shall return a handle to an AMQP_VALUE that stores a boolean value.] */
    #####:  232:        result->type = AMQP_TYPE_BOOL;
    #####:  233:        result->value.bool_value = value;
        -:  234:    }
        -:  235:
    #####:  236:    return result;
        -:  237:}
        -:  238:
    #####:  239:int amqpvalue_get_boolean(AMQP_VALUE value, bool* bool_value)
        -:  240:{
        -:  241:    int result;
        -:  242:
        -:  243:    /* Codes_SRS_AMQPVALUE_01_009: [If any of the arguments is NULL then amqpvalue_get_boolean shall return a non-zero value.] */
    #####:  244:    if ((value == NULL) ||
        -:  245:        (bool_value == NULL))
        -:  246:    {
    #####:  247:        LogError("Bad arguments: value = %p, bool_value = %p",
        -:  248:            value, bool_value);
    #####:  249:        result = MU_FAILURE;
        -:  250:    }
        -:  251:    else
        -:  252:    {
    #####:  253:        AMQP_VALUE_DATA* value_data = (AMQP_VALUE_DATA*)value;
        -:  254:        /* Codes_SRS_AMQPVALUE_01_011: [If the type of the value is not Boolean, then amqpvalue_get_boolean shall return a non-zero value.] */
    #####:  255:        if (value_data->type != AMQP_TYPE_BOOL)
        -:  256:        {
    #####:  257:            LogError("Value is not of type bool");
    #####:  258:            result = MU_FAILURE;
        -:  259:        }
        -:  260:        else
        -:  261:        {
        -:  262:            /* Codes_SRS_AMQPVALUE_01_008: [amqpvalue_get_boolean shall fill in the bool_value argument the Boolean value stored by the AMQP value indicated by the value argument.] */
    #####:  263:            *bool_value = value_data->value.bool_value;
        -:  264:
        -:  265:            /* Codes_SRS_AMQPVALUE_01_010: [On success amqpvalue_get_boolean shall return 0.] */
    #####:  266:            result = 0;
        -:  267:        }
        -:  268:    }
        -:  269:
    #####:  270:    return result;
        -:  271:}
        -:  272:
        -:  273:/* Codes_SRS_AMQPVALUE_01_005: [1.6.3 ubyte Integer in the range 0 to 28 - 1 inclusive.] */
    #####:  274:AMQP_VALUE amqpvalue_create_ubyte(unsigned char value)
        -:  275:{
    #####:  276:    AMQP_VALUE result = REFCOUNT_TYPE_CREATE(AMQP_VALUE_DATA);
    #####:  277:    if (result != NULL)
        -:  278:    {
        -:  279:        /* Codes_SRS_AMQPVALUE_01_032: [amqpvalue_create_ubyte shall return a handle to an AMQP_VALUE that stores a unsigned char value.] */
    #####:  280:        result->type = AMQP_TYPE_UBYTE;
    #####:  281:        result->value.ubyte_value = value;
        -:  282:    }
        -:  283:
    #####:  284:    return result;
        -:  285:}
        -:  286:
    #####:  287:int amqpvalue_get_ubyte(AMQP_VALUE value, unsigned char* ubyte_value)
        -:  288:{
        -:  289:    int result;
        -:  290:
        -:  291:    /* Codes_SRS_AMQPVALUE_01_036: [If any of the arguments is NULL then amqpvalue_get_ubyte shall return a non-zero value.] */
    #####:  292:    if ((value == NULL) ||
        -:  293:        (ubyte_value == NULL))
        -:  294:    {
    #####:  295:        LogError("Bad arguments: value = %p, ubyte_value = %p",
        -:  296:            value, ubyte_value);
    #####:  297:        result = MU_FAILURE;
        -:  298:    }
        -:  299:    else
        -:  300:    {
    #####:  301:        AMQP_VALUE_DATA* value_data = (AMQP_VALUE_DATA*)value;
        -:  302:        /* Codes_SRS_AMQPVALUE_01_037: [If the type of the value is not ubyte (was not created with amqpvalue_create_ubyte), then amqpvalue_get_ubyte shall return a non-zero value.] */
    #####:  303:        if (value_data->type != AMQP_TYPE_UBYTE)
        -:  304:        {
    #####:  305:            LogError("Value is not of type UBYTE");
    #####:  306:            result = MU_FAILURE;
        -:  307:        }
        -:  308:        else
        -:  309:        {
        -:  310:            /* Codes_SRS_AMQPVALUE_01_034: [amqpvalue_get_ubyte shall fill in the ubyte_value argument the unsigned char value stored by the AMQP value indicated by the value argument.] */
    #####:  311:            *ubyte_value = value_data->value.ubyte_value;
        -:  312:
        -:  313:            /* Codes_SRS_AMQPVALUE_01_035: [On success amqpvalue_get_ubyte shall return 0.] */
    #####:  314:            result = 0;
        -:  315:        }
        -:  316:    }
        -:  317:
    #####:  318:    return result;
        -:  319:}
        -:  320:
        -:  321:/* Codes_SRS_AMQPVALUE_01_012: [1.6.4 ushort Integer in the range 0 to 216 - 1 inclusive.] */
    #####:  322:AMQP_VALUE amqpvalue_create_ushort(uint16_t value)
        -:  323:{
    #####:  324:    AMQP_VALUE result = REFCOUNT_TYPE_CREATE(AMQP_VALUE_DATA);
    #####:  325:    if (result == NULL)
        -:  326:    {
        -:  327:        /* Codes_SRS_AMQPVALUE_01_039: [If allocating the AMQP_VALUE fails then amqpvalue_create_ushort shall return NULL.] */
    #####:  328:        LogError("Could not allocate memory for AMQP value");
        -:  329:    }
        -:  330:    else
        -:  331:    {
        -:  332:        /* Codes_SRS_AMQPVALUE_01_038: [amqpvalue_create_ushort shall return a handle to an AMQP_VALUE that stores an uint16_t value.] */
    #####:  333:        result->type = AMQP_TYPE_USHORT;
    #####:  334:        result->value.ushort_value = value;
        -:  335:    }
        -:  336:
    #####:  337:    return result;
        -:  338:}
        -:  339:
    #####:  340:int amqpvalue_get_ushort(AMQP_VALUE value, uint16_t* ushort_value)
        -:  341:{
        -:  342:    int result;
        -:  343:
        -:  344:    /* Codes_SRS_AMQPVALUE_01_042: [If any of the arguments is NULL then amqpvalue_get_ushort shall return a non-zero value.] */
    #####:  345:    if ((value == NULL) ||
        -:  346:        (ushort_value == NULL))
        -:  347:    {
    #####:  348:        LogError("Bad arguments: value = %p, ushort_value = %p",
        -:  349:            value, ushort_value);
    #####:  350:        result = MU_FAILURE;
        -:  351:    }
        -:  352:    else
        -:  353:    {
    #####:  354:        AMQP_VALUE_DATA* value_data = (AMQP_VALUE_DATA*)value;
        -:  355:        /* Codes_SRS_AMQPVALUE_01_043: [If the type of the value is not ushort (was not created with amqpvalue_create_ushort), then amqpvalue_get_ushort shall return a non-zero value.] */
    #####:  356:        if (value_data->type != AMQP_TYPE_USHORT)
        -:  357:        {
    #####:  358:            LogError("Value is not of type USHORT");
    #####:  359:            result = MU_FAILURE;
        -:  360:        }
        -:  361:        else
        -:  362:        {
        -:  363:            /* Codes_SRS_AMQPVALUE_01_040: [amqpvalue_get_ushort shall fill in the ushort_value argument the uint16_t value stored by the AMQP value indicated by the value argument.] */
    #####:  364:            *ushort_value = value_data->value.ushort_value;
        -:  365:
        -:  366:            /* Codes_SRS_AMQPVALUE_01_041: [On success amqpvalue_get_ushort shall return 0.] */
    #####:  367:            result = 0;
        -:  368:        }
        -:  369:    }
        -:  370:
    #####:  371:    return result;
        -:  372:}
        -:  373:
        -:  374:/* Codes_SRS_AMQPVALUE_01_013: [1.6.5 uint Integer in the range 0 to 232 - 1 inclusive.] */
    #####:  375:AMQP_VALUE amqpvalue_create_uint(uint32_t value)
        -:  376:{
    #####:  377:    AMQP_VALUE result = REFCOUNT_TYPE_CREATE(AMQP_VALUE_DATA);
    #####:  378:    if (result == NULL)
        -:  379:    {
        -:  380:        /* Codes_SRS_AMQPVALUE_01_045: [If allocating the AMQP_VALUE fails then amqpvalue_create_uint shall return NULL.] */
    #####:  381:        LogError("Could not allocate memory for AMQP value");
        -:  382:    }
        -:  383:    else
        -:  384:    {
        -:  385:        /* Codes_SRS_AMQPVALUE_01_044: [amqpvalue_create_uint shall return a handle to an AMQP_VALUE that stores an uint32_t value.] */
    #####:  386:        result->type = AMQP_TYPE_UINT;
    #####:  387:        result->value.uint_value = value;
        -:  388:    }
        -:  389:
    #####:  390:    return result;
        -:  391:}
        -:  392:
    #####:  393:int amqpvalue_get_uint(AMQP_VALUE value, uint32_t* uint_value)
        -:  394:{
        -:  395:    int result;
        -:  396:
        -:  397:    /* Codes_SRS_AMQPVALUE_01_079: [If any of the arguments is NULL then amqpvalue_get_uint shall return a non-zero value.] */
    #####:  398:    if ((value == NULL) ||
        -:  399:        (uint_value == NULL))
        -:  400:    {
    #####:  401:        LogError("Bad arguments: value = %p, uint_value = %p",
        -:  402:            value, uint_value);
    #####:  403:        result = MU_FAILURE;
        -:  404:    }
        -:  405:    else
        -:  406:    {
    #####:  407:        AMQP_VALUE_DATA* value_data = (AMQP_VALUE_DATA*)value;
        -:  408:        /* Codes_SRS_AMQPVALUE_01_048: [If the type of the value is not uint (was not created with amqpvalue_create_uint), then amqpvalue_get_uint shall return a non-zero value.] */
    #####:  409:        if (value_data->type != AMQP_TYPE_UINT)
        -:  410:        {
    #####:  411:            LogError("Value is not of type UINT");
    #####:  412:            result = MU_FAILURE;
        -:  413:        }
        -:  414:        else
        -:  415:        {
        -:  416:            /* Codes_SRS_AMQPVALUE_01_046: [amqpvalue_get_uint shall fill in the uint_value argument the uint32_t value stored by the AMQP value indicated by the value argument.] */
    #####:  417:            *uint_value = value_data->value.uint_value;
        -:  418:
        -:  419:            /* Codes_SRS_AMQPVALUE_01_047: [On success amqpvalue_get_uint shall return 0.] */
    #####:  420:            result = 0;
        -:  421:        }
        -:  422:    }
        -:  423:
    #####:  424:    return result;
        -:  425:}
        -:  426:
        -:  427:/* Codes_SRS_AMQPVALUE_01_014: [1.6.6 ulong Integer in the range 0 to 264 - 1 inclusive.] */
       18:  428:AMQP_VALUE amqpvalue_create_ulong(uint64_t value)
        -:  429:{
       18:  430:    AMQP_VALUE result = REFCOUNT_TYPE_CREATE(AMQP_VALUE_DATA);
       18:  431:    if (result == NULL)
        -:  432:    {
        -:  433:        /* Codes_SRS_AMQPVALUE_01_050: [If allocating the AMQP_VALUE fails then amqpvalue_create_ulong shall return NULL.] */
    #####:  434:        LogError("Could not allocate memory for AMQP value");
        -:  435:    }
        -:  436:    else
        -:  437:    {
        -:  438:        /* Codes_SRS_AMQPVALUE_01_049: [amqpvalue_create_ulong shall return a handle to an AMQP_VALUE that stores an uint64_t value.] */
       18:  439:        result->type = AMQP_TYPE_ULONG;
       18:  440:        result->value.ulong_value = value;
        -:  441:    }
        -:  442:
       18:  443:    return result;
        -:  444:}
        -:  445:
    #####:  446:int amqpvalue_get_ulong(AMQP_VALUE value, uint64_t* ulong_value)
        -:  447:{
        -:  448:    int result;
        -:  449:
        -:  450:    /* Codes_SRS_AMQPVALUE_01_053: [If any of the arguments is NULL then amqpvalue_get_ulong shall return a non-zero value.] */
    #####:  451:    if ((value == NULL) ||
        -:  452:        (ulong_value == NULL))
        -:  453:    {
    #####:  454:        LogError("Bad arguments: value = %p, ulong_value = %p",
        -:  455:            value, ulong_value);
    #####:  456:        result = MU_FAILURE;
        -:  457:    }
        -:  458:    else
        -:  459:    {
    #####:  460:        AMQP_VALUE_DATA* value_data = (AMQP_VALUE_DATA*)value;
        -:  461:        /* Codes_SRS_AMQPVALUE_01_054: [If the type of the value is not ulong (was not created with amqpvalue_create_ulong), then amqpvalue_get_ulong shall return a non-zero value.] */
    #####:  462:        if (value_data->type != AMQP_TYPE_ULONG)
        -:  463:        {
    #####:  464:            LogError("Value is not of type ULONG");
    #####:  465:            result = MU_FAILURE;
        -:  466:        }
        -:  467:        else
        -:  468:        {
        -:  469:            /* Codes_SRS_AMQPVALUE_01_051: [amqpvalue_get_ulong shall fill in the ulong_value argument the ulong64_t value stored by the AMQP value indicated by the value argument.] */
    #####:  470:            *ulong_value = value_data->value.ulong_value;
        -:  471:
        -:  472:            /* Codes_SRS_AMQPVALUE_01_052: [On success amqpvalue_get_ulong shall return 0.] */
    #####:  473:            result = 0;
        -:  474:        }
        -:  475:    }
        -:  476:
    #####:  477:    return result;
        -:  478:}
        -:  479:
        -:  480:/* Codes_SRS_AMQPVALUE_01_015: [1.6.7 byte Integer in the range -(27) to 27 - 1 inclusive.] */
    #####:  481:AMQP_VALUE amqpvalue_create_byte(char value)
        -:  482:{
    #####:  483:    AMQP_VALUE result = REFCOUNT_TYPE_CREATE(AMQP_VALUE_DATA);
    #####:  484:    if (result == NULL)
        -:  485:    {
        -:  486:        /* Codes_SRS_AMQPVALUE_01_056: [If allocating the AMQP_VALUE fails then amqpvalue_create_byte shall return NULL.] */
    #####:  487:        LogError("Could not allocate memory for AMQP value");
        -:  488:    }
        -:  489:    else
        -:  490:    {
        -:  491:        /* Codes_SRS_AMQPVALUE_01_055: [amqpvalue_create_byte shall return a handle to an AMQP_VALUE that stores a char value.] */
    #####:  492:        result->type = AMQP_TYPE_BYTE;
    #####:  493:        result->value.byte_value = value;
        -:  494:    }
        -:  495:
    #####:  496:    return result;
        -:  497:}
        -:  498:
    #####:  499:int amqpvalue_get_byte(AMQP_VALUE value, char* byte_value)
        -:  500:{
        -:  501:    int result;
        -:  502:
        -:  503:    /* Codes_SRS_AMQPVALUE_01_059: [If any of the arguments is NULL then amqpvalue_get_byte shall return a non-zero value.] */
    #####:  504:    if ((value == NULL) ||
        -:  505:        (byte_value == NULL))
        -:  506:    {
    #####:  507:        LogError("Bad arguments: value = %p, byte_value = %p",
        -:  508:            value, byte_value);
    #####:  509:        result = MU_FAILURE;
        -:  510:    }
        -:  511:    else
        -:  512:    {
    #####:  513:        AMQP_VALUE_DATA* value_data = (AMQP_VALUE_DATA*)value;
        -:  514:        /* Codes_SRS_AMQPVALUE_01_060: [If the type of the value is not byte (was not created with amqpvalue_create_byte), then amqpvalue_get_byte shall return a non-zero value.] */
    #####:  515:        if (value_data->type != AMQP_TYPE_BYTE)
        -:  516:        {
    #####:  517:            LogError("Value is not of type BYTE");
    #####:  518:            result = MU_FAILURE;
        -:  519:        }
        -:  520:        else
        -:  521:        {
        -:  522:            /* Codes_SRS_AMQPVALUE_01_057: [amqpvalue_get_byte shall fill in the byte_value argument the char value stored by the AMQP value indicated by the value argument.] */
    #####:  523:            *byte_value = value_data->value.byte_value;
        -:  524:
        -:  525:            /* Codes_SRS_AMQPVALUE_01_058: [On success amqpvalue_get_byte shall return 0.] */
    #####:  526:            result = 0;
        -:  527:        }
        -:  528:    }
        -:  529:
    #####:  530:    return result;
        -:  531:}
        -:  532:
        -:  533:/* Codes_SRS_AMQPVALUE_01_016: [1.6.8 short Integer in the range -(215) to 215 - 1 inclusive.] */
    #####:  534:AMQP_VALUE amqpvalue_create_short(int16_t value)
        -:  535:{
    #####:  536:    AMQP_VALUE result = REFCOUNT_TYPE_CREATE(AMQP_VALUE_DATA);
    #####:  537:    if (result == NULL)
        -:  538:    {
        -:  539:        /* Codes_SRS_AMQPVALUE_01_062: [If allocating the AMQP_VALUE fails then amqpvalue_create_short shall return NULL.] */
    #####:  540:        LogError("Could not allocate memory for AMQP value");
        -:  541:    }
        -:  542:    else
        -:  543:    {
        -:  544:        /* Codes_SRS_AMQPVALUE_01_061: [amqpvalue_create_short shall return a handle to an AMQP_VALUE that stores an int16_t value.] */
    #####:  545:        result->type = AMQP_TYPE_SHORT;
    #####:  546:        result->value.short_value = value;
        -:  547:    }
    #####:  548:    return result;
        -:  549:}
        -:  550:
    #####:  551:int amqpvalue_get_short(AMQP_VALUE value, int16_t* short_value)
        -:  552:{
        -:  553:    int result;
        -:  554:
        -:  555:    /* Codes_SRS_AMQPVALUE_01_065: [If any of the arguments is NULL then amqpvalue_get_short shall return a non-zero value.] */
    #####:  556:    if ((value == NULL) ||
        -:  557:        (short_value == NULL))
        -:  558:    {
    #####:  559:        LogError("Bad arguments: value = %p, short_value = %p",
        -:  560:            value, short_value);
    #####:  561:        result = MU_FAILURE;
        -:  562:    }
        -:  563:    else
        -:  564:    {
    #####:  565:        AMQP_VALUE_DATA* value_data = (AMQP_VALUE_DATA*)value;
        -:  566:        /* Codes_SRS_AMQPVALUE_01_066: [If the type of the value is not short (was not created with amqpvalue_create_short), then amqpvalue_get_short shall return a non-zero value.] */
    #####:  567:        if (value_data->type != AMQP_TYPE_SHORT)
        -:  568:        {
    #####:  569:            LogError("Value is not of type SHORT");
    #####:  570:            result = MU_FAILURE;
        -:  571:        }
        -:  572:        else
        -:  573:        {
        -:  574:            /* Codes_SRS_AMQPVALUE_01_063: [amqpvalue_get_short shall fill in the short_value argument the int16_t value stored by the AMQP value indicated by the value argument.] */
    #####:  575:            *short_value = value_data->value.short_value;
        -:  576:
        -:  577:            /* Codes_SRS_AMQPVALUE_01_064: [On success amqpvalue_get_short shall return 0.] */
    #####:  578:            result = 0;
        -:  579:        }
        -:  580:    }
        -:  581:
    #####:  582:    return result;
        -:  583:}
        -:  584:
        -:  585:/* Codes_SRS_AMQPVALUE_01_017: [1.6.9 int Integer in the range -(231) to 231 - 1 inclusive.] */
    #####:  586:AMQP_VALUE amqpvalue_create_int(int32_t value)
        -:  587:{
    #####:  588:    AMQP_VALUE result = REFCOUNT_TYPE_CREATE(AMQP_VALUE_DATA);
    #####:  589:    if (result == NULL)
        -:  590:    {
        -:  591:        /* Codes_SRS_AMQPVALUE_01_068: [If allocating the AMQP_VALUE fails then amqpvalue_create_int shall return NULL.] */
    #####:  592:        LogError("Could not allocate memory for AMQP value");
        -:  593:    }
        -:  594:    else
        -:  595:    {
        -:  596:        /* Codes_SRS_AMQPVALUE_01_067: [amqpvalue_create_int shall return a handle to an AMQP_VALUE that stores an int32_t value.] */
    #####:  597:        result->type = AMQP_TYPE_INT;
    #####:  598:        result->value.int_value = value;
        -:  599:    }
        -:  600:
    #####:  601:    return result;
        -:  602:}
        -:  603:
    #####:  604:int amqpvalue_get_int(AMQP_VALUE value, int32_t* int_value)
        -:  605:{
        -:  606:    int result;
        -:  607:
        -:  608:    /* Codes_SRS_AMQPVALUE_01_071: [If any of the arguments is NULL then amqpvalue_get_int shall return a non-zero value.] */
    #####:  609:    if ((value == NULL) ||
        -:  610:        (int_value == NULL))
        -:  611:    {
    #####:  612:        LogError("Bad arguments: value = %p, int_value = %p",
        -:  613:            value, int_value);
    #####:  614:        result = MU_FAILURE;
        -:  615:    }
        -:  616:    else
        -:  617:    {
    #####:  618:        AMQP_VALUE_DATA* value_data = (AMQP_VALUE_DATA*)value;
        -:  619:        /* Codes_SRS_AMQPVALUE_01_072: [If the type of the value is not int (was not created with amqpvalue_create_int), then amqpvalue_get_int shall return a non-zero value.] */
    #####:  620:        if (value_data->type != AMQP_TYPE_INT)
        -:  621:        {
    #####:  622:            LogError("Value is not of type INT");
    #####:  623:            result = MU_FAILURE;
        -:  624:        }
        -:  625:        else
        -:  626:        {
        -:  627:            /* Codes_SRS_AMQPVALUE_01_069: [amqpvalue_get_int shall fill in the int_value argument the int32_t value stored by the AMQP value indicated by the value argument.] */
    #####:  628:            *int_value = value_data->value.int_value;
        -:  629:
        -:  630:            /* Codes_SRS_AMQPVALUE_01_070: [On success amqpvalue_get_int shall return 0.] */
    #####:  631:            result = 0;
        -:  632:        }
        -:  633:    }
        -:  634:
    #####:  635:    return result;
        -:  636:}
        -:  637:
        -:  638:/* Codes_SRS_AMQPVALUE_01_018: [1.6.10 long Integer in the range -(263) to 263 - 1 inclusive.] */
    #####:  639:AMQP_VALUE amqpvalue_create_long(int64_t value)
        -:  640:{
    #####:  641:    AMQP_VALUE result = REFCOUNT_TYPE_CREATE(AMQP_VALUE_DATA);
    #####:  642:    if (result == NULL)
        -:  643:    {
        -:  644:        /* Codes_SRS_AMQPVALUE_01_074: [If allocating the AMQP_VALUE fails then amqpvalue_create_long shall return NULL.] */
    #####:  645:        LogError("Could not allocate memory for AMQP value");
        -:  646:    }
        -:  647:    else
        -:  648:    {
        -:  649:        /* Codes_SRS_AMQPVALUE_01_073: [amqpvalue_create_long shall return a handle to an AMQP_VALUE that stores an int64_t value.] */
    #####:  650:        result->type = AMQP_TYPE_LONG;
    #####:  651:        result->value.long_value = value;
        -:  652:    }
        -:  653:
    #####:  654:    return result;
        -:  655:}
        -:  656:
    #####:  657:int amqpvalue_get_long(AMQP_VALUE value, int64_t* long_value)
        -:  658:{
        -:  659:    int result;
        -:  660:
        -:  661:    /* Codes_SRS_AMQPVALUE_01_077: [If any of the arguments is NULL then amqpvalue_get_long shall return a non-zero value.] */
    #####:  662:    if ((value == NULL) ||
        -:  663:        (long_value == NULL))
        -:  664:    {
    #####:  665:        LogError("Bad arguments: value = %p, long_value = %p",
        -:  666:            value, long_value);
    #####:  667:        result = MU_FAILURE;
        -:  668:    }
        -:  669:    else
        -:  670:    {
    #####:  671:        AMQP_VALUE_DATA* value_data = (AMQP_VALUE_DATA*)value;
        -:  672:        /* Codes_SRS_AMQPVALUE_01_078: [If the type of the value is not long (was not created with amqpvalue_create_long), then amqpvalue_get_long shall return a non-zero value.] */
    #####:  673:        if (value_data->type != AMQP_TYPE_LONG)
        -:  674:        {
    #####:  675:            LogError("Value is not of type LONG");
    #####:  676:            result = MU_FAILURE;
        -:  677:        }
        -:  678:        else
        -:  679:        {
        -:  680:            /* Codes_SRS_AMQPVALUE_01_075: [amqpvalue_get_long shall fill in the long_value argument the int64_t value stored by the AMQP value indicated by the value argument.] */
    #####:  681:            *long_value = value_data->value.long_value;
        -:  682:
        -:  683:            /* Codes_SRS_AMQPVALUE_01_076: [On success amqpvalue_get_long shall return 0.] */
    #####:  684:            result = 0;
        -:  685:        }
        -:  686:    }
        -:  687:
    #####:  688:    return result;
        -:  689:}
        -:  690:
        -:  691:/* Codes_SRS_AMQPVALUE_01_019: [1.6.11 float 32-bit floating point number (IEEE 754-2008 binary32).]  */
    #####:  692:AMQP_VALUE amqpvalue_create_float(float value)
        -:  693:{
    #####:  694:    AMQP_VALUE result = REFCOUNT_TYPE_CREATE(AMQP_VALUE_DATA);
    #####:  695:    if (result == NULL)
        -:  696:    {
        -:  697:        /* Codes_SRS_AMQPVALUE_01_081: [If allocating the AMQP_VALUE fails then amqpvalue_create_float shall return NULL.] */
    #####:  698:        LogError("Could not allocate memory for AMQP value");
        -:  699:    }
        -:  700:    else
        -:  701:    {
        -:  702:        /* Codes_SRS_AMQPVALUE_01_080: [amqpvalue_create_float shall return a handle to an AMQP_VALUE that stores a float value.] */
    #####:  703:        result->type = AMQP_TYPE_FLOAT;
    #####:  704:        result->value.float_value = value;
        -:  705:    }
        -:  706:
    #####:  707:    return result;
        -:  708:}
        -:  709:
    #####:  710:int amqpvalue_get_float(AMQP_VALUE value, float* float_value)
        -:  711:{
        -:  712:    int result;
        -:  713:
        -:  714:    /* Codes_SRS_AMQPVALUE_01_084: [If any of the arguments is NULL then amqpvalue_get_float shall return a non-zero value.] */
    #####:  715:    if ((value == NULL) ||
        -:  716:        (float_value == NULL))
        -:  717:    {
    #####:  718:        LogError("Bad arguments: value = %p, float_value = %p",
        -:  719:            value, float_value);
    #####:  720:        result = MU_FAILURE;
        -:  721:    }
        -:  722:    else
        -:  723:    {
    #####:  724:        AMQP_VALUE_DATA* value_data = (AMQP_VALUE_DATA*)value;
        -:  725:        /* Codes_SRS_AMQPVALUE_01_085: [If the type of the value is not float (was not created with amqpvalue_create_float), then amqpvalue_get_float shall return a non-zero value.] */
    #####:  726:        if (value_data->type != AMQP_TYPE_FLOAT)
        -:  727:        {
    #####:  728:            LogError("Value is not of type FLOAT");
    #####:  729:            result = MU_FAILURE;
        -:  730:        }
        -:  731:        else
        -:  732:        {
        -:  733:            /* Codes_SRS_AMQPVALUE_01_082: [amqpvalue_get_float shall fill in the float_value argument the float value stored by the AMQP value indicated by the value argument.] */
    #####:  734:            *float_value = value_data->value.float_value;
        -:  735:
        -:  736:            /* Codes_SRS_AMQPVALUE_01_083: [On success amqpvalue_get_float shall return 0.] */
    #####:  737:            result = 0;
        -:  738:        }
        -:  739:    }
        -:  740:
    #####:  741:    return result;
        -:  742:}
        -:  743:
        -:  744:/* Codes_SRS_AMQPVALUE_01_020: [1.6.12 double 64-bit floating point number (IEEE 754-2008 binary64).] */
    #####:  745:AMQP_VALUE amqpvalue_create_double(double value)
        -:  746:{
    #####:  747:    AMQP_VALUE result = REFCOUNT_TYPE_CREATE(AMQP_VALUE_DATA);
    #####:  748:    if (result == NULL)
        -:  749:    {
        -:  750:        /* Codes_SRS_AMQPVALUE_01_087: [If allocating the AMQP_VALUE fails then amqpvalue_create_double shall return NULL.] */
    #####:  751:        LogError("Could not allocate memory for AMQP value");
        -:  752:    }
        -:  753:    else
        -:  754:    {
        -:  755:        /* Codes_SRS_AMQPVALUE_01_086: [amqpvalue_create_double shall return a handle to an AMQP_VALUE that stores a double value.] */
    #####:  756:        result->type = AMQP_TYPE_DOUBLE;
    #####:  757:        result->value.double_value = value;
        -:  758:    }
        -:  759:
    #####:  760:    return result;
        -:  761:}
        -:  762:
    #####:  763:int amqpvalue_get_double(AMQP_VALUE value, double* double_value)
        -:  764:{
        -:  765:    int result;
        -:  766:
        -:  767:    /* Codes_SRS_AMQPVALUE_01_090: [If any of the arguments is NULL then amqpvalue_get_double shall return a non-zero value.] */
    #####:  768:    if ((value == NULL) ||
        -:  769:        (double_value == NULL))
        -:  770:    {
    #####:  771:        LogError("Bad arguments: value = %p, double_value = %p",
        -:  772:            value, double_value);
    #####:  773:        result = MU_FAILURE;
        -:  774:    }
        -:  775:    else
        -:  776:    {
    #####:  777:        AMQP_VALUE_DATA* value_data = (AMQP_VALUE_DATA*)value;
        -:  778:        /* Codes_SRS_AMQPVALUE_01_091: [If the type of the value is not double (was not created with amqpvalue_create_double), then amqpvalue_get_double shall return a non-zero value.] */
    #####:  779:        if (value_data->type != AMQP_TYPE_DOUBLE)
        -:  780:        {
    #####:  781:            LogError("Value is not of type DOUBLE");
    #####:  782:            result = MU_FAILURE;
        -:  783:        }
        -:  784:        else
        -:  785:        {
        -:  786:            /* Codes_SRS_AMQPVALUE_01_088: [amqpvalue_get_double shall fill in the double_value argument the double value stored by the AMQP value indicated by the value argument.] */
    #####:  787:            *double_value = value_data->value.double_value;
        -:  788:
        -:  789:            /* Codes_SRS_AMQPVALUE_01_089: [On success amqpvalue_get_double shall return 0.] */
    #####:  790:            result = 0;
        -:  791:        }
        -:  792:    }
        -:  793:
    #####:  794:    return result;
        -:  795:}
        -:  796:
        -:  797:/* Codes_SRS_AMQPVALUE_01_024: [1.6.16 char A single Unicode character.] */
    #####:  798:AMQP_VALUE amqpvalue_create_char(uint32_t value)
        -:  799:{
        -:  800:    AMQP_VALUE result;
        -:  801:
        -:  802:    /* Codes_SRS_AMQPVALUE_01_098: [If the code point value is outside of the allowed range [0, 0x10FFFF] then amqpvalue_create_char shall return NULL.] */
    #####:  803:    if (value > 0x10FFFF)
        -:  804:    {
    #####:  805:        LogError("Invalid value for a Unicode char");
    #####:  806:        result = NULL;
        -:  807:    }
        -:  808:    else
        -:  809:    {
    #####:  810:        result = REFCOUNT_TYPE_CREATE(AMQP_VALUE_DATA);
    #####:  811:        if (result == NULL)
        -:  812:        {
        -:  813:            /* Codes_SRS_AMQPVALUE_01_093: [If allocating the AMQP_VALUE fails then amqpvalue_create_char shall return NULL.] */
    #####:  814:            LogError("Could not allocate memory for AMQP value");
        -:  815:        }
        -:  816:        else
        -:  817:        {
        -:  818:            /* Codes_SRS_AMQPVALUE_01_092: [amqpvalue_create_char shall return a handle to an AMQP_VALUE that stores a single UTF-32 character value.] */
    #####:  819:            result->type = AMQP_TYPE_CHAR;
    #####:  820:            result->value.char_value = value;
        -:  821:        }
        -:  822:    }
        -:  823:
    #####:  824:    return result;
        -:  825:}
        -:  826:
    #####:  827:int amqpvalue_get_char(AMQP_VALUE value, uint32_t* char_value)
        -:  828:{
        -:  829:    int result;
        -:  830:
        -:  831:    /* Codes_SRS_AMQPVALUE_01_096: [If any of the arguments is NULL then amqpvalue_get_char shall return a non-zero value.] */
    #####:  832:    if ((value == NULL) ||
        -:  833:        (char_value == NULL))
        -:  834:    {
    #####:  835:        LogError("Bad arguments: value = %p, double_value = %p",
        -:  836:            value, char_value);
    #####:  837:        result = MU_FAILURE;
        -:  838:    }
        -:  839:    else
        -:  840:    {
    #####:  841:        AMQP_VALUE_DATA* value_data = (AMQP_VALUE_DATA*)value;
        -:  842:        /* Codes_SRS_AMQPVALUE_01_097: [If the type of the value is not char (was not created with amqpvalue_create_char), then amqpvalue_get_char shall return a non-zero value.] */
    #####:  843:        if (value_data->type != AMQP_TYPE_CHAR)
        -:  844:        {
    #####:  845:            LogError("Value is not of type CHAR");
    #####:  846:            result = MU_FAILURE;
        -:  847:        }
        -:  848:        else
        -:  849:        {
        -:  850:            /* Codes_SRS_AMQPVALUE_01_094: [amqpvalue_get_char shall fill in the char_value argument the UTF32 char value stored by the AMQP value indicated by the value argument.] */
    #####:  851:            *char_value = value_data->value.char_value;
        -:  852:
        -:  853:            /* Codes_SRS_AMQPVALUE_01_095: [On success amqpvalue_get_char shall return 0.] */
    #####:  854:            result = 0;
        -:  855:        }
        -:  856:    }
        -:  857:
    #####:  858:    return result;
        -:  859:}
        -:  860:
        -:  861:/* Codes_SRS_AMQPVALUE_01_025: [1.6.17 timestamp An absolute point in time.] */
    #####:  862:AMQP_VALUE amqpvalue_create_timestamp(int64_t value)
        -:  863:{
    #####:  864:    AMQP_VALUE result = REFCOUNT_TYPE_CREATE(AMQP_VALUE_DATA);
    #####:  865:    if (result == NULL)
        -:  866:    {
        -:  867:        /* Codes_SRS_AMQPVALUE_01_108: [If allocating the AMQP_VALUE fails then amqpvalue_create_timestamp shall return NULL.] */
    #####:  868:        LogError("Could not allocate memory for AMQP value");
        -:  869:    }
        -:  870:    else
        -:  871:    {
        -:  872:        /* Codes_SRS_AMQPVALUE_01_107: [amqpvalue_create_timestamp shall return a handle to an AMQP_VALUE that stores an uint64_t value that represents a millisecond precision Unix time.] */
    #####:  873:        result->type = AMQP_TYPE_TIMESTAMP;
    #####:  874:        result->value.timestamp_value = value;
        -:  875:    }
        -:  876:
    #####:  877:    return result;
        -:  878:}
        -:  879:
    #####:  880:int amqpvalue_get_timestamp(AMQP_VALUE value, int64_t* timestamp_value)
        -:  881:{
        -:  882:    int result;
        -:  883:
        -:  884:    /* Codes_SRS_AMQPVALUE_01_111: [If any of the arguments is NULL then amqpvalue_get_timestamp shall return a non-zero value.] */
    #####:  885:    if ((value == NULL) ||
        -:  886:        (timestamp_value == NULL))
        -:  887:    {
    #####:  888:        LogError("Bad arguments: value = %p, timestamp_value = %p",
        -:  889:            value, timestamp_value);
    #####:  890:        result = MU_FAILURE;
        -:  891:    }
        -:  892:    else
        -:  893:    {
    #####:  894:        AMQP_VALUE_DATA* value_data = (AMQP_VALUE_DATA*)value;
        -:  895:        /* Codes_SRS_AMQPVALUE_01_112: [If the type of the value is not timestamp (was not created with amqpvalue_create_timestamp), then amqpvalue_get_timestamp shall return a non-zero value.] */
    #####:  896:        if (value_data->type != AMQP_TYPE_TIMESTAMP)
        -:  897:        {
    #####:  898:            LogError("Value is not of type TIMESTAMP");
    #####:  899:            result = MU_FAILURE;
        -:  900:        }
        -:  901:        else
        -:  902:        {
        -:  903:            /* Codes_SRS_AMQPVALUE_01_109: [amqpvalue_get_timestamp shall fill in the timestamp_value argument the timestamp value stored by the AMQP value indicated by the value argument.] */
    #####:  904:            *timestamp_value = value_data->value.timestamp_value;
        -:  905:
        -:  906:            /* Codes_SRS_AMQPVALUE_01_110: [On success amqpvalue_get_timestamp shall return 0.] */
    #####:  907:            result = 0;
        -:  908:        }
        -:  909:    }
        -:  910:
    #####:  911:    return result;
        -:  912:}
        -:  913:
        -:  914:/* Codes_SRS_AMQPVALUE_01_026: [1.6.18 uuid A universally unique identifier as defined by RFC-4122 section 4.1.2 .] */
    #####:  915:AMQP_VALUE amqpvalue_create_uuid(uuid value)
        -:  916:{
    #####:  917:    AMQP_VALUE result = REFCOUNT_TYPE_CREATE(AMQP_VALUE_DATA);
    #####:  918:    if (result == NULL)
        -:  919:    {
        -:  920:        /* Codes_SRS_AMQPVALUE_01_114: [If allocating the AMQP_VALUE fails then amqpvalue_create_uuid shall return NULL.] */
    #####:  921:        LogError("Could not allocate memory for AMQP value");
        -:  922:    }
        -:  923:    else
        -:  924:    {
        -:  925:        /* Codes_SRS_AMQPVALUE_01_113: [amqpvalue_create_uuid shall return a handle to an AMQP_VALUE that stores an uuid value that represents a unique identifier per RFC-4122 section 4.1.2.] */
    #####:  926:        result->type = AMQP_TYPE_UUID;
    #####:  927:        (void)memcpy(&result->value.uuid_value, value, 16);
        -:  928:    }
        -:  929:
    #####:  930:    return result;
        -:  931:}
        -:  932:
    #####:  933:int amqpvalue_get_uuid(AMQP_VALUE value, uuid* uuid_value)
        -:  934:{
        -:  935:    int result;
        -:  936:
        -:  937:    /* Codes_SRS_AMQPVALUE_01_117: [If any of the arguments is NULL then amqpvalue_get_uuid shall return a non-zero value.] */
    #####:  938:    if ((value == NULL) ||
        -:  939:        (uuid_value == NULL))
        -:  940:    {
    #####:  941:        LogError("Bad arguments: value = %p, uuid_value = %p",
        -:  942:            value, uuid_value);
    #####:  943:        result = MU_FAILURE;
        -:  944:    }
        -:  945:    else
        -:  946:    {
    #####:  947:        AMQP_VALUE_DATA* value_data = (AMQP_VALUE_DATA*)value;
        -:  948:        /* Codes_SRS_AMQPVALUE_01_118: [If the type of the value is not uuid (was not created with amqpvalue_create_uuid), then amqpvalue_get_uuid shall return a non-zero value.] */
    #####:  949:        if (value_data->type != AMQP_TYPE_UUID)
        -:  950:        {
    #####:  951:            LogError("Value is not of type UUID");
    #####:  952:            result = MU_FAILURE;
        -:  953:        }
        -:  954:        else
        -:  955:        {
        -:  956:            /* Codes_SRS_AMQPVALUE_01_115: [amqpvalue_get_uuid shall fill in the uuid_value argument the uuid value stored by the AMQP value indicated by the value argument.] */
    #####:  957:            (void)memcpy(*uuid_value, value_data->value.uuid_value, 16);
        -:  958:
        -:  959:            /* Codes_SRS_AMQPVALUE_01_116: [On success amqpvalue_get_uuid shall return 0.] */
    #####:  960:            result = 0;
        -:  961:        }
        -:  962:    }
        -:  963:
    #####:  964:    return result;
        -:  965:}
        -:  966:
        -:  967:/* Codes_SRS_AMQPVALUE_01_027: [1.6.19 binary A sequence of octets.] */
    #####:  968:AMQP_VALUE amqpvalue_create_binary(amqp_binary value)
        -:  969:{
        -:  970:    AMQP_VALUE result;
    #####:  971:    if ((value.bytes == NULL) &&
    #####:  972:        (value.length > 0))
        -:  973:    {
        -:  974:        /* Codes_SRS_AMQPVALUE_01_129: [If value.data is NULL and value.length is positive then amqpvalue_create_binary shall return NULL.] */
    #####:  975:        LogError("NULL bytes with non-zero length");
    #####:  976:        result = NULL;
        -:  977:    }
        -:  978:    else
        -:  979:    {
    #####:  980:        result = REFCOUNT_TYPE_CREATE(AMQP_VALUE_DATA);
    #####:  981:        if (result == NULL)
        -:  982:        {
        -:  983:            /* Codes_SRS_AMQPVALUE_01_128: [If allocating the AMQP_VALUE fails then amqpvalue_create_binary shall return NULL.] */
    #####:  984:            LogError("Could not allocate memory for AMQP value");
        -:  985:        }
        -:  986:        else
        -:  987:        {
        -:  988:            /* Codes_SRS_AMQPVALUE_01_127: [amqpvalue_create_binary shall return a handle to an AMQP_VALUE that stores a sequence of bytes.] */
    #####:  989:            result->type = AMQP_TYPE_BINARY;
    #####:  990:            if (value.length > 0)
        -:  991:            {
    #####:  992:                result->value.binary_value.bytes = malloc(value.length);
        -:  993:            }
        -:  994:            else
        -:  995:            {
    #####:  996:                result->value.binary_value.bytes = NULL;
        -:  997:            }
        -:  998:
    #####:  999:            result->value.binary_value.length = value.length;
        -: 1000:
    #####: 1001:            if ((result->value.binary_value.bytes == NULL) && (value.length > 0))
        -: 1002:            {
        -: 1003:                /* Codes_SRS_AMQPVALUE_01_128: [If allocating the AMQP_VALUE fails then amqpvalue_create_binary shall return NULL.] */
    #####: 1004:                LogError("Could not allocate memory for binary payload of AMQP value");
    #####: 1005:                REFCOUNT_TYPE_DESTROY(AMQP_VALUE_DATA, result);
    #####: 1006:                result = NULL;
        -: 1007:            }
        -: 1008:            else
        -: 1009:            {
    #####: 1010:                if (value.length > 0)
        -: 1011:                {
    #####: 1012:                    (void)memcpy((void*)result->value.binary_value.bytes, value.bytes, value.length);
        -: 1013:                }
        -: 1014:            }
        -: 1015:        }
        -: 1016:    }
        -: 1017:
    #####: 1018:    return result;
        -: 1019:}
        -: 1020:
    #####: 1021:int amqpvalue_get_binary(AMQP_VALUE value, amqp_binary* binary_value)
        -: 1022:{
        -: 1023:    int result;
        -: 1024:
        -: 1025:    /* Codes_SRS_AMQPVALUE_01_132: [If any of the arguments is NULL then amqpvalue_get_binary shall return NULL.] */
    #####: 1026:    if ((value == NULL) ||
        -: 1027:        (binary_value == NULL))
        -: 1028:    {
    #####: 1029:        LogError("Bad arguments: value = %p, binary_value = %p",
        -: 1030:            value, binary_value);
    #####: 1031:        result = MU_FAILURE;
        -: 1032:    }
        -: 1033:    else
        -: 1034:    {
    #####: 1035:        AMQP_VALUE_DATA* value_data = (AMQP_VALUE_DATA*)value;
        -: 1036:        /* Codes_SRS_AMQPVALUE_01_133: [If the type of the value is not binary (was not created with amqpvalue_create_binary), then amqpvalue_get_binary shall return NULL.] */
    #####: 1037:        if (value_data->type != AMQP_TYPE_BINARY)
        -: 1038:        {
    #####: 1039:            LogError("Value is not of type BINARY");
    #####: 1040:            result = MU_FAILURE;
        -: 1041:        }
        -: 1042:        else
        -: 1043:        {
        -: 1044:            /* Codes_SRS_AMQPVALUE_01_131: [amqpvalue_get_binary shall yield a pointer to the sequence of bytes held by the AMQP_VALUE in binary_value.data and fill in the binary_value.length argument the number of bytes held in the binary value.] */
    #####: 1045:            binary_value->length = value_data->value.binary_value.length;
    #####: 1046:            binary_value->bytes = value_data->value.binary_value.bytes;
        -: 1047:
    #####: 1048:            result = 0;
        -: 1049:        }
        -: 1050:    }
        -: 1051:
    #####: 1052:    return result;
        -: 1053:}
        -: 1054:
        -: 1055:/* Codes_SRS_AMQPVALUE_01_135: [amqpvalue_create_string shall return a handle to an AMQP_VALUE that stores a sequence of Unicode characters.] */
        -: 1056:/* Codes_SRS_AMQPVALUE_01_028: [1.6.20 string A sequence of Unicode characters.] */
       20: 1057:AMQP_VALUE amqpvalue_create_string(const char* value)
        -: 1058:{
        -: 1059:    AMQP_VALUE result;
       20: 1060:    if (value == NULL)
        -: 1061:    {
    #####: 1062:        LogError("NULL argument value");
    #####: 1063:        result = NULL;
        -: 1064:    }
        -: 1065:    else
        -: 1066:    {
       20: 1067:        size_t length = strlen(value);
        -: 1068:
       20: 1069:        result = REFCOUNT_TYPE_CREATE(AMQP_VALUE_DATA);
       20: 1070:        if (result == NULL)
        -: 1071:        {
        -: 1072:            /* Codes_SRS_AMQPVALUE_01_136: [If allocating the AMQP_VALUE fails then amqpvalue_create_string shall return NULL.] */
    #####: 1073:            LogError("Could not allocate memory for AMQP value");
        -: 1074:        }
        -: 1075:        else
        -: 1076:        {
       20: 1077:            result->type = AMQP_TYPE_STRING;
       20: 1078:            result->value.string_value.chars = (char*)malloc(length + 1);
       20: 1079:            if (result->value.string_value.chars == NULL)
        -: 1080:            {
        -: 1081:                /* Codes_SRS_AMQPVALUE_01_136: [If allocating the AMQP_VALUE fails then amqpvalue_create_string shall return NULL.] */
    #####: 1082:                LogError("Could not allocate memory for string AMQP value");
    #####: 1083:                REFCOUNT_TYPE_DESTROY(AMQP_VALUE_DATA, result);
    #####: 1084:                result = NULL;
        -: 1085:            }
        -: 1086:            else
        -: 1087:            {
       20: 1088:                (void)memcpy(result->value.string_value.chars, value, length + 1);
        -: 1089:            }
        -: 1090:        }
        -: 1091:    }
        -: 1092:
       20: 1093:    return result;
        -: 1094:}
        -: 1095:
    #####: 1096:int amqpvalue_get_string(AMQP_VALUE value, const char** string_value)
        -: 1097:{
        -: 1098:    int result;
        -: 1099:
        -: 1100:    /* Codes_SRS_AMQPVALUE_01_139: [If any of the arguments is NULL then amqpvalue_get_string shall return a non-zero value.] */
    #####: 1101:    if ((value == NULL) ||
        -: 1102:        (string_value == NULL))
        -: 1103:    {
    #####: 1104:        LogError("Bad arguments: value = %p, string_value = %p",
        -: 1105:            value, string_value);
    #####: 1106:        result = MU_FAILURE;
        -: 1107:    }
        -: 1108:    else
        -: 1109:    {
    #####: 1110:        AMQP_VALUE_DATA* value_data = (AMQP_VALUE_DATA*)value;
        -: 1111:
        -: 1112:        /* Codes_SRS_AMQPVALUE_01_140: [If the type of the value is not string (was not created with amqpvalue_create_string), then amqpvalue_get_string shall return a non-zero value.] */
    #####: 1113:        if (value_data->type != AMQP_TYPE_STRING)
        -: 1114:        {
    #####: 1115:            LogError("Value is not of type STRING");
    #####: 1116:            result = MU_FAILURE;
        -: 1117:        }
        -: 1118:        else
        -: 1119:        {
        -: 1120:            /* Codes_SRS_AMQPVALUE_01_138: [amqpvalue_get_string shall yield a pointer to the sequence of bytes held by the AMQP_VALUE in string_value.] */
    #####: 1121:            *string_value = value_data->value.string_value.chars;
        -: 1122:
        -: 1123:            /* Codes_SRS_AMQPVALUE_01_141: [On success, amqpvalue_get_string shall return 0.] */
    #####: 1124:            result = 0;
        -: 1125:        }
        -: 1126:    }
        -: 1127:
    #####: 1128:    return result;
        -: 1129:}
        -: 1130:
        -: 1131:/* Codes_SRS_AMQPVALUE_01_029: [1.6.21 symbol Symbolic values from a constrained domain.] */
    #####: 1132:AMQP_VALUE amqpvalue_create_symbol(const char* value)
        -: 1133:{
        -: 1134:    AMQP_VALUE result;
    #####: 1135:    if (value == NULL)
        -: 1136:    {
        -: 1137:        /* Codes_SRS_AMQPVALUE_01_400: [If value is NULL, amqpvalue_create_symbol shall fail and return NULL.] */
    #####: 1138:        LogError("NULL argument");
    #####: 1139:        result = NULL;
        -: 1140:    }
        -: 1141:    else
        -: 1142:    {
    #####: 1143:        size_t length = strlen(value);
    #####: 1144:        if (length > UINT32_MAX)
        -: 1145:        {
        -: 1146:            /* Codes_SRS_AMQPVALUE_01_401: [ If the string pointed to by value is longer than 2^32-1 then amqpvalue_create_symbol shall return NULL. ]*/
    #####: 1147:            LogError("string too long to be represented as a symbol");
    #####: 1148:            result = NULL;
        -: 1149:        }
        -: 1150:        else
        -: 1151:        {
        -: 1152:            /* Codes_SRS_AMQPVALUE_01_143: [If allocating the AMQP_VALUE fails then amqpvalue_create_symbol shall return NULL.] */
    #####: 1153:            result = REFCOUNT_TYPE_CREATE(AMQP_VALUE_DATA);
    #####: 1154:            if (result == NULL)
        -: 1155:            {
    #####: 1156:                LogError("Cannot allocate memory for AMQP value");
    #####: 1157:                result = NULL;
        -: 1158:            }
        -: 1159:            else
        -: 1160:            {
        -: 1161:                /* Codes_SRS_AMQPVALUE_01_142: [amqpvalue_create_symbol shall return a handle to an AMQP_VALUE that stores a symbol (ASCII string) value.] */
    #####: 1162:                result->type = AMQP_TYPE_SYMBOL;
    #####: 1163:                result->value.symbol_value.chars = (char*)malloc(length + 1);
    #####: 1164:                if (result->value.symbol_value.chars == NULL)
        -: 1165:                {
    #####: 1166:                    LogError("Cannot allocate memory for symbol string");
    #####: 1167:                    REFCOUNT_TYPE_DESTROY(AMQP_VALUE_DATA, result);
    #####: 1168:                    result = NULL;
        -: 1169:                }
        -: 1170:                else
        -: 1171:                {
    #####: 1172:                    (void)memcpy(result->value.symbol_value.chars, value, length + 1);
        -: 1173:                }
        -: 1174:            }
        -: 1175:        }
        -: 1176:    }
        -: 1177:
    #####: 1178:    return result;
        -: 1179:}
        -: 1180:
    #####: 1181:int amqpvalue_get_symbol(AMQP_VALUE value, const char** symbol_value)
        -: 1182:{
        -: 1183:    int result;
        -: 1184:
        -: 1185:    /* Codes_SRS_AMQPVALUE_01_147: [If any of the arguments is NULL then amqpvalue_get_symbol shall return a non-zero value.] */
    #####: 1186:    if ((value == NULL) ||
        -: 1187:        (symbol_value == NULL))
        -: 1188:    {
    #####: 1189:        LogError("Bad arguments: value = %p, symbol_value = %p",
        -: 1190:            value, symbol_value);
    #####: 1191:        result = MU_FAILURE;
        -: 1192:    }
        -: 1193:    else
        -: 1194:    {
    #####: 1195:        AMQP_VALUE_DATA* value_data = (AMQP_VALUE_DATA*)value;
        -: 1196:
        -: 1197:        /* Codes_SRS_AMQPVALUE_01_148: [If the type of the value is not symbol (was not created with amqpvalue_create_symbol), then amqpvalue_get_symbol shall return a non-zero value.] */
    #####: 1198:        if (value_data->type != AMQP_TYPE_SYMBOL)
        -: 1199:        {
    #####: 1200:            LogError("Value is not of type SYMBOL");
    #####: 1201:            result = MU_FAILURE;
        -: 1202:        }
        -: 1203:        else
        -: 1204:        {
        -: 1205:            /* Codes_SRS_AMQPVALUE_01_145: [amqpvalue_get_symbol shall fill in the symbol_value the symbol value string held by the AMQP_VALUE.] */
    #####: 1206:            *symbol_value = value_data->value.symbol_value.chars;
        -: 1207:
        -: 1208:            /* Codes_SRS_AMQPVALUE_01_146: [On success, amqpvalue_get_symbol shall return 0.] */
    #####: 1209:            result = 0;
        -: 1210:        }
        -: 1211:    }
        -: 1212:
    #####: 1213:    return result;
        -: 1214:}
        -: 1215:
        -: 1216:/* Codes_SRS_AMQPVALUE_01_030: [1.6.22 list A sequence of polymorphic values.] */
       18: 1217:AMQP_VALUE amqpvalue_create_list(void)
        -: 1218:{
       18: 1219:    AMQP_VALUE result = REFCOUNT_TYPE_CREATE(AMQP_VALUE_DATA);
       18: 1220:    if (result == NULL)
        -: 1221:    {
        -: 1222:        /* Codes_SRS_AMQPVALUE_01_150: [If allocating the AMQP_VALUE fails then amqpvalue_create_list shall return NULL.] */
    #####: 1223:        LogError("Could not allocate memory for AMQP value");
        -: 1224:    }
        -: 1225:    else
        -: 1226:    {
        -: 1227:        /* Codes_SRS_AMQPVALUE_01_149: [amqpvalue_create_list shall return a handle to an AMQP_VALUE that stores a list.] */
       18: 1228:        result->type = AMQP_TYPE_LIST;
        -: 1229:
        -: 1230:        /* Codes_SRS_AMQPVALUE_01_151: [The list shall have an initial size of zero.] */
       18: 1231:        result->value.list_value.count = 0;
       18: 1232:        result->value.list_value.items = NULL;
        -: 1233:    }
        -: 1234:
       18: 1235:    return result;
        -: 1236:}
        -: 1237:
    #####: 1238:int amqpvalue_set_list_item_count(AMQP_VALUE value, uint32_t list_size)
        -: 1239:{
        -: 1240:    int result;
        -: 1241:
        -: 1242:    /* Codes_SRS_AMQPVALUE_01_155: [If the value argument is NULL, amqpvalue_set_list_item_count shall return a non-zero value.] */
    #####: 1243:    if (value == NULL)
        -: 1244:    {
    #####: 1245:        LogError("NULL list value");
    #####: 1246:        result = MU_FAILURE;
        -: 1247:    }
        -: 1248:    else
        -: 1249:    {
    #####: 1250:        AMQP_VALUE_DATA* value_data = (AMQP_VALUE_DATA*)value;
    #####: 1251:        if (value_data->type != AMQP_TYPE_LIST)
        -: 1252:        {
        -: 1253:            /* Codes_SRS_AMQPVALUE_01_156: [If the value is not of type list, then amqpvalue_set_list_item_count shall return a non-zero value.] */
    #####: 1254:            LogError("Value is not of type LIST");
    #####: 1255:            result = MU_FAILURE;
        -: 1256:        }
        -: 1257:        else
        -: 1258:        {
    #####: 1259:            if (value_data->value.list_value.count < list_size)
        -: 1260:            {
        -: 1261:                AMQP_VALUE* new_list;
        -: 1262:
        -: 1263:                /* Codes_SRS_AMQPVALUE_01_152: [amqpvalue_set_list_item_count shall resize an AMQP list.] */
    #####: 1264:                new_list = (AMQP_VALUE*)realloc(value_data->value.list_value.items, list_size * sizeof(AMQP_VALUE));
    #####: 1265:                if (new_list == NULL)
        -: 1266:                {
        -: 1267:                    /* Codes_SRS_AMQPVALUE_01_154: [If allocating memory for the list according to the new size fails, then amqpvalue_set_list_item_count shall return a non-zero value, while preserving the existing list contents.] */
    #####: 1268:                    LogError("Could not reallocate list memory");
    #####: 1269:                    result = MU_FAILURE;
        -: 1270:                }
        -: 1271:                else
        -: 1272:                {
        -: 1273:                    uint32_t i;
    #####: 1274:                    value_data->value.list_value.items = new_list;
        -: 1275:
        -: 1276:                    /* Codes_SRS_AMQPVALUE_01_162: [When a list is grown a null AMQP_VALUE shall be inserted as new list items to fill the list up to the new size.] */
    #####: 1277:                    for (i = value_data->value.list_value.count; i < list_size; i++)
        -: 1278:                    {
    #####: 1279:                        new_list[i] = amqpvalue_create_null();
    #####: 1280:                        if (new_list[i] == NULL)
        -: 1281:                        {
    #####: 1282:                            LogError("Could not create NULL AMQP value to be inserted in list");
    #####: 1283:                            break;
        -: 1284:                        }
        -: 1285:                    }
        -: 1286:
    #####: 1287:                    if (i < list_size)
        -: 1288:                    {
        -: 1289:                        /* Codes_SRS_AMQPVALUE_01_154: [If allocating memory for the list according to the new size fails, then amqpvalue_set_list_item_count shall return a non-zero value, while preserving the existing list contents.] */
        -: 1290:                        uint32_t j;
    #####: 1291:                        for (j = value_data->value.list_value.count; j < i; j++)
        -: 1292:                        {
    #####: 1293:                            amqpvalue_destroy(new_list[j]);
        -: 1294:                        }
        -: 1295:
    #####: 1296:                        result = MU_FAILURE;
        -: 1297:                    }
        -: 1298:                    else
        -: 1299:                    {
    #####: 1300:                        value_data->value.list_value.count = list_size;
        -: 1301:
        -: 1302:                        /* Codes_SRS_AMQPVALUE_01_153: [On success amqpvalue_set_list_item_count shall return 0.] */
    #####: 1303:                        result = 0;
        -: 1304:                    }
        -: 1305:                }
        -: 1306:            }
    #####: 1307:            else if (value_data->value.list_value.count > list_size)
        -: 1308:            {
        -: 1309:                uint32_t i;
        -: 1310:
        -: 1311:                /* Codes_SRS_AMQPVALUE_01_161: [When the list is shrunk, the extra items shall be freed by using amqp_value_destroy.] */
    #####: 1312:                for (i = list_size; i < value_data->value.list_value.count; i++)
        -: 1313:                {
    #####: 1314:                    amqpvalue_destroy(value_data->value.list_value.items[i]);
        -: 1315:                }
        -: 1316:
    #####: 1317:                value_data->value.list_value.count = list_size;
        -: 1318:
        -: 1319:                /* Codes_SRS_AMQPVALUE_01_153: [On success amqpvalue_set_list_item_count shall return 0.] */
    #####: 1320:                result = 0;
        -: 1321:            }
        -: 1322:            else
        -: 1323:            {
        -: 1324:                /* Codes_SRS_AMQPVALUE_01_153: [On success amqpvalue_set_list_item_count shall return 0.] */
    #####: 1325:                result = 0;
        -: 1326:            }
        -: 1327:        }
        -: 1328:    }
        -: 1329:
    #####: 1330:    return result;
        -: 1331:}
        -: 1332:
    #####: 1333:int amqpvalue_get_list_item_count(AMQP_VALUE value, uint32_t* size)
        -: 1334:{
        -: 1335:    int result;
        -: 1336:
        -: 1337:    /* Codes_SRS_AMQPVALUE_01_159: [If any of the arguments are NULL, amqpvalue_get_list_item_count shall return a non-zero value.] */
    #####: 1338:    if ((value == NULL) ||
        -: 1339:        (size == NULL))
        -: 1340:    {
    #####: 1341:        LogError("Bad arguments: value = %p, size = %p",
        -: 1342:            value, size);
    #####: 1343:        result = MU_FAILURE;
        -: 1344:    }
        -: 1345:    else
        -: 1346:    {
    #####: 1347:        AMQP_VALUE_DATA* value_data = (AMQP_VALUE_DATA*)value;
        -: 1348:
        -: 1349:        /* Codes_SRS_AMQPVALUE_01_160: [If the AMQP_VALUE is not a list then amqpvalue_get_list_item_count shall return a non-zero value.] */
    #####: 1350:        if (value_data->type != AMQP_TYPE_LIST)
        -: 1351:        {
    #####: 1352:            LogError("Value is not of type LIST");
    #####: 1353:            result = MU_FAILURE;
        -: 1354:        }
        -: 1355:        else
        -: 1356:        {
        -: 1357:            /* Codes_SRS_AMQPVALUE_01_157: [amqpvalue_get_list_item_count shall fill in the size argument the number of items held by the AMQP list.] */
    #####: 1358:            *size = value_data->value.list_value.count;
        -: 1359:
        -: 1360:            /* Codes_SRS_AMQPVALUE_01_158: [On success amqpvalue_get_list_item_count shall return 0.] */
    #####: 1361:            result = 0;
        -: 1362:        }
        -: 1363:    }
        -: 1364:
    #####: 1365:    return result;
        -: 1366:}
        -: 1367:
       18: 1368:int amqpvalue_set_list_item(AMQP_VALUE value, uint32_t index, AMQP_VALUE list_item_value)
        -: 1369:{
        -: 1370:    int result;
        -: 1371:
        -: 1372:    /* Codes_SRS_AMQPVALUE_01_165: [If value or list_item_value is NULL, amqpvalue_set_list_item shall fail and return a non-zero value.] */
       18: 1373:    if (value == NULL)
        -: 1374:    {
    #####: 1375:        LogError("NULL list value");
    #####: 1376:        result = MU_FAILURE;
        -: 1377:    }
        -: 1378:    else
        -: 1379:    {
       18: 1380:        AMQP_VALUE_DATA* value_data = (AMQP_VALUE_DATA*)value;
       18: 1381:        if (value_data->type != AMQP_TYPE_LIST)
        -: 1382:        {
    #####: 1383:            LogError("Value is not of type LIST");
    #####: 1384:            result = MU_FAILURE;
        -: 1385:        }
        -: 1386:        else
        -: 1387:        {
        -: 1388:            /* Codes_SRS_AMQPVALUE_01_168: [The item stored at the index-th position in the list shall be a clone of list_item_value.] */
       18: 1389:            AMQP_VALUE cloned_item = amqpvalue_clone(list_item_value);
       18: 1390:            if (cloned_item == NULL)
        -: 1391:            {
        -: 1392:                /* Codes_SRS_AMQPVALUE_01_170: [When amqpvalue_set_list_item fails due to not being able to clone the item or grow the list, the list shall not be altered.] */
        -: 1393:                /* Codes_SRS_AMQPVALUE_01_169: [If cloning the item fails, amqpvalue_set_list_item shall fail and return a non-zero value.] */
    #####: 1394:                LogError("Could not clone list item");
    #####: 1395:                result = MU_FAILURE;
        -: 1396:            }
        -: 1397:            else
        -: 1398:            {
       18: 1399:                if (index >= value_data->value.list_value.count)
        -: 1400:                {
       18: 1401:                    AMQP_VALUE* new_list = (AMQP_VALUE*)realloc(value_data->value.list_value.items, (index + 1) * sizeof(AMQP_VALUE));
       18: 1402:                    if (new_list == NULL)
        -: 1403:                    {
        -: 1404:                        /* Codes_SRS_AMQPVALUE_01_170: [When amqpvalue_set_list_item fails due to not being able to clone the item or grow the list, the list shall not be altered.] */
    #####: 1405:                        LogError("Could not reallocate list storage");
    #####: 1406:                        amqpvalue_destroy(cloned_item);
    #####: 1407:                        result = MU_FAILURE;
        -: 1408:                    }
        -: 1409:                    else
        -: 1410:                    {
        -: 1411:                        uint32_t i;
        -: 1412:
       18: 1413:                        value_data->value.list_value.items = new_list;
        -: 1414:
      18*: 1415:                        for (i = value_data->value.list_value.count; i < index; i++)
        -: 1416:                        {
    #####: 1417:                            new_list[i] = amqpvalue_create_null();
    #####: 1418:                            if (new_list[i] == NULL)
        -: 1419:                            {
    #####: 1420:                                LogError("Could not allocate NULL value for list entries");
    #####: 1421:                                break;
        -: 1422:                            }
        -: 1423:                        }
        -: 1424:
       18: 1425:                        if (i < index)
        -: 1426:                        {
        -: 1427:                            /* Codes_SRS_AMQPVALUE_01_170: [When amqpvalue_set_list_item fails due to not being able to clone the item or grow the list, the list shall not be altered.] */
        -: 1428:                            uint32_t j;
        -: 1429:
    #####: 1430:                            for (j = value_data->value.list_value.count; j < i; j++)
        -: 1431:                            {
    #####: 1432:                                amqpvalue_destroy(new_list[j]);
        -: 1433:                            }
        -: 1434:
    #####: 1435:                            amqpvalue_destroy(cloned_item);
        -: 1436:
        -: 1437:                            /* Codes_SRS_AMQPVALUE_01_172: [If growing the list fails, then amqpvalue_set_list_item shall fail and return a non-zero value.] */
    #####: 1438:                            result = MU_FAILURE;
        -: 1439:                        }
        -: 1440:                        else
        -: 1441:                        {
       18: 1442:                            value_data->value.list_value.count = index + 1;
       18: 1443:                            value_data->value.list_value.items[index] = cloned_item;
        -: 1444:
        -: 1445:                            /* Codes_SRS_AMQPVALUE_01_164: [On success amqpvalue_set_list_item shall return 0.] */
       18: 1446:                            result = 0;
        -: 1447:                        }
        -: 1448:                    }
        -: 1449:                }
        -: 1450:                else
        -: 1451:                {
        -: 1452:                    /* Codes_SRS_AMQPVALUE_01_167: [Any previous value stored at the position index in the list shall be freed by using amqpvalue_destroy.] */
    #####: 1453:                    amqpvalue_destroy(value_data->value.list_value.items[index]);
        -: 1454:
        -: 1455:                    /* Codes_SRS_AMQPVALUE_01_163: [amqpvalue_set_list_item shall replace the item at the 0 based index-th position in the list identified by the value argument with the AMQP_VALUE specified by list_item_value.] */
    #####: 1456:                    value_data->value.list_value.items[index] = cloned_item;
        -: 1457:
        -: 1458:                    /* Codes_SRS_AMQPVALUE_01_164: [On success amqpvalue_set_list_item shall return 0.] */
    #####: 1459:                    result = 0;
        -: 1460:                }
        -: 1461:            }
        -: 1462:        }
        -: 1463:    }
        -: 1464:
       18: 1465:    return result;
        -: 1466:}
        -: 1467:
    #####: 1468:AMQP_VALUE amqpvalue_get_list_item(AMQP_VALUE value, size_t index)
        -: 1469:{
        -: 1470:    AMQP_VALUE result;
        -: 1471:
    #####: 1472:    if (value == NULL)
        -: 1473:    {
        -: 1474:        /* Codes_SRS_AMQPVALUE_01_174: [If the value argument is NULL, amqpvalue_get_list_item shall fail and return NULL.] */
    #####: 1475:        LogError("NULL list value");
    #####: 1476:        result = NULL;
        -: 1477:    }
        -: 1478:    else
        -: 1479:    {
    #####: 1480:        AMQP_VALUE_DATA* value_data = (AMQP_VALUE_DATA*)value;
        -: 1481:
        -: 1482:        /* Codes_SRS_AMQPVALUE_01_177: [If value is not a list then amqpvalue_get_list_item shall fail and return NULL.] */
    #####: 1483:        if (value_data->type != AMQP_TYPE_LIST)
        -: 1484:        {
    #####: 1485:            LogError("Value is not of type LIST");
    #####: 1486:            result = NULL;
        -: 1487:        }
        -: 1488:        /* Codes_SRS_AMQPVALUE_01_175: [If index is greater or equal to the number of items in the list then amqpvalue_get_list_item shall fail and return NULL.] */
    #####: 1489:        else if (value_data->value.list_value.count <= index)
        -: 1490:        {
    #####: 1491:            LogError("Bad index value %u", (unsigned int)index);
    #####: 1492:            result = NULL;
        -: 1493:        }
        -: 1494:        else
        -: 1495:        {
        -: 1496:            /* Codes_SRS_AMQPVALUE_01_173: [amqpvalue_get_list_item shall return a copy of the AMQP_VALUE stored at the 0 based position index in the list identified by value.] */
        -: 1497:            /* Codes_SRS_AMQPVALUE_01_176: [If cloning the item at position index fails, then amqpvalue_get_list_item shall fail and return NULL.] */
    #####: 1498:            result = amqpvalue_clone(value_data->value.list_value.items[index]);
        -: 1499:        }
        -: 1500:    }
        -: 1501:
    #####: 1502:    return result;
        -: 1503:}
        -: 1504:
        -: 1505:/* Codes_SRS_AMQPVALUE_01_178: [amqpvalue_create_map shall create an AMQP value that holds a map and return a handle to it.] */
        -: 1506:/* Codes_SRS_AMQPVALUE_01_031: [1.6.23 map A polymorphic mapping from distinct keys to values.] */
        1: 1507:AMQP_VALUE amqpvalue_create_map(void)
        -: 1508:{
        1: 1509:    AMQP_VALUE result = REFCOUNT_TYPE_CREATE(AMQP_VALUE_DATA);
        1: 1510:    if (result == NULL)
        -: 1511:    {
        -: 1512:        /* Codes_SRS_AMQPVALUE_01_179: [If allocating memory for the map fails, then amqpvalue_create_map shall return NULL.] */
    #####: 1513:        LogError("Could not allocate memory for AMQP value");
        -: 1514:    }
        -: 1515:    else
        -: 1516:    {
        1: 1517:        result->type = AMQP_TYPE_MAP;
        -: 1518:
        -: 1519:        /* Codes_SRS_AMQPVALUE_01_180: [The number of key/value pairs in the newly created map shall be zero.] */
        1: 1520:        result->value.map_value.pairs = NULL;
[...]
    #####: 6885:                break;
        -: 6886:            }
        -: 6887:            }
        -: 6888:
    #####: 6889:            if (result != 0)
        -: 6890:            {
    #####: 6891:                break;
        -: 6892:            }
        -: 6893:        }
        -: 6894:    }
        -: 6895:
    #####: 6896:    if (used_bytes != NULL)
        -: 6897:    {
    #####: 6898:        *used_bytes = initial_size - size;
        -: 6899:    }
        -: 6900:
    #####: 6901:    return result;
        -: 6902:}
        -: 6903:
       11: 6904:AMQPVALUE_DECODER_HANDLE amqpvalue_decoder_create(ON_VALUE_DECODED on_value_decoded, void* callback_context)
        -: 6905:{
        -: 6906:    AMQPVALUE_DECODER_HANDLE_DATA* decoder_instance;
        -: 6907:
        -: 6908:    /* Codes_SRS_AMQPVALUE_01_312: [If the on_value_decoded argument is NULL, amqpvalue_decoder_create shall return NULL.] */
       11: 6909:    if (on_value_decoded == NULL)
        -: 6910:    {
    #####: 6911:        LogError("NULL on_value_decoded");
    #####: 6912:        decoder_instance = NULL;
        -: 6913:    }
        -: 6914:    else
        -: 6915:    {
       11: 6916:        decoder_instance = (AMQPVALUE_DECODER_HANDLE_DATA*)malloc(sizeof(AMQPVALUE_DECODER_HANDLE_DATA));
        -: 6917:        /* Codes_SRS_AMQPVALUE_01_313: [If creating the decoder fails, amqpvalue_decoder_create shall return NULL.] */
       11: 6918:        if (decoder_instance == NULL)
        -: 6919:        {
    #####: 6920:            LogError("Could not allocate memory for AMQP value decoder");
        -: 6921:        }
        -: 6922:        else
        -: 6923:        {
       11: 6924:            decoder_instance->decode_to_value = REFCOUNT_TYPE_CREATE(AMQP_VALUE_DATA);
       11: 6925:            if (decoder_instance->decode_to_value == NULL)
        -: 6926:            {
        -: 6927:                /* Codes_SRS_AMQPVALUE_01_313: [If creating the decoder fails, amqpvalue_decoder_create shall return NULL.] */
    #####: 6928:                LogError("Could not allocate memory for decoded AMQP value");
    #####: 6929:                free(decoder_instance);
    #####: 6930:                decoder_instance = NULL;
        -: 6931:            }
        -: 6932:            else
        -: 6933:            {
       11: 6934:                decoder_instance->decode_to_value->type = AMQP_TYPE_UNKNOWN;
       11: 6935:                decoder_instance->internal_decoder = internal_decoder_create(on_value_decoded, callback_context, decoder_instance->decode_to_value, false);
       11: 6936:                if (decoder_instance->internal_decoder == NULL)
        -: 6937:                {
        -: 6938:                    /* Codes_SRS_AMQPVALUE_01_313: [If creating the decoder fails, amqpvalue_decoder_create shall return NULL.] */
    #####: 6939:                    LogError("Could not create the internal decoder");
    #####: 6940:                    REFCOUNT_TYPE_DESTROY(AMQP_VALUE_DATA, decoder_instance->decode_to_value);
    #####: 6941:                    free(decoder_instance);
    #####: 6942:                    decoder_instance = NULL;
        -: 6943:                }
        -: 6944:            }
        -: 6945:        }
        -: 6946:    }
        -: 6947:
        -: 6948:    /* Codes_SRS_AMQPVALUE_01_311: [amqpvalue_decoder_create shall create a new amqp value decoder and return a non-NULL handle to it.] */
       11: 6949:    return decoder_instance;
        -: 6950:}
        -: 6951:
       10: 6952:void amqpvalue_decoder_destroy(AMQPVALUE_DECODER_HANDLE handle)
        -: 6953:{
       10: 6954:    if (handle == NULL)
        -: 6955:    {
        -: 6956:        /* Codes_SRS_AMQPVALUE_01_317: [If handle is NULL, amqpvalue_decoder_destroy shall do nothing.] */
    #####: 6957:        LogError("NULL handle");
        -: 6958:    }
        -: 6959:    else
        -: 6960:    {
       10: 6961:        AMQPVALUE_DECODER_HANDLE_DATA* decoder_instance = (AMQPVALUE_DECODER_HANDLE_DATA*)handle;
        -: 6962:        /* Codes_SRS_AMQPVALUE_01_316: [amqpvalue_decoder_destroy shall free all resources associated with the amqpvalue_decoder.] */
       10: 6963:        amqpvalue_destroy(decoder_instance->internal_decoder->decode_to_value);
       10: 6964:        internal_decoder_destroy(decoder_instance->internal_decoder);
       10: 6965:        free(handle);
        -: 6966:    }
       10: 6967:}
        -: 6968:
        -: 6969:/* Codes_SRS_AMQPVALUE_01_318: [amqpvalue_decode_bytes shall decode size bytes that are passed in the buffer argument.] */
    #####: 6970:int amqpvalue_decode_bytes(AMQPVALUE_DECODER_HANDLE handle, const unsigned char* buffer, size_t size)
        -: 6971:{
        -: 6972:    int result;
        -: 6973:
    #####: 6974:    AMQPVALUE_DECODER_HANDLE_DATA* decoder_instance = (AMQPVALUE_DECODER_HANDLE_DATA*)handle;
        -: 6975:    /* Codes_SRS_AMQPVALUE_01_320: [If handle or buffer are NULL, amqpvalue_decode_bytes shall return a non-zero value.] */
    #####: 6976:    if ((decoder_instance == NULL) ||
    #####: 6977:        (buffer == NULL) ||
        -: 6978:        /* Codes_SRS_AMQPVALUE_01_321: [If size is 0, amqpvalue_decode_bytes shall return a non-zero value.] */
        -: 6979:        (size == 0))
        -: 6980:    {
    #####: 6981:        LogError("Bad arguments: decoder_instance = %p, buffer = %p, size = %lu",
        -: 6982:            decoder_instance, buffer, (unsigned long)size);
    #####: 6983:        result = MU_FAILURE;
        -: 6984:    }
        -: 6985:    else
        -: 6986:    {
        -: 6987:        size_t used_bytes;
        -: 6988:
        -: 6989:        /* Codes_SRS_AMQPVALUE_01_318: [amqpvalue_decode_bytes shall decode size bytes that are passed in the buffer argument.] */
    #####: 6990:        if (internal_decoder_decode_bytes(decoder_instance->internal_decoder, buffer, size, &used_bytes) != 0)
        -: 6991:        {
    #####: 6992:            LogError("Failed decoding bytes");
    #####: 6993:            result = MU_FAILURE;
        -: 6994:        }
        -: 6995:        else
        -: 6996:        {
        -: 6997:            /* Codes_SRS_AMQPVALUE_01_319: [On success, amqpvalue_decode_bytes shall return 0.] */
    #####: 6998:            result = 0;
        -: 6999:        }
        -: 7000:    }
        -: 7001:
    #####: 7002:    return result;
        -: 7003:}
        -: 7004:
    #####: 7005:AMQP_VALUE amqpvalue_get_inplace_descriptor(AMQP_VALUE value)
        -: 7006:{
        -: 7007:    AMQP_VALUE result;
        -: 7008:
    #####: 7009:    if (value == NULL)
        -: 7010:    {
    #####: 7011:        LogError("NULL value");
    #####: 7012:        result = NULL;
        -: 7013:    }
        -: 7014:    else
        -: 7015:    {
    #####: 7016:        AMQP_VALUE_DATA* value_data = (AMQP_VALUE_DATA*)value;
    #####: 7017:        if ((value_data->type != AMQP_TYPE_DESCRIBED) &&
    #####: 7018:            (value_data->type != AMQP_TYPE_COMPOSITE))
        -: 7019:        {
    #####: 7020:            LogError("Type is not described or composite");
    #####: 7021:            result = NULL;
        -: 7022:        }
        -: 7023:        else
        -: 7024:        {
    #####: 7025:            result = value_data->value.described_value.descriptor;
        -: 7026:        }
        -: 7027:    }
        -: 7028:
    #####: 7029:    return result;
        -: 7030:}
        -: 7031:
    #####: 7032:AMQP_VALUE amqpvalue_get_inplace_described_value(AMQP_VALUE value)
        -: 7033:{
        -: 7034:    AMQP_VALUE result;
        -: 7035:
    #####: 7036:    if (value == NULL)
        -: 7037:    {
    #####: 7038:        LogError("NULL value");
    #####: 7039:        result = NULL;
        -: 7040:    }
        -: 7041:    else
        -: 7042:    {
    #####: 7043:        AMQP_VALUE_DATA* value_data = (AMQP_VALUE_DATA*)value;
    #####: 7044:        if ((value_data->type != AMQP_TYPE_DESCRIBED) &&
    #####: 7045:            (value_data->type != AMQP_TYPE_COMPOSITE))
        -: 7046:        {
    #####: 7047:            LogError("Type is not described or composite");
    #####: 7048:            result = NULL;
        -: 7049:        }
        -: 7050:        else
        -: 7051:        {
    #####: 7052:            result = value_data->value.described_value.value;
        -: 7053:        }
        -: 7054:    }
        -: 7055:
    #####: 7056:    return result;
        -: 7057:}
        -: 7058:
    #####: 7059:AMQP_VALUE amqpvalue_create_described(AMQP_VALUE descriptor, AMQP_VALUE value)
        -: 7060:{
    #####: 7061:    AMQP_VALUE_DATA* result = (AMQP_VALUE_DATA*)REFCOUNT_TYPE_CREATE(AMQP_VALUE_DATA);
    #####: 7062:    if (result == NULL)
        -: 7063:    {
    #####: 7064:        LogError("Cannot allocate memory for described type");
        -: 7065:    }
        -: 7066:    else
        -: 7067:    {
    #####: 7068:        result->type = AMQP_TYPE_DESCRIBED;
    #####: 7069:        result->value.described_value.descriptor = descriptor;
    #####: 7070:        result->value.described_value.value = value;
        -: 7071:    }
        -: 7072:
    #####: 7073:    return result;
        -: 7074:}
        -: 7075:
    #####: 7076:AMQP_VALUE amqpvalue_create_composite(AMQP_VALUE descriptor, uint32_t list_size)
        -: 7077:{
    #####: 7078:    AMQP_VALUE_DATA* result = (AMQP_VALUE_DATA*)REFCOUNT_TYPE_CREATE(AMQP_VALUE_DATA);
    #####: 7079:    if (result == NULL)
        -: 7080:    {
    #####: 7081:        LogError("Cannot allocate memory for composite type");
        -: 7082:    }
        -: 7083:    else
        -: 7084:    {
    #####: 7085:        result->type = AMQP_TYPE_COMPOSITE;
    #####: 7086:        result->value.described_value.descriptor = amqpvalue_clone(descriptor);
    #####: 7087:        if (result->value.described_value.descriptor == NULL)
        -: 7088:        {
    #####: 7089:            LogError("Cannot clone descriptor for composite type");
    #####: 7090:            REFCOUNT_TYPE_DESTROY(AMQP_VALUE_DATA, result);
    #####: 7091:            result = NULL;
        -: 7092:        }
        -: 7093:        else
        -: 7094:        {
    #####: 7095:            result->value.described_value.value = amqpvalue_create_list();
    #####: 7096:            if (result->value.described_value.value == NULL)
        -: 7097:            {
    #####: 7098:                LogError("Cannot create list for composite type");
    #####: 7099:                amqpvalue_destroy(result->value.described_value.descriptor);
    #####: 7100:                REFCOUNT_TYPE_DESTROY(AMQP_VALUE_DATA, result);
    #####: 7101:                result = NULL;
        -: 7102:            }
        -: 7103:            else
        -: 7104:            {
    #####: 7105:                if (amqpvalue_set_list_item_count(result->value.described_value.value, list_size) != 0)
        -: 7106:                {
    #####: 7107:                    LogError("Cannot set list item count for composite type");
    #####: 7108:                    amqpvalue_destroy(result->value.described_value.descriptor);
    #####: 7109:                    amqpvalue_destroy(result->value.described_value.value);
    #####: 7110:                    REFCOUNT_TYPE_DESTROY(AMQP_VALUE_DATA, result);
    #####: 7111:                    result = NULL;
        -: 7112:                }
        -: 7113:            }
        -: 7114:        }
        -: 7115:    }
        -: 7116:
    #####: 7117:    return result;
        -: 7118:}
        -: 7119:
       18: 7120:AMQP_VALUE amqpvalue_create_composite_with_ulong_descriptor(uint64_t descriptor)
        -: 7121:{
       18: 7122:    AMQP_VALUE_DATA* result = (AMQP_VALUE_DATA*)REFCOUNT_TYPE_CREATE(AMQP_VALUE_DATA);
       18: 7123:    if (result == NULL)
        -: 7124:    {
    #####: 7125:        LogError("Cannot allocate memory for composite type");
        -: 7126:    }
        -: 7127:    else
        -: 7128:    {
       18: 7129:        AMQP_VALUE descriptor_ulong_value = amqpvalue_create_ulong(descriptor);
       18: 7130:        if (descriptor_ulong_value == NULL)
        -: 7131:        {
    #####: 7132:            LogError("Cannot create ulong descriptor for composite type");
    #####: 7133:            REFCOUNT_TYPE_DESTROY(AMQP_VALUE_DATA, result);
    #####: 7134:            result = NULL;
        -: 7135:        }
        -: 7136:        else
        -: 7137:        {
       18: 7138:            result->type = AMQP_TYPE_COMPOSITE;
       18: 7139:            result->value.described_value.descriptor = descriptor_ulong_value;
       18: 7140:            result->value.described_value.value = amqpvalue_create_list();
       18: 7141:            if (result->value.described_value.value == NULL)
        -: 7142:            {
    #####: 7143:                LogError("Cannot create list for composite type");
    #####: 7144:                amqpvalue_destroy(descriptor_ulong_value);
    #####: 7145:                REFCOUNT_TYPE_DESTROY(AMQP_VALUE_DATA, result);
    #####: 7146:                result = NULL;
        -: 7147:            }
        -: 7148:        }
        -: 7149:    }
        -: 7150:
       18: 7151:    return result;
        -: 7152:}
        -: 7153:
       18: 7154:int amqpvalue_set_composite_item(AMQP_VALUE value, uint32_t index, AMQP_VALUE item_value)
        -: 7155:{
        -: 7156:    int result;
        -: 7157:
       18: 7158:    if (value == NULL)
        -: 7159:    {
    #####: 7160:        LogError("NULL value");
    #####: 7161:        result = MU_FAILURE;
        -: 7162:    }
        -: 7163:    else
        -: 7164:    {
       18: 7165:        AMQP_VALUE_DATA* value_data = (AMQP_VALUE_DATA*)value;
      18*: 7166:        if ((value_data->type != AMQP_TYPE_COMPOSITE) &&
    #####: 7167:            (value_data->type != AMQP_TYPE_DESCRIBED))
        -: 7168:        {
    #####: 7169:            LogError("Attempt to set composite item on a non-composite type");
    #####: 7170:            result = MU_FAILURE;
        -: 7171:        }
        -: 7172:        else
        -: 7173:        {
       18: 7174:            if (amqpvalue_set_list_item(value_data->value.described_value.value, index, item_value) != 0)
        -: 7175:            {
    #####: 7176:                LogError("amqpvalue_set_list_item failed for composite item");
    #####: 7177:                result = MU_FAILURE;
        -: 7178:            }
        -: 7179:            else
        -: 7180:            {
       18: 7181:                result = 0;
        -: 7182:            }
        -: 7183:        }
        -: 7184:    }
        -: 7185:
       18: 7186:    return result;
        -: 7187:}
        -: 7188:
    #####: 7189:AMQP_VALUE amqpvalue_get_composite_item(AMQP_VALUE value, size_t index)
        -: 7190:{
        -: 7191:    AMQP_VALUE result;
        -: 7192:
    #####: 7193:    if (value == NULL)
        -: 7194:    {
    #####: 7195:        LogError("NULL value");
    #####: 7196:        result = NULL;
        -: 7197:    }
        -: 7198:    else
        -: 7199:    {
    #####: 7200:        AMQP_VALUE_DATA* value_data = (AMQP_VALUE_DATA*)value;
    #####: 7201:        if ((value_data->type != AMQP_TYPE_COMPOSITE) &&
    #####: 7202:            (value_data->type != AMQP_TYPE_DESCRIBED))
        -: 7203:        {
    #####: 7204:            LogError("Attempt to get composite item on a non-composite type");
    #####: 7205:            result = NULL;
        -: 7206:        }
        -: 7207:        else
        -: 7208:        {
    #####: 7209:            result = amqpvalue_get_list_item(value_data->value.described_value.value, index);
    #####: 7210:            if (result == NULL)
        -: 7211:            {
    #####: 7212:                LogError("amqpvalue_get_list_item failed for composite item");
        -: 7213:            }
        -: 7214:        }
        -: 7215:    }
        -: 7216:
    #####: 7217:    return result;
        -: 7218:}
        -: 7219:
    #####: 7220:AMQP_VALUE amqpvalue_get_composite_item_in_place(AMQP_VALUE value, size_t index)
        -: 7221:{
        -: 7222:    AMQP_VALUE result;
        -: 7223:
    #####: 7224:    if (value == NULL)
        -: 7225:    {
    #####: 7226:        LogError("NULL value");
    #####: 7227:        result = NULL;
        -: 7228:    }
        -: 7229:    else
        -: 7230:    {
    #####: 7231:        AMQP_VALUE_DATA* value_data = (AMQP_VALUE_DATA*)value;
    #####: 7232:        if ((value_data->type != AMQP_TYPE_COMPOSITE) &&
    #####: 7233:            (value_data->type != AMQP_TYPE_DESCRIBED))
        -: 7234:        {
    #####: 7235:            LogError("Attempt to get composite item in place on a non-composite type");
    #####: 7236:            result = NULL;
        -: 7237:        }
        -: 7238:        else
        -: 7239:        {
    #####: 7240:            result = amqpvalue_get_list_item_in_place(value_data->value.described_value.value, index);
    #####: 7241:            if (result == NULL)
        -: 7242:            {
    #####: 7243:                LogError("amqpvalue_get_list_item_in_place failed for composite item");
        -: 7244:            }
        -: 7245:        }
        -: 7246:    }
        -: 7247:
    #####: 7248:    return result;
        -: 7249:}
        -: 7250:
    #####: 7251:int amqpvalue_get_composite_item_count(AMQP_VALUE value, uint32_t* item_count)
        -: 7252:{
        -: 7253:    int result;
        -: 7254:
    #####: 7255:    if (value == NULL)
        -: 7256:    {
    #####: 7257:        LogError("NULL value");
    #####: 7258:        result = MU_FAILURE;
        -: 7259:    }
        -: 7260:    else
        -: 7261:    {
    #####: 7262:        AMQP_VALUE_DATA* value_data = (AMQP_VALUE_DATA*)value;
    #####: 7263:        if ((value_data->type != AMQP_TYPE_COMPOSITE) &&
    #####: 7264:            (value_data->type != AMQP_TYPE_DESCRIBED))
        -: 7265:        {
    #####: 7266:            LogError("Attempt to get composite item in place on a non-composite type");
    #####: 7267:            result = MU_FAILURE;
        -: 7268:        }
        -: 7269:        else
        -: 7270:        {
    #####: 7271:            if (amqpvalue_get_list_item_count(value_data->value.described_value.value, item_count) != 0)
        -: 7272:            {
    #####: 7273:                LogError("amqpvalue_get_list_item_in_place failed for composite item");
    #####: 7274:                result = MU_FAILURE;
        -: 7275:            }
        -: 7276:            else
        -: 7277:            {
    #####: 7278:                result = 0;
        -: 7279:            }
        -: 7280:        }
        -: 7281:    }
        -: 7282:
    #####: 7283:    return result;
        -: 7284:}
        -: 7285:
    #####: 7286:AMQP_VALUE amqpvalue_get_list_item_in_place(AMQP_VALUE value, size_t index)
        -: 7287:{
        -: 7288:    AMQP_VALUE result;
        -: 7289:
    #####: 7290:    if (value == NULL)
        -: 7291:    {
    #####: 7292:        LogError("NULL value");
    #####: 7293:        result = NULL;
        -: 7294:    }
        -: 7295:    else
        -: 7296:    {
    #####: 7297:        AMQP_VALUE_DATA* value_data = (AMQP_VALUE_DATA*)value;
        -: 7298:
    #####: 7299:        if ((value_data->type != AMQP_TYPE_LIST) ||
    #####: 7300:            (value_data->value.list_value.count <= index))
        -: 7301:        {
    #####: 7302:            LogError("Attempt to get list item in place on a non-list type");
    #####: 7303:            result = NULL;
        -: 7304:        }
        -: 7305:        else
        -: 7306:        {
    #####: 7307:            result = value_data->value.list_value.items[index];
        -: 7308:        }
        -: 7309:    }
        -: 7310:
    #####: 7311:    return result;
        -: 7312:}
