        -:    0:Source:/home/ryan/TARGETS/azure-uamqp-c/src/amqp_definitions.c
        -:    0:Programs:101
        -:    1:
        -:    2:
        -:    3:// Copyright (c) Microsoft. All rights reserved.
        -:    4:// Licensed under the MIT license. See LICENSE file in the project root for full license information.
        -:    5:
        -:    6:// This file is generated. DO NOT EDIT it manually.
        -:    7:// The generator that produces it is located at /uamqp_generator/uamqp_generator.sln
        -:    8:
        -:    9:#include <stdlib.h>
        -:   10:#include "azure_macro_utils/macro_utils.h"
        -:   11:#include "azure_c_shared_utility/gballoc.h"
        -:   12:#include "azure_uamqp_c/amqpvalue.h"
        -:   13:#include "azure_uamqp_c/amqp_definitions.h"
        -:   14:#include <stdlib.h>
        -:   15:#include <stdbool.h>
        -:   16:
        -:   17:/* role */
        -:   18:
    #####:   19:AMQP_VALUE amqpvalue_create_role(role value)
        -:   20:{
    #####:   21:    return amqpvalue_create_boolean(value);
        -:   22:}
        -:   23:
        -:   24:/* sender-settle-mode */
        -:   25:
    #####:   26:AMQP_VALUE amqpvalue_create_sender_settle_mode(sender_settle_mode value)
        -:   27:{
    #####:   28:    return amqpvalue_create_ubyte(value);
        -:   29:}
        -:   30:
        -:   31:/* receiver-settle-mode */
        -:   32:
    #####:   33:AMQP_VALUE amqpvalue_create_receiver_settle_mode(receiver_settle_mode value)
        -:   34:{
    #####:   35:    return amqpvalue_create_ubyte(value);
        -:   36:}
        -:   37:
        -:   38:/* handle */
        -:   39:
    #####:   40:AMQP_VALUE amqpvalue_create_handle(handle value)
        -:   41:{
    #####:   42:    return amqpvalue_create_uint(value);
        -:   43:}
        -:   44:
        -:   45:/* seconds */
        -:   46:
    #####:   47:AMQP_VALUE amqpvalue_create_seconds(seconds value)
        -:   48:{
    #####:   49:    return amqpvalue_create_uint(value);
        -:   50:}
        -:   51:
        -:   52:/* milliseconds */
        -:   53:
    #####:   54:AMQP_VALUE amqpvalue_create_milliseconds(milliseconds value)
        -:   55:{
    #####:   56:    return amqpvalue_create_uint(value);
        -:   57:}
        -:   58:
        -:   59:/* delivery-tag */
        -:   60:
    #####:   61:AMQP_VALUE amqpvalue_create_delivery_tag(delivery_tag value)
        -:   62:{
    #####:   63:    return amqpvalue_create_binary(value);
        -:   64:}
        -:   65:
        -:   66:/* sequence-no */
        -:   67:
    #####:   68:AMQP_VALUE amqpvalue_create_sequence_no(sequence_no value)
        -:   69:{
    #####:   70:    return amqpvalue_create_uint(value);
        -:   71:}
        -:   72:
        -:   73:/* delivery-number */
        -:   74:
    #####:   75:AMQP_VALUE amqpvalue_create_delivery_number(delivery_number value)
        -:   76:{
    #####:   77:    return amqpvalue_create_sequence_no(value);
        -:   78:}
        -:   79:
        -:   80:/* transfer-number */
        -:   81:
    #####:   82:AMQP_VALUE amqpvalue_create_transfer_number(transfer_number value)
        -:   83:{
    #####:   84:    return amqpvalue_create_sequence_no(value);
        -:   85:}
        -:   86:
        -:   87:/* message-format */
        -:   88:
    #####:   89:AMQP_VALUE amqpvalue_create_message_format(message_format value)
        -:   90:{
    #####:   91:    return amqpvalue_create_uint(value);
        -:   92:}
        -:   93:
        -:   94:/* ietf-language-tag */
        -:   95:
    #####:   96:AMQP_VALUE amqpvalue_create_ietf_language_tag(ietf_language_tag value)
        -:   97:{
    #####:   98:    return amqpvalue_create_symbol(value);
        -:   99:}
        -:  100:
        -:  101:/* fields */
        -:  102:
    #####:  103:AMQP_VALUE amqpvalue_create_fields(AMQP_VALUE value)
        -:  104:{
    #####:  105:    return amqpvalue_clone(value);
        -:  106:}
        -:  107:
        -:  108:/* error */
        -:  109:
        -:  110:typedef struct ERROR_INSTANCE_TAG
        -:  111:{
        -:  112:    AMQP_VALUE composite_value;
        -:  113:} ERROR_INSTANCE;
        -:  114:
    #####:  115:static ERROR_HANDLE error_create_internal(void)
        -:  116:{
    #####:  117:    ERROR_INSTANCE* error_instance = (ERROR_INSTANCE*)malloc(sizeof(ERROR_INSTANCE));
    #####:  118:    if (error_instance != NULL)
        -:  119:    {
    #####:  120:        error_instance->composite_value = NULL;
        -:  121:    }
        -:  122:
    #####:  123:    return error_instance;
        -:  124:}
        -:  125:
    #####:  126:ERROR_HANDLE error_create(const char* condition_value)
        -:  127:{
    #####:  128:    ERROR_INSTANCE* error_instance = (ERROR_INSTANCE*)malloc(sizeof(ERROR_INSTANCE));
    #####:  129:    if (error_instance != NULL)
        -:  130:    {
    #####:  131:        error_instance->composite_value = amqpvalue_create_composite_with_ulong_descriptor(29);
    #####:  132:        if (error_instance->composite_value == NULL)
        -:  133:        {
    #####:  134:            free(error_instance);
    #####:  135:            error_instance = NULL;
        -:  136:        }
        -:  137:        else
        -:  138:        {
        -:  139:            AMQP_VALUE condition_amqp_value;
    #####:  140:            int result = 0;
        -:  141:
    #####:  142:            condition_amqp_value = amqpvalue_create_symbol(condition_value);
    #####:  143:            if ((result == 0) && (amqpvalue_set_composite_item(error_instance->composite_value, 0, condition_amqp_value) != 0))
        -:  144:            {
    #####:  145:                result = MU_FAILURE;
        -:  146:            }
        -:  147:
    #####:  148:            amqpvalue_destroy(condition_amqp_value);
        -:  149:        }
        -:  150:    }
        -:  151:
    #####:  152:    return error_instance;
        -:  153:}
        -:  154:
    #####:  155:ERROR_HANDLE error_clone(ERROR_HANDLE value)
        -:  156:{
    #####:  157:    ERROR_INSTANCE* error_instance = (ERROR_INSTANCE*)malloc(sizeof(ERROR_INSTANCE));
    #####:  158:    if (error_instance != NULL)
        -:  159:    {
    #####:  160:        error_instance->composite_value = amqpvalue_clone(((ERROR_INSTANCE*)value)->composite_value);
    #####:  161:        if (error_instance->composite_value == NULL)
        -:  162:        {
    #####:  163:            free(error_instance);
    #####:  164:            error_instance = NULL;
        -:  165:        }
        -:  166:    }
        -:  167:
    #####:  168:    return error_instance;
        -:  169:}
        -:  170:
    #####:  171:void error_destroy(ERROR_HANDLE error)
        -:  172:{
    #####:  173:    if (error != NULL)
        -:  174:    {
    #####:  175:        ERROR_INSTANCE* error_instance = (ERROR_INSTANCE*)error;
    #####:  176:        amqpvalue_destroy(error_instance->composite_value);
    #####:  177:        free(error_instance);
        -:  178:    }
    #####:  179:}
        -:  180:
    #####:  181:AMQP_VALUE amqpvalue_create_error(ERROR_HANDLE error)
        -:  182:{
        -:  183:    AMQP_VALUE result;
        -:  184:
    #####:  185:    if (error == NULL)
        -:  186:    {
    #####:  187:        result = NULL;
        -:  188:    }
        -:  189:    else
        -:  190:    {
    #####:  191:        ERROR_INSTANCE* error_instance = (ERROR_INSTANCE*)error;
    #####:  192:        result = amqpvalue_clone(error_instance->composite_value);
        -:  193:    }
        -:  194:
    #####:  195:    return result;
        -:  196:}
        -:  197:
    #####:  198:bool is_error_type_by_descriptor(AMQP_VALUE descriptor)
        -:  199:{
        -:  200:    bool result;
        -:  201:
        -:  202:    uint64_t descriptor_ulong;
    #####:  203:    if ((amqpvalue_get_ulong(descriptor, &descriptor_ulong) == 0) &&
    #####:  204:        (descriptor_ulong == 29))
        -:  205:    {
    #####:  206:        result = true;
        -:  207:    }
        -:  208:    else
        -:  209:    {
    #####:  210:        result = false;
        -:  211:    }
        -:  212:
    #####:  213:    return result;
        -:  214:}
        -:  215:
        -:  216:
    #####:  217:int amqpvalue_get_error(AMQP_VALUE value, ERROR_HANDLE* error_handle)
        -:  218:{
        -:  219:    int result;
    #####:  220:    ERROR_INSTANCE* error_instance = (ERROR_INSTANCE*)error_create_internal();
    #####:  221:    *error_handle = error_instance;
    #####:  222:    if (*error_handle == NULL)
        -:  223:    {
    #####:  224:        result = MU_FAILURE;
        -:  225:    }
        -:  226:    else
        -:  227:    {
    #####:  228:        AMQP_VALUE list_value = amqpvalue_get_inplace_described_value(value);
    #####:  229:        if (list_value == NULL)
        -:  230:        {
    #####:  231:            error_destroy(*error_handle);
    #####:  232:            result = MU_FAILURE;
        -:  233:        }
        -:  234:        else
        -:  235:        {
        -:  236:            uint32_t list_item_count;
    #####:  237:            if (amqpvalue_get_list_item_count(list_value, &list_item_count) != 0)
        -:  238:            {
    #####:  239:                result = MU_FAILURE;
        -:  240:            }
        -:  241:            else
        -:  242:            {
        -:  243:                do
        -:  244:                {
        -:  245:                    AMQP_VALUE item_value;
        -:  246:                    /* condition */
    #####:  247:                    if (list_item_count > 0)
        -:  248:                    {
    #####:  249:                        item_value = amqpvalue_get_list_item(list_value, 0);
    #####:  250:                        if (item_value == NULL)
        -:  251:                        {
        -:  252:                            {
    #####:  253:                                error_destroy(*error_handle);
    #####:  254:                                result = MU_FAILURE;
    #####:  255:                                break;
        -:  256:                            }
        -:  257:                        }
        -:  258:                        else
        -:  259:                        {
    #####:  260:                            if (amqpvalue_get_type(item_value) == AMQP_TYPE_NULL)
        -:  261:                            {
    #####:  262:                                amqpvalue_destroy(item_value);
    #####:  263:                                error_destroy(*error_handle);
    #####:  264:                                result = MU_FAILURE;
    #####:  265:                                break;
        -:  266:                            }
        -:  267:                            else
        -:  268:                            {
        -:  269:                                const char* condition;
    #####:  270:                                if (amqpvalue_get_symbol(item_value, &condition) != 0)
        -:  271:                                {
    #####:  272:                                    amqpvalue_destroy(item_value);
    #####:  273:                                    error_destroy(*error_handle);
    #####:  274:                                    result = MU_FAILURE;
    #####:  275:                                    break;
        -:  276:                                }
        -:  277:                            }
        -:  278:
    #####:  279:                            amqpvalue_destroy(item_value);
        -:  280:                        }
        -:  281:                    }
        -:  282:                    else
        -:  283:                    {
    #####:  284:                        result = MU_FAILURE;
        -:  285:                    }
        -:  286:                    /* description */
    #####:  287:                    if (list_item_count > 1)
        -:  288:                    {
    #####:  289:                        item_value = amqpvalue_get_list_item(list_value, 1);
    #####:  290:                        if (item_value == NULL)
        -:  291:                        {
        -:  292:                            /* do nothing */
        -:  293:                        }
        -:  294:                        else
        -:  295:                        {
    #####:  296:                            if (amqpvalue_get_type(item_value) == AMQP_TYPE_NULL)
        -:  297:                            {
        -:  298:                                /* no error, field is not mandatory */
        -:  299:                            }
        -:  300:                            else
        -:  301:                            {
        -:  302:                                const char* description;
    #####:  303:                                if (amqpvalue_get_string(item_value, &description) != 0)
        -:  304:                                {
    #####:  305:                                    amqpvalue_destroy(item_value);
    #####:  306:                                    error_destroy(*error_handle);
    #####:  307:                                    result = MU_FAILURE;
    #####:  308:                                    break;
        -:  309:                                }
        -:  310:                            }
        -:  311:
    #####:  312:                            amqpvalue_destroy(item_value);
        -:  313:                        }
        -:  314:                    }
        -:  315:                    /* info */
    #####:  316:                    if (list_item_count > 2)
        -:  317:                    {
    #####:  318:                        item_value = amqpvalue_get_list_item(list_value, 2);
    #####:  319:                        if (item_value == NULL)
        -:  320:                        {
        -:  321:                            /* do nothing */
        -:  322:                        }
        -:  323:                        else
        -:  324:                        {
    #####:  325:                            if (amqpvalue_get_type(item_value) == AMQP_TYPE_NULL)
        -:  326:                            {
        -:  327:                                /* no error, field is not mandatory */
        -:  328:                            }
        -:  329:                            else
        -:  330:                            {
        -:  331:                                fields info;
    #####:  332:                                if (amqpvalue_get_fields(item_value, &info) != 0)
        -:  333:                                {
    #####:  334:                                    amqpvalue_destroy(item_value);
    #####:  335:                                    error_destroy(*error_handle);
    #####:  336:                                    result = MU_FAILURE;
    #####:  337:                                    break;
        -:  338:                                }
        -:  339:                            }
        -:  340:
    #####:  341:                            amqpvalue_destroy(item_value);
        -:  342:                        }
        -:  343:                    }
        -:  344:
    #####:  345:                    error_instance->composite_value = amqpvalue_clone(value);
        -:  346:
    #####:  347:                    result = 0;
        -:  348:                } while((void)0,0);
        -:  349:            }
        -:  350:        }
        -:  351:    }
        -:  352:
    #####:  353:    return result;
        -:  354:}
        -:  355:
    #####:  356:int error_get_condition(ERROR_HANDLE error, const char** condition_value)
        -:  357:{
        -:  358:    int result;
        -:  359:
    #####:  360:    if (error == NULL)
        -:  361:    {
    #####:  362:        result = MU_FAILURE;
        -:  363:    }
        -:  364:    else
        -:  365:    {
        -:  366:        uint32_t item_count;
    #####:  367:        ERROR_INSTANCE* error_instance = (ERROR_INSTANCE*)error;
    #####:  368:        if (amqpvalue_get_composite_item_count(error_instance->composite_value, &item_count) != 0)
        -:  369:        {
    #####:  370:            result = MU_FAILURE;
        -:  371:        }
        -:  372:        else
        -:  373:        {
    #####:  374:            if (item_count <= 0)
        -:  375:            {
    #####:  376:                result = MU_FAILURE;
        -:  377:            }
        -:  378:            else
        -:  379:            {
    #####:  380:                AMQP_VALUE item_value = amqpvalue_get_composite_item_in_place(error_instance->composite_value, 0);
    #####:  381:                if ((item_value == NULL) ||
    #####:  382:                    (amqpvalue_get_type(item_value) == AMQP_TYPE_NULL))
        -:  383:                {
    #####:  384:                    result = MU_FAILURE;
        -:  385:                }
        -:  386:                else
        -:  387:                {
    #####:  388:                    int get_single_value_result = amqpvalue_get_symbol(item_value, condition_value);
    #####:  389:                    if (get_single_value_result != 0)
        -:  390:                    {
    #####:  391:                        result = MU_FAILURE;
        -:  392:                    }
        -:  393:                    else
        -:  394:                    {
    #####:  395:                        result = 0;
        -:  396:                    }
        -:  397:                }
        -:  398:            }
        -:  399:        }
        -:  400:    }
        -:  401:
    #####:  402:    return result;
        -:  403:}
        -:  404:
    #####:  405:int error_set_condition(ERROR_HANDLE error, const char* condition_value)
        -:  406:{
        -:  407:    int result;
        -:  408:
    #####:  409:    if (error == NULL)
        -:  410:    {
    #####:  411:        result = MU_FAILURE;
        -:  412:    }
        -:  413:    else
        -:  414:    {
    #####:  415:        ERROR_INSTANCE* error_instance = (ERROR_INSTANCE*)error;
    #####:  416:        AMQP_VALUE condition_amqp_value = amqpvalue_create_symbol(condition_value);
    #####:  417:        if (condition_amqp_value == NULL)
        -:  418:        {
    #####:  419:            result = MU_FAILURE;
        -:  420:        }
        -:  421:        else
        -:  422:        {
    #####:  423:            if (amqpvalue_set_composite_item(error_instance->composite_value, 0, condition_amqp_value) != 0)
        -:  424:            {
    #####:  425:                result = MU_FAILURE;
        -:  426:            }
        -:  427:            else
        -:  428:            {
    #####:  429:                result = 0;
        -:  430:            }
        -:  431:
    #####:  432:            amqpvalue_destroy(condition_amqp_value);
        -:  433:        }
        -:  434:    }
        -:  435:
    #####:  436:    return result;
        -:  437:}
        -:  438:
    #####:  439:int error_get_description(ERROR_HANDLE error, const char** description_value)
        -:  440:{
        -:  441:    int result;
        -:  442:
    #####:  443:    if (error == NULL)
        -:  444:    {
    #####:  445:        result = MU_FAILURE;
        -:  446:    }
        -:  447:    else
        -:  448:    {
        -:  449:        uint32_t item_count;
    #####:  450:        ERROR_INSTANCE* error_instance = (ERROR_INSTANCE*)error;
    #####:  451:        if (amqpvalue_get_composite_item_count(error_instance->composite_value, &item_count) != 0)
        -:  452:        {
    #####:  453:            result = MU_FAILURE;
        -:  454:        }
        -:  455:        else
        -:  456:        {
    #####:  457:            if (item_count <= 1)
        -:  458:            {
    #####:  459:                result = MU_FAILURE;
        -:  460:            }
        -:  461:            else
        -:  462:            {
    #####:  463:                AMQP_VALUE item_value = amqpvalue_get_composite_item_in_place(error_instance->composite_value, 1);
    #####:  464:                if ((item_value == NULL) ||
    #####:  465:                    (amqpvalue_get_type(item_value) == AMQP_TYPE_NULL))
        -:  466:                {
    #####:  467:                    result = MU_FAILURE;
        -:  468:                }
        -:  469:                else
        -:  470:                {
    #####:  471:                    int get_single_value_result = amqpvalue_get_string(item_value, description_value);
    #####:  472:                    if (get_single_value_result != 0)
        -:  473:                    {
    #####:  474:                        result = MU_FAILURE;
        -:  475:                    }
        -:  476:                    else
        -:  477:                    {
    #####:  478:                        result = 0;
        -:  479:                    }
        -:  480:                }
        -:  481:            }
        -:  482:        }
        -:  483:    }
        -:  484:
    #####:  485:    return result;
        -:  486:}
        -:  487:
    #####:  488:int error_set_description(ERROR_HANDLE error, const char* description_value)
        -:  489:{
        -:  490:    int result;
        -:  491:
    #####:  492:    if (error == NULL)
        -:  493:    {
    #####:  494:        result = MU_FAILURE;
        -:  495:    }
        -:  496:    else
        -:  497:    {
    #####:  498:        ERROR_INSTANCE* error_instance = (ERROR_INSTANCE*)error;
    #####:  499:        AMQP_VALUE description_amqp_value = amqpvalue_create_string(description_value);
    #####:  500:        if (description_amqp_value == NULL)
        -:  501:        {
    #####:  502:            result = MU_FAILURE;
        -:  503:        }
        -:  504:        else
        -:  505:        {
    #####:  506:            if (amqpvalue_set_composite_item(error_instance->composite_value, 1, description_amqp_value) != 0)
        -:  507:            {
    #####:  508:                result = MU_FAILURE;
        -:  509:            }
        -:  510:            else
        -:  511:            {
    #####:  512:                result = 0;
        -:  513:            }
        -:  514:
    #####:  515:            amqpvalue_destroy(description_amqp_value);
        -:  516:        }
        -:  517:    }
        -:  518:
    #####:  519:    return result;
        -:  520:}
        -:  521:
    #####:  522:int error_get_info(ERROR_HANDLE error, fields* info_value)
        -:  523:{
        -:  524:    int result;
        -:  525:
    #####:  526:    if (error == NULL)
        -:  527:    {
    #####:  528:        result = MU_FAILURE;
        -:  529:    }
        -:  530:    else
        -:  531:    {
        -:  532:        uint32_t item_count;
    #####:  533:        ERROR_INSTANCE* error_instance = (ERROR_INSTANCE*)error;
    #####:  534:        if (amqpvalue_get_composite_item_count(error_instance->composite_value, &item_count) != 0)
        -:  535:        {
    #####:  536:            result = MU_FAILURE;
        -:  537:        }
        -:  538:        else
        -:  539:        {
    #####:  540:            if (item_count <= 2)
        -:  541:            {
    #####:  542:                result = MU_FAILURE;
        -:  543:            }
        -:  544:            else
        -:  545:            {
    #####:  546:                AMQP_VALUE item_value = amqpvalue_get_composite_item_in_place(error_instance->composite_value, 2);
    #####:  547:                if ((item_value == NULL) ||
    #####:  548:                    (amqpvalue_get_type(item_value) == AMQP_TYPE_NULL))
        -:  549:                {
    #####:  550:                    result = MU_FAILURE;
        -:  551:                }
        -:  552:                else
        -:  553:                {
    #####:  554:                    int get_single_value_result = amqpvalue_get_fields(item_value, info_value);
    #####:  555:                    if (get_single_value_result != 0)
        -:  556:                    {
    #####:  557:                        result = MU_FAILURE;
        -:  558:                    }
        -:  559:                    else
        -:  560:                    {
    #####:  561:                        result = 0;
        -:  562:                    }
        -:  563:                }
        -:  564:            }
        -:  565:        }
        -:  566:    }
        -:  567:
    #####:  568:    return result;
        -:  569:}
        -:  570:
    #####:  571:int error_set_info(ERROR_HANDLE error, fields info_value)
        -:  572:{
        -:  573:    int result;
        -:  574:
    #####:  575:    if (error == NULL)
        -:  576:    {
    #####:  577:        result = MU_FAILURE;
        -:  578:    }
        -:  579:    else
        -:  580:    {
    #####:  581:        ERROR_INSTANCE* error_instance = (ERROR_INSTANCE*)error;
    #####:  582:        AMQP_VALUE info_amqp_value = amqpvalue_create_fields(info_value);
    #####:  583:        if (info_amqp_value == NULL)
        -:  584:        {
    #####:  585:            result = MU_FAILURE;
        -:  586:        }
        -:  587:        else
        -:  588:        {
    #####:  589:            if (amqpvalue_set_composite_item(error_instance->composite_value, 2, info_amqp_value) != 0)
        -:  590:            {
    #####:  591:                result = MU_FAILURE;
        -:  592:            }
        -:  593:            else
        -:  594:            {
    #####:  595:                result = 0;
        -:  596:            }
        -:  597:
    #####:  598:            amqpvalue_destroy(info_amqp_value);
        -:  599:        }
        -:  600:    }
        -:  601:
    #####:  602:    return result;
        -:  603:}
        -:  604:
        -:  605:
        -:  606:/* amqp-error */
        -:  607:
    #####:  608:AMQP_VALUE amqpvalue_create_amqp_error(amqp_error value)
        -:  609:{
    #####:  610:    return amqpvalue_create_symbol(value);
        -:  611:}
        -:  612:
        -:  613:/* connection-error */
        -:  614:
    #####:  615:AMQP_VALUE amqpvalue_create_connection_error(connection_error value)
        -:  616:{
    #####:  617:    return amqpvalue_create_symbol(value);
        -:  618:}
        -:  619:
        -:  620:/* session-error */
        -:  621:
    #####:  622:AMQP_VALUE amqpvalue_create_session_error(session_error value)
        -:  623:{
    #####:  624:    return amqpvalue_create_symbol(value);
        -:  625:}
        -:  626:
        -:  627:/* link-error */
        -:  628:
    #####:  629:AMQP_VALUE amqpvalue_create_link_error(link_error value)
        -:  630:{
    #####:  631:    return amqpvalue_create_symbol(value);
        -:  632:}
        -:  633:
        -:  634:/* open */
        -:  635:
        -:  636:typedef struct OPEN_INSTANCE_TAG
        -:  637:{
        -:  638:    AMQP_VALUE composite_value;
        -:  639:} OPEN_INSTANCE;
        -:  640:
    #####:  641:static OPEN_HANDLE open_create_internal(void)
        -:  642:{
    #####:  643:    OPEN_INSTANCE* open_instance = (OPEN_INSTANCE*)malloc(sizeof(OPEN_INSTANCE));
    #####:  644:    if (open_instance != NULL)
        -:  645:    {
    #####:  646:        open_instance->composite_value = NULL;
        -:  647:    }
        -:  648:
    #####:  649:    return open_instance;
        -:  650:}
        -:  651:
    #####:  652:OPEN_HANDLE open_create(const char* container_id_value)
        -:  653:{
    #####:  654:    OPEN_INSTANCE* open_instance = (OPEN_INSTANCE*)malloc(sizeof(OPEN_INSTANCE));
    #####:  655:    if (open_instance != NULL)
        -:  656:    {
    #####:  657:        open_instance->composite_value = amqpvalue_create_composite_with_ulong_descriptor(16);
    #####:  658:        if (open_instance->composite_value == NULL)
        -:  659:        {
    #####:  660:            free(open_instance);
    #####:  661:            open_instance = NULL;
        -:  662:        }
        -:  663:        else
        -:  664:        {
        -:  665:            AMQP_VALUE container_id_amqp_value;
    #####:  666:            int result = 0;
        -:  667:
    #####:  668:            container_id_amqp_value = amqpvalue_create_string(container_id_value);
    #####:  669:            if ((result == 0) && (amqpvalue_set_composite_item(open_instance->composite_value, 0, container_id_amqp_value) != 0))
        -:  670:            {
    #####:  671:                result = MU_FAILURE;
        -:  672:            }
        -:  673:
    #####:  674:            amqpvalue_destroy(container_id_amqp_value);
        -:  675:        }
        -:  676:    }
        -:  677:
    #####:  678:    return open_instance;
        -:  679:}
        -:  680:
    #####:  681:OPEN_HANDLE open_clone(OPEN_HANDLE value)
        -:  682:{
    #####:  683:    OPEN_INSTANCE* open_instance = (OPEN_INSTANCE*)malloc(sizeof(OPEN_INSTANCE));
    #####:  684:    if (open_instance != NULL)
        -:  685:    {
    #####:  686:        open_instance->composite_value = amqpvalue_clone(((OPEN_INSTANCE*)value)->composite_value);
    #####:  687:        if (open_instance->composite_value == NULL)
        -:  688:        {
    #####:  689:            free(open_instance);
    #####:  690:            open_instance = NULL;
        -:  691:        }
        -:  692:    }
        -:  693:
    #####:  694:    return open_instance;
        -:  695:}
        -:  696:
    #####:  697:void open_destroy(OPEN_HANDLE open)
        -:  698:{
    #####:  699:    if (open != NULL)
        -:  700:    {
    #####:  701:        OPEN_INSTANCE* open_instance = (OPEN_INSTANCE*)open;
    #####:  702:        amqpvalue_destroy(open_instance->composite_value);
    #####:  703:        free(open_instance);
        -:  704:    }
    #####:  705:}
        -:  706:
    #####:  707:AMQP_VALUE amqpvalue_create_open(OPEN_HANDLE open)
        -:  708:{
        -:  709:    AMQP_VALUE result;
        -:  710:
    #####:  711:    if (open == NULL)
        -:  712:    {
    #####:  713:        result = NULL;
        -:  714:    }
        -:  715:    else
        -:  716:    {
    #####:  717:        OPEN_INSTANCE* open_instance = (OPEN_INSTANCE*)open;
    #####:  718:        result = amqpvalue_clone(open_instance->composite_value);
        -:  719:    }
        -:  720:
    #####:  721:    return result;
        -:  722:}
        -:  723:
    #####:  724:bool is_open_type_by_descriptor(AMQP_VALUE descriptor)
        -:  725:{
        -:  726:    bool result;
        -:  727:
        -:  728:    uint64_t descriptor_ulong;
    #####:  729:    if ((amqpvalue_get_ulong(descriptor, &descriptor_ulong) == 0) &&
    #####:  730:        (descriptor_ulong == 16))
        -:  731:    {
    #####:  732:        result = true;
        -:  733:    }
        -:  734:    else
        -:  735:    {
    #####:  736:        result = false;
        -:  737:    }
        -:  738:
    #####:  739:    return result;
        -:  740:}
        -:  741:
        -:  742:
    #####:  743:int amqpvalue_get_open(AMQP_VALUE value, OPEN_HANDLE* open_handle)
        -:  744:{
        -:  745:    int result;
    #####:  746:    OPEN_INSTANCE* open_instance = (OPEN_INSTANCE*)open_create_internal();
    #####:  747:    *open_handle = open_instance;
    #####:  748:    if (*open_handle == NULL)
        -:  749:    {
    #####:  750:        result = MU_FAILURE;
        -:  751:    }
        -:  752:    else
        -:  753:    {
    #####:  754:        AMQP_VALUE list_value = amqpvalue_get_inplace_described_value(value);
    #####:  755:        if (list_value == NULL)
        -:  756:        {
    #####:  757:            open_destroy(*open_handle);
    #####:  758:            result = MU_FAILURE;
        -:  759:        }
        -:  760:        else
        -:  761:        {
        -:  762:            uint32_t list_item_count;
    #####:  763:            if (amqpvalue_get_list_item_count(list_value, &list_item_count) != 0)
        -:  764:            {
    #####:  765:                result = MU_FAILURE;
        -:  766:            }
        -:  767:            else
        -:  768:            {
        -:  769:                do
        -:  770:                {
        -:  771:                    AMQP_VALUE item_value;
        -:  772:                    /* container-id */
    #####:  773:                    if (list_item_count > 0)
        -:  774:                    {
    #####:  775:                        item_value = amqpvalue_get_list_item(list_value, 0);
    #####:  776:                        if (item_value == NULL)
        -:  777:                        {
        -:  778:                            {
    #####:  779:                                open_destroy(*open_handle);
    #####:  780:                                result = MU_FAILURE;
    #####:  781:                                break;
        -:  782:                            }
        -:  783:                        }
        -:  784:                        else
        -:  785:                        {
    #####:  786:                            if (amqpvalue_get_type(item_value) == AMQP_TYPE_NULL)
        -:  787:                            {
    #####:  788:                                amqpvalue_destroy(item_value);
    #####:  789:                                open_destroy(*open_handle);
    #####:  790:                                result = MU_FAILURE;
    #####:  791:                                break;
        -:  792:                            }
        -:  793:                            else
        -:  794:                            {
        -:  795:                                const char* container_id;
    #####:  796:                                if (amqpvalue_get_string(item_value, &container_id) != 0)
        -:  797:                                {
    #####:  798:                                    amqpvalue_destroy(item_value);
    #####:  799:                                    open_destroy(*open_handle);
    #####:  800:                                    result = MU_FAILURE;
    #####:  801:                                    break;
        -:  802:                                }
        -:  803:                            }
        -:  804:
    #####:  805:                            amqpvalue_destroy(item_value);
        -:  806:                        }
        -:  807:                    }
        -:  808:                    else
        -:  809:                    {
    #####:  810:                        result = MU_FAILURE;
        -:  811:                    }
        -:  812:                    /* hostname */
    #####:  813:                    if (list_item_count > 1)
        -:  814:                    {
    #####:  815:                        item_value = amqpvalue_get_list_item(list_value, 1);
    #####:  816:                        if (item_value == NULL)
        -:  817:                        {
        -:  818:                            /* do nothing */
        -:  819:                        }
        -:  820:                        else
        -:  821:                        {
    #####:  822:                            if (amqpvalue_get_type(item_value) == AMQP_TYPE_NULL)
        -:  823:                            {
        -:  824:                                /* no error, field is not mandatory */
        -:  825:                            }
        -:  826:                            else
        -:  827:                            {
        -:  828:                                const char* hostname;
    #####:  829:                                if (amqpvalue_get_string(item_value, &hostname) != 0)
        -:  830:                                {
    #####:  831:                                    amqpvalue_destroy(item_value);
    #####:  832:                                    open_destroy(*open_handle);
    #####:  833:                                    result = MU_FAILURE;
    #####:  834:                                    break;
        -:  835:                                }
        -:  836:                            }
        -:  837:
    #####:  838:                            amqpvalue_destroy(item_value);
        -:  839:                        }
        -:  840:                    }
        -:  841:                    /* max-frame-size */
    #####:  842:                    if (list_item_count > 2)
        -:  843:                    {
    #####:  844:                        item_value = amqpvalue_get_list_item(list_value, 2);
    #####:  845:                        if (item_value == NULL)
        -:  846:                        {
        -:  847:                            /* do nothing */
        -:  848:                        }
        -:  849:                        else
        -:  850:                        {
    #####:  851:                            if (amqpvalue_get_type(item_value) == AMQP_TYPE_NULL)
        -:  852:                            {
        -:  853:                                /* no error, field is not mandatory */
        -:  854:                            }
        -:  855:                            else
        -:  856:                            {
        -:  857:                                uint32_t max_frame_size;
    #####:  858:                                if (amqpvalue_get_uint(item_value, &max_frame_size) != 0)
        -:  859:                                {
    #####:  860:                                    amqpvalue_destroy(item_value);
    #####:  861:                                    open_destroy(*open_handle);
    #####:  862:                                    result = MU_FAILURE;
    #####:  863:                                    break;
        -:  864:                                }
        -:  865:                            }
        -:  866:
    #####:  867:                            amqpvalue_destroy(item_value);
        -:  868:                        }
        -:  869:                    }
        -:  870:                    /* channel-max */
    #####:  871:                    if (list_item_count > 3)
        -:  872:                    {
    #####:  873:                        item_value = amqpvalue_get_list_item(list_value, 3);
    #####:  874:                        if (item_value == NULL)
        -:  875:                        {
        -:  876:                            /* do nothing */
        -:  877:                        }
        -:  878:                        else
        -:  879:                        {
    #####:  880:                            if (amqpvalue_get_type(item_value) == AMQP_TYPE_NULL)
        -:  881:                            {
        -:  882:                                /* no error, field is not mandatory */
        -:  883:                            }
        -:  884:                            else
        -:  885:                            {
        -:  886:                                uint16_t channel_max;
    #####:  887:                                if (amqpvalue_get_ushort(item_value, &channel_max) != 0)
        -:  888:                                {
    #####:  889:                                    amqpvalue_destroy(item_value);
    #####:  890:                                    open_destroy(*open_handle);
    #####:  891:                                    result = MU_FAILURE;
    #####:  892:                                    break;
        -:  893:                                }
        -:  894:                            }
        -:  895:
    #####:  896:                            amqpvalue_destroy(item_value);
        -:  897:                        }
        -:  898:                    }
        -:  899:                    /* idle-time-out */
    #####:  900:                    if (list_item_count > 4)
        -:  901:                    {
    #####:  902:                        item_value = amqpvalue_get_list_item(list_value, 4);
    #####:  903:                        if (item_value == NULL)
        -:  904:                        {
        -:  905:                            /* do nothing */
        -:  906:                        }
        -:  907:                        else
        -:  908:                        {
    #####:  909:                            if (amqpvalue_get_type(item_value) == AMQP_TYPE_NULL)
        -:  910:                            {
        -:  911:                                /* no error, field is not mandatory */
        -:  912:                            }
        -:  913:                            else
        -:  914:                            {
        -:  915:                                milliseconds idle_time_out;
    #####:  916:                                if (amqpvalue_get_milliseconds(item_value, &idle_time_out) != 0)
        -:  917:                                {
    #####:  918:                                    amqpvalue_destroy(item_value);
    #####:  919:                                    open_destroy(*open_handle);
    #####:  920:                                    result = MU_FAILURE;
    #####:  921:                                    break;
        -:  922:                                }
        -:  923:                            }
        -:  924:
    #####:  925:                            amqpvalue_destroy(item_value);
        -:  926:                        }
        -:  927:                    }
        -:  928:                    /* outgoing-locales */
    #####:  929:                    if (list_item_count > 5)
        -:  930:                    {
    #####:  931:                        item_value = amqpvalue_get_list_item(list_value, 5);
    #####:  932:                        if (item_value == NULL)
        -:  933:                        {
        -:  934:                            /* do nothing */
        -:  935:                        }
        -:  936:                        else
        -:  937:                        {
    #####:  938:                            if (amqpvalue_get_type(item_value) == AMQP_TYPE_NULL)
        -:  939:                            {
        -:  940:                                /* no error, field is not mandatory */
        -:  941:                            }
        -:  942:                            else
        -:  943:                            {
    #####:  944:                                ietf_language_tag outgoing_locales = NULL;
        -:  945:                                AMQP_VALUE outgoing_locales_array;
    #####:  946:                                if (((amqpvalue_get_type(item_value) != AMQP_TYPE_ARRAY) || (amqpvalue_get_array(item_value, &outgoing_locales_array) != 0)) &&
    #####:  947:                                    (amqpvalue_get_ietf_language_tag(item_value, &outgoing_locales) != 0))
        -:  948:                                {
    #####:  949:                                    amqpvalue_destroy(item_value);
    #####:  950:                                    open_destroy(*open_handle);
    #####:  951:                                    result = MU_FAILURE;
    #####:  952:                                    break;
        -:  953:                                }
        -:  954:                            }
        -:  955:
    #####:  956:                            amqpvalue_destroy(item_value);
        -:  957:                        }
        -:  958:                    }
        -:  959:                    /* incoming-locales */
    #####:  960:                    if (list_item_count > 6)
        -:  961:                    {
    #####:  962:                        item_value = amqpvalue_get_list_item(list_value, 6);
    #####:  963:                        if (item_value == NULL)
        -:  964:                        {
        -:  965:                            /* do nothing */
        -:  966:                        }
        -:  967:                        else
        -:  968:                        {
    #####:  969:                            if (amqpvalue_get_type(item_value) == AMQP_TYPE_NULL)
        -:  970:                            {
        -:  971:                                /* no error, field is not mandatory */
        -:  972:                            }
        -:  973:                            else
        -:  974:                            {
    #####:  975:                                ietf_language_tag incoming_locales = NULL;
        -:  976:                                AMQP_VALUE incoming_locales_array;
    #####:  977:                                if (((amqpvalue_get_type(item_value) != AMQP_TYPE_ARRAY) || (amqpvalue_get_array(item_value, &incoming_locales_array) != 0)) &&
    #####:  978:                                    (amqpvalue_get_ietf_language_tag(item_value, &incoming_locales) != 0))
        -:  979:                                {
    #####:  980:                                    amqpvalue_destroy(item_value);
    #####:  981:                                    open_destroy(*open_handle);
    #####:  982:                                    result = MU_FAILURE;
    #####:  983:                                    break;
        -:  984:                                }
        -:  985:                            }
        -:  986:
    #####:  987:                            amqpvalue_destroy(item_value);
        -:  988:                        }
        -:  989:                    }
        -:  990:                    /* offered-capabilities */
    #####:  991:                    if (list_item_count > 7)
        -:  992:                    {
    #####:  993:                        item_value = amqpvalue_get_list_item(list_value, 7);
    #####:  994:                        if (item_value == NULL)
        -:  995:                        {
        -:  996:                            /* do nothing */
        -:  997:                        }
        -:  998:                        else
        -:  999:                        {
    #####: 1000:                            if (amqpvalue_get_type(item_value) == AMQP_TYPE_NULL)
        -: 1001:                            {
        -: 1002:                                /* no error, field is not mandatory */
        -: 1003:                            }
        -: 1004:                            else
        -: 1005:                            {
    #####: 1006:                                const char* offered_capabilities = NULL;
        -: 1007:                                AMQP_VALUE offered_capabilities_array;
    #####: 1008:                                if (((amqpvalue_get_type(item_value) != AMQP_TYPE_ARRAY) || (amqpvalue_get_array(item_value, &offered_capabilities_array) != 0)) &&
    #####: 1009:                                    (amqpvalue_get_symbol(item_value, &offered_capabilities) != 0))
        -: 1010:                                {
    #####: 1011:                                    amqpvalue_destroy(item_value);
    #####: 1012:                                    open_destroy(*open_handle);
    #####: 1013:                                    result = MU_FAILURE;
    #####: 1014:                                    break;
        -: 1015:                                }
        -: 1016:                            }
        -: 1017:
    #####: 1018:                            amqpvalue_destroy(item_value);
        -: 1019:                        }
        -: 1020:                    }
        -: 1021:                    /* desired-capabilities */
    #####: 1022:                    if (list_item_count > 8)
        -: 1023:                    {
    #####: 1024:                        item_value = amqpvalue_get_list_item(list_value, 8);
    #####: 1025:                        if (item_value == NULL)
        -: 1026:                        {
        -: 1027:                            /* do nothing */
        -: 1028:                        }
        -: 1029:                        else
        -: 1030:                        {
    #####: 1031:                            if (amqpvalue_get_type(item_value) == AMQP_TYPE_NULL)
        -: 1032:                            {
        -: 1033:                                /* no error, field is not mandatory */
        -: 1034:                            }
        -: 1035:                            else
        -: 1036:                            {
    #####: 1037:                                const char* desired_capabilities = NULL;
        -: 1038:                                AMQP_VALUE desired_capabilities_array;
    #####: 1039:                                if (((amqpvalue_get_type(item_value) != AMQP_TYPE_ARRAY) || (amqpvalue_get_array(item_value, &desired_capabilities_array) != 0)) &&
    #####: 1040:                                    (amqpvalue_get_symbol(item_value, &desired_capabilities) != 0))
        -: 1041:                                {
    #####: 1042:                                    amqpvalue_destroy(item_value);
    #####: 1043:                                    open_destroy(*open_handle);
    #####: 1044:                                    result = MU_FAILURE;
    #####: 1045:                                    break;
        -: 1046:                                }
        -: 1047:                            }
        -: 1048:
    #####: 1049:                            amqpvalue_destroy(item_value);
        -: 1050:                        }
        -: 1051:                    }
        -: 1052:                    /* properties */
    #####: 1053:                    if (list_item_count > 9)
        -: 1054:                    {
    #####: 1055:                        item_value = amqpvalue_get_list_item(list_value, 9);
    #####: 1056:                        if (item_value == NULL)
        -: 1057:                        {
        -: 1058:                            /* do nothing */
        -: 1059:                        }
        -: 1060:                        else
        -: 1061:                        {
    #####: 1062:                            if (amqpvalue_get_type(item_value) == AMQP_TYPE_NULL)
        -: 1063:                            {
        -: 1064:                                /* no error, field is not mandatory */
        -: 1065:                            }
        -: 1066:                            else
        -: 1067:                            {
        -: 1068:                                fields properties;
    #####: 1069:                                if (amqpvalue_get_fields(item_value, &properties) != 0)
        -: 1070:                                {
    #####: 1071:                                    amqpvalue_destroy(item_value);
    #####: 1072:                                    open_destroy(*open_handle);
    #####: 1073:                                    result = MU_FAILURE;
    #####: 1074:                                    break;
        -: 1075:                                }
        -: 1076:                            }
        -: 1077:
    #####: 1078:                            amqpvalue_destroy(item_value);
        -: 1079:                        }
        -: 1080:                    }
        -: 1081:
    #####: 1082:                    open_instance->composite_value = amqpvalue_clone(value);
        -: 1083:
    #####: 1084:                    result = 0;
        -: 1085:                } while((void)0,0);
        -: 1086:            }
        -: 1087:        }
        -: 1088:    }
        -: 1089:
    #####: 1090:    return result;
        -: 1091:}
        -: 1092:
    #####: 1093:int open_get_container_id(OPEN_HANDLE open, const char** container_id_value)
        -: 1094:{
        -: 1095:    int result;
        -: 1096:
    #####: 1097:    if (open == NULL)
        -: 1098:    {
    #####: 1099:        result = MU_FAILURE;
        -: 1100:    }
        -: 1101:    else
        -: 1102:    {
        -: 1103:        uint32_t item_count;
    #####: 1104:        OPEN_INSTANCE* open_instance = (OPEN_INSTANCE*)open;
    #####: 1105:        if (amqpvalue_get_composite_item_count(open_instance->composite_value, &item_count) != 0)
        -: 1106:        {
    #####: 1107:            result = MU_FAILURE;
        -: 1108:        }
        -: 1109:        else
        -: 1110:        {
    #####: 1111:            if (item_count <= 0)
        -: 1112:            {
    #####: 1113:                result = MU_FAILURE;
        -: 1114:            }
        -: 1115:            else
        -: 1116:            {
    #####: 1117:                AMQP_VALUE item_value = amqpvalue_get_composite_item_in_place(open_instance->composite_value, 0);
    #####: 1118:                if ((item_value == NULL) ||
    #####: 1119:                    (amqpvalue_get_type(item_value) == AMQP_TYPE_NULL))
        -: 1120:                {
    #####: 1121:                    result = MU_FAILURE;
        -: 1122:                }
        -: 1123:                else
        -: 1124:                {
    #####: 1125:                    int get_single_value_result = amqpvalue_get_string(item_value, container_id_value);
    #####: 1126:                    if (get_single_value_result != 0)
        -: 1127:                    {
    #####: 1128:                        result = MU_FAILURE;
        -: 1129:                    }
        -: 1130:                    else
        -: 1131:                    {
    #####: 1132:                        result = 0;
        -: 1133:                    }
        -: 1134:                }
        -: 1135:            }
        -: 1136:        }
        -: 1137:    }
        -: 1138:
    #####: 1139:    return result;
        -: 1140:}
        -: 1141:
    #####: 1142:int open_set_container_id(OPEN_HANDLE open, const char* container_id_value)
        -: 1143:{
        -: 1144:    int result;
        -: 1145:
    #####: 1146:    if (open == NULL)
        -: 1147:    {
    #####: 1148:        result = MU_FAILURE;
        -: 1149:    }
        -: 1150:    else
        -: 1151:    {
    #####: 1152:        OPEN_INSTANCE* open_instance = (OPEN_INSTANCE*)open;
    #####: 1153:        AMQP_VALUE container_id_amqp_value = amqpvalue_create_string(container_id_value);
    #####: 1154:        if (container_id_amqp_value == NULL)
        -: 1155:        {
    #####: 1156:            result = MU_FAILURE;
        -: 1157:        }
        -: 1158:        else
        -: 1159:        {
    #####: 1160:            if (amqpvalue_set_composite_item(open_instance->composite_value, 0, container_id_amqp_value) != 0)
        -: 1161:            {
    #####: 1162:                result = MU_FAILURE;
        -: 1163:            }
        -: 1164:            else
        -: 1165:            {
    #####: 1166:                result = 0;
        -: 1167:            }
        -: 1168:
    #####: 1169:            amqpvalue_destroy(container_id_amqp_value);
        -: 1170:        }
        -: 1171:    }
        -: 1172:
    #####: 1173:    return result;
        -: 1174:}
        -: 1175:
    #####: 1176:int open_get_hostname(OPEN_HANDLE open, const char** hostname_value)
        -: 1177:{
        -: 1178:    int result;
        -: 1179:
    #####: 1180:    if (open == NULL)
        -: 1181:    {
    #####: 1182:        result = MU_FAILURE;
        -: 1183:    }
        -: 1184:    else
        -: 1185:    {
        -: 1186:        uint32_t item_count;
    #####: 1187:        OPEN_INSTANCE* open_instance = (OPEN_INSTANCE*)open;
    #####: 1188:        if (amqpvalue_get_composite_item_count(open_instance->composite_value, &item_count) != 0)
        -: 1189:        {
    #####: 1190:            result = MU_FAILURE;
        -: 1191:        }
        -: 1192:        else
        -: 1193:        {
    #####: 1194:            if (item_count <= 1)
        -: 1195:            {
    #####: 1196:                result = MU_FAILURE;
        -: 1197:            }
        -: 1198:            else
        -: 1199:            {
    #####: 1200:                AMQP_VALUE item_value = amqpvalue_get_composite_item_in_place(open_instance->composite_value, 1);
    #####: 1201:                if ((item_value == NULL) ||
    #####: 1202:                    (amqpvalue_get_type(item_value) == AMQP_TYPE_NULL))
        -: 1203:                {
    #####: 1204:                    result = MU_FAILURE;
        -: 1205:                }
        -: 1206:                else
        -: 1207:                {
    #####: 1208:                    int get_single_value_result = amqpvalue_get_string(item_value, hostname_value);
    #####: 1209:                    if (get_single_value_result != 0)
        -: 1210:                    {
    #####: 1211:                        result = MU_FAILURE;
        -: 1212:                    }
        -: 1213:                    else
        -: 1214:                    {
    #####: 1215:                        result = 0;
        -: 1216:                    }
        -: 1217:                }
        -: 1218:            }
        -: 1219:        }
        -: 1220:    }
        -: 1221:
    #####: 1222:    return result;
        -: 1223:}
        -: 1224:
    #####: 1225:int open_set_hostname(OPEN_HANDLE open, const char* hostname_value)
        -: 1226:{
        -: 1227:    int result;
        -: 1228:
    #####: 1229:    if (open == NULL)
        -: 1230:    {
    #####: 1231:        result = MU_FAILURE;
        -: 1232:    }
        -: 1233:    else
        -: 1234:    {
    #####: 1235:        OPEN_INSTANCE* open_instance = (OPEN_INSTANCE*)open;
    #####: 1236:        AMQP_VALUE hostname_amqp_value = amqpvalue_create_string(hostname_value);
    #####: 1237:        if (hostname_amqp_value == NULL)
        -: 1238:        {
    #####: 1239:            result = MU_FAILURE;
        -: 1240:        }
        -: 1241:        else
        -: 1242:        {
    #####: 1243:            if (amqpvalue_set_composite_item(open_instance->composite_value, 1, hostname_amqp_value) != 0)
        -: 1244:            {
    #####: 1245:                result = MU_FAILURE;
        -: 1246:            }
        -: 1247:            else
        -: 1248:            {
    #####: 1249:                result = 0;
        -: 1250:            }
        -: 1251:
    #####: 1252:            amqpvalue_destroy(hostname_amqp_value);
        -: 1253:        }
        -: 1254:    }
        -: 1255:
    #####: 1256:    return result;
        -: 1257:}
        -: 1258:
    #####: 1259:int open_get_max_frame_size(OPEN_HANDLE open, uint32_t* max_frame_size_value)
        -: 1260:{
        -: 1261:    int result;
        -: 1262:
    #####: 1263:    if (open == NULL)
        -: 1264:    {
    #####: 1265:        result = MU_FAILURE;
        -: 1266:    }
        -: 1267:    else
        -: 1268:    {
        -: 1269:        uint32_t item_count;
    #####: 1270:        OPEN_INSTANCE* open_instance = (OPEN_INSTANCE*)open;
    #####: 1271:        if (amqpvalue_get_composite_item_count(open_instance->composite_value, &item_count) != 0)
        -: 1272:        {
    #####: 1273:            result = MU_FAILURE;
        -: 1274:        }
        -: 1275:        else
        -: 1276:        {
    #####: 1277:            if (item_count <= 2)
        -: 1278:            {
    #####: 1279:                *max_frame_size_value = 4294967295u;
    #####: 1280:                result = 0;
        -: 1281:            }
        -: 1282:            else
        -: 1283:            {
    #####: 1284:                AMQP_VALUE item_value = amqpvalue_get_composite_item_in_place(open_instance->composite_value, 2);
    #####: 1285:                if ((item_value == NULL) ||
    #####: 1286:                    (amqpvalue_get_type(item_value) == AMQP_TYPE_NULL))
        -: 1287:                {
    #####: 1288:                    *max_frame_size_value = 4294967295u;
    #####: 1289:                    result = 0;
        -: 1290:                }
        -: 1291:                else
        -: 1292:                {
    #####: 1293:                    int get_single_value_result = amqpvalue_get_uint(item_value, max_frame_size_value);
    #####: 1294:                    if (get_single_value_result != 0)
        -: 1295:                    {
    #####: 1296:                        if (amqpvalue_get_type(item_value) != AMQP_TYPE_NULL)
        -: 1297:                        {
    #####: 1298:                            result = MU_FAILURE;
        -: 1299:                        }
        -: 1300:                        else
        -: 1301:                        {
    #####: 1302:                            *max_frame_size_value = 4294967295u;
    #####: 1303:                            result = 0;
        -: 1304:                        }
        -: 1305:                    }
        -: 1306:                    else
        -: 1307:                    {
    #####: 1308:                        result = 0;
        -: 1309:                    }
        -: 1310:                }
        -: 1311:            }
        -: 1312:        }
        -: 1313:    }
        -: 1314:
    #####: 1315:    return result;
        -: 1316:}
        -: 1317:
    #####: 1318:int open_set_max_frame_size(OPEN_HANDLE open, uint32_t max_frame_size_value)
        -: 1319:{
        -: 1320:    int result;
        -: 1321:
    #####: 1322:    if (open == NULL)
        -: 1323:    {
    #####: 1324:        result = MU_FAILURE;
        -: 1325:    }
        -: 1326:    else
        -: 1327:    {
    #####: 1328:        OPEN_INSTANCE* open_instance = (OPEN_INSTANCE*)open;
    #####: 1329:        AMQP_VALUE max_frame_size_amqp_value = amqpvalue_create_uint(max_frame_size_value);
    #####: 1330:        if (max_frame_size_amqp_value == NULL)
        -: 1331:        {
    #####: 1332:            result = MU_FAILURE;
        -: 1333:        }
        -: 1334:        else
        -: 1335:        {
    #####: 1336:            if (amqpvalue_set_composite_item(open_instance->composite_value, 2, max_frame_size_amqp_value) != 0)
        -: 1337:            {
    #####: 1338:                result = MU_FAILURE;
        -: 1339:            }
        -: 1340:            else
        -: 1341:            {
    #####: 1342:                result = 0;
        -: 1343:            }
        -: 1344:
    #####: 1345:            amqpvalue_destroy(max_frame_size_amqp_value);
        -: 1346:        }
        -: 1347:    }
        -: 1348:
    #####: 1349:    return result;
        -: 1350:}
        -: 1351:
    #####: 1352:int open_get_channel_max(OPEN_HANDLE open, uint16_t* channel_max_value)
        -: 1353:{
        -: 1354:    int result;
        -: 1355:
    #####: 1356:    if (open == NULL)
        -: 1357:    {
    #####: 1358:        result = MU_FAILURE;
        -: 1359:    }
        -: 1360:    else
        -: 1361:    {
        -: 1362:        uint32_t item_count;
    #####: 1363:        OPEN_INSTANCE* open_instance = (OPEN_INSTANCE*)open;
    #####: 1364:        if (amqpvalue_get_composite_item_count(open_instance->composite_value, &item_count) != 0)
        -: 1365:        {
    #####: 1366:            result = MU_FAILURE;
        -: 1367:        }
        -: 1368:        else
        -: 1369:        {
    #####: 1370:            if (item_count <= 3)
        -: 1371:            {
    #####: 1372:                *channel_max_value = 65535;
    #####: 1373:                result = 0;
        -: 1374:            }
        -: 1375:            else
        -: 1376:            {
    #####: 1377:                AMQP_VALUE item_value = amqpvalue_get_composite_item_in_place(open_instance->composite_value, 3);
    #####: 1378:                if ((item_value == NULL) ||
    #####: 1379:                    (amqpvalue_get_type(item_value) == AMQP_TYPE_NULL))
        -: 1380:                {
    #####: 1381:                    *channel_max_value = 65535;
    #####: 1382:                    result = 0;
        -: 1383:                }
        -: 1384:                else
        -: 1385:                {
    #####: 1386:                    int get_single_value_result = amqpvalue_get_ushort(item_value, channel_max_value);
    #####: 1387:                    if (get_single_value_result != 0)
        -: 1388:                    {
    #####: 1389:                        if (amqpvalue_get_type(item_value) != AMQP_TYPE_NULL)
        -: 1390:                        {
    #####: 1391:                            result = MU_FAILURE;
        -: 1392:                        }
        -: 1393:                        else
        -: 1394:                        {
    #####: 1395:                            *channel_max_value = 65535;
    #####: 1396:                            result = 0;
        -: 1397:                        }
        -: 1398:                    }
        -: 1399:                    else
        -: 1400:                    {
    #####: 1401:                        result = 0;
        -: 1402:                    }
        -: 1403:                }
        -: 1404:            }
        -: 1405:        }
        -: 1406:    }
        -: 1407:
    #####: 1408:    return result;
        -: 1409:}
        -: 1410:
    #####: 1411:int open_set_channel_max(OPEN_HANDLE open, uint16_t channel_max_value)
        -: 1412:{
        -: 1413:    int result;
        -: 1414:
    #####: 1415:    if (open == NULL)
        -: 1416:    {
    #####: 1417:        result = MU_FAILURE;
        -: 1418:    }
        -: 1419:    else
        -: 1420:    {
    #####: 1421:        OPEN_INSTANCE* open_instance = (OPEN_INSTANCE*)open;
    #####: 1422:        AMQP_VALUE channel_max_amqp_value = amqpvalue_create_ushort(channel_max_value);
    #####: 1423:        if (channel_max_amqp_value == NULL)
        -: 1424:        {
    #####: 1425:            result = MU_FAILURE;
        -: 1426:        }
        -: 1427:        else
        -: 1428:        {
    #####: 1429:            if (amqpvalue_set_composite_item(open_instance->composite_value, 3, channel_max_amqp_value) != 0)
        -: 1430:            {
    #####: 1431:                result = MU_FAILURE;
        -: 1432:            }
        -: 1433:            else
        -: 1434:            {
    #####: 1435:                result = 0;
        -: 1436:            }
        -: 1437:
    #####: 1438:            amqpvalue_destroy(channel_max_amqp_value);
        -: 1439:        }
        -: 1440:    }
        -: 1441:
    #####: 1442:    return result;
        -: 1443:}
        -: 1444:
    #####: 1445:int open_get_idle_time_out(OPEN_HANDLE open, milliseconds* idle_time_out_value)
        -: 1446:{
        -: 1447:    int result;
        -: 1448:
    #####: 1449:    if (open == NULL)
        -: 1450:    {
    #####: 1451:        result = MU_FAILURE;
        -: 1452:    }
        -: 1453:    else
        -: 1454:    {
        -: 1455:        uint32_t item_count;
    #####: 1456:        OPEN_INSTANCE* open_instance = (OPEN_INSTANCE*)open;
    #####: 1457:        if (amqpvalue_get_composite_item_count(open_instance->composite_value, &item_count) != 0)
        -: 1458:        {
    #####: 1459:            result = MU_FAILURE;
        -: 1460:        }
        -: 1461:        else
        -: 1462:        {
    #####: 1463:            if (item_count <= 4)
        -: 1464:            {
    #####: 1465:                result = MU_FAILURE;
        -: 1466:            }
        -: 1467:            else
        -: 1468:            {
    #####: 1469:                AMQP_VALUE item_value = amqpvalue_get_composite_item_in_place(open_instance->composite_value, 4);
    #####: 1470:                if ((item_value == NULL) ||
    #####: 1471:                    (amqpvalue_get_type(item_value) == AMQP_TYPE_NULL))
        -: 1472:                {
    #####: 1473:                    result = MU_FAILURE;
        -: 1474:                }
        -: 1475:                else
        -: 1476:                {
    #####: 1477:                    int get_single_value_result = amqpvalue_get_milliseconds(item_value, idle_time_out_value);
    #####: 1478:                    if (get_single_value_result != 0)
        -: 1479:                    {
    #####: 1480:                        result = MU_FAILURE;
        -: 1481:                    }
        -: 1482:                    else
        -: 1483:                    {
    #####: 1484:                        result = 0;
        -: 1485:                    }
        -: 1486:                }
        -: 1487:            }
        -: 1488:        }
        -: 1489:    }
        -: 1490:
    #####: 1491:    return result;
        -: 1492:}
        -: 1493:
    #####: 1494:int open_set_idle_time_out(OPEN_HANDLE open, milliseconds idle_time_out_value)
        -: 1495:{
        -: 1496:    int result;
        -: 1497:
    #####: 1498:    if (open == NULL)
        -: 1499:    {
    #####: 1500:        result = MU_FAILURE;
        -: 1501:    }
        -: 1502:    else
        -: 1503:    {
    #####: 1504:        OPEN_INSTANCE* open_instance = (OPEN_INSTANCE*)open;
    #####: 1505:        AMQP_VALUE idle_time_out_amqp_value = amqpvalue_create_milliseconds(idle_time_out_value);
    #####: 1506:        if (idle_time_out_amqp_value == NULL)
        -: 1507:        {
    #####: 1508:            result = MU_FAILURE;
        -: 1509:        }
        -: 1510:        else
        -: 1511:        {
    #####: 1512:            if (amqpvalue_set_composite_item(open_instance->composite_value, 4, idle_time_out_amqp_value) != 0)
        -: 1513:            {
    #####: 1514:                result = MU_FAILURE;
        -: 1515:            }
        -: 1516:            else
        -: 1517:            {
    #####: 1518:                result = 0;
        -: 1519:            }
        -: 1520:
    #####: 1521:            amqpvalue_destroy(idle_time_out_amqp_value);
        -: 1522:        }
        -: 1523:    }
        -: 1524:
    #####: 1525:    return result;
        -: 1526:}
        -: 1527:
    #####: 1528:int open_get_outgoing_locales(OPEN_HANDLE open, AMQP_VALUE* outgoing_locales_value)
        -: 1529:{
        -: 1530:    int result;
        -: 1531:
    #####: 1532:    if (open == NULL)
        -: 1533:    {
    #####: 1534:        result = MU_FAILURE;
        -: 1535:    }
        -: 1536:    else
        -: 1537:    {
        -: 1538:        uint32_t item_count;
    #####: 1539:        OPEN_INSTANCE* open_instance = (OPEN_INSTANCE*)open;
    #####: 1540:        if (amqpvalue_get_composite_item_count(open_instance->composite_value, &item_count) != 0)
        -: 1541:        {
    #####: 1542:            result = MU_FAILURE;
        -: 1543:        }
        -: 1544:        else
        -: 1545:        {
    #####: 1546:            if (item_count <= 5)
        -: 1547:            {
    #####: 1548:                result = MU_FAILURE;
        -: 1549:            }
        -: 1550:            else
        -: 1551:            {
    #####: 1552:                AMQP_VALUE item_value = amqpvalue_get_composite_item_in_place(open_instance->composite_value, 5);
    #####: 1553:                if ((item_value == NULL) ||
    #####: 1554:                    (amqpvalue_get_type(item_value) == AMQP_TYPE_NULL))
        -: 1555:                {
    #####: 1556:                    result = MU_FAILURE;
        -: 1557:                }
        -: 1558:                else
        -: 1559:                {
        -: 1560:                    ietf_language_tag outgoing_locales_single_value;
        -: 1561:                    int get_single_value_result;
    #####: 1562:                    if (amqpvalue_get_type(item_value) != AMQP_TYPE_ARRAY)
        -: 1563:                    {
    #####: 1564:                        get_single_value_result = amqpvalue_get_ietf_language_tag(item_value, &outgoing_locales_single_value);
        -: 1565:                    }
        -: 1566:                    else
        -: 1567:                    {
    #####: 1568:                        (void)memset((void*)&outgoing_locales_single_value, 0, sizeof(outgoing_locales_single_value));
    #####: 1569:                        get_single_value_result = 1;
        -: 1570:                    }
        -: 1571:
    #####: 1572:                    if (((amqpvalue_get_type(item_value) != AMQP_TYPE_ARRAY) || (amqpvalue_get_array(item_value, outgoing_locales_value) != 0)) &&
        -: 1573:                        (get_single_value_result != 0))
        -: 1574:                    {
    #####: 1575:                        result = MU_FAILURE;
        -: 1576:                    }
        -: 1577:                    else
        -: 1578:                    {
    #####: 1579:                        if (amqpvalue_get_type(item_value) != AMQP_TYPE_ARRAY)
        -: 1580:                        {
    #####: 1581:                            *outgoing_locales_value = amqpvalue_create_array();
    #####: 1582:                            if (*outgoing_locales_value == NULL)
        -: 1583:                            {
    #####: 1584:                                result = MU_FAILURE;
        -: 1585:                            }
        -: 1586:                            else
        -: 1587:                            {
    #####: 1588:                                AMQP_VALUE single_amqp_value = amqpvalue_create_ietf_language_tag(outgoing_locales_single_value);
    #####: 1589:                                if (single_amqp_value == NULL)
        -: 1590:                                {
    #####: 1591:                                    amqpvalue_destroy(*outgoing_locales_value);
    #####: 1592:                                    result = MU_FAILURE;
        -: 1593:                                }
        -: 1594:                                else
        -: 1595:                                {
    #####: 1596:                                    if (amqpvalue_add_array_item(*outgoing_locales_value, single_amqp_value) != 0)
        -: 1597:                                    {
    #####: 1598:                                        amqpvalue_destroy(*outgoing_locales_value);
    #####: 1599:                                        amqpvalue_destroy(single_amqp_value);
    #####: 1600:                                        result = MU_FAILURE;
        -: 1601:                                    }
        -: 1602:                                    else
        -: 1603:                                    {
    #####: 1604:                                        if (amqpvalue_set_composite_item(open_instance->composite_value, 5, *outgoing_locales_value) != 0)
        -: 1605:                                        {
    #####: 1606:                                            amqpvalue_destroy(*outgoing_locales_value);
    #####: 1607:                                            result = MU_FAILURE;
        -: 1608:                                        }
        -: 1609:                                        else
        -: 1610:                                        {
    #####: 1611:                                            result = 0;
        -: 1612:                                        }
        -: 1613:                                    }
        -: 1614:
    #####: 1615:                                    amqpvalue_destroy(single_amqp_value);
        -: 1616:                                }
    #####: 1617:                                amqpvalue_destroy(*outgoing_locales_value);
        -: 1618:                            }
        -: 1619:                        }
        -: 1620:                        else
        -: 1621:                        {
    #####: 1622:                            result = 0;
        -: 1623:                        }
        -: 1624:                    }
        -: 1625:                }
        -: 1626:            }
        -: 1627:        }
        -: 1628:    }
        -: 1629:
    #####: 1630:    return result;
        -: 1631:}
        -: 1632:
    #####: 1633:int open_set_outgoing_locales(OPEN_HANDLE open, AMQP_VALUE outgoing_locales_value)
        -: 1634:{
        -: 1635:    int result;
        -: 1636:
    #####: 1637:    if (open == NULL)
        -: 1638:    {
    #####: 1639:        result = MU_FAILURE;
        -: 1640:    }
        -: 1641:    else
        -: 1642:    {
    #####: 1643:        OPEN_INSTANCE* open_instance = (OPEN_INSTANCE*)open;
        -: 1644:        AMQP_VALUE outgoing_locales_amqp_value;
    #####: 1645:        if (outgoing_locales_value == NULL)
        -: 1646:        {
    #####: 1647:            outgoing_locales_amqp_value = NULL;
        -: 1648:        }
        -: 1649:        else
        -: 1650:        {
    #####: 1651:            outgoing_locales_amqp_value = amqpvalue_clone(outgoing_locales_value);
        -: 1652:        }
    #####: 1653:        if (outgoing_locales_amqp_value == NULL)
        -: 1654:        {
    #####: 1655:            result = MU_FAILURE;
        -: 1656:        }
        -: 1657:        else
        -: 1658:        {
    #####: 1659:            if (amqpvalue_set_composite_item(open_instance->composite_value, 5, outgoing_locales_amqp_value) != 0)
        -: 1660:            {
    #####: 1661:                result = MU_FAILURE;
        -: 1662:            }
        -: 1663:            else
        -: 1664:            {
    #####: 1665:                result = 0;
        -: 1666:            }
        -: 1667:
    #####: 1668:            amqpvalue_destroy(outgoing_locales_amqp_value);
        -: 1669:        }
        -: 1670:    }
        -: 1671:
    #####: 1672:    return result;
        -: 1673:}
        -: 1674:
    #####: 1675:int open_get_incoming_locales(OPEN_HANDLE open, AMQP_VALUE* incoming_locales_value)
        -: 1676:{
        -: 1677:    int result;
        -: 1678:
    #####: 1679:    if (open == NULL)
        -: 1680:    {
    #####: 1681:        result = MU_FAILURE;
        -: 1682:    }
        -: 1683:    else
        -: 1684:    {
        -: 1685:        uint32_t item_count;
    #####: 1686:        OPEN_INSTANCE* open_instance = (OPEN_INSTANCE*)open;
    #####: 1687:        if (amqpvalue_get_composite_item_count(open_instance->composite_value, &item_count) != 0)
        -: 1688:        {
    #####: 1689:            result = MU_FAILURE;
        -: 1690:        }
        -: 1691:        else
        -: 1692:        {
    #####: 1693:            if (item_count <= 6)
        -: 1694:            {
    #####: 1695:                result = MU_FAILURE;
        -: 1696:            }
        -: 1697:            else
        -: 1698:            {
    #####: 1699:                AMQP_VALUE item_value = amqpvalue_get_composite_item_in_place(open_instance->composite_value, 6);
    #####: 1700:                if ((item_value == NULL) ||
    #####: 1701:                    (amqpvalue_get_type(item_value) == AMQP_TYPE_NULL))
        -: 1702:                {
    #####: 1703:                    result = MU_FAILURE;
        -: 1704:                }
        -: 1705:                else
        -: 1706:                {
        -: 1707:                    ietf_language_tag incoming_locales_single_value;
        -: 1708:                    int get_single_value_result;
    #####: 1709:                    if (amqpvalue_get_type(item_value) != AMQP_TYPE_ARRAY)
        -: 1710:                    {
    #####: 1711:                        get_single_value_result = amqpvalue_get_ietf_language_tag(item_value, &incoming_locales_single_value);
        -: 1712:                    }
        -: 1713:                    else
        -: 1714:                    {
    #####: 1715:                        (void)memset((void*)&incoming_locales_single_value, 0, sizeof(incoming_locales_single_value));
    #####: 1716:                        get_single_value_result = 1;
        -: 1717:                    }
        -: 1718:
[...]
        -:18037:{
    #####:18038:    MODIFIED_INSTANCE* modified_instance = (MODIFIED_INSTANCE*)malloc(sizeof(MODIFIED_INSTANCE));
    #####:18039:    if (modified_instance != NULL)
        -:18040:    {
    #####:18041:        modified_instance->composite_value = amqpvalue_clone(((MODIFIED_INSTANCE*)value)->composite_value);
    #####:18042:        if (modified_instance->composite_value == NULL)
        -:18043:        {
    #####:18044:            free(modified_instance);
    #####:18045:            modified_instance = NULL;
        -:18046:        }
        -:18047:    }
        -:18048:
    #####:18049:    return modified_instance;
        -:18050:}
        -:18051:
    #####:18052:void modified_destroy(MODIFIED_HANDLE modified)
        -:18053:{
    #####:18054:    if (modified != NULL)
        -:18055:    {
    #####:18056:        MODIFIED_INSTANCE* modified_instance = (MODIFIED_INSTANCE*)modified;
    #####:18057:        amqpvalue_destroy(modified_instance->composite_value);
    #####:18058:        free(modified_instance);
        -:18059:    }
    #####:18060:}
        -:18061:
    #####:18062:AMQP_VALUE amqpvalue_create_modified(MODIFIED_HANDLE modified)
        -:18063:{
        -:18064:    AMQP_VALUE result;
        -:18065:
    #####:18066:    if (modified == NULL)
        -:18067:    {
    #####:18068:        result = NULL;
        -:18069:    }
        -:18070:    else
        -:18071:    {
    #####:18072:        MODIFIED_INSTANCE* modified_instance = (MODIFIED_INSTANCE*)modified;
    #####:18073:        result = amqpvalue_clone(modified_instance->composite_value);
        -:18074:    }
        -:18075:
    #####:18076:    return result;
        -:18077:}
        -:18078:
    #####:18079:bool is_modified_type_by_descriptor(AMQP_VALUE descriptor)
        -:18080:{
        -:18081:    bool result;
        -:18082:
        -:18083:    uint64_t descriptor_ulong;
    #####:18084:    if ((amqpvalue_get_ulong(descriptor, &descriptor_ulong) == 0) &&
    #####:18085:        (descriptor_ulong == 39))
        -:18086:    {
    #####:18087:        result = true;
        -:18088:    }
        -:18089:    else
        -:18090:    {
    #####:18091:        result = false;
        -:18092:    }
        -:18093:
    #####:18094:    return result;
        -:18095:}
        -:18096:
        -:18097:
    #####:18098:int amqpvalue_get_modified(AMQP_VALUE value, MODIFIED_HANDLE* modified_handle)
        -:18099:{
        -:18100:    int result;
    #####:18101:    MODIFIED_INSTANCE* modified_instance = (MODIFIED_INSTANCE*)modified_create_internal();
    #####:18102:    *modified_handle = modified_instance;
    #####:18103:    if (*modified_handle == NULL)
        -:18104:    {
    #####:18105:        result = MU_FAILURE;
        -:18106:    }
        -:18107:    else
        -:18108:    {
    #####:18109:        AMQP_VALUE list_value = amqpvalue_get_inplace_described_value(value);
    #####:18110:        if (list_value == NULL)
        -:18111:        {
    #####:18112:            modified_destroy(*modified_handle);
    #####:18113:            result = MU_FAILURE;
        -:18114:        }
        -:18115:        else
        -:18116:        {
        -:18117:            uint32_t list_item_count;
    #####:18118:            if (amqpvalue_get_list_item_count(list_value, &list_item_count) != 0)
        -:18119:            {
    #####:18120:                result = MU_FAILURE;
        -:18121:            }
        -:18122:            else
        -:18123:            {
        -:18124:                do
        -:18125:                {
        -:18126:                    AMQP_VALUE item_value;
        -:18127:                    /* delivery-failed */
    #####:18128:                    if (list_item_count > 0)
        -:18129:                    {
    #####:18130:                        item_value = amqpvalue_get_list_item(list_value, 0);
    #####:18131:                        if (item_value == NULL)
        -:18132:                        {
        -:18133:                            /* do nothing */
        -:18134:                        }
        -:18135:                        else
        -:18136:                        {
    #####:18137:                            if (amqpvalue_get_type(item_value) == AMQP_TYPE_NULL)
        -:18138:                            {
        -:18139:                                /* no error, field is not mandatory */
        -:18140:                            }
        -:18141:                            else
        -:18142:                            {
        -:18143:                                bool delivery_failed;
    #####:18144:                                if (amqpvalue_get_boolean(item_value, &delivery_failed) != 0)
        -:18145:                                {
    #####:18146:                                    amqpvalue_destroy(item_value);
    #####:18147:                                    modified_destroy(*modified_handle);
    #####:18148:                                    result = MU_FAILURE;
    #####:18149:                                    break;
        -:18150:                                }
        -:18151:                            }
        -:18152:
    #####:18153:                            amqpvalue_destroy(item_value);
        -:18154:                        }
        -:18155:                    }
        -:18156:                    /* undeliverable-here */
    #####:18157:                    if (list_item_count > 1)
        -:18158:                    {
    #####:18159:                        item_value = amqpvalue_get_list_item(list_value, 1);
    #####:18160:                        if (item_value == NULL)
        -:18161:                        {
        -:18162:                            /* do nothing */
        -:18163:                        }
        -:18164:                        else
        -:18165:                        {
    #####:18166:                            if (amqpvalue_get_type(item_value) == AMQP_TYPE_NULL)
        -:18167:                            {
        -:18168:                                /* no error, field is not mandatory */
        -:18169:                            }
        -:18170:                            else
        -:18171:                            {
        -:18172:                                bool undeliverable_here;
    #####:18173:                                if (amqpvalue_get_boolean(item_value, &undeliverable_here) != 0)
        -:18174:                                {
    #####:18175:                                    amqpvalue_destroy(item_value);
    #####:18176:                                    modified_destroy(*modified_handle);
    #####:18177:                                    result = MU_FAILURE;
    #####:18178:                                    break;
        -:18179:                                }
        -:18180:                            }
        -:18181:
    #####:18182:                            amqpvalue_destroy(item_value);
        -:18183:                        }
        -:18184:                    }
        -:18185:                    /* message-annotations */
    #####:18186:                    if (list_item_count > 2)
        -:18187:                    {
    #####:18188:                        item_value = amqpvalue_get_list_item(list_value, 2);
    #####:18189:                        if (item_value == NULL)
        -:18190:                        {
        -:18191:                            /* do nothing */
        -:18192:                        }
        -:18193:                        else
        -:18194:                        {
    #####:18195:                            if (amqpvalue_get_type(item_value) == AMQP_TYPE_NULL)
        -:18196:                            {
        -:18197:                                /* no error, field is not mandatory */
        -:18198:                            }
        -:18199:                            else
        -:18200:                            {
        -:18201:                                fields message_annotations;
    #####:18202:                                if (amqpvalue_get_fields(item_value, &message_annotations) != 0)
        -:18203:                                {
    #####:18204:                                    amqpvalue_destroy(item_value);
    #####:18205:                                    modified_destroy(*modified_handle);
    #####:18206:                                    result = MU_FAILURE;
    #####:18207:                                    break;
        -:18208:                                }
        -:18209:                            }
        -:18210:
    #####:18211:                            amqpvalue_destroy(item_value);
        -:18212:                        }
        -:18213:                    }
        -:18214:
    #####:18215:                    modified_instance->composite_value = amqpvalue_clone(value);
        -:18216:
    #####:18217:                    result = 0;
        -:18218:                } while((void)0,0);
        -:18219:            }
        -:18220:        }
        -:18221:    }
        -:18222:
    #####:18223:    return result;
        -:18224:}
        -:18225:
    #####:18226:int modified_get_delivery_failed(MODIFIED_HANDLE modified, bool* delivery_failed_value)
        -:18227:{
        -:18228:    int result;
        -:18229:
    #####:18230:    if (modified == NULL)
        -:18231:    {
    #####:18232:        result = MU_FAILURE;
        -:18233:    }
        -:18234:    else
        -:18235:    {
        -:18236:        uint32_t item_count;
    #####:18237:        MODIFIED_INSTANCE* modified_instance = (MODIFIED_INSTANCE*)modified;
    #####:18238:        if (amqpvalue_get_composite_item_count(modified_instance->composite_value, &item_count) != 0)
        -:18239:        {
    #####:18240:            result = MU_FAILURE;
        -:18241:        }
        -:18242:        else
        -:18243:        {
    #####:18244:            if (item_count <= 0)
        -:18245:            {
    #####:18246:                result = MU_FAILURE;
        -:18247:            }
        -:18248:            else
        -:18249:            {
    #####:18250:                AMQP_VALUE item_value = amqpvalue_get_composite_item_in_place(modified_instance->composite_value, 0);
    #####:18251:                if ((item_value == NULL) ||
    #####:18252:                    (amqpvalue_get_type(item_value) == AMQP_TYPE_NULL))
        -:18253:                {
    #####:18254:                    result = MU_FAILURE;
        -:18255:                }
        -:18256:                else
        -:18257:                {
    #####:18258:                    int get_single_value_result = amqpvalue_get_boolean(item_value, delivery_failed_value);
    #####:18259:                    if (get_single_value_result != 0)
        -:18260:                    {
    #####:18261:                        result = MU_FAILURE;
        -:18262:                    }
        -:18263:                    else
        -:18264:                    {
    #####:18265:                        result = 0;
        -:18266:                    }
        -:18267:                }
        -:18268:            }
        -:18269:        }
        -:18270:    }
        -:18271:
    #####:18272:    return result;
        -:18273:}
        -:18274:
    #####:18275:int modified_set_delivery_failed(MODIFIED_HANDLE modified, bool delivery_failed_value)
        -:18276:{
        -:18277:    int result;
        -:18278:
    #####:18279:    if (modified == NULL)
        -:18280:    {
    #####:18281:        result = MU_FAILURE;
        -:18282:    }
        -:18283:    else
        -:18284:    {
    #####:18285:        MODIFIED_INSTANCE* modified_instance = (MODIFIED_INSTANCE*)modified;
    #####:18286:        AMQP_VALUE delivery_failed_amqp_value = amqpvalue_create_boolean(delivery_failed_value);
    #####:18287:        if (delivery_failed_amqp_value == NULL)
        -:18288:        {
    #####:18289:            result = MU_FAILURE;
        -:18290:        }
        -:18291:        else
        -:18292:        {
    #####:18293:            if (amqpvalue_set_composite_item(modified_instance->composite_value, 0, delivery_failed_amqp_value) != 0)
        -:18294:            {
    #####:18295:                result = MU_FAILURE;
        -:18296:            }
        -:18297:            else
        -:18298:            {
    #####:18299:                result = 0;
        -:18300:            }
        -:18301:
    #####:18302:            amqpvalue_destroy(delivery_failed_amqp_value);
        -:18303:        }
        -:18304:    }
        -:18305:
    #####:18306:    return result;
        -:18307:}
        -:18308:
    #####:18309:int modified_get_undeliverable_here(MODIFIED_HANDLE modified, bool* undeliverable_here_value)
        -:18310:{
        -:18311:    int result;
        -:18312:
    #####:18313:    if (modified == NULL)
        -:18314:    {
    #####:18315:        result = MU_FAILURE;
        -:18316:    }
        -:18317:    else
        -:18318:    {
        -:18319:        uint32_t item_count;
    #####:18320:        MODIFIED_INSTANCE* modified_instance = (MODIFIED_INSTANCE*)modified;
    #####:18321:        if (amqpvalue_get_composite_item_count(modified_instance->composite_value, &item_count) != 0)
        -:18322:        {
    #####:18323:            result = MU_FAILURE;
        -:18324:        }
        -:18325:        else
        -:18326:        {
    #####:18327:            if (item_count <= 1)
        -:18328:            {
    #####:18329:                result = MU_FAILURE;
        -:18330:            }
        -:18331:            else
        -:18332:            {
    #####:18333:                AMQP_VALUE item_value = amqpvalue_get_composite_item_in_place(modified_instance->composite_value, 1);
    #####:18334:                if ((item_value == NULL) ||
    #####:18335:                    (amqpvalue_get_type(item_value) == AMQP_TYPE_NULL))
        -:18336:                {
    #####:18337:                    result = MU_FAILURE;
        -:18338:                }
        -:18339:                else
        -:18340:                {
    #####:18341:                    int get_single_value_result = amqpvalue_get_boolean(item_value, undeliverable_here_value);
    #####:18342:                    if (get_single_value_result != 0)
        -:18343:                    {
    #####:18344:                        result = MU_FAILURE;
        -:18345:                    }
        -:18346:                    else
        -:18347:                    {
    #####:18348:                        result = 0;
        -:18349:                    }
        -:18350:                }
        -:18351:            }
        -:18352:        }
        -:18353:    }
        -:18354:
    #####:18355:    return result;
        -:18356:}
        -:18357:
    #####:18358:int modified_set_undeliverable_here(MODIFIED_HANDLE modified, bool undeliverable_here_value)
        -:18359:{
        -:18360:    int result;
        -:18361:
    #####:18362:    if (modified == NULL)
        -:18363:    {
    #####:18364:        result = MU_FAILURE;
        -:18365:    }
        -:18366:    else
        -:18367:    {
    #####:18368:        MODIFIED_INSTANCE* modified_instance = (MODIFIED_INSTANCE*)modified;
    #####:18369:        AMQP_VALUE undeliverable_here_amqp_value = amqpvalue_create_boolean(undeliverable_here_value);
    #####:18370:        if (undeliverable_here_amqp_value == NULL)
        -:18371:        {
    #####:18372:            result = MU_FAILURE;
        -:18373:        }
        -:18374:        else
        -:18375:        {
    #####:18376:            if (amqpvalue_set_composite_item(modified_instance->composite_value, 1, undeliverable_here_amqp_value) != 0)
        -:18377:            {
    #####:18378:                result = MU_FAILURE;
        -:18379:            }
        -:18380:            else
        -:18381:            {
    #####:18382:                result = 0;
        -:18383:            }
        -:18384:
    #####:18385:            amqpvalue_destroy(undeliverable_here_amqp_value);
        -:18386:        }
        -:18387:    }
        -:18388:
    #####:18389:    return result;
        -:18390:}
        -:18391:
    #####:18392:int modified_get_message_annotations(MODIFIED_HANDLE modified, fields* message_annotations_value)
        -:18393:{
        -:18394:    int result;
        -:18395:
    #####:18396:    if (modified == NULL)
        -:18397:    {
    #####:18398:        result = MU_FAILURE;
        -:18399:    }
        -:18400:    else
        -:18401:    {
        -:18402:        uint32_t item_count;
    #####:18403:        MODIFIED_INSTANCE* modified_instance = (MODIFIED_INSTANCE*)modified;
    #####:18404:        if (amqpvalue_get_composite_item_count(modified_instance->composite_value, &item_count) != 0)
        -:18405:        {
    #####:18406:            result = MU_FAILURE;
        -:18407:        }
        -:18408:        else
        -:18409:        {
    #####:18410:            if (item_count <= 2)
        -:18411:            {
    #####:18412:                result = MU_FAILURE;
        -:18413:            }
        -:18414:            else
        -:18415:            {
    #####:18416:                AMQP_VALUE item_value = amqpvalue_get_composite_item_in_place(modified_instance->composite_value, 2);
    #####:18417:                if ((item_value == NULL) ||
    #####:18418:                    (amqpvalue_get_type(item_value) == AMQP_TYPE_NULL))
        -:18419:                {
    #####:18420:                    result = MU_FAILURE;
        -:18421:                }
        -:18422:                else
        -:18423:                {
    #####:18424:                    int get_single_value_result = amqpvalue_get_fields(item_value, message_annotations_value);
    #####:18425:                    if (get_single_value_result != 0)
        -:18426:                    {
    #####:18427:                        result = MU_FAILURE;
        -:18428:                    }
        -:18429:                    else
        -:18430:                    {
    #####:18431:                        result = 0;
        -:18432:                    }
        -:18433:                }
        -:18434:            }
        -:18435:        }
        -:18436:    }
        -:18437:
    #####:18438:    return result;
        -:18439:}
        -:18440:
    #####:18441:int modified_set_message_annotations(MODIFIED_HANDLE modified, fields message_annotations_value)
        -:18442:{
        -:18443:    int result;
        -:18444:
    #####:18445:    if (modified == NULL)
        -:18446:    {
    #####:18447:        result = MU_FAILURE;
        -:18448:    }
        -:18449:    else
        -:18450:    {
    #####:18451:        MODIFIED_INSTANCE* modified_instance = (MODIFIED_INSTANCE*)modified;
    #####:18452:        AMQP_VALUE message_annotations_amqp_value = amqpvalue_create_fields(message_annotations_value);
    #####:18453:        if (message_annotations_amqp_value == NULL)
        -:18454:        {
    #####:18455:            result = MU_FAILURE;
        -:18456:        }
        -:18457:        else
        -:18458:        {
    #####:18459:            if (amqpvalue_set_composite_item(modified_instance->composite_value, 2, message_annotations_amqp_value) != 0)
        -:18460:            {
    #####:18461:                result = MU_FAILURE;
        -:18462:            }
        -:18463:            else
        -:18464:            {
    #####:18465:                result = 0;
        -:18466:            }
        -:18467:
    #####:18468:            amqpvalue_destroy(message_annotations_amqp_value);
        -:18469:        }
        -:18470:    }
        -:18471:
    #####:18472:    return result;
        -:18473:}
        -:18474:
        -:18475:
